#
# There is insufficient memory for the Java Runtime Environment to continue.
# Native memory allocation (malloc) failed to allocate 196784 bytes. Error detail: Chunk::new
# Possible reasons:
#   The system is out of physical RAM or swap space
#   This process is running with CompressedOops enabled, and the Java Heap may be blocking the growth of the native heap
# Possible solutions:
#   Reduce memory load on the system
#   Increase physical memory or swap space
#   Check if swap backing store is full
#   Decrease Java heap size (-Xmx/-Xms)
#   Decrease number of Java threads
#   Decrease Java thread stack sizes (-Xss)
#   Set larger code cache with -XX:ReservedCodeCacheSize=
#   JVM is running with Unscaled Compressed Oops mode in which the Java heap is
#     placed in the first 4GB address space. The Java Heap base address is the
#     maximum limit for the native heap growth. Please use -XX:HeapBaseMinAddress
#     to set the Java Heap base and to place the Java Heap above 4GB virtual address.
# This output file may be truncated or incomplete.
#
#  Out of Memory Error (arena.cpp:168), pid=12224, tid=9804
#
# JRE version: OpenJDK Runtime Environment Temurin-21.0.10+7 (21.0.10+7) (build 21.0.10+7-LTS)
# Java VM: OpenJDK 64-Bit Server VM Temurin-21.0.10+7 (21.0.10+7-LTS, mixed mode, sharing, tiered, compressed oops, compressed class ptrs, parallel gc, windows-amd64)
# No core dump will be written. Minidumps are not enabled by default on client versions of Windows
#

---------------  S U M M A R Y ------------

Command Line: --add-modules=ALL-SYSTEM --add-opens=java.base/java.util=ALL-UNNAMED --add-opens=java.base/java.lang=ALL-UNNAMED --add-opens=java.base/sun.nio.fs=ALL-UNNAMED -Declipse.application=org.eclipse.jdt.ls.core.id1 -Dosgi.bundles.defaultStartLevel=4 -Declipse.product=org.eclipse.jdt.ls.core.product -Djava.import.generatesMetadataFilesAtProjectRoot=false -DDetectVMInstallationsJob.disabled=true -Dfile.encoding=utf8 -XX:+UseParallelGC -XX:GCTimeRatio=4 -XX:AdaptiveSizePolicyWeight=90 -Dsun.zip.disableMemoryMapping=true -Xmx2G -Xms100m -Xlog:disable -javaagent:c:\Users\HP\.antigravity\extensions\redhat.java-1.53.0-win32-x64\lombok\lombok-1.18.39-4050.jar c:\Users\HP\.antigravity\extensions\redhat.java-1.53.0-win32-x64\server\plugins\org.eclipse.equinox.launcher_1.7.100.v20251111-0406.jar -configuration c:\Users\HP\AppData\Roaming\Antigravity\User\globalStorage\redhat.java\1.53.0\config_ss_win -data c:\Users\HP\AppData\Roaming\Antigravity\User\workspaceStorage\3128ad1f6dad4279aefc7e6981c7fa6f\redhat.java\ss_ws --pipe=\\.\pipe\lsp-20cb531867e5d5e61604003b9b001273-sock

Host: Intel(R) Core(TM) i3-10110U CPU @ 2.10GHz, 4 cores, 11G,  Windows 10 , 64 bit Build 19041 (10.0.19041.2251)
Time: Wed Apr  1 16:51:55 2026 Hora est嫕dar oeste, Sudam廨ica elapsed time: 3.745773 seconds (0d 0h 0m 3s)

---------------  T H R E A D  ---------------

Current thread (0x0000028ee35a2790):  JavaThread "C2 CompilerThread1" daemon [_thread_in_native, id=9804, stack(0x000000cc5db00000,0x000000cc5dc00000) (1024K)]


Current CompileTask:
C2:3745 1962 %     4       java.io.DataInputStream::readUTF @ 92 (501 bytes)

Stack: [0x000000cc5db00000,0x000000cc5dc00000]
Native frames: (J=compiled Java code, j=interpreted, Vv=VM code, C=native code)
V  [jvm.dll+0x6d7a39]
V  [jvm.dll+0x8b4b26]
V  [jvm.dll+0x8b70de]
V  [jvm.dll+0x8b77c3]
V  [jvm.dll+0x284346]
V  [jvm.dll+0xc66ed]
V  [jvm.dll+0xc6c31]
V  [jvm.dll+0x3bec3b]
V  [jvm.dll+0x38b162]
V  [jvm.dll+0x38a5aa]
V  [jvm.dll+0x24c560]
V  [jvm.dll+0x24bb40]
V  [jvm.dll+0x1cb34e]
V  [jvm.dll+0x25b85d]
V  [jvm.dll+0x259dea]
V  [jvm.dll+0x3f857e]
V  [jvm.dll+0x85f59d]
V  [jvm.dll+0x6d626d]
C  [ucrtbase.dll+0x21bb2]
C  [KERNEL32.DLL+0x174b4]
C  [ntdll.dll+0x526a1]


---------------  P R O C E S S  ---------------

Threads class SMR info:
_java_thread_list=0x0000028ee3264c70, length=16, elements={
0x0000028ec7235b60, 0x0000028eddc278a0, 0x0000028eddc29980, 0x0000028eddc2aa50,
0x0000028eddc2d780, 0x0000028eddc2e720, 0x0000028eddc30190, 0x0000028eddc30fd0,
0x0000028eddca67a0, 0x0000028edea06a40, 0x0000028edeb3c650, 0x0000028ee3544640,
0x0000028ee384fb50, 0x0000028ee3850490, 0x0000028ee34f9040, 0x0000028ee35a2790
}

Java Threads: ( => current thread )
  0x0000028ec7235b60 JavaThread "main"                              [_thread_blocked, id=9968, stack(0x000000cc5c500000,0x000000cc5c600000) (1024K)]
  0x0000028eddc278a0 JavaThread "Reference Handler"          daemon [_thread_blocked, id=18128, stack(0x000000cc5ca00000,0x000000cc5cb00000) (1024K)]
  0x0000028eddc29980 JavaThread "Finalizer"                  daemon [_thread_blocked, id=17748, stack(0x000000cc5cb00000,0x000000cc5cc00000) (1024K)]
  0x0000028eddc2aa50 JavaThread "Signal Dispatcher"          daemon [_thread_blocked, id=10712, stack(0x000000cc5cc00000,0x000000cc5cd00000) (1024K)]
  0x0000028eddc2d780 JavaThread "Attach Listener"            daemon [_thread_blocked, id=15112, stack(0x000000cc5cd00000,0x000000cc5ce00000) (1024K)]
  0x0000028eddc2e720 JavaThread "Service Thread"             daemon [_thread_blocked, id=12568, stack(0x000000cc5ce00000,0x000000cc5cf00000) (1024K)]
  0x0000028eddc30190 JavaThread "Monitor Deflation Thread"   daemon [_thread_blocked, id=2568, stack(0x000000cc5cf00000,0x000000cc5d000000) (1024K)]
  0x0000028eddc30fd0 JavaThread "C2 CompilerThread0"         daemon [_thread_in_native, id=17792, stack(0x000000cc5d000000,0x000000cc5d100000) (1024K)]
  0x0000028eddca67a0 JavaThread "C1 CompilerThread0"         daemon [_thread_blocked, id=17508, stack(0x000000cc5d100000,0x000000cc5d200000) (1024K)]
  0x0000028edea06a40 JavaThread "Common-Cleaner"             daemon [_thread_blocked, id=18952, stack(0x000000cc5d200000,0x000000cc5d300000) (1024K)]
  0x0000028edeb3c650 JavaThread "Notification Thread"        daemon [_thread_blocked, id=6136, stack(0x000000cc5d300000,0x000000cc5d400000) (1024K)]
  0x0000028ee3544640 JavaThread "Active Thread: Equinox Container: 0a2276da-2358-428d-abf8-2dc5044604b6"        [_thread_blocked, id=19092, stack(0x000000cc5d800000,0x000000cc5d900000) (1024K)]
  0x0000028ee384fb50 JavaThread "Framework Event Dispatcher: Equinox Container: 0a2276da-2358-428d-abf8-2dc5044604b6" daemon [_thread_blocked, id=9144, stack(0x000000cc5d400000,0x000000cc5d500000) (1024K)]
  0x0000028ee3850490 JavaThread "Start Level: Equinox Container: 0a2276da-2358-428d-abf8-2dc5044604b6" daemon [_thread_in_vm, id=13528, stack(0x000000cc5d900000,0x000000cc5da00000) (1024K)]
  0x0000028ee34f9040 JavaThread "SCR Component Actor"        daemon [_thread_blocked, id=3748, stack(0x000000cc5da00000,0x000000cc5db00000) (1024K)]
=>0x0000028ee35a2790 JavaThread "C2 CompilerThread1"         daemon [_thread_in_native, id=9804, stack(0x000000cc5db00000,0x000000cc5dc00000) (1024K)]
Total: 16

Other Threads:
  0x0000028eddc097c0 VMThread "VM Thread"                           [id=18412, stack(0x000000cc5c900000,0x000000cc5ca00000) (1024K)]
  0x0000028eddb81c40 WatcherThread "VM Periodic Task Thread"        [id=3472, stack(0x000000cc5c800000,0x000000cc5c900000) (1024K)]
  0x0000028ec7256d70 WorkerThread "GC Thread#0"                     [id=19164, stack(0x000000cc5c700000,0x000000cc5c800000) (1024K)]
  0x0000028edebe7df0 WorkerThread "GC Thread#1"                     [id=14328, stack(0x000000cc5d500000,0x000000cc5d600000) (1024K)]
  0x0000028edebe7690 WorkerThread "GC Thread#2"                     [id=11764, stack(0x000000cc5d600000,0x000000cc5d700000) (1024K)]
  0x0000028edebe72e0 WorkerThread "GC Thread#3"                     [id=3816, stack(0x000000cc5d700000,0x000000cc5d800000) (1024K)]
Total: 6

Threads with active compile tasks:
C2 CompilerThread0  3763 1961   !   4       java.io.BufferedInputStream::read (54 bytes)
C2 CompilerThread1  3763 1962 %     4       java.io.DataInputStream::readUTF @ 92 (501 bytes)
Total: 2

VM state: not at safepoint (normal execution)

VM Mutex/Monitor currently owned by a thread: None

Heap address: 0x0000000080000000, size: 2048 MB, Compressed Oops mode: 32-bit

CDS archive(s) mapped at: [0x0000028e80000000-0x0000028e80ba0000-0x0000028e80ba0000), size 12189696, SharedBaseAddress: 0x0000028e80000000, ArchiveRelocationMode: 1.
Compressed class space mapped at: 0x0000028e81000000-0x0000028ec1000000, reserved size: 1073741824
Narrow klass base: 0x0000028e80000000, Narrow klass shift: 0, Narrow klass range: 0x100000000

GC Precious Log:
 CardTable entry size: 512
 CPUs: 4 total, 4 available
 Memory: 12111M
 Large Page Support: Disabled
 NUMA Support: Disabled
 Compressed Oops: Enabled (32-bit)
 Alignments: Space 512K, Generation 512K, Heap 2M
 Heap Min Capacity: 100M
 Heap Initial Capacity: 100M
 Heap Max Capacity: 2G
 Pre-touch: Disabled
 Parallel Workers: 4

Heap:
 PSYoungGen      total 29696K, used 16848K [0x00000000d5580000, 0x00000000d7680000, 0x0000000100000000)
  eden space 25600K, 49% used [0x00000000d5580000,0x00000000d61f4bb8,0x00000000d6e80000)
  from space 4096K, 99% used [0x00000000d7280000,0x00000000d767f680,0x00000000d7680000)
  to   space 4096K, 0% used [0x00000000d6e80000,0x00000000d6e80000,0x00000000d7280000)
 ParOldGen       total 68608K, used 1116K [0x0000000080000000, 0x0000000084300000, 0x00000000d5580000)
  object space 68608K, 1% used [0x0000000080000000,0x0000000080117310,0x0000000084300000)
 Metaspace       used 10703K, committed 11072K, reserved 1114112K
  class space    used 1152K, committed 1280K, reserved 1048576K

Card table byte_map: [0x0000028ec6c20000,0x0000028ec7030000] _byte_map_base: 0x0000028ec6820000

Marking Bits: (ParMarkBitMap*) 0x00007ffcc4173450
 Begin Bits: [0x0000028ed9700000, 0x0000028edb700000)
 End Bits:   [0x0000028edb700000, 0x0000028edd700000)

Polling page: 0x0000028ec6a10000

Metaspace:

Usage:
  Non-class:      9.33 MB used.
      Class:      1.13 MB used.
       Both:     10.45 MB used.

Virtual space:
  Non-class space:       64.00 MB reserved,       9.56 MB ( 15%) committed,  1 nodes.
      Class space:        1.00 GB reserved,       1.25 MB ( <1%) committed,  1 nodes.
             Both:        1.06 GB reserved,      10.81 MB ( <1%) committed. 

Chunk freelists:
   Non-Class:  6.11 MB
       Class:  14.69 MB
        Both:  20.80 MB

MaxMetaspaceSize: unlimited
CompressedClassSpaceSize: 1.00 GB
Initial GC threshold: 21.00 MB
Current GC threshold: 21.00 MB
CDS: on
 - commit_granule_bytes: 65536.
 - commit_granule_words: 8192.
 - virtual_space_node_default_size: 8388608.
 - enlarge_chunks_in_place: 1.
 - use_allocation_guard: 0.


Internal statistics:

num_allocs_failed_limit: 0.
num_arena_births: 250.
num_arena_deaths: 0.
num_vsnodes_births: 2.
num_vsnodes_deaths: 0.
num_space_committed: 173.
num_space_uncommitted: 0.
num_chunks_returned_to_freelist: 0.
num_chunks_taken_from_freelist: 552.
num_chunk_merges: 0.
num_chunk_splits: 349.
num_chunks_enlarged: 239.
num_inconsistent_stats: 0.

CodeHeap 'non-profiled nmethods': size=120000Kb used=832Kb max_used=832Kb free=119167Kb
 bounds [0x0000028ed1f20000, 0x0000028ed2190000, 0x0000028ed9450000]
CodeHeap 'profiled nmethods': size=120000Kb used=3583Kb max_used=3583Kb free=116416Kb
 bounds [0x0000028eca450000, 0x0000028eca7d0000, 0x0000028ed1980000]
CodeHeap 'non-nmethods': size=5760Kb used=1222Kb max_used=1249Kb free=4537Kb
 bounds [0x0000028ed1980000, 0x0000028ed1bf0000, 0x0000028ed1f20000]
CodeCache: size=245760Kb, used=5637Kb, max_used=5664Kb, free=240120Kb
 total_blobs=2446, nmethods=1956, adapters=397, full_count=0
Compilation: enabled, stopped_count=0, restarted_count=0

Compilation events (20 events):
Event: 3.648 Thread 0x0000028eddca67a0 1946       3       java.util.concurrent.locks.AbstractQueuedSynchronizer::apparentlyFirstQueuedIsExclusive (38 bytes)
Event: 3.648 Thread 0x0000028eddca67a0 nmethod 1946 0x0000028eca7c9590 code [0x0000028eca7c9740, 0x0000028eca7c9a30]
Event: 3.682 Thread 0x0000028eddca67a0 1947   !   3       java.util.concurrent.ConcurrentHashMap::putVal (432 bytes)
Event: 3.683 Thread 0x0000028eddca67a0 nmethod 1947 0x0000028eca7c9b10 code [0x0000028eca7c9e80, 0x0000028eca7cb758]
Event: 3.718 Thread 0x0000028eddca67a0 1948       3       java.io.WinNTFileSystem::normalize (143 bytes)
Event: 3.719 Thread 0x0000028eddca67a0 nmethod 1948 0x0000028eca7cc110 code [0x0000028eca7cc3a0, 0x0000028eca7cce00]
Event: 3.722 Thread 0x0000028eddca67a0 1949       3       java.lang.invoke.BoundMethodHandle::<init> (32 bytes)
Event: 3.722 Thread 0x0000028eddca67a0 nmethod 1949 0x0000028eca7cd210 code [0x0000028eca7cd3c0, 0x0000028eca7cd520]
Event: 3.723 Thread 0x0000028eddca67a0 1951       3       java.lang.invoke.InnerClassLambdaMetafactory::getOpcodeOffset (38 bytes)
Event: 3.723 Thread 0x0000028eddca67a0 nmethod 1951 0x0000028eca7cd610 code [0x0000028eca7cd7e0, 0x0000028eca7cda98]
Event: 3.725 Thread 0x0000028eddca67a0 1952       3       sun.invoke.util.Wrapper::isDoubleWord (15 bytes)
Event: 3.725 Thread 0x0000028eddca67a0 nmethod 1952 0x0000028eca7cdb90 code [0x0000028eca7cdd20, 0x0000028eca7cde88]
Event: 3.727 Thread 0x0000028eddca67a0 1954       3       java.util.jar.Manifest::getTrustedAttributes (57 bytes)
Event: 3.727 Thread 0x0000028eddca67a0 nmethod 1954 0x0000028eca7cdf10 code [0x0000028eca7ce180, 0x0000028eca7cea88]
Event: 3.728 Thread 0x0000028eddc30fd0 1955       4       java.lang.Object::equals (11 bytes)
Event: 3.728 Thread 0x0000028eddc30fd0 nmethod 1955 0x0000028ed1fed390 code [0x0000028ed1fed520, 0x0000028ed1fed5b8]
Event: 3.729 Thread 0x0000028eddc30fd0 1956   !   4       java.io.BufferedInputStream::read (69 bytes)
Event: 3.731 Thread 0x0000028eddca67a0 1963   !   3       org.eclipse.osgi.container.ModuleDatabase::getWiring (31 bytes)
Event: 3.731 Thread 0x0000028eddca67a0 nmethod 1963 0x0000028eca7cee10 code [0x0000028eca7cf080, 0x0000028eca7cf9f0]
Event: 3.732 Thread 0x0000028ee35a2790 1962 %     4       java.io.DataInputStream::readUTF @ 92 (501 bytes)

GC Heap History (4 events):
Event: 1.488 GC heap before
{Heap before GC invocations=1 (full 0):
 PSYoungGen      total 29696K, used 25600K [0x00000000d5580000, 0x00000000d7680000, 0x0000000100000000)
  eden space 25600K, 100% used [0x00000000d5580000,0x00000000d6e80000,0x00000000d6e80000)
  from space 4096K, 0% used [0x00000000d7280000,0x00000000d7280000,0x00000000d7680000)
  to   space 4096K, 0% used [0x00000000d6e80000,0x00000000d6e80000,0x00000000d7280000)
 ParOldGen       total 68608K, used 0K [0x0000000080000000, 0x0000000084300000, 0x00000000d5580000)
  object space 68608K, 0% used [0x0000000080000000,0x0000000080000000,0x0000000084300000)
 Metaspace       used 4374K, committed 4608K, reserved 1114112K
  class space    used 474K, committed 576K, reserved 1048576K
}
Event: 1.502 GC heap after
{Heap after GC invocations=1 (full 0):
 PSYoungGen      total 29696K, used 3303K [0x00000000d5580000, 0x00000000d7680000, 0x0000000100000000)
  eden space 25600K, 0% used [0x00000000d5580000,0x00000000d5580000,0x00000000d6e80000)
  from space 4096K, 80% used [0x00000000d6e80000,0x00000000d71b9e98,0x00000000d7280000)
  to   space 4096K, 0% used [0x00000000d7280000,0x00000000d7280000,0x00000000d7680000)
 ParOldGen       total 68608K, used 0K [0x0000000080000000, 0x0000000084300000, 0x00000000d5580000)
  object space 68608K, 0% used [0x0000000080000000,0x0000000080000000,0x0000000084300000)
 Metaspace       used 4374K, committed 4608K, reserved 1114112K
  class space    used 474K, committed 576K, reserved 1048576K
}
Event: 3.387 GC heap before
{Heap before GC invocations=2 (full 0):
 PSYoungGen      total 29696K, used 28903K [0x00000000d5580000, 0x00000000d7680000, 0x0000000100000000)
  eden space 25600K, 100% used [0x00000000d5580000,0x00000000d6e80000,0x00000000d6e80000)
  from space 4096K, 80% used [0x00000000d6e80000,0x00000000d71b9e98,0x00000000d7280000)
  to   space 4096K, 0% used [0x00000000d7280000,0x00000000d7280000,0x00000000d7680000)
 ParOldGen       total 68608K, used 0K [0x0000000080000000, 0x0000000084300000, 0x00000000d5580000)
  object space 68608K, 0% used [0x0000000080000000,0x0000000080000000,0x0000000084300000)
 Metaspace       used 8159K, committed 8448K, reserved 1114112K
  class space    used 862K, committed 960K, reserved 1048576K
}
Event: 3.394 GC heap after
{Heap after GC invocations=2 (full 0):
 PSYoungGen      total 29696K, used 4093K [0x00000000d5580000, 0x00000000d7680000, 0x0000000100000000)
  eden space 25600K, 0% used [0x00000000d5580000,0x00000000d5580000,0x00000000d6e80000)
  from space 4096K, 99% used [0x00000000d7280000,0x00000000d767f680,0x00000000d7680000)
  to   space 4096K, 0% used [0x00000000d6e80000,0x00000000d6e80000,0x00000000d7280000)
 ParOldGen       total 68608K, used 1116K [0x0000000080000000, 0x0000000084300000, 0x00000000d5580000)
  object space 68608K, 1% used [0x0000000080000000,0x0000000080117310,0x0000000084300000)
 Metaspace       used 8159K, committed 8448K, reserved 1114112K
  class space    used 862K, committed 960K, reserved 1048576K
}

Dll operation events (9 events):
Event: 0.018 Loaded shared library c:\Users\HP\.antigravity\extensions\redhat.java-1.53.0-win32-x64\jre\21.0.10-win32-x86_64\bin\java.dll
Event: 0.140 Loaded shared library c:\Users\HP\.antigravity\extensions\redhat.java-1.53.0-win32-x64\jre\21.0.10-win32-x86_64\bin\zip.dll
Event: 0.167 Loaded shared library C:\Users\HP\.antigravity\extensions\redhat.java-1.53.0-win32-x64\jre\21.0.10-win32-x86_64\bin\instrument.dll
Event: 0.189 Loaded shared library C:\Users\HP\.antigravity\extensions\redhat.java-1.53.0-win32-x64\jre\21.0.10-win32-x86_64\bin\net.dll
Event: 0.195 Loaded shared library C:\Users\HP\.antigravity\extensions\redhat.java-1.53.0-win32-x64\jre\21.0.10-win32-x86_64\bin\nio.dll
Event: 0.199 Loaded shared library C:\Users\HP\.antigravity\extensions\redhat.java-1.53.0-win32-x64\jre\21.0.10-win32-x86_64\bin\zip.dll
Event: 0.219 Loaded shared library C:\Users\HP\.antigravity\extensions\redhat.java-1.53.0-win32-x64\jre\21.0.10-win32-x86_64\bin\jimage.dll
Event: 0.363 Loaded shared library c:\Users\HP\.antigravity\extensions\redhat.java-1.53.0-win32-x64\jre\21.0.10-win32-x86_64\bin\verify.dll
Event: 3.361 Loaded shared library C:\Users\HP\AppData\Roaming\Antigravity\User\globalStorage\redhat.java\1.53.0\config_ss_win\org.eclipse.equinox.launcher\org.eclipse.equinox.launcher.win32.win32.x86_64_1.3.0.v20260203-2149\eclipse_11919.dll

Deoptimization events (20 events):
Event: 3.382 Thread 0x0000028ee3850490 Uncommon trap: trap_request=0xffffff6e fr.pc=0x0000028ed1f952e8 relative=0x00000000000003a8
Event: 3.382 Thread 0x0000028ee3850490 Uncommon trap: reason=loop_limit_check action=maybe_recompile pc=0x0000028ed1f952e8 method=java.lang.StringLatin1.indexOf([BI[BII)I @ 37 c2
Event: 3.382 Thread 0x0000028ee3850490 DEOPT PACKING pc=0x0000028ed1f952e8 sp=0x000000cc5d9f8a20
Event: 3.382 Thread 0x0000028ee3850490 DEOPT UNPACKING pc=0x0000028ed19d3aa2 sp=0x000000cc5d9f8980 mode 2
Event: 3.456 Thread 0x0000028ec7235b60 Uncommon trap: trap_request=0xffffff45 fr.pc=0x0000028ed1f9ede0 relative=0x0000000000000040
Event: 3.456 Thread 0x0000028ec7235b60 Uncommon trap: reason=unstable_if action=reinterpret pc=0x0000028ed1f9ede0 method=java.util.concurrent.locks.AbstractQueuedSynchronizer.signalNext(Ljava/util/concurrent/locks/AbstractQueuedSynchronizer$Node;)V @ 1 c2
Event: 3.456 Thread 0x0000028ec7235b60 DEOPT PACKING pc=0x0000028ed1f9ede0 sp=0x000000cc5c5fe900
Event: 3.456 Thread 0x0000028ec7235b60 DEOPT UNPACKING pc=0x0000028ed19d3aa2 sp=0x000000cc5c5fe898 mode 2
Event: 3.630 Thread 0x0000028ee3850490 Uncommon trap: trap_request=0xffffff45 fr.pc=0x0000028ed1fcf8f8 relative=0x0000000000000a18
Event: 3.630 Thread 0x0000028ee3850490 Uncommon trap: reason=unstable_if action=reinterpret pc=0x0000028ed1fcf8f8 method=java.util.concurrent.ConcurrentHashMap.putVal(Ljava/lang/Object;Ljava/lang/Object;Z)Ljava/lang/Object; @ 148 c2
Event: 3.630 Thread 0x0000028ee3850490 DEOPT PACKING pc=0x0000028ed1fcf8f8 sp=0x000000cc5d9f8900
Event: 3.630 Thread 0x0000028ee3850490 DEOPT UNPACKING pc=0x0000028ed19d3aa2 sp=0x000000cc5d9f8870 mode 2
Event: 3.638 Thread 0x0000028ee3850490 Uncommon trap: trap_request=0xffffff45 fr.pc=0x0000028ed1fde6dc relative=0x00000000000014dc
Event: 3.638 Thread 0x0000028ee3850490 Uncommon trap: reason=unstable_if action=reinterpret pc=0x0000028ed1fde6dc method=java.io.WinNTFileSystem.normalize(Ljava/lang/String;II)Ljava/lang/String; @ 100 c2
Event: 3.638 Thread 0x0000028ee3850490 DEOPT PACKING pc=0x0000028ed1fde6dc sp=0x000000cc5d9f8d50
Event: 3.638 Thread 0x0000028ee3850490 DEOPT UNPACKING pc=0x0000028ed19d3aa2 sp=0x000000cc5d9f8c90 mode 2
Event: 3.718 Thread 0x0000028ee3850490 Uncommon trap: trap_request=0xffffff45 fr.pc=0x0000028ed1fa3c34 relative=0x0000000000000094
Event: 3.718 Thread 0x0000028ee3850490 Uncommon trap: reason=unstable_if action=reinterpret pc=0x0000028ed1fa3c34 method=java.io.BufferedInputStream.getBufIfOpen(Z)[B @ 13 c2
Event: 3.718 Thread 0x0000028ee3850490 DEOPT PACKING pc=0x0000028ed1fa3c34 sp=0x000000cc5d9f8630
Event: 3.718 Thread 0x0000028ee3850490 DEOPT UNPACKING pc=0x0000028ed19d3aa2 sp=0x000000cc5d9f85b0 mode 2

Classes loaded (20 events):
Event: 3.715 Loading class java/lang/CloneNotSupportedException
Event: 3.716 Loading class java/lang/CloneNotSupportedException done
Event: 3.723 Loading class java/util/stream/ReferencePipeline$5
Event: 3.723 Loading class java/util/stream/LongPipeline$StatelessOp
Event: 3.723 Loading class java/util/stream/LongPipeline
Event: 3.724 Loading class java/util/stream/LongStream
Event: 3.725 Loading class java/util/stream/LongStream done
Event: 3.725 Loading class java/util/stream/LongPipeline done
Event: 3.725 Loading class java/util/stream/LongPipeline$StatelessOp done
Event: 3.725 Loading class java/util/stream/ReferencePipeline$5 done
Event: 3.725 Loading class java/util/function/LongBinaryOperator
Event: 3.725 Loading class java/util/function/LongBinaryOperator done
Event: 3.726 Loading class java/util/stream/ReduceOps$10
Event: 3.726 Loading class java/util/stream/ReduceOps$10 done
Event: 3.726 Loading class java/util/stream/ReduceOps$8ReducingSink
Event: 3.726 Loading class java/util/stream/Sink$OfLong
Event: 3.726 Loading class java/util/stream/Sink$OfLong done
Event: 3.726 Loading class java/util/stream/ReduceOps$8ReducingSink done
Event: 3.726 Loading class java/util/stream/ReferencePipeline$5$1
Event: 3.726 Loading class java/util/stream/ReferencePipeline$5$1 done

Classes unloaded (0 events):
No events

Classes redefined (0 events):
No events

Internal exceptions (20 events):
Event: 1.485 Thread 0x0000028ec7235b60 Exception <a 'java/lang/ClassNotFoundException'{0x00000000d6e76770}: sun/net/www/protocol/c/Handler> (0x00000000d6e76770) 
thrown [s\src\hotspot\share\classfile\systemDictionary.cpp, line 312]
Event: 1.516 Thread 0x0000028ec7235b60 Exception <a 'java/io/FileNotFoundException'{0x00000000d55a0030}> (0x00000000d55a0030) 
thrown [s\src\hotspot\share\prims\jni.cpp, line 520]
Event: 1.680 Thread 0x0000028ec7235b60 Implicit null exception at 0x0000028ed1f7f7a9 to 0x0000028ed1f80070
Event: 1.680 Thread 0x0000028ec7235b60 Implicit null exception at 0x0000028ed1f89a9a to 0x0000028ed1f89cbc
Event: 1.681 Thread 0x0000028ec7235b60 Exception <a 'java/lang/NoSuchMethodError'{0x00000000d56d01b0}: 'void java.lang.invoke.DirectMethodHandle$Holder.invokeStatic(java.lang.Object, java.lang.Object, java.lang.Object, java.lang.Object)'> (0x00000000d56d01b0) 
thrown [s\src\hotspot\share\interpreter\linkResolver.cpp, line 773]
Event: 1.687 Thread 0x0000028ec7235b60 Implicit null exception at 0x0000028ed1f821c0 to 0x0000028ed1f82494
Event: 1.687 Thread 0x0000028ec7235b60 Implicit null exception at 0x0000028ed1f815c0 to 0x0000028ed1f81645
Event: 2.004 Thread 0x0000028ec7235b60 Exception <a 'java/lang/NoSuchMethodError'{0x00000000d5993800}: 'void java.lang.invoke.DirectMethodHandle$Holder.invokeSpecial(java.lang.Object, java.lang.Object, java.lang.Object)'> (0x00000000d5993800) 
thrown [s\src\hotspot\share\interpreter\linkResolver.cpp, line 773]
Event: 2.478 Thread 0x0000028ec7235b60 Exception <a 'java/lang/NoSuchMethodError'{0x00000000d62ab430}: 'int java.lang.invoke.DirectMethodHandle$Holder.invokeVirtual(java.lang.Object, java.lang.Object)'> (0x00000000d62ab430) 
thrown [s\src\hotspot\share\interpreter\linkResolver.cpp, line 773]
Event: 2.553 Thread 0x0000028ec7235b60 Exception <a 'java/lang/NoSuchMethodError'{0x00000000d641fc88}: 'int java.lang.invoke.DirectMethodHandle$Holder.invokeStaticInit(java.lang.Object, java.lang.Object, java.lang.Object, java.lang.Object)'> (0x00000000d641fc88) 
thrown [s\src\hotspot\share\interpreter\linkResolver.cpp, line 773]
Event: 2.554 Thread 0x0000028ec7235b60 Exception <a 'java/lang/IncompatibleClassChangeError'{0x00000000d6428090}: Found class java.lang.Object, but interface was expected> (0x00000000d6428090) 
thrown [s\src\hotspot\share\interpreter\linkResolver.cpp, line 840]
Event: 2.554 Thread 0x0000028ec7235b60 Exception <a 'java/lang/NoSuchMethodError'{0x00000000d642e640}: 'void java.lang.invoke.DirectMethodHandle$Holder.invokeStaticInit(java.lang.Object, java.lang.Object)'> (0x00000000d642e640) 
thrown [s\src\hotspot\share\interpreter\linkResolver.cpp, line 773]
Event: 2.555 Thread 0x0000028ec7235b60 Exception <a 'java/lang/NoSuchMethodError'{0x00000000d6437878}: 'int java.lang.invoke.DirectMethodHandle$Holder.invokeStaticInit(java.lang.Object, java.lang.Object)'> (0x00000000d6437878) 
thrown [s\src\hotspot\share\interpreter\linkResolver.cpp, line 773]
Event: 2.763 Thread 0x0000028ec7235b60 Exception <a 'java/lang/NoSuchMethodError'{0x00000000d667ddb0}: 'java.lang.Object java.lang.invoke.DirectMethodHandle$Holder.newInvokeSpecial(java.lang.Object, int, java.lang.Object)'> (0x00000000d667ddb0) 
thrown [s\src\hotspot\share\interpreter\linkResolver.cpp, line 773]
Event: 2.939 Thread 0x0000028ec7235b60 Exception <a 'java/lang/ClassNotFoundException'{0x00000000d68963b8}: sun/net/www/protocol/plurl/Handler> (0x00000000d68963b8) 
thrown [s\src\hotspot\share\classfile\systemDictionary.cpp, line 312]
Event: 2.940 Thread 0x0000028ec7235b60 Exception <a 'java/lang/ClassNotFoundException'{0x00000000d6897238}: sun/net/www/protocol/plurl/Handler> (0x00000000d6897238) 
thrown [s\src\hotspot\share\classfile\systemDictionary.cpp, line 312]
Event: 3.356 Thread 0x0000028ec7235b60 Exception <a 'java/lang/UnsatisfiedLinkError'{0x00000000d6ce6878}: 'void org.eclipse.equinox.launcher.JNIBridge._update_splash()'> (0x00000000d6ce6878) 
thrown [s\src\hotspot\share\prims\nativeLookup.cpp, line 415]
Event: 3.447 Thread 0x0000028ee3850490 Exception <a 'java/lang/NullPointerException'{0x00000000d57c9bd8}> (0x00000000d57c9bd8) 
thrown [s\src\hotspot\share\interpreter\linkResolver.cpp, line 1372]
Event: 3.447 Thread 0x0000028ee3850490 Exception <a 'java/lang/NullPointerException'{0x00000000d57c9eb8}> (0x00000000d57c9eb8) 
thrown [s\src\hotspot\share\interpreter\linkResolver.cpp, line 1372]
Event: 3.722 Thread 0x0000028ee3850490 Exception <a 'java/lang/NoSuchMethodError'{0x00000000d613ac20}: 'long java.lang.invoke.DirectMethodHandle$Holder.invokeSpecial(java.lang.Object, java.lang.Object)'> (0x00000000d613ac20) 
thrown [s\src\hotspot\share\interpreter\linkResolver.cpp, line 773]

ZGC Phase Switch (0 events):
No events

VM Operations (20 events):
Event: 1.397 Executing safepoint VM operation: ICBufferFull
Event: 1.397 Executing safepoint VM operation: ICBufferFull done
Event: 1.465 Executing non-safepoint VM operation: HandshakeAllThreads (Deoptimize)
Event: 1.465 Executing non-safepoint VM operation: HandshakeAllThreads (Deoptimize) done
Event: 1.488 Executing safepoint VM operation: ParallelGCFailedAllocation (Allocation Failure)
Event: 1.502 Executing safepoint VM operation: ParallelGCFailedAllocation (Allocation Failure) done
Event: 2.517 Executing safepoint VM operation: Cleanup
Event: 2.533 Executing safepoint VM operation: Cleanup done
Event: 2.709 Executing non-safepoint VM operation: HandshakeAllThreads (Deoptimize)
Event: 2.735 Executing non-safepoint VM operation: HandshakeAllThreads (Deoptimize) done
Event: 2.746 Executing non-safepoint VM operation: HandshakeAllThreads (Deoptimize)
Event: 2.746 Executing non-safepoint VM operation: HandshakeAllThreads (Deoptimize) done
Event: 2.919 Executing non-safepoint VM operation: HandshakeAllThreads (Deoptimize)
Event: 2.919 Executing non-safepoint VM operation: HandshakeAllThreads (Deoptimize) done
Event: 2.936 Executing non-safepoint VM operation: HandshakeAllThreads (Deoptimize)
Event: 2.936 Executing non-safepoint VM operation: HandshakeAllThreads (Deoptimize) done
Event: 3.387 Executing safepoint VM operation: ParallelGCFailedAllocation (Allocation Failure)
Event: 3.394 Executing safepoint VM operation: ParallelGCFailedAllocation (Allocation Failure) done
Event: 3.578 Executing non-safepoint VM operation: HandshakeAllThreads (Deoptimize)
Event: 3.592 Executing non-safepoint VM operation: HandshakeAllThreads (Deoptimize) done

Memory protections (0 events):
No events

Nmethod flushes (0 events):
No events

Events (20 events):
Event: 0.036 Thread 0x0000028ec7235b60 Thread added: 0x0000028ec7235b60
Event: 0.068 Thread 0x0000028ec7235b60 Thread added: 0x0000028eddc278a0
Event: 0.069 Thread 0x0000028ec7235b60 Thread added: 0x0000028eddc29980
Event: 0.069 Thread 0x0000028ec7235b60 Thread added: 0x0000028eddc2aa50
Event: 0.069 Thread 0x0000028ec7235b60 Thread added: 0x0000028eddc2d780
Event: 0.069 Thread 0x0000028ec7235b60 Thread added: 0x0000028eddc2e720
Event: 0.069 Thread 0x0000028ec7235b60 Thread added: 0x0000028eddc30190
Event: 0.069 Thread 0x0000028ec7235b60 Thread added: 0x0000028eddc30fd0
Event: 0.078 Thread 0x0000028ec7235b60 Thread added: 0x0000028eddca67a0
Event: 0.169 Thread 0x0000028ec7235b60 Thread added: 0x0000028edea06a40
Event: 0.603 Thread 0x0000028ec7235b60 Thread added: 0x0000028edeb3c650
Event: 0.771 Thread 0x0000028eddca67a0 Thread added: 0x0000028edeb8d2b0
Event: 1.673 Thread 0x0000028edeb8d2b0 Thread exited: 0x0000028edeb8d2b0
Event: 2.003 Thread 0x0000028eddca67a0 Thread added: 0x0000028ee31245c0
Event: 2.634 Thread 0x0000028ec7235b60 Thread added: 0x0000028ee3544640
Event: 2.661 Thread 0x0000028ee31245c0 Thread exited: 0x0000028ee31245c0
Event: 3.348 Thread 0x0000028ec7235b60 Thread added: 0x0000028ee384fb50
Event: 3.355 Thread 0x0000028ec7235b60 Thread added: 0x0000028ee3850490
Event: 3.564 Thread 0x0000028ee3850490 Thread added: 0x0000028ee34f9040
Event: 3.731 Thread 0x0000028eddca67a0 Thread added: 0x0000028ee35a2790


Dynamic libraries:
0x00007ff627330000 - 0x00007ff62733e000 	c:\Users\HP\.antigravity\extensions\redhat.java-1.53.0-win32-x64\jre\21.0.10-win32-x86_64\bin\java.exe
0x00007ffd847b0000 - 0x00007ffd849a8000 	C:\windows\SYSTEM32\ntdll.dll
0x00007ffd832f0000 - 0x00007ffd833af000 	C:\windows\System32\KERNEL32.DLL
0x00007ffd821f0000 - 0x00007ffd824c2000 	C:\windows\System32\KERNELBASE.dll
0x00007ffd81eb0000 - 0x00007ffd81fb0000 	C:\windows\System32\ucrtbase.dll
0x00007ffd0aca0000 - 0x00007ffd0acb8000 	c:\Users\HP\.antigravity\extensions\redhat.java-1.53.0-win32-x64\jre\21.0.10-win32-x86_64\bin\jli.dll
0x00007ffd83690000 - 0x00007ffd8382d000 	C:\windows\System32\USER32.dll
0x00007ffd821c0000 - 0x00007ffd821e2000 	C:\windows\System32\win32u.dll
0x00007ffd82a90000 - 0x00007ffd82abb000 	C:\windows\System32\GDI32.dll
0x00007ffd826f0000 - 0x00007ffd827ff000 	C:\windows\System32\gdi32full.dll
0x00007ffd825c0000 - 0x00007ffd8265d000 	C:\windows\System32\msvcp_win.dll
0x00007ffd17fb0000 - 0x00007ffd17fce000 	c:\Users\HP\.antigravity\extensions\redhat.java-1.53.0-win32-x64\jre\21.0.10-win32-x86_64\bin\VCRUNTIME140.dll
0x00007ffd68880000 - 0x00007ffd68b1a000 	C:\windows\WinSxS\amd64_microsoft.windows.common-controls_6595b64144ccf1df_6.0.19041.1110_none_60b5254171f9507e\COMCTL32.dll
0x00007ffd83250000 - 0x00007ffd832ee000 	C:\windows\System32\msvcrt.dll
0x00007ffd82980000 - 0x00007ffd829b2000 	C:\windows\System32\IMM32.DLL
0x00007ffd4ec80000 - 0x00007ffd4ec8c000 	c:\Users\HP\.antigravity\extensions\redhat.java-1.53.0-win32-x64\jre\21.0.10-win32-x86_64\bin\vcruntime140_1.dll
0x00007ffceee10000 - 0x00007ffceee9d000 	c:\Users\HP\.antigravity\extensions\redhat.java-1.53.0-win32-x64\jre\21.0.10-win32-x86_64\bin\msvcp140.dll
0x00007ffcc34b0000 - 0x00007ffcc4251000 	c:\Users\HP\.antigravity\extensions\redhat.java-1.53.0-win32-x64\jre\21.0.10-win32-x86_64\bin\server\jvm.dll
0x00007ffd83000000 - 0x00007ffd830ae000 	C:\windows\System32\ADVAPI32.dll
0x00007ffd828e0000 - 0x00007ffd8297c000 	C:\windows\System32\sechost.dll
0x00007ffd843b0000 - 0x00007ffd844d5000 	C:\windows\System32\RPCRT4.dll
0x00007ffd82ac0000 - 0x00007ffd82b2b000 	C:\windows\System32\WS2_32.dll
0x00007ffd81a50000 - 0x00007ffd81a9b000 	C:\windows\SYSTEM32\POWRPROF.dll
0x00007ffd68850000 - 0x00007ffd68877000 	C:\windows\SYSTEM32\WINMM.dll
0x00007ffd76c00000 - 0x00007ffd76c0a000 	C:\windows\SYSTEM32\VERSION.dll
0x00007ffd81a30000 - 0x00007ffd81a42000 	C:\windows\SYSTEM32\UMPDC.dll
0x00007ffd80700000 - 0x00007ffd80712000 	C:\windows\SYSTEM32\kernel.appcore.dll
0x00007ffd4b2d0000 - 0x00007ffd4b2da000 	c:\Users\HP\.antigravity\extensions\redhat.java-1.53.0-win32-x64\jre\21.0.10-win32-x86_64\bin\jimage.dll
0x00007ffd7fc60000 - 0x00007ffd7fe44000 	C:\windows\SYSTEM32\DBGHELP.DLL
0x00007ffd664a0000 - 0x00007ffd664cc000 	C:\windows\SYSTEM32\dbgcore.DLL
0x00007ffd82660000 - 0x00007ffd826e2000 	C:\windows\System32\bcryptPrimitives.dll
0x00007ffd652a0000 - 0x00007ffd652af000 	c:\Users\HP\.antigravity\extensions\redhat.java-1.53.0-win32-x64\jre\21.0.10-win32-x86_64\bin\instrument.dll
0x00007ffd3ce10000 - 0x00007ffd3ce30000 	c:\Users\HP\.antigravity\extensions\redhat.java-1.53.0-win32-x64\jre\21.0.10-win32-x86_64\bin\java.dll
0x00007ffd83c60000 - 0x00007ffd843a3000 	C:\windows\System32\SHELL32.dll
0x00007ffd7ff50000 - 0x00007ffd806e2000 	C:\windows\SYSTEM32\windows.storage.dll
0x00007ffd83830000 - 0x00007ffd83b84000 	C:\windows\System32\combase.dll
0x00007ffd818a0000 - 0x00007ffd818d0000 	C:\windows\SYSTEM32\Wldp.dll
0x00007ffd829c0000 - 0x00007ffd82a6d000 	C:\windows\System32\SHCORE.dll
0x00007ffd84710000 - 0x00007ffd84765000 	C:\windows\System32\shlwapi.dll
0x00007ffd81df0000 - 0x00007ffd81e0f000 	C:\windows\SYSTEM32\profapi.dll
0x00007ffd109c0000 - 0x00007ffd109d8000 	c:\Users\HP\.antigravity\extensions\redhat.java-1.53.0-win32-x64\jre\21.0.10-win32-x86_64\bin\zip.dll
0x00007ffd494c0000 - 0x00007ffd494d0000 	C:\Users\HP\.antigravity\extensions\redhat.java-1.53.0-win32-x64\jre\21.0.10-win32-x86_64\bin\net.dll
0x00007ffd6dcf0000 - 0x00007ffd6ddfc000 	C:\windows\SYSTEM32\WINHTTP.dll
0x00007ffd81600000 - 0x00007ffd8166a000 	C:\windows\system32\mswsock.dll
0x00007ffd0ac80000 - 0x00007ffd0ac96000 	C:\Users\HP\.antigravity\extensions\redhat.java-1.53.0-win32-x64\jre\21.0.10-win32-x86_64\bin\nio.dll
0x00007ffd615b0000 - 0x00007ffd615c0000 	c:\Users\HP\.antigravity\extensions\redhat.java-1.53.0-win32-x64\jre\21.0.10-win32-x86_64\bin\verify.dll
0x00007ffd4a6a0000 - 0x00007ffd4a6e5000 	C:\Users\HP\AppData\Roaming\Antigravity\User\globalStorage\redhat.java\1.53.0\config_ss_win\org.eclipse.equinox.launcher\org.eclipse.equinox.launcher.win32.win32.x86_64_1.3.0.v20260203-2149\eclipse_11919.dll
0x00007ffd833b0000 - 0x00007ffd834da000 	C:\windows\System32\ole32.dll

JVMTI agents:
c:\Users\HP\.antigravity\extensions\redhat.java-1.53.0-win32-x64\lombok\lombok-1.18.39-4050.jar path:c:\Users\HP\.antigravity\extensions\redhat.java-1.53.0-win32-x64\jre\21.0.10-win32-x86_64\bin\instrument.dll, loaded, initialized, instrumentlib options:none

dbghelp: loaded successfully - version: 4.0.5 - missing functions: none
symbol engine: initialized successfully - sym options: 0x614 - pdb path: .;c:\Users\HP\.antigravity\extensions\redhat.java-1.53.0-win32-x64\jre\21.0.10-win32-x86_64\bin;C:\windows\SYSTEM32;C:\windows\WinSxS\amd64_microsoft.windows.common-controls_6595b64144ccf1df_6.0.19041.1110_none_60b5254171f9507e;c:\Users\HP\.antigravity\extensions\redhat.java-1.53.0-win32-x64\jre\21.0.10-win32-x86_64\bin\server;C:\Users\HP\AppData\Roaming\Antigravity\User\globalStorage\redhat.java\1.53.0\config_ss_win\org.eclipse.equinox.launcher\org.eclipse.equinox.launcher.win32.win32.x86_64_1.3.0.v20260203-2149

VM Arguments:
jvm_args: --add-modules=ALL-SYSTEM --add-opens=java.base/java.util=ALL-UNNAMED --add-opens=java.base/java.lang=ALL-UNNAMED --add-opens=java.base/sun.nio.fs=ALL-UNNAMED -Declipse.application=org.eclipse.jdt.ls.core.id1 -Dosgi.bundles.defaultStartLevel=4 -Declipse.product=org.eclipse.jdt.ls.core.product -Djava.import.generatesMetadataFilesAtProjectRoot=false -DDetectVMInstallationsJob.disabled=true -Dfile.encoding=utf8 -XX:+UseParallelGC -XX:GCTimeRatio=4 -XX:AdaptiveSizePolicyWeight=90 -Dsun.zip.disableMemoryMapping=true -Xmx2G -Xms100m -Xlog:disable -javaagent:c:\Users\HP\.antigravity\extensions\redhat.java-1.53.0-win32-x64\lombok\lombok-1.18.39-4050.jar 
java_command: c:\Users\HP\.antigravity\extensions\redhat.java-1.53.0-win32-x64\server\plugins\org.eclipse.equinox.launcher_1.7.100.v20251111-0406.jar -configuration c:\Users\HP\AppData\Roaming\Antigravity\User\globalStorage\redhat.java\1.53.0\config_ss_win -data c:\Users\HP\AppData\Roaming\Antigravity\User\workspaceStorage\3128ad1f6dad4279aefc7e6981c7fa6f\redhat.java\ss_ws --pipe=\\.\pipe\lsp-20cb531867e5d5e61604003b9b001273-sock
java_class_path (initial): c:\Users\HP\.antigravity\extensions\redhat.java-1.53.0-win32-x64\server\plugins\org.eclipse.equinox.launcher_1.7.100.v20251111-0406.jar
Launcher Type: SUN_STANDARD

[Global flags]
    uintx AdaptiveSizePolicyWeight                 = 90                                        {product} {command line}
     intx CICompilerCount                          = 3                                         {product} {ergonomic}
    uintx GCTimeRatio                              = 4                                         {product} {command line}
   size_t InitialHeapSize                          = 104857600                                 {product} {command line}
   size_t MaxHeapSize                              = 2147483648                                {product} {command line}
   size_t MaxNewSize                               = 715653120                                 {product} {ergonomic}
   size_t MinHeapDeltaBytes                        = 524288                                    {product} {ergonomic}
   size_t MinHeapSize                              = 104857600                                 {product} {command line}
   size_t NewSize                                  = 34603008                                  {product} {ergonomic}
    uintx NonNMethodCodeHeapSize                   = 5832780                                {pd product} {ergonomic}
    uintx NonProfiledCodeHeapSize                  = 122912730                              {pd product} {ergonomic}
   size_t OldSize                                  = 70254592                                  {product} {ergonomic}
    uintx ProfiledCodeHeapSize                     = 122912730                              {pd product} {ergonomic}
    uintx ReservedCodeCacheSize                    = 251658240                              {pd product} {ergonomic}
     bool SegmentedCodeCache                       = true                                      {product} {ergonomic}
   size_t SoftMaxHeapSize                          = 2147483648                             {manageable} {ergonomic}
     bool UseCompressedOops                        = true                           {product lp64_product} {ergonomic}
     bool UseLargePagesIndividualAllocation        = false                                  {pd product} {ergonomic}
     bool UseParallelGC                            = true                                      {product} {command line}

Logging:
Log output configuration:
 #0: stdout all=off uptime,level,tags foldmultilines=false
 #1: stderr all=off uptime,level,tags foldmultilines=false

Release file:
JAVA_VERSION="21.0.10" 
MODULES="java.base java.compiler java.datatransfer java.xml java.prefs java.desktop java.instrument java.logging java.management java.security.sasl java.naming java.rmi java.management.rmi java.net.http java.scripting java.security.jgss java.transaction.xa java.sql java.sql.rowset java.xml.crypto java.se java.smartcardio jdk.accessibility jdk.internal.jvmstat jdk.attach jdk.charsets jdk.internal.opt jdk.zipfs jdk.compiler jdk.crypto.ec jdk.crypto.cryptoki jdk.crypto.mscapi jdk.dynalink jdk.internal.ed jdk.editpad jdk.hotspot.agent jdk.httpserver jdk.internal.le jdk.internal.vm.ci jdk.internal.vm.compiler jdk.internal.vm.compiler.management jdk.jartool jdk.javadoc jdk.jcmd jdk.management jdk.management.agent jdk.jconsole jdk.jdeps jdk.jdwp.agent jdk.jdi jdk.jfr jdk.jshell jdk.jsobject jdk.jstatd jdk.localedata jdk.management.jfr jdk.naming.dns jdk.naming.rmi jdk.net jdk.nio.mapmode jdk.random jdk.sctp jdk.security.auth jdk.security.jgss jdk.unsupported jdk.unsupported.desktop jdk.xml.dom" 

Environment Variables:
PATH=C:\Program Files\Common Files\Oracle\Java\javapath;C:\Program Files (x86)\Common Files\Oracle\Java\javapath;C:\Program Files\BlueJ\jdk\bin;C:\windows\system32;C:\windows;C:\windows\System32\Wbem;C:\windows\System32\WindowsPowerShell\v1.0\;C:\windows\System32\OpenSSH\;C:\Program Files (x86)\Microsoft SQL Server\100\Tools\Binn\;C:\Program Files\Microsoft SQL Server\100\Tools\Binn\;C:\Program Files\Microsoft SQL Server\100\DTS\Binn\;C:\ProgramData\chocolatey\bin;C:\xamppp\php;C:\Program Files\CodeBlocks\MinGW\bin;C:\ProgramData\ComposerSetup\bin;C:\Program Files\nodejs\;C:\Program Files (x86)\Microsoft SQL Server\160\Tools\Binn\;C:\Program Files\Microsoft SQL Server\160\Tools\Binn\;C:\Program Files\Microsoft SQL Server\Client SDK\ODBC\170\Tools\Binn\;C:\Program Files\Microsoft SQL Server\160\DTS\Binn\;C:\Program Files\Git\cmd;D:\xamp\php;D:\;C:\Users\HP\AppData\Local\Programs\Python\Python311\Scripts\;C:\Users\HP\AppData\Local\Programs\Python\Python311\;C:\Users\HP\AppData\Local\Microsoft\WindowsApps;C:\Program Files\BlueJ\jdk;C:\Users\HP\AppData\Roaming\cabal\bin;C:\tools\ghc-9.8.2\bin;C:\tools\msys64;C:\ghcup\bin;C:\Users\HP\AppData\Roaming\Composer\vendor\bin;C:\Users\HP\AppData\Roaming\npm;C:\Users\HP\OneDrive\Escritorio\foto\flutter\bin;D:\colcaTrufis\fronted\flutter\bin;D:\Microsoft VS Code\bin;C:\src\flutter\bin;D:\Antigravity\bin
USERNAME=HP
OS=Windows_NT
PROCESSOR_IDENTIFIER=Intel64 Family 6 Model 142 Stepping 12, GenuineIntel
TMP=C:\Users\HP\AppData\Local\Temp
TEMP=C:\Users\HP\AppData\Local\Temp




Periodic native trim disabled

---------------  S Y S T E M  ---------------

OS:
 Windows 10 , 64 bit Build 19041 (10.0.19041.2251)
OS uptime: 0 days 0:48 hours

CPU: total 4 (initial active 4) (2 cores per cpu, 2 threads per core) family 6 model 142 stepping 12 microcode 0xde, cx8, cmov, fxsr, ht, mmx, 3dnowpref, sse, sse2, sse3, ssse3, sse4.1, sse4.2, popcnt, lzcnt, tsc, tscinvbit, avx, avx2, aes, erms, clmul, bmi1, bmi2, adx, fma, vzeroupper, clflush, clflushopt, rdtscp, f16c
Processor Information for the first 4 processors :
  Max Mhz: 2592, Current Mhz: 2093, Mhz Limit: 2073

Memory: 4k page, system-wide physical 12111M (2712M free)
TotalPageFile size 16711M (AvailPageFile size 0M)
current process WorkingSet (physical memory assigned to process): 98M, peak: 98M
current process commit charge ("private bytes"): 232M, peak: 232M

vm_info: OpenJDK 64-Bit Server VM (21.0.10+7-LTS) for windows-amd64 JRE (21.0.10+7-LTS), built on 2026-01-20T00:00:00Z by "admin" with MS VC++ 17.12 (VS2022)

END.
