#
# There is insufficient memory for the Java Runtime Environment to continue.
# Native memory allocation (malloc) failed to allocate 32744 bytes. Error detail: Chunk::new
# Possible reasons:
#   The system is out of physical RAM or swap space
#   This process is running with CompressedOops enabled, and the Java Heap may be blocking the growth of the native heap
# Possible solutions:
#   Reduce memory load on the system
#   Increase physical memory or swap space
#   Check if swap backing store is full
#   Decrease Java heap size (-Xmx/-Xms)
#   Decrease number of Java threads
#   Decrease Java thread stack sizes (-Xss)
#   Set larger code cache with -XX:ReservedCodeCacheSize=
#   JVM is running with Unscaled Compressed Oops mode in which the Java heap is
#     placed in the first 4GB address space. The Java Heap base address is the
#     maximum limit for the native heap growth. Please use -XX:HeapBaseMinAddress
#     to set the Java Heap base and to place the Java Heap above 4GB virtual address.
# This output file may be truncated or incomplete.
#
#  Out of Memory Error (arena.cpp:168), pid=9916, tid=18916
#
# JRE version: OpenJDK Runtime Environment Temurin-21.0.9+10 (21.0.9+10) (build 21.0.9+10-LTS)
# Java VM: OpenJDK 64-Bit Server VM Temurin-21.0.9+10 (21.0.9+10-LTS, mixed mode, sharing, tiered, compressed oops, compressed class ptrs, parallel gc, windows-amd64)
# No core dump will be written. Minidumps are not enabled by default on client versions of Windows
#

---------------  S U M M A R Y ------------

Command Line: --add-modules=ALL-SYSTEM --add-opens=java.base/java.util=ALL-UNNAMED --add-opens=java.base/java.lang=ALL-UNNAMED --add-opens=java.base/sun.nio.fs=ALL-UNNAMED -Declipse.application=org.eclipse.jdt.ls.core.id1 -Dosgi.bundles.defaultStartLevel=4 -Declipse.product=org.eclipse.jdt.ls.core.product -Djava.import.generatesMetadataFilesAtProjectRoot=false -DDetectVMInstallationsJob.disabled=true -Dfile.encoding=utf8 -XX:+UseParallelGC -XX:GCTimeRatio=4 -XX:AdaptiveSizePolicyWeight=90 -Dsun.zip.disableMemoryMapping=true -Xmx2G -Xms100m -Xlog:disable -javaagent:c:\Users\HP\.vscode\extensions\redhat.java-1.52.0-win32-x64\lombok\lombok-1.18.39-4050.jar -XX:+HeapDumpOnOutOfMemoryError -XX:HeapDumpPath=c:\Users\HP\AppData\Roaming\Code\User\workspaceStorage\3128ad1f6dad4279aefc7e6981c7fa6f\redhat.java -Daether.dependencyCollector.impl=bf c:\Users\HP\.vscode\extensions\redhat.java-1.52.0-win32-x64\server\plugins\org.eclipse.equinox.launcher_1.7.100.v20251111-0406.jar -configuration c:\Users\HP\AppData\Roaming\Code\User\globalStorage\redhat.java\1.52.0\config_win -data c:\Users\HP\AppData\Roaming\Code\User\workspaceStorage\3128ad1f6dad4279aefc7e6981c7fa6f\redhat.java\jdt_ws --pipe=\\.\pipe\lsp-0a62eb2c19bdf4e521dd3f1c33086efc-sock

Host: Intel(R) Core(TM) i3-10110U CPU @ 2.10GHz, 4 cores, 3G,  Windows 10 , 64 bit Build 19041 (10.0.19041.2251)
Time: Fri Feb 20 16:41:05 2026 Hora est嫕dar oeste, Sudam廨ica elapsed time: 369.236418 seconds (0d 0h 6m 9s)

---------------  T H R E A D  ---------------

Current thread (0x00000223f95ab7b0):  JavaThread "C2 CompilerThread0" daemon [_thread_in_native, id=18916, stack(0x000000497c200000,0x000000497c300000) (1024K)]


Current CompileTask:
C2:369237 8616 %     4       org.gradle.internal.logging.text.AbstractLineChoppingStyledTextOutput::doAppend @ 10 (43 bytes)

Stack: [0x000000497c200000,0x000000497c300000]
Native frames: (J=compiled Java code, j=interpreted, Vv=VM code, C=native code)
V  [jvm.dll+0x6d6e29]
V  [jvm.dll+0x8b4b76]
V  [jvm.dll+0x8b712e]
V  [jvm.dll+0x8b7813]
V  [jvm.dll+0x283d86]
V  [jvm.dll+0xc66ed]
V  [jvm.dll+0xc6c31]
V  [jvm.dll+0x9ea6]
V  [jvm.dll+0x39dbc7]
V  [jvm.dll+0x3a5991]
V  [jvm.dll+0x1cec1f]
V  [jvm.dll+0x2f9f1c]
V  [jvm.dll+0x6f12e8]
V  [jvm.dll+0x6e9399]
V  [jvm.dll+0x6e8a99]
V  [jvm.dll+0x6e6b3e]
V  [jvm.dll+0x1ce18c]
V  [jvm.dll+0x1ced2e]
V  [jvm.dll+0x1ced2e]
V  [jvm.dll+0x2f9f1c]
V  [jvm.dll+0x6f12e8]
V  [jvm.dll+0x6e9399]
V  [jvm.dll+0x6e8a99]
V  [jvm.dll+0x6e6b3e]
V  [jvm.dll+0x1ce18c]
V  [jvm.dll+0x24b129]
V  [jvm.dll+0x1cb13e]
V  [jvm.dll+0x25b29d]
V  [jvm.dll+0x25982a]
V  [jvm.dll+0x3f7ea6]
V  [jvm.dll+0x85e9ad]
V  [jvm.dll+0x6d565d]
C  [ucrtbase.dll+0x21bb2]
C  [KERNEL32.DLL+0x174b4]
C  [ntdll.dll+0x526a1]


---------------  P R O C E S S  ---------------

Threads class SMR info:
_java_thread_list=0x00000223c3c9eb40, length=41, elements={
0x00000223e2bbaf60, 0x00000223f959f230, 0x00000223f95a2300, 0x00000223f95a5650,
0x00000223f95a8370, 0x00000223f95a9f30, 0x00000223f95aa980, 0x00000223f95ab7b0,
0x00000223f9620f70, 0x00000223fa37ad80, 0x00000223fa3c2f70, 0x00000223faa8e1e0,
0x00000223fac3ba10, 0x00000223fab3d5e0, 0x00000223fab3dc40, 0x00000223ff1a96d0,
0x00000223f9612b70, 0x00000223fa48bfe0, 0x00000223fad52ea0, 0x00000223fad54250,
0x00000223fad53530, 0x00000223fad56320, 0x00000223fad548e0, 0x00000223fad55600,
0x00000223fad55c90, 0x00000223c1e61ac0, 0x00000223c1e61430, 0x00000223c1e63500,
0x00000223c1e62e70, 0x00000223c1e63b90, 0x00000223c1e648b0, 0x00000223c1e67010,
0x00000223c1e64f40, 0x00000223c1e60080, 0x00000223c1e65c60, 0x00000223c1e662f0,
0x00000223c1e627e0, 0x00000223c1e676a0, 0x00000223c1e655d0, 0x00000223c1e66980,
0x00000223c33be7e0
}

Java Threads: ( => current thread )
  0x00000223e2bbaf60 JavaThread "main"                              [_thread_blocked, id=11520, stack(0x000000497b700000,0x000000497b800000) (1024K)]
  0x00000223f959f230 JavaThread "Reference Handler"          daemon [_thread_blocked, id=1656, stack(0x000000497bc00000,0x000000497bd00000) (1024K)]
  0x00000223f95a2300 JavaThread "Finalizer"                  daemon [_thread_blocked, id=16400, stack(0x000000497bd00000,0x000000497be00000) (1024K)]
  0x00000223f95a5650 JavaThread "Signal Dispatcher"          daemon [_thread_blocked, id=18176, stack(0x000000497be00000,0x000000497bf00000) (1024K)]
  0x00000223f95a8370 JavaThread "Attach Listener"            daemon [_thread_blocked, id=14968, stack(0x000000497bf00000,0x000000497c000000) (1024K)]
  0x00000223f95a9f30 JavaThread "Service Thread"             daemon [_thread_blocked, id=15572, stack(0x000000497c000000,0x000000497c100000) (1024K)]
  0x00000223f95aa980 JavaThread "Monitor Deflation Thread"   daemon [_thread_blocked, id=15340, stack(0x000000497c100000,0x000000497c200000) (1024K)]
=>0x00000223f95ab7b0 JavaThread "C2 CompilerThread0"         daemon [_thread_in_native, id=18916, stack(0x000000497c200000,0x000000497c300000) (1024K)]
  0x00000223f9620f70 JavaThread "C1 CompilerThread0"         daemon [_thread_blocked, id=18240, stack(0x000000497c300000,0x000000497c400000) (1024K)]
  0x00000223fa37ad80 JavaThread "Common-Cleaner"             daemon [_thread_blocked, id=9880, stack(0x000000497c400000,0x000000497c500000) (1024K)]
  0x00000223fa3c2f70 JavaThread "Notification Thread"        daemon [_thread_blocked, id=9264, stack(0x000000497c500000,0x000000497c600000) (1024K)]
  0x00000223faa8e1e0 JavaThread "Active Thread: Equinox Container: 07b88e60-30d6-4020-ac8c-451d66b2e155"        [_thread_blocked, id=5704, stack(0x000000497c900000,0x000000497ca00000) (1024K)]
  0x00000223fac3ba10 JavaThread "Refresh Thread: Equinox Container: 07b88e60-30d6-4020-ac8c-451d66b2e155" daemon [_thread_blocked, id=2852, stack(0x000000497ca00000,0x000000497cb00000) (1024K)]
  0x00000223fab3d5e0 JavaThread "Framework Event Dispatcher: Equinox Container: 07b88e60-30d6-4020-ac8c-451d66b2e155" daemon [_thread_blocked, id=8776, stack(0x000000497cb00000,0x000000497cc00000) (1024K)]
  0x00000223fab3dc40 JavaThread "Start Level: Equinox Container: 07b88e60-30d6-4020-ac8c-451d66b2e155" daemon [_thread_blocked, id=8816, stack(0x000000497cc00000,0x000000497cd00000) (1024K)]
  0x00000223ff1a96d0 JavaThread "Bundle File Closer"         daemon [_thread_blocked, id=15876, stack(0x000000497cd00000,0x000000497ce00000) (1024K)]
  0x00000223f9612b70 JavaThread "SCR Component Actor"        daemon [_thread_blocked, id=4732, stack(0x000000497ce00000,0x000000497cf00000) (1024K)]
  0x00000223fa48bfe0 JavaThread "Worker-JM"                         [_thread_blocked, id=15676, stack(0x000000497cf00000,0x000000497d000000) (1024K)]
  0x00000223fad52ea0 JavaThread "Worker-2"                          [_thread_blocked, id=18780, stack(0x000000497d200000,0x000000497d300000) (1024K)]
  0x00000223fad54250 JavaThread "Worker-3: Initialize Workspace"        [_thread_blocked, id=4688, stack(0x000000497d300000,0x000000497d400000) (1024K)]
  0x00000223fad53530 JavaThread "Java indexing"              daemon [_thread_blocked, id=19008, stack(0x000000497d400000,0x000000497d500000) (1024K)]
  0x00000223fad56320 JavaThread "JNA Cleaner"                daemon [_thread_blocked, id=17916, stack(0x000000497d500000,0x000000497d600000) (1024K)]
  0x00000223fad548e0 JavaThread "Worker-4"                          [_thread_blocked, id=1536, stack(0x000000497d600000,0x000000497d700000) (1024K)]
  0x00000223fad55600 JavaThread "Thread-1"                   daemon [_thread_in_native, id=12684, stack(0x000000497d800000,0x000000497d900000) (1024K)]
  0x00000223fad55c90 JavaThread "Thread-2"                   daemon [_thread_in_native, id=14596, stack(0x000000497d900000,0x000000497da00000) (1024K)]
  0x00000223c1e61ac0 JavaThread "Thread-3"                   daemon [_thread_in_native, id=19112, stack(0x000000497da00000,0x000000497db00000) (1024K)]
  0x00000223c1e61430 JavaThread "Thread-4"                   daemon [_thread_in_native, id=10200, stack(0x000000497db00000,0x000000497dc00000) (1024K)]
  0x00000223c1e63500 JavaThread "Thread-5"                   daemon [_thread_in_native, id=18768, stack(0x000000497dc00000,0x000000497dd00000) (1024K)]
  0x00000223c1e62e70 JavaThread "pool-2-thread-1"                   [_thread_blocked, id=19424, stack(0x000000497dd00000,0x000000497de00000) (1024K)]
  0x00000223c1e63b90 JavaThread "WorkspaceEventsHandler"            [_thread_blocked, id=14096, stack(0x000000497de00000,0x000000497df00000) (1024K)]
  0x00000223c1e648b0 JavaThread "pool-1-thread-1"                   [_thread_blocked, id=8748, stack(0x000000497df00000,0x000000497e000000) (1024K)]
  0x00000223c1e67010 JavaThread "Timer-0"                           [_thread_blocked, id=19052, stack(0x000000497e000000,0x000000497e100000) (1024K)]
  0x00000223c1e64f40 JavaThread "Timer-1"                           [_thread_blocked, id=5780, stack(0x000000497e100000,0x000000497e200000) (1024K)]
  0x00000223c1e60080 JavaThread "Timer-2"                           [_thread_blocked, id=17392, stack(0x000000497e200000,0x000000497e300000) (1024K)]
  0x00000223c1e65c60 JavaThread "Timer-3"                           [_thread_blocked, id=19036, stack(0x000000497e600000,0x000000497e700000) (1024K)]
  0x00000223c1e662f0 JavaThread "Timer-4"                           [_thread_blocked, id=2508, stack(0x000000497e700000,0x000000497e800000) (1024K)]
  0x00000223c1e627e0 JavaThread "Timer-5"                           [_thread_blocked, id=19016, stack(0x000000497b800000,0x000000497b900000) (1024K)]
  0x00000223c1e676a0 JavaThread "Timer-6"                           [_thread_blocked, id=3288, stack(0x000000497d000000,0x000000497d100000) (1024K)]
  0x00000223c1e655d0 JavaThread "Connection worker"                 [_thread_in_native, id=16712, stack(0x000000497d100000,0x000000497d200000) (1024K)]
  0x00000223c1e66980 JavaThread "pool-4-thread-1"                   [_thread_in_Java, id=12368, stack(0x000000497d700000,0x000000497d800000) (1024K)]
  0x00000223c33be7e0 JavaThread "Worker-6: Compacting resource model"        [_thread_blocked, id=4148, stack(0x000000497e900000,0x000000497ea00000) (1024K)]
Total: 41

Other Threads:
  0x00000223e2c6eff0 VMThread "VM Thread"                           [id=13680, stack(0x000000497bb00000,0x000000497bc00000) (1024K)]
  0x00000223e2c1c410 WatcherThread "VM Periodic Task Thread"        [id=7088, stack(0x000000497ba00000,0x000000497bb00000) (1024K)]
  0x00000223e2bd1180 WorkerThread "GC Thread#0"                     [id=4196, stack(0x000000497b900000,0x000000497ba00000) (1024K)]
  0x00000223fa7196c0 WorkerThread "GC Thread#1"                     [id=10732, stack(0x000000497c600000,0x000000497c700000) (1024K)]
  0x00000223fa719a60 WorkerThread "GC Thread#2"                     [id=5656, stack(0x000000497c700000,0x000000497c800000) (1024K)]
  0x00000223fa7aedc0 WorkerThread "GC Thread#3"                     [id=5108, stack(0x000000497c800000,0x000000497c900000) (1024K)]
Total: 6

Threads with active compile tasks:
C2 CompilerThread0  369361 8616 %     4       org.gradle.internal.logging.text.AbstractLineChoppingStyledTextOutput::doAppend @ 10 (43 bytes)
Total: 1

VM state: not at safepoint (normal execution)

VM Mutex/Monitor currently owned by a thread: None

Heap address: 0x0000000080000000, size: 2048 MB, Compressed Oops mode: 32-bit

CDS archive(s) mapped at: [0x0000022380000000-0x0000022380ba0000-0x0000022380ba0000), size 12189696, SharedBaseAddress: 0x0000022380000000, ArchiveRelocationMode: 1.
Compressed class space mapped at: 0x0000022381000000-0x00000223c1000000, reserved size: 1073741824
Narrow klass base: 0x0000022380000000, Narrow klass shift: 0, Narrow klass range: 0x100000000

GC Precious Log:
 CardTable entry size: 512
 CPUs: 4 total, 4 available
 Memory: 3919M
 Large Page Support: Disabled
 NUMA Support: Disabled
 Compressed Oops: Enabled (32-bit)
 Alignments: Space 512K, Generation 512K, Heap 2M
 Heap Min Capacity: 100M
 Heap Initial Capacity: 100M
 Heap Max Capacity: 2G
 Pre-touch: Disabled
 Parallel Workers: 4

Heap:
 PSYoungGen      total 22528K, used 4876K [0x00000000d5580000, 0x00000000d7180000, 0x0000000100000000)
  eden space 22016K, 21% used [0x00000000d5580000,0x00000000d5a23228,0x00000000d6b00000)
  from space 512K, 25% used [0x00000000d7100000,0x00000000d7120000,0x00000000d7180000)
  to   space 512K, 0% used [0x00000000d7080000,0x00000000d7080000,0x00000000d7100000)
 ParOldGen       total 68608K, used 42192K [0x0000000080000000, 0x0000000084300000, 0x00000000d5580000)
  object space 68608K, 61% used [0x0000000080000000,0x0000000082934290,0x0000000084300000)
 Metaspace       used 65162K, committed 66624K, reserved 1114112K
  class space    used 8223K, committed 8896K, reserved 1048576K

Card table byte_map: [0x00000223e2560000,0x00000223e2970000] _byte_map_base: 0x00000223e2160000

Marking Bits: (ParMarkBitMap*) 0x00007ffa0d192460
 Begin Bits: [0x00000223f5070000, 0x00000223f7070000)
 End Bits:   [0x00000223f7070000, 0x00000223f9070000)

Polling page: 0x00000223e0a60000

Metaspace:

Usage:
  Non-class:     55.60 MB used.
      Class:      8.03 MB used.
       Both:     63.63 MB used.

Virtual space:
  Non-class space:       64.00 MB reserved,      56.38 MB ( 88%) committed,  1 nodes.
      Class space:        1.00 GB reserved,       8.69 MB ( <1%) committed,  1 nodes.
             Both:        1.06 GB reserved,      65.06 MB (  6%) committed. 

Chunk freelists:
   Non-Class:  7.64 MB
       Class:  7.14 MB
        Both:  14.78 MB

MaxMetaspaceSize: unlimited
CompressedClassSpaceSize: 1.00 GB
Initial GC threshold: 21.00 MB
Current GC threshold: 97.31 MB
CDS: on
 - commit_granule_bytes: 65536.
 - commit_granule_words: 8192.
 - virtual_space_node_default_size: 8388608.
 - enlarge_chunks_in_place: 1.
 - use_allocation_guard: 0.


Internal statistics:

num_allocs_failed_limit: 9.
num_arena_births: 1266.
num_arena_deaths: 14.
num_vsnodes_births: 2.
num_vsnodes_deaths: 0.
num_space_committed: 1041.
num_space_uncommitted: 0.
num_chunks_returned_to_freelist: 23.
num_chunks_taken_from_freelist: 4094.
num_chunk_merges: 13.
num_chunk_splits: 2637.
num_chunks_enlarged: 1649.
num_inconsistent_stats: 0.

CodeHeap 'non-profiled nmethods': size=120000Kb used=6022Kb max_used=6022Kb free=113977Kb
 bounds [0x00000223ed890000, 0x00000223ede80000, 0x00000223f4dc0000]
CodeHeap 'profiled nmethods': size=120000Kb used=15724Kb max_used=15724Kb free=104275Kb
 bounds [0x00000223e5dc0000, 0x00000223e6d20000, 0x00000223ed2f0000]
CodeHeap 'non-nmethods': size=5760Kb used=1391Kb max_used=1475Kb free=4368Kb
 bounds [0x00000223ed2f0000, 0x00000223ed560000, 0x00000223ed890000]
CodeCache: size=245760Kb, used=23137Kb, max_used=23221Kb, free=222620Kb
 total_blobs=8487, nmethods=7791, adapters=602, full_count=0
Compilation: enabled, stopped_count=0, restarted_count=0

Compilation events (20 events):
Event: 339.260 Thread 0x00000223f9620f70 8604       3       org.gradle.internal.logging.serializer.SpanSerializer::read (6 bytes)
Event: 339.260 Thread 0x00000223f9620f70 nmethod 8604 0x00000223e6d17990 code [0x00000223e6d17b80, 0x00000223e6d180f0]
Event: 339.260 Thread 0x00000223f9620f70 8605       3       org.gradle.internal.logging.serializer.SpanSerializer::read (27 bytes)
Event: 339.260 Thread 0x00000223f9620f70 nmethod 8605 0x00000223e6d18310 code [0x00000223e6d18500, 0x00000223e6d18a08]
Event: 339.340 Thread 0x00000223f9620f70 8610       3       org.gradle.internal.logging.events.StyledTextOutputEvent::render (55 bytes)
Event: 339.341 Thread 0x00000223f9620f70 nmethod 8610 0x00000223e6d18b90 code [0x00000223e6d18de0, 0x00000223e6d197d8]
Event: 339.341 Thread 0x00000223f9620f70 8611       3       com.google.common.base.Objects::equal (23 bytes)
Event: 339.341 Thread 0x00000223f9620f70 nmethod 8611 0x00000223e6d19b10 code [0x00000223e6d19cc0, 0x00000223e6d19f28]
Event: 339.341 Thread 0x00000223f9620f70 8612       3       org.gradle.internal.logging.sink.GroupingProgressLogEventGenerator::getGroupFor (49 bytes)
Event: 339.342 Thread 0x00000223f9620f70 nmethod 8612 0x00000223e6d1a010 code [0x00000223e6d1a200, 0x00000223e6d1a800]
Event: 339.343 Thread 0x00000223f9620f70 8613       3       org.gradle.internal.logging.sink.GroupingProgressLogEventGenerator$OperationGroup::bufferOutput (65 bytes)
Event: 339.343 Thread 0x00000223f9620f70 nmethod 8613 0x00000223e6d1a990 code [0x00000223e6d1aba0, 0x00000223e6d1b0f0]
Event: 339.514 Thread 0x00000223f95ab7b0 nmethod 8607 0x00000223ede5b110 code [0x00000223ede5b900, 0x00000223ede625b8]
Event: 339.514 Thread 0x00000223f95ab7b0 8608       4       com.esotericsoftware.kryo.io.Input::require (220 bytes)
Event: 339.725 Thread 0x00000223f95ab7b0 nmethod 8608 0x00000223ede66610 code [0x00000223ede66de0, 0x00000223ede6d2a0]
Event: 339.726 Thread 0x00000223f95ab7b0 8609       4       java.nio.ByteBuffer::flip (7 bytes)
Event: 339.727 Thread 0x00000223f95ab7b0 nmethod 8609 0x00000223ede71510 code [0x00000223ede716a0, 0x00000223ede71740]
Event: 367.319 Thread 0x00000223f95ab7b0 8615       4       java.util.concurrent.TimeUnit::toMillis (69 bytes)
Event: 367.325 Thread 0x00000223f95ab7b0 nmethod 8615 0x00000223ede71810 code [0x00000223ede719a0, 0x00000223ede71ac8]
Event: 369.221 Thread 0x00000223f95ab7b0 8616 %     4       org.gradle.internal.logging.text.AbstractLineChoppingStyledTextOutput::doAppend @ 10 (43 bytes)

GC Heap History (20 events):
Event: 90.101 GC heap before
{Heap before GC invocations=44 (full 3):
 PSYoungGen      total 22528K, used 22496K [0x00000000d5580000, 0x00000000d7200000, 0x0000000100000000)
  eden space 22016K, 100% used [0x00000000d5580000,0x00000000d6b00000,0x00000000d6b00000)
  from space 512K, 93% used [0x00000000d7180000,0x00000000d71f8010,0x00000000d7200000)
  to   space 1024K, 0% used [0x00000000d7000000,0x00000000d7000000,0x00000000d7100000)
 ParOldGen       total 68608K, used 40525K [0x0000000080000000, 0x0000000084300000, 0x00000000d5580000)
  object space 68608K, 59% used [0x0000000080000000,0x0000000082793618,0x0000000084300000)
 Metaspace       used 64496K, committed 65984K, reserved 1114112K
  class space    used 8155K, committed 8832K, reserved 1048576K
}
Event: 90.178 GC heap after
{Heap after GC invocations=44 (full 3):
 PSYoungGen      total 23040K, used 720K [0x00000000d5580000, 0x00000000d7200000, 0x0000000100000000)
  eden space 22016K, 0% used [0x00000000d5580000,0x00000000d5580000,0x00000000d6b00000)
  from space 1024K, 70% used [0x00000000d7000000,0x00000000d70b4010,0x00000000d7100000)
  to   space 1024K, 0% used [0x00000000d7100000,0x00000000d7100000,0x00000000d7200000)
 ParOldGen       total 68608K, used 41005K [0x0000000080000000, 0x0000000084300000, 0x00000000d5580000)
  object space 68608K, 59% used [0x0000000080000000,0x000000008280b628,0x0000000084300000)
 Metaspace       used 64496K, committed 65984K, reserved 1114112K
  class space    used 8155K, committed 8832K, reserved 1048576K
}
Event: 136.923 GC heap before
{Heap before GC invocations=45 (full 3):
 PSYoungGen      total 23040K, used 22736K [0x00000000d5580000, 0x00000000d7200000, 0x0000000100000000)
  eden space 22016K, 100% used [0x00000000d5580000,0x00000000d6b00000,0x00000000d6b00000)
  from space 1024K, 70% used [0x00000000d7000000,0x00000000d70b4010,0x00000000d7100000)
  to   space 1024K, 0% used [0x00000000d7100000,0x00000000d7100000,0x00000000d7200000)
 ParOldGen       total 68608K, used 41005K [0x0000000080000000, 0x0000000084300000, 0x00000000d5580000)
  object space 68608K, 59% used [0x0000000080000000,0x000000008280b628,0x0000000084300000)
 Metaspace       used 64677K, committed 66176K, reserved 1114112K
  class space    used 8177K, committed 8896K, reserved 1048576K
}
Event: 137.003 GC heap after
{Heap after GC invocations=45 (full 3):
 PSYoungGen      total 22528K, used 160K [0x00000000d5580000, 0x00000000d7180000, 0x0000000100000000)
  eden space 22016K, 0% used [0x00000000d5580000,0x00000000d5580000,0x00000000d6b00000)
  from space 512K, 31% used [0x00000000d7100000,0x00000000d7128000,0x00000000d7180000)
  to   space 512K, 0% used [0x00000000d7080000,0x00000000d7080000,0x00000000d7100000)
 ParOldGen       total 68608K, used 41648K [0x0000000080000000, 0x0000000084300000, 0x00000000d5580000)
  object space 68608K, 60% used [0x0000000080000000,0x00000000828ac1d8,0x0000000084300000)
 Metaspace       used 64677K, committed 66176K, reserved 1114112K
  class space    used 8177K, committed 8896K, reserved 1048576K
}
Event: 220.946 GC heap before
{Heap before GC invocations=46 (full 3):
 PSYoungGen      total 22528K, used 22176K [0x00000000d5580000, 0x00000000d7180000, 0x0000000100000000)
  eden space 22016K, 100% used [0x00000000d5580000,0x00000000d6b00000,0x00000000d6b00000)
  from space 512K, 31% used [0x00000000d7100000,0x00000000d7128000,0x00000000d7180000)
  to   space 512K, 0% used [0x00000000d7080000,0x00000000d7080000,0x00000000d7100000)
 ParOldGen       total 68608K, used 41648K [0x0000000080000000, 0x0000000084300000, 0x00000000d5580000)
  object space 68608K, 60% used [0x0000000080000000,0x00000000828ac1d8,0x0000000084300000)
 Metaspace       used 64705K, committed 66176K, reserved 1114112K
  class space    used 8178K, committed 8896K, reserved 1048576K
}
Event: 220.992 GC heap after
{Heap after GC invocations=46 (full 3):
 PSYoungGen      total 22528K, used 128K [0x00000000d5580000, 0x00000000d7180000, 0x0000000100000000)
  eden space 22016K, 0% used [0x00000000d5580000,0x00000000d5580000,0x00000000d6b00000)
  from space 512K, 25% used [0x00000000d7080000,0x00000000d70a0000,0x00000000d7100000)
  to   space 512K, 0% used [0x00000000d7100000,0x00000000d7100000,0x00000000d7180000)
 ParOldGen       total 68608K, used 41768K [0x0000000080000000, 0x0000000084300000, 0x00000000d5580000)
  object space 68608K, 60% used [0x0000000080000000,0x00000000828ca1e8,0x0000000084300000)
 Metaspace       used 64705K, committed 66176K, reserved 1114112K
  class space    used 8178K, committed 8896K, reserved 1048576K
}
Event: 223.520 GC heap before
{Heap before GC invocations=47 (full 3):
 PSYoungGen      total 22528K, used 22144K [0x00000000d5580000, 0x00000000d7180000, 0x0000000100000000)
  eden space 22016K, 100% used [0x00000000d5580000,0x00000000d6b00000,0x00000000d6b00000)
  from space 512K, 25% used [0x00000000d7080000,0x00000000d70a0000,0x00000000d7100000)
  to   space 512K, 0% used [0x00000000d7100000,0x00000000d7100000,0x00000000d7180000)
 ParOldGen       total 68608K, used 41768K [0x0000000080000000, 0x0000000084300000, 0x00000000d5580000)
  object space 68608K, 60% used [0x0000000080000000,0x00000000828ca1e8,0x0000000084300000)
 Metaspace       used 64705K, committed 66176K, reserved 1114112K
  class space    used 8178K, committed 8896K, reserved 1048576K
}
Event: 223.522 GC heap after
{Heap after GC invocations=47 (full 3):
 PSYoungGen      total 22528K, used 64K [0x00000000d5580000, 0x00000000d7180000, 0x0000000100000000)
  eden space 22016K, 0% used [0x00000000d5580000,0x00000000d5580000,0x00000000d6b00000)
  from space 512K, 12% used [0x00000000d7100000,0x00000000d7110000,0x00000000d7180000)
  to   space 512K, 0% used [0x00000000d7080000,0x00000000d7080000,0x00000000d7100000)
 ParOldGen       total 68608K, used 41792K [0x0000000080000000, 0x0000000084300000, 0x00000000d5580000)
  object space 68608K, 60% used [0x0000000080000000,0x00000000828d01e8,0x0000000084300000)
 Metaspace       used 64705K, committed 66176K, reserved 1114112K
  class space    used 8178K, committed 8896K, reserved 1048576K
}
Event: 286.458 GC heap before
{Heap before GC invocations=48 (full 3):
 PSYoungGen      total 22528K, used 22079K [0x00000000d5580000, 0x00000000d7180000, 0x0000000100000000)
  eden space 22016K, 99% used [0x00000000d5580000,0x00000000d6afffe0,0x00000000d6b00000)
  from space 512K, 12% used [0x00000000d7100000,0x00000000d7110000,0x00000000d7180000)
  to   space 512K, 0% used [0x00000000d7080000,0x00000000d7080000,0x00000000d7100000)
 ParOldGen       total 68608K, used 41792K [0x0000000080000000, 0x0000000084300000, 0x00000000d5580000)
  object space 68608K, 60% used [0x0000000080000000,0x00000000828d01e8,0x0000000084300000)
 Metaspace       used 64975K, committed 66432K, reserved 1114112K
  class space    used 8216K, committed 8896K, reserved 1048576K
}
Event: 286.489 GC heap after
{Heap after GC invocations=48 (full 3):
 PSYoungGen      total 22528K, used 491K [0x00000000d5580000, 0x00000000d7180000, 0x0000000100000000)
  eden space 22016K, 0% used [0x00000000d5580000,0x00000000d5580000,0x00000000d6b00000)
  from space 512K, 95% used [0x00000000d7080000,0x00000000d70fac08,0x00000000d7100000)
  to   space 512K, 0% used [0x00000000d7100000,0x00000000d7100000,0x00000000d7180000)
 ParOldGen       total 68608K, used 41936K [0x0000000080000000, 0x0000000084300000, 0x00000000d5580000)
  object space 68608K, 61% used [0x0000000080000000,0x00000000828f41e8,0x0000000084300000)
 Metaspace       used 64975K, committed 66432K, reserved 1114112K
  class space    used 8216K, committed 8896K, reserved 1048576K
}
Event: 307.715 GC heap before
{Heap before GC invocations=49 (full 3):
 PSYoungGen      total 22528K, used 22506K [0x00000000d5580000, 0x00000000d7180000, 0x0000000100000000)
  eden space 22016K, 99% used [0x00000000d5580000,0x00000000d6affff0,0x00000000d6b00000)
  from space 512K, 95% used [0x00000000d7080000,0x00000000d70fac08,0x00000000d7100000)
  to   space 512K, 0% used [0x00000000d7100000,0x00000000d7100000,0x00000000d7180000)
 ParOldGen       total 68608K, used 41936K [0x0000000080000000, 0x0000000084300000, 0x00000000d5580000)
  object space 68608K, 61% used [0x0000000080000000,0x00000000828f41e8,0x0000000084300000)
 Metaspace       used 65073K, committed 66560K, reserved 1114112K
  class space    used 8223K, committed 8896K, reserved 1048576K
}
Event: 307.734 GC heap after
{Heap after GC invocations=49 (full 3):
 PSYoungGen      total 22528K, used 176K [0x00000000d5580000, 0x00000000d7180000, 0x0000000100000000)
  eden space 22016K, 0% used [0x00000000d5580000,0x00000000d5580000,0x00000000d6b00000)
  from space 512K, 34% used [0x00000000d7100000,0x00000000d712c010,0x00000000d7180000)
  to   space 512K, 0% used [0x00000000d7080000,0x00000000d7080000,0x00000000d7100000)
 ParOldGen       total 68608K, used 42032K [0x0000000080000000, 0x0000000084300000, 0x00000000d5580000)
  object space 68608K, 61% used [0x0000000080000000,0x000000008290c270,0x0000000084300000)
 Metaspace       used 65073K, committed 66560K, reserved 1114112K
  class space    used 8223K, committed 8896K, reserved 1048576K
}
Event: 313.401 GC heap before
{Heap before GC invocations=50 (full 3):
 PSYoungGen      total 22528K, used 22192K [0x00000000d5580000, 0x00000000d7180000, 0x0000000100000000)
  eden space 22016K, 100% used [0x00000000d5580000,0x00000000d6b00000,0x00000000d6b00000)
  from space 512K, 34% used [0x00000000d7100000,0x00000000d712c010,0x00000000d7180000)
  to   space 512K, 0% used [0x00000000d7080000,0x00000000d7080000,0x00000000d7100000)
 ParOldGen       total 68608K, used 42032K [0x0000000080000000, 0x0000000084300000, 0x00000000d5580000)
  object space 68608K, 61% used [0x0000000080000000,0x000000008290c270,0x0000000084300000)
 Metaspace       used 65101K, committed 66624K, reserved 1114112K
  class space    used 8223K, committed 8896K, reserved 1048576K
}
Event: 313.404 GC heap after
{Heap after GC invocations=50 (full 3):
 PSYoungGen      total 22528K, used 128K [0x00000000d5580000, 0x00000000d7180000, 0x0000000100000000)
  eden space 22016K, 0% used [0x00000000d5580000,0x00000000d5580000,0x00000000d6b00000)
  from space 512K, 25% used [0x00000000d7080000,0x00000000d70a0000,0x00000000d7100000)
  to   space 512K, 0% used [0x00000000d7100000,0x00000000d7100000,0x00000000d7180000)
 ParOldGen       total 68608K, used 42136K [0x0000000080000000, 0x0000000084300000, 0x00000000d5580000)
  object space 68608K, 61% used [0x0000000080000000,0x0000000082926290,0x0000000084300000)
 Metaspace       used 65101K, committed 66624K, reserved 1114112K
  class space    used 8223K, committed 8896K, reserved 1048576K
}
Event: 314.457 GC heap before
{Heap before GC invocations=51 (full 3):
 PSYoungGen      total 22528K, used 22144K [0x00000000d5580000, 0x00000000d7180000, 0x0000000100000000)
  eden space 22016K, 100% used [0x00000000d5580000,0x00000000d6b00000,0x00000000d6b00000)
  from space 512K, 25% used [0x00000000d7080000,0x00000000d70a0000,0x00000000d7100000)
  to   space 512K, 0% used [0x00000000d7100000,0x00000000d7100000,0x00000000d7180000)
 ParOldGen       total 68608K, used 42136K [0x0000000080000000, 0x0000000084300000, 0x00000000d5580000)
  object space 68608K, 61% used [0x0000000080000000,0x0000000082926290,0x0000000084300000)
 Metaspace       used 65101K, committed 66624K, reserved 1114112K
  class space    used 8223K, committed 8896K, reserved 1048576K
}
Event: 314.458 GC heap after
{Heap after GC invocations=51 (full 3):
 PSYoungGen      total 22528K, used 96K [0x00000000d5580000, 0x00000000d7180000, 0x0000000100000000)
  eden space 22016K, 0% used [0x00000000d5580000,0x00000000d5580000,0x00000000d6b00000)
  from space 512K, 18% used [0x00000000d7100000,0x00000000d7118000,0x00000000d7180000)
  to   space 512K, 0% used [0x00000000d7080000,0x00000000d7080000,0x00000000d7100000)
 ParOldGen       total 68608K, used 42160K [0x0000000080000000, 0x0000000084300000, 0x00000000d5580000)
  object space 68608K, 61% used [0x0000000080000000,0x000000008292c290,0x0000000084300000)
 Metaspace       used 65101K, committed 66624K, reserved 1114112K
  class space    used 8223K, committed 8896K, reserved 1048576K
}
Event: 323.744 GC heap before
{Heap before GC invocations=52 (full 3):
 PSYoungGen      total 22528K, used 22112K [0x00000000d5580000, 0x00000000d7180000, 0x0000000100000000)
  eden space 22016K, 100% used [0x00000000d5580000,0x00000000d6b00000,0x00000000d6b00000)
  from space 512K, 18% used [0x00000000d7100000,0x00000000d7118000,0x00000000d7180000)
  to   space 512K, 0% used [0x00000000d7080000,0x00000000d7080000,0x00000000d7100000)
 ParOldGen       total 68608K, used 42160K [0x0000000080000000, 0x0000000084300000, 0x00000000d5580000)
  object space 68608K, 61% used [0x0000000080000000,0x000000008292c290,0x0000000084300000)
 Metaspace       used 65111K, committed 66624K, reserved 1114112K
  class space    used 8223K, committed 8896K, reserved 1048576K
}
Event: 323.746 GC heap after
{Heap after GC invocations=52 (full 3):
 PSYoungGen      total 22528K, used 128K [0x00000000d5580000, 0x00000000d7180000, 0x0000000100000000)
  eden space 22016K, 0% used [0x00000000d5580000,0x00000000d5580000,0x00000000d6b00000)
  from space 512K, 25% used [0x00000000d7080000,0x00000000d70a0000,0x00000000d7100000)
  to   space 512K, 0% used [0x00000000d7100000,0x00000000d7100000,0x00000000d7180000)
 ParOldGen       total 68608K, used 42160K [0x0000000080000000, 0x0000000084300000, 0x00000000d5580000)
  object space 68608K, 61% used [0x0000000080000000,0x000000008292c290,0x0000000084300000)
 Metaspace       used 65111K, committed 66624K, reserved 1114112K
  class space    used 8223K, committed 8896K, reserved 1048576K
}
Event: 334.330 GC heap before
{Heap before GC invocations=53 (full 3):
 PSYoungGen      total 22528K, used 22144K [0x00000000d5580000, 0x00000000d7180000, 0x0000000100000000)
  eden space 22016K, 100% used [0x00000000d5580000,0x00000000d6b00000,0x00000000d6b00000)
  from space 512K, 25% used [0x00000000d7080000,0x00000000d70a0000,0x00000000d7100000)
  to   space 512K, 0% used [0x00000000d7100000,0x00000000d7100000,0x00000000d7180000)
 ParOldGen       total 68608K, used 42160K [0x0000000080000000, 0x0000000084300000, 0x00000000d5580000)
  object space 68608K, 61% used [0x0000000080000000,0x000000008292c290,0x0000000084300000)
 Metaspace       used 65111K, committed 66624K, reserved 1114112K
  class space    used 8223K, committed 8896K, reserved 1048576K
}
Event: 334.331 GC heap after
{Heap after GC invocations=53 (full 3):
 PSYoungGen      total 22528K, used 128K [0x00000000d5580000, 0x00000000d7180000, 0x0000000100000000)
  eden space 22016K, 0% used [0x00000000d5580000,0x00000000d5580000,0x00000000d6b00000)
  from space 512K, 25% used [0x00000000d7100000,0x00000000d7120000,0x00000000d7180000)
  to   space 512K, 0% used [0x00000000d7080000,0x00000000d7080000,0x00000000d7100000)
 ParOldGen       total 68608K, used 42192K [0x0000000080000000, 0x0000000084300000, 0x00000000d5580000)
  object space 68608K, 61% used [0x0000000080000000,0x0000000082934290,0x0000000084300000)
 Metaspace       used 65111K, committed 66624K, reserved 1114112K
  class space    used 8223K, committed 8896K, reserved 1048576K
}

Dll operation events (15 events):
Event: 0.105 Loaded shared library c:\Users\HP\.vscode\extensions\redhat.java-1.52.0-win32-x64\jre\21.0.9-win32-x86_64\bin\java.dll
Event: 0.436 Loaded shared library c:\Users\HP\.vscode\extensions\redhat.java-1.52.0-win32-x64\jre\21.0.9-win32-x86_64\bin\zip.dll
Event: 0.554 Loaded shared library C:\Users\HP\.vscode\extensions\redhat.java-1.52.0-win32-x64\jre\21.0.9-win32-x86_64\bin\instrument.dll
Event: 0.562 Loaded shared library C:\Users\HP\.vscode\extensions\redhat.java-1.52.0-win32-x64\jre\21.0.9-win32-x86_64\bin\net.dll
Event: 0.565 Loaded shared library C:\Users\HP\.vscode\extensions\redhat.java-1.52.0-win32-x64\jre\21.0.9-win32-x86_64\bin\nio.dll
Event: 0.571 Loaded shared library C:\Users\HP\.vscode\extensions\redhat.java-1.52.0-win32-x64\jre\21.0.9-win32-x86_64\bin\zip.dll
Event: 0.654 Loaded shared library C:\Users\HP\.vscode\extensions\redhat.java-1.52.0-win32-x64\jre\21.0.9-win32-x86_64\bin\jimage.dll
Event: 1.050 Loaded shared library c:\Users\HP\.vscode\extensions\redhat.java-1.52.0-win32-x64\jre\21.0.9-win32-x86_64\bin\verify.dll
Event: 6.272 Loaded shared library C:\Users\HP\AppData\Roaming\Code\User\globalStorage\redhat.java\1.52.0\config_win\org.eclipse.equinox.launcher\org.eclipse.equinox.launcher.win32.win32.x86_64_1.2.1500.v20260121-1430\eclipse_11919.dll
Event: 21.742 Loaded shared library C:\Users\HP\.vscode\extensions\redhat.java-1.52.0-win32-x64\jre\21.0.9-win32-x86_64\bin\management.dll
Event: 21.752 Loaded shared library C:\Users\HP\.vscode\extensions\redhat.java-1.52.0-win32-x64\jre\21.0.9-win32-x86_64\bin\management_ext.dll
Event: 23.187 Loaded shared library C:\Users\HP\AppData\Local\Temp\jna-2312\jna17179815602541618585.dll
Event: 37.425 Loaded shared library C:\Users\HP\.gradle\native\1def1411415f61bf3af743bc5b6707747c0891f09f0c88961ee8f79bc544acac\windows-amd64\native-platform.dll
Event: 54.965 Loaded shared library C:\Users\HP\.vscode\extensions\redhat.java-1.52.0-win32-x64\jre\21.0.9-win32-x86_64\bin\extnet.dll
Event: 64.036 Loaded shared library C:\Users\HP\.vscode\extensions\redhat.java-1.52.0-win32-x64\jre\21.0.9-win32-x86_64\bin\sunmscapi.dll

Deoptimization events (20 events):
Event: 293.093 Thread 0x00000223c1e655d0 DEOPT PACKING pc=0x00000223eddd1764 sp=0x000000497d1fe530
Event: 293.093 Thread 0x00000223c1e655d0 DEOPT UNPACKING pc=0x00000223ed343aa2 sp=0x000000497d1fe3d0 mode 2
Event: 337.913 Thread 0x00000223c1e66980 Uncommon trap: trap_request=0xffffff45 fr.pc=0x00000223eddb1d38 relative=0x0000000000000098
Event: 337.913 Thread 0x00000223c1e66980 Uncommon trap: reason=unstable_if action=reinterpret pc=0x00000223eddb1d38 method=org.gradle.internal.operations.OperationIdentifier.equals(Ljava/lang/Object;)Z @ 38 c2
Event: 337.914 Thread 0x00000223c1e66980 DEOPT PACKING pc=0x00000223eddb1d38 sp=0x000000497d7fed70
Event: 337.924 Thread 0x00000223c1e66980 DEOPT UNPACKING pc=0x00000223ed343aa2 sp=0x000000497d7fece8 mode 2
Event: 338.423 Thread 0x00000223c1e66980 DEOPT PACKING pc=0x00000223e6b1defe sp=0x000000497d7fe3f0
Event: 338.437 Thread 0x00000223c1e66980 DEOPT UNPACKING pc=0x00000223ed344242 sp=0x000000497d7fd860 mode 0
Event: 338.439 Thread 0x00000223c1e66980 DEOPT PACKING pc=0x00000223e6b1defe sp=0x000000497d7fe3e0
Event: 338.457 Thread 0x00000223c1e66980 DEOPT UNPACKING pc=0x00000223ed344242 sp=0x000000497d7fd850 mode 0
Event: 338.578 Thread 0x00000223c1e66980 DEOPT PACKING pc=0x00000223e6b1defe sp=0x000000497d7fe3f0
Event: 338.580 Thread 0x00000223c1e66980 DEOPT UNPACKING pc=0x00000223ed344242 sp=0x000000497d7fd860 mode 0
Event: 338.584 Thread 0x00000223c1e66980 DEOPT PACKING pc=0x00000223e6b1defe sp=0x000000497d7fe4a0
Event: 338.584 Thread 0x00000223c1e66980 DEOPT UNPACKING pc=0x00000223ed344242 sp=0x000000497d7fd910 mode 0
Event: 339.243 Thread 0x00000223c1e655d0 DEOPT PACKING pc=0x00000223e6cccb5d sp=0x000000497d1fe1c0
Event: 339.243 Thread 0x00000223c1e655d0 DEOPT UNPACKING pc=0x00000223ed344242 sp=0x000000497d1fd658 mode 0
Event: 339.254 Thread 0x00000223c1e655d0 DEOPT PACKING pc=0x00000223e6cccb5d sp=0x000000497d1fe1c0
Event: 339.265 Thread 0x00000223c1e655d0 DEOPT UNPACKING pc=0x00000223ed344242 sp=0x000000497d1fd658 mode 0
Event: 339.269 Thread 0x00000223c1e655d0 DEOPT PACKING pc=0x00000223e6cccb5d sp=0x000000497d1fe250
Event: 339.269 Thread 0x00000223c1e655d0 DEOPT UNPACKING pc=0x00000223ed344242 sp=0x000000497d1fd6e8 mode 0

Classes loaded (20 events):
Event: 64.163 Loading class java/io/ObjectStreamClass$4
Event: 64.164 Loading class java/io/ObjectStreamClass$4 done
Event: 64.164 Loading class java/io/ObjectStreamClass$5
Event: 64.164 Loading class java/io/ObjectStreamClass$5 done
Event: 64.195 Loading class java/nio/channels/spi/AbstractSelector$1
Event: 64.195 Loading class java/nio/channels/spi/AbstractSelector$1 done
Event: 64.392 Loading class java/util/concurrent/Executors$AutoShutdownDelegatedExecutorService
Event: 64.393 Loading class java/util/concurrent/Executors$AutoShutdownDelegatedExecutorService done
Event: 66.203 Loading class java/lang/UnsupportedClassVersionError
Event: 66.203 Loading class java/lang/UnsupportedClassVersionError done
Event: 103.608 Loading class java/time/Ser
Event: 103.695 Loading class java/time/Ser done
Event: 284.962 Loading class sun/net/ConnectionResetException
Event: 284.989 Loading class sun/net/ConnectionResetException done
Event: 285.648 Loading class java/util/concurrent/ConcurrentLinkedQueue$Itr
Event: 285.661 Loading class java/util/concurrent/ConcurrentLinkedQueue$Itr done
Event: 285.964 Loading class sun/misc/SharedSecrets
Event: 285.964 Loading class sun/misc/SharedSecrets done
Event: 286.529 Loading class java/security/DigestInputStream
Event: 286.532 Loading class java/security/DigestInputStream done

Classes unloaded (7 events):
Event: 16.579 Thread 0x00000223e2c6eff0 Unloading class 0x00000223811ab800 'java/lang/invoke/LambdaForm$MH+0x00000223811ab800'
Event: 16.579 Thread 0x00000223e2c6eff0 Unloading class 0x00000223811ab400 'java/lang/invoke/LambdaForm$MH+0x00000223811ab400'
Event: 16.579 Thread 0x00000223e2c6eff0 Unloading class 0x00000223811ab000 'java/lang/invoke/LambdaForm$MH+0x00000223811ab000'
Event: 16.579 Thread 0x00000223e2c6eff0 Unloading class 0x00000223811aac00 'java/lang/invoke/LambdaForm$MH+0x00000223811aac00'
Event: 16.579 Thread 0x00000223e2c6eff0 Unloading class 0x00000223811aa800 'java/lang/invoke/LambdaForm$BMH+0x00000223811aa800'
Event: 16.579 Thread 0x00000223e2c6eff0 Unloading class 0x00000223811aa400 'java/lang/invoke/LambdaForm$DMH+0x00000223811aa400'
Event: 16.579 Thread 0x00000223e2c6eff0 Unloading class 0x00000223811a9000 'java/lang/invoke/LambdaForm$DMH+0x00000223811a9000'

Classes redefined (0 events):
No events

Internal exceptions (20 events):
Event: 84.082 Thread 0x00000223c1e66980 Exception <a 'java/lang/NoSuchMethodError'{0x00000000d65a7970}: static Lorg/gradle/internal/build/event/types/DefaultProjectConfigurationDescriptor;.<clinit>()V> (0x00000000d65a7970) 
thrown [s\src\hotspot\share\prims\jni.cpp, line 1111]
Event: 103.525 Thread 0x00000223c1e66980 Exception <a 'java/lang/NoSuchMethodError'{0x00000000d62a7a10}: static Lorg/gradle/internal/build/event/types/AbstractProjectConfigurationResult;.<clinit>()V> (0x00000000d62a7a10) 
thrown [s\src\hotspot\share\prims\jni.cpp, line 1111]
Event: 103.532 Thread 0x00000223c1e66980 Exception <a 'java/lang/NoSuchMethodError'{0x00000000d62b71f8}: static Lorg/gradle/internal/build/event/types/DefaultProjectConfigurationSuccessResult;.<clinit>()V> (0x00000000d62b71f8) 
thrown [s\src\hotspot\share\prims\jni.cpp, line 1111]
Event: 103.559 Thread 0x00000223c1e66980 Exception <a 'java/lang/NoSuchMethodError'{0x00000000d62d0188}: static Lorg/gradle/internal/build/event/types/DefaultPluginApplicationResult;.<clinit>()V> (0x00000000d62d0188) 
thrown [s\src\hotspot\share\prims\jni.cpp, line 1111]
Event: 103.598 Thread 0x00000223c1e66980 Exception <a 'java/lang/NoSuchMethodError'{0x00000000d62e8ec0}: static Lorg/gradle/internal/build/event/types/DefaultBinaryPluginIdentifier;.<clinit>()V> (0x00000000d62e8ec0) 
thrown [s\src\hotspot\share\prims\jni.cpp, line 1111]
Event: 103.727 Thread 0x00000223c1e66980 Exception <a 'java/lang/NoSuchMethodError'{0x00000000d6308930}: static Lorg/gradle/internal/build/event/types/DefaultScriptPluginIdentifier;.<clinit>()V> (0x00000000d6308930) 
thrown [s\src\hotspot\share\prims\jni.cpp, line 1111]
Event: 105.433 Thread 0x00000223c1e66980 Exception <a 'java/lang/NoSuchMethodError'{0x00000000d6524d50}: static Lorg/gradle/internal/build/event/types/DefaultTaskStartedProgressEvent;.<clinit>()V> (0x00000000d6524d50) 
thrown [s\src\hotspot\share\prims\jni.cpp, line 1111]
Event: 105.449 Thread 0x00000223c1e66980 Exception <a 'java/lang/NoSuchMethodError'{0x00000000d653dab0}: static Lorg/gradle/internal/build/event/types/DefaultTaskDescriptor;.<clinit>()V> (0x00000000d653dab0) 
thrown [s\src\hotspot\share\prims\jni.cpp, line 1111]
Event: 105.520 Thread 0x00000223c1e66980 Exception <a 'java/lang/NoSuchMethodError'{0x00000000d657b928}: static Lorg/gradle/internal/build/event/types/DefaultTaskFinishedProgressEvent;.<clinit>()V> (0x00000000d657b928) 
thrown [s\src\hotspot\share\prims\jni.cpp, line 1111]
Event: 105.539 Thread 0x00000223c1e66980 Exception <a 'java/lang/NoSuchMethodError'{0x00000000d65941f0}: static Lorg/gradle/internal/build/event/types/AbstractTaskResult;.<clinit>()V> (0x00000000d65941f0) 
thrown [s\src\hotspot\share\prims\jni.cpp, line 1111]
Event: 105.560 Thread 0x00000223c1e66980 Exception <a 'java/lang/NoSuchMethodError'{0x00000000d65a3210}: static Lorg/gradle/internal/build/event/types/DefaultTaskSkippedResult;.<clinit>()V> (0x00000000d65a3210) 
thrown [s\src\hotspot\share\prims\jni.cpp, line 1111]
Event: 112.105 Thread 0x00000223c1e66980 Exception <a 'java/lang/NoSuchMethodError'{0x00000000d6a4ab80}: static Lorg/gradle/internal/build/event/types/DefaultWorkItemDescriptor;.<clinit>()V> (0x00000000d6a4ab80) 
thrown [s\src\hotspot\share\prims\jni.cpp, line 1111]
Event: 112.142 Thread 0x00000223c1e66980 Exception <a 'java/lang/NoSuchMethodError'{0x00000000d6a69df8}: static Lorg/gradle/internal/build/event/types/DefaultTaskSuccessResult;.<clinit>()V> (0x00000000d6a69df8) 
thrown [s\src\hotspot\share\prims\jni.cpp, line 1111]
Event: 131.782 Thread 0x00000223c1e648b0 Exception <a 'java/lang/IncompatibleClassChangeError'{0x00000000d6ad9668}: Found class java.lang.Object, but interface was expected> (0x00000000d6ad9668) 
thrown [s\src\hotspot\share\interpreter\linkResolver.cpp, line 840]
Event: 285.000 Thread 0x00000223c1e66980 Exception <a 'sun/net/ConnectionResetException'{0x00000000d64e5ed0}: Connection reset> (0x00000000d64e5ed0) 
thrown [s\src\hotspot\share\prims\jni.cpp, line 539]
Event: 285.581 Thread 0x00000223c1e66980 Exception <a 'java/io/IOException'{0x00000000d65838d8}: Connection reset by peer> (0x00000000d65838d8) 
thrown [s\src\hotspot\share\prims\jni.cpp, line 539]
Event: 285.964 Thread 0x00000223fad54250 Exception <a 'java/lang/ClassNotFoundException'{0x00000000d664c3b8}: sun/misc/SharedSecrets> (0x00000000d664c3b8) 
thrown [s\src\hotspot\share\classfile\systemDictionary.cpp, line 312]
Event: 285.986 Thread 0x00000223fad54250 Exception <a 'java/lang/NoSuchMethodError'{0x00000000d6661a40}: 'void java.lang.invoke.DirectMethodHandle$Holder.invokeStatic(java.lang.Object, int, java.lang.Object)'> (0x00000000d6661a40) 
thrown [s\src\hotspot\share\interpreter\linkResolver.cpp, line 773]
Event: 285.995 Thread 0x00000223fad54250 Exception <a 'java/lang/NoSuchMethodError'{0x00000000d666f450}: 'void java.lang.invoke.DirectMethodHandle$Holder.invokeSpecialIFC(java.lang.Object, java.lang.Object, java.lang.Object, java.lang.Object)'> (0x00000000d666f450) 
thrown [s\src\hotspot\share\interpreter\linkResolver.cpp, line 773]
Event: 293.093 Thread 0x00000223c1e655d0 Implicit null exception at 0x00000223eddcdaa6 to 0x00000223eddd173c

ZGC Phase Switch (0 events):
No events

VM Operations (20 events):
Event: 316.459 Executing VM operation: Cleanup
Event: 316.459 Executing VM operation: Cleanup done
Event: 323.744 Executing VM operation: ParallelGCFailedAllocation (Allocation Failure)
Event: 323.746 Executing VM operation: ParallelGCFailedAllocation (Allocation Failure) done
Event: 334.330 Executing VM operation: ParallelGCFailedAllocation (Allocation Failure)
Event: 334.331 Executing VM operation: ParallelGCFailedAllocation (Allocation Failure) done
Event: 337.333 Executing VM operation: Cleanup
Event: 337.333 Executing VM operation: Cleanup done
Event: 338.334 Executing VM operation: Cleanup
Event: 338.335 Executing VM operation: Cleanup done
Event: 340.336 Executing VM operation: Cleanup
Event: 340.336 Executing VM operation: Cleanup done
Event: 345.342 Executing VM operation: Cleanup
Event: 345.342 Executing VM operation: Cleanup done
Event: 347.343 Executing VM operation: Cleanup
Event: 347.343 Executing VM operation: Cleanup done
Event: 361.143 Executing VM operation: HandshakeAllThreads (HandshakeForDeflation)
Event: 361.143 Executing VM operation: HandshakeAllThreads (HandshakeForDeflation) done
Event: 361.143 Executing VM operation: RendezvousGCThreads
Event: 361.143 Executing VM operation: RendezvousGCThreads done

Memory protections (0 events):
No events

Nmethod flushes (20 events):
Event: 48.585 Thread 0x00000223e2c6eff0 flushing  nmethod 0x00000223e672cf90
Event: 48.585 Thread 0x00000223e2c6eff0 flushing  nmethod 0x00000223e672d710
Event: 48.585 Thread 0x00000223e2c6eff0 flushing  nmethod 0x00000223e673ce10
Event: 48.585 Thread 0x00000223e2c6eff0 flushing  nmethod 0x00000223e6742510
Event: 48.585 Thread 0x00000223e2c6eff0 flushing  nmethod 0x00000223e6742910
Event: 48.585 Thread 0x00000223e2c6eff0 flushing  nmethod 0x00000223e6743f10
Event: 48.585 Thread 0x00000223e2c6eff0 flushing  nmethod 0x00000223e6745010
Event: 48.585 Thread 0x00000223e2c6eff0 flushing  nmethod 0x00000223e6771390
Event: 48.586 Thread 0x00000223e2c6eff0 flushing  nmethod 0x00000223e6777690
Event: 48.586 Thread 0x00000223e2c6eff0 flushing  nmethod 0x00000223e6779010
Event: 48.586 Thread 0x00000223e2c6eff0 flushing  nmethod 0x00000223e677a410
Event: 48.586 Thread 0x00000223e2c6eff0 flushing  nmethod 0x00000223e677aa10
Event: 48.586 Thread 0x00000223e2c6eff0 flushing  nmethod 0x00000223e677b290
Event: 48.586 Thread 0x00000223e2c6eff0 flushing  nmethod 0x00000223e677b610
Event: 48.586 Thread 0x00000223e2c6eff0 flushing  nmethod 0x00000223e677d410
Event: 48.586 Thread 0x00000223e2c6eff0 flushing  nmethod 0x00000223e67a7910
Event: 48.586 Thread 0x00000223e2c6eff0 flushing  nmethod 0x00000223e67bb090
Event: 48.586 Thread 0x00000223e2c6eff0 flushing  nmethod 0x00000223e67bd790
Event: 48.586 Thread 0x00000223e2c6eff0 flushing  nmethod 0x00000223e67c0f90
Event: 48.586 Thread 0x00000223e2c6eff0 flushing  nmethod 0x00000223e67dc090

Events (20 events):
Event: 285.764 Thread 0x00000223c1e66980 Thread exited: 0x00000223c1e66980
Event: 286.114 Thread 0x00000223fad54250 Thread added: 0x00000223c1e627e0
Event: 286.135 Thread 0x00000223fad54250 Thread added: 0x00000223c1e60da0
Event: 286.294 Thread 0x00000223c1e60da0 Thread exited: 0x00000223c1e60da0
Event: 286.407 Thread 0x00000223fad54250 Thread added: 0x00000223c1e676a0
Event: 286.410 Thread 0x00000223fad54250 Thread added: 0x00000223c1e655d0
Event: 286.513 Thread 0x00000223c1e655d0 Thread added: 0x00000223c1e66980
Event: 286.550 Thread 0x00000223c1e655d0 Thread added: 0x00000223c1e60710
Event: 286.569 Thread 0x00000223c1e60710 Thread added: 0x00000223c1e60da0
Event: 286.569 Thread 0x00000223c1e60710 Thread added: 0x00000223fad54f70
Event: 287.102 Thread 0x00000223c1e655d0 Thread added: 0x00000223fad53bc0
Event: 287.325 Thread 0x00000223fad52ea0 Thread added: 0x00000223c33be7e0
Event: 287.495 Thread 0x00000223fad53bc0 Thread added: 0x00000223c33be150
Event: 287.495 Thread 0x00000223fad53bc0 Thread added: 0x00000223c33ba640
Event: 287.495 Thread 0x00000223c33be150 Thread exited: 0x00000223c33be150
Event: 291.789 Thread 0x00000223fad53bc0 Thread exited: 0x00000223fad53bc0
Event: 291.789 Thread 0x00000223c33ba640 Thread exited: 0x00000223c33ba640
Event: 346.968 Thread 0x00000223c1e60710 Thread exited: 0x00000223c1e60710
Event: 346.968 Thread 0x00000223fad54f70 Thread exited: 0x00000223fad54f70
Event: 346.970 Thread 0x00000223c1e60da0 Thread exited: 0x00000223c1e60da0


Dynamic libraries:
0x00007ff750200000 - 0x00007ff75020e000 	c:\Users\HP\.vscode\extensions\redhat.java-1.52.0-win32-x64\jre\21.0.9-win32-x86_64\bin\java.exe
0x00007ffabe410000 - 0x00007ffabe608000 	C:\windows\SYSTEM32\ntdll.dll
0x00007ffabc500000 - 0x00007ffabc5bf000 	C:\windows\System32\KERNEL32.DLL
0x00007ffabbee0000 - 0x00007ffabc1b2000 	C:\windows\System32\KERNELBASE.dll
0x00007ffab8f70000 - 0x00007ffab9001000 	C:\windows\SYSTEM32\apphelp.dll
0x00007ffabc2d0000 - 0x00007ffabc3d0000 	C:\windows\System32\ucrtbase.dll
0x00007ffaa5ff0000 - 0x00007ffaa6008000 	c:\Users\HP\.vscode\extensions\redhat.java-1.52.0-win32-x64\jre\21.0.9-win32-x86_64\bin\jli.dll
0x00007ffabdc20000 - 0x00007ffabddbd000 	C:\windows\System32\USER32.dll
0x00007ffabbb10000 - 0x00007ffabbb32000 	C:\windows\System32\win32u.dll
0x00007ffabe150000 - 0x00007ffabe17b000 	C:\windows\System32\GDI32.dll
0x00007ffabc1c0000 - 0x00007ffabc2cf000 	C:\windows\System32\gdi32full.dll
0x00007ffabbbe0000 - 0x00007ffabbc7d000 	C:\windows\System32\msvcp_win.dll
0x00007ffa9f350000 - 0x00007ffa9f36e000 	c:\Users\HP\.vscode\extensions\redhat.java-1.52.0-win32-x64\jre\21.0.9-win32-x86_64\bin\VCRUNTIME140.dll
0x00007ffaa2540000 - 0x00007ffaa27da000 	C:\windows\WinSxS\amd64_microsoft.windows.common-controls_6595b64144ccf1df_6.0.19041.1110_none_60b5254171f9507e\COMCTL32.dll
0x00007ffabc460000 - 0x00007ffabc4fe000 	C:\windows\System32\msvcrt.dll
0x00007ffabc5c0000 - 0x00007ffabc5f2000 	C:\windows\System32\IMM32.DLL
0x00007ffab4e80000 - 0x00007ffab4e8c000 	c:\Users\HP\.vscode\extensions\redhat.java-1.52.0-win32-x64\jre\21.0.9-win32-x86_64\bin\vcruntime140_1.dll
0x00007ffa834e0000 - 0x00007ffa8356d000 	c:\Users\HP\.vscode\extensions\redhat.java-1.52.0-win32-x64\jre\21.0.9-win32-x86_64\bin\msvcp140.dll
0x00007ffa0c4d0000 - 0x00007ffa0d270000 	c:\Users\HP\.vscode\extensions\redhat.java-1.52.0-win32-x64\jre\21.0.9-win32-x86_64\bin\server\jvm.dll
0x00007ffabdf60000 - 0x00007ffabe00e000 	C:\windows\System32\ADVAPI32.dll
0x00007ffabe2d0000 - 0x00007ffabe36c000 	C:\windows\System32\sechost.dll
0x00007ffabc960000 - 0x00007ffabca85000 	C:\windows\System32\RPCRT4.dll
0x00007ffabdbb0000 - 0x00007ffabdc1b000 	C:\windows\System32\WS2_32.dll
0x00007ffabb8d0000 - 0x00007ffabb91b000 	C:\windows\SYSTEM32\POWRPROF.dll
0x00007ffaa2510000 - 0x00007ffaa2537000 	C:\windows\SYSTEM32\WINMM.dll
0x00007ffab3700000 - 0x00007ffab370a000 	C:\windows\SYSTEM32\VERSION.dll
0x00007ffabb8b0000 - 0x00007ffabb8c2000 	C:\windows\SYSTEM32\UMPDC.dll
0x00007ffaba360000 - 0x00007ffaba372000 	C:\windows\SYSTEM32\kernel.appcore.dll
0x00007ffa9f3b0000 - 0x00007ffa9f3ba000 	c:\Users\HP\.vscode\extensions\redhat.java-1.52.0-win32-x64\jre\21.0.9-win32-x86_64\bin\jimage.dll
0x00007ffaba070000 - 0x00007ffaba254000 	C:\windows\SYSTEM32\DBGHELP.DLL
0x00007ffaa0fd0000 - 0x00007ffaa0ffc000 	C:\windows\SYSTEM32\dbgcore.DLL
0x00007ffabc3d0000 - 0x00007ffabc452000 	C:\windows\System32\bcryptPrimitives.dll
0x00007ffab5610000 - 0x00007ffab561f000 	c:\Users\HP\.vscode\extensions\redhat.java-1.52.0-win32-x64\jre\21.0.9-win32-x86_64\bin\instrument.dll
0x00007ffa9b160000 - 0x00007ffa9b180000 	c:\Users\HP\.vscode\extensions\redhat.java-1.52.0-win32-x64\jre\21.0.9-win32-x86_64\bin\java.dll
0x00007ffabcb40000 - 0x00007ffabd283000 	C:\windows\System32\SHELL32.dll
0x00007ffab9800000 - 0x00007ffab9f92000 	C:\windows\SYSTEM32\windows.storage.dll
0x00007ffabc600000 - 0x00007ffabc954000 	C:\windows\System32\combase.dll
0x00007ffabb500000 - 0x00007ffabb530000 	C:\windows\SYSTEM32\Wldp.dll
0x00007ffabca90000 - 0x00007ffabcb3d000 	C:\windows\System32\SHCORE.dll
0x00007ffabe370000 - 0x00007ffabe3c5000 	C:\windows\System32\shlwapi.dll
0x00007ffabba50000 - 0x00007ffabba6f000 	C:\windows\SYSTEM32\profapi.dll
0x00007ffa858a0000 - 0x00007ffa858b8000 	c:\Users\HP\.vscode\extensions\redhat.java-1.52.0-win32-x64\jre\21.0.9-win32-x86_64\bin\zip.dll
0x00007ffa84900000 - 0x00007ffa84910000 	C:\Users\HP\.vscode\extensions\redhat.java-1.52.0-win32-x64\jre\21.0.9-win32-x86_64\bin\net.dll
0x00007ffaacd50000 - 0x00007ffaace5c000 	C:\windows\SYSTEM32\WINHTTP.dll
0x00007ffabb1f0000 - 0x00007ffabb25a000 	C:\windows\system32\mswsock.dll
0x00007ffa848e0000 - 0x00007ffa848f6000 	C:\Users\HP\.vscode\extensions\redhat.java-1.52.0-win32-x64\jre\21.0.9-win32-x86_64\bin\nio.dll
0x00007ffab51e0000 - 0x00007ffab51f0000 	c:\Users\HP\.vscode\extensions\redhat.java-1.52.0-win32-x64\jre\21.0.9-win32-x86_64\bin\verify.dll
0x00007ffa8c720000 - 0x00007ffa8c765000 	C:\Users\HP\AppData\Roaming\Code\User\globalStorage\redhat.java\1.52.0\config_win\org.eclipse.equinox.launcher\org.eclipse.equinox.launcher.win32.win32.x86_64_1.2.1500.v20260121-1430\eclipse_11919.dll
0x00007ffabe1a0000 - 0x00007ffabe2ca000 	C:\windows\System32\ole32.dll
0x00007ffabb450000 - 0x00007ffabb468000 	C:\windows\SYSTEM32\CRYPTSP.dll
0x00007ffabab10000 - 0x00007ffabab44000 	C:\windows\system32\rsaenh.dll
0x00007ffabbbb0000 - 0x00007ffabbbd7000 	C:\windows\System32\bcrypt.dll
0x00007ffabba10000 - 0x00007ffabba3e000 	C:\windows\SYSTEM32\USERENV.dll
0x00007ffabb470000 - 0x00007ffabb47c000 	C:\windows\SYSTEM32\CRYPTBASE.dll
0x00007ffabaee0000 - 0x00007ffabaf1b000 	C:\windows\SYSTEM32\IPHLPAPI.DLL
0x00007ffabe190000 - 0x00007ffabe198000 	C:\windows\System32\NSI.dll
0x00007ffa848d0000 - 0x00007ffa848da000 	C:\Users\HP\.vscode\extensions\redhat.java-1.52.0-win32-x64\jre\21.0.9-win32-x86_64\bin\management.dll
0x00007ffa84160000 - 0x00007ffa8416c000 	C:\Users\HP\.vscode\extensions\redhat.java-1.52.0-win32-x64\jre\21.0.9-win32-x86_64\bin\management_ext.dll
0x00007ffabe180000 - 0x00007ffabe188000 	C:\windows\System32\PSAPI.DLL
0x00007ffa8c680000 - 0x00007ffa8c6c9000 	C:\Users\HP\AppData\Local\Temp\jna-2312\jna17179815602541618585.dll
0x00007ffaabf20000 - 0x00007ffaabf37000 	C:\windows\SYSTEM32\dhcpcsvc6.DLL
0x00007ffaacd30000 - 0x00007ffaacd4d000 	C:\windows\SYSTEM32\dhcpcsvc.DLL
0x00007ffa8f170000 - 0x00007ffa8f197000 	C:\Users\HP\.gradle\native\1def1411415f61bf3af743bc5b6707747c0891f09f0c88961ee8f79bc544acac\windows-amd64\native-platform.dll
0x00007ffa84140000 - 0x00007ffa84149000 	C:\Users\HP\.vscode\extensions\redhat.java-1.52.0-win32-x64\jre\21.0.9-win32-x86_64\bin\extnet.dll
0x00007ffa84150000 - 0x00007ffa8415e000 	C:\Users\HP\.vscode\extensions\redhat.java-1.52.0-win32-x64\jre\21.0.9-win32-x86_64\bin\sunmscapi.dll
0x00007ffabbd80000 - 0x00007ffabbed6000 	C:\windows\System32\CRYPT32.dll
0x00007ffabb570000 - 0x00007ffabb597000 	C:\windows\SYSTEM32\ncrypt.dll
0x00007ffabb530000 - 0x00007ffabb56b000 	C:\windows\SYSTEM32\NTASN1.dll
0x00007ffa9af50000 - 0x00007ffa9af57000 	C:\windows\system32\wshunix.dll

JVMTI agents:
c:\Users\HP\.vscode\extensions\redhat.java-1.52.0-win32-x64\lombok\lombok-1.18.39-4050.jar path:c:\Users\HP\.vscode\extensions\redhat.java-1.52.0-win32-x64\jre\21.0.9-win32-x86_64\bin\instrument.dll, loaded, initialized, instrumentlib options:none

dbghelp: loaded successfully - version: 4.0.5 - missing functions: none
symbol engine: initialized successfully - sym options: 0x614 - pdb path: .;c:\Users\HP\.vscode\extensions\redhat.java-1.52.0-win32-x64\jre\21.0.9-win32-x86_64\bin;C:\windows\SYSTEM32;C:\windows\WinSxS\amd64_microsoft.windows.common-controls_6595b64144ccf1df_6.0.19041.1110_none_60b5254171f9507e;c:\Users\HP\.vscode\extensions\redhat.java-1.52.0-win32-x64\jre\21.0.9-win32-x86_64\bin\server;C:\Users\HP\AppData\Roaming\Code\User\globalStorage\redhat.java\1.52.0\config_win\org.eclipse.equinox.launcher\org.eclipse.equinox.launcher.win32.win32.x86_64_1.2.1500.v20260121-1430;C:\Users\HP\AppData\Local\Temp\jna-2312;C:\Users\HP\.gradle\native\1def1411415f61bf3af743bc5b6707747c0891f09f0c88961ee8f79bc544acac\windows-amd64

VM Arguments:
jvm_args: --add-modules=ALL-SYSTEM --add-opens=java.base/java.util=ALL-UNNAMED --add-opens=java.base/java.lang=ALL-UNNAMED --add-opens=java.base/sun.nio.fs=ALL-UNNAMED -Declipse.application=org.eclipse.jdt.ls.core.id1 -Dosgi.bundles.defaultStartLevel=4 -Declipse.product=org.eclipse.jdt.ls.core.product -Djava.import.generatesMetadataFilesAtProjectRoot=false -DDetectVMInstallationsJob.disabled=true -Dfile.encoding=utf8 -XX:+UseParallelGC -XX:GCTimeRatio=4 -XX:AdaptiveSizePolicyWeight=90 -Dsun.zip.disableMemoryMapping=true -Xmx2G -Xms100m -Xlog:disable -javaagent:c:\Users\HP\.vscode\extensions\redhat.java-1.52.0-win32-x64\lombok\lombok-1.18.39-4050.jar -XX:+HeapDumpOnOutOfMemoryError -XX:HeapDumpPath=c:\Users\HP\AppData\Roaming\Code\User\workspaceStorage\3128ad1f6dad4279aefc7e6981c7fa6f\redhat.java -Daether.dependencyCollector.impl=bf 
java_command: c:\Users\HP\.vscode\extensions\redhat.java-1.52.0-win32-x64\server\plugins\org.eclipse.equinox.launcher_1.7.100.v20251111-0406.jar -configuration c:\Users\HP\AppData\Roaming\Code\User\globalStorage\redhat.java\1.52.0\config_win -data c:\Users\HP\AppData\Roaming\Code\User\workspaceStorage\3128ad1f6dad4279aefc7e6981c7fa6f\redhat.java\jdt_ws --pipe=\\.\pipe\lsp-0a62eb2c19bdf4e521dd3f1c33086efc-sock
java_class_path (initial): c:\Users\HP\.vscode\extensions\redhat.java-1.52.0-win32-x64\server\plugins\org.eclipse.equinox.launcher_1.7.100.v20251111-0406.jar
Launcher Type: SUN_STANDARD

[Global flags]
    uintx AdaptiveSizePolicyWeight                 = 90                                        {product} {command line}
     intx CICompilerCount                          = 3                                         {product} {ergonomic}
    uintx GCTimeRatio                              = 4                                         {product} {command line}
     bool HeapDumpOnOutOfMemoryError               = true                                   {manageable} {command line}
    ccstr HeapDumpPath                             = c:\Users\HP\AppData\Roaming\Code\User\workspaceStorage\3128ad1f6dad4279aefc7e6981c7fa6f\redhat.java         {manageable} {command line}
   size_t InitialHeapSize                          = 104857600                                 {product} {command line}
   size_t MaxHeapSize                              = 2147483648                                {product} {command line}
   size_t MaxNewSize                               = 715653120                                 {product} {ergonomic}
   size_t MinHeapDeltaBytes                        = 524288                                    {product} {ergonomic}
   size_t MinHeapSize                              = 104857600                                 {product} {command line}
   size_t NewSize                                  = 34603008                                  {product} {ergonomic}
    uintx NonNMethodCodeHeapSize                   = 5832780                                {pd product} {ergonomic}
    uintx NonProfiledCodeHeapSize                  = 122912730                              {pd product} {ergonomic}
   size_t OldSize                                  = 70254592                                  {product} {ergonomic}
    uintx ProfiledCodeHeapSize                     = 122912730                              {pd product} {ergonomic}
    uintx ReservedCodeCacheSize                    = 251658240                              {pd product} {ergonomic}
     bool SegmentedCodeCache                       = true                                      {product} {ergonomic}
   size_t SoftMaxHeapSize                          = 2147483648                             {manageable} {ergonomic}
     bool UseCompressedOops                        = true                           {product lp64_product} {ergonomic}
     bool UseLargePagesIndividualAllocation        = false                                  {pd product} {ergonomic}
     bool UseParallelGC                            = true                                      {product} {command line}

Logging:
Log output configuration:
 #0: stdout all=off uptime,level,tags foldmultilines=false
 #1: stderr all=off uptime,level,tags foldmultilines=false

Release file:
JAVA_VERSION="21.0.9" 
MODULES="java.base java.compiler java.datatransfer java.xml java.prefs java.desktop java.instrument java.logging java.management java.security.sasl java.naming java.rmi java.management.rmi java.net.http java.scripting java.security.jgss java.transaction.xa java.sql java.sql.rowset java.xml.crypto java.se java.smartcardio jdk.accessibility jdk.internal.jvmstat jdk.attach jdk.charsets jdk.internal.opt jdk.zipfs jdk.compiler jdk.crypto.ec jdk.crypto.cryptoki jdk.crypto.mscapi jdk.dynalink jdk.internal.ed jdk.editpad jdk.hotspot.agent jdk.httpserver jdk.internal.le jdk.internal.vm.ci jdk.internal.vm.compiler jdk.internal.vm.compiler.management jdk.jartool jdk.javadoc jdk.jcmd jdk.management jdk.management.agent jdk.jconsole jdk.jdeps jdk.jdwp.agent jdk.jdi jdk.jfr jdk.jshell jdk.jsobject jdk.jstatd jdk.localedata jdk.management.jfr jdk.naming.dns jdk.naming.rmi jdk.net jdk.nio.mapmode jdk.random jdk.sctp jdk.security.auth jdk.security.jgss jdk.unsupported jdk.unsupported.desktop jdk.xml.dom" 

Environment Variables:
PATH=C:\Program Files\Common Files\Oracle\Java\javapath;C:\Program Files (x86)\Common Files\Oracle\Java\javapath;C:\Program Files\BlueJ\jdk\bin;C:\windows\system32;C:\windows;C:\windows\System32\Wbem;C:\windows\System32\WindowsPowerShell\v1.0\;C:\windows\System32\OpenSSH\;C:\Program Files (x86)\Microsoft SQL Server\100\Tools\Binn\;C:\Program Files\Microsoft SQL Server\100\Tools\Binn\;C:\Program Files\Microsoft SQL Server\100\DTS\Binn\;C:\ProgramData\chocolatey\bin;C:\xamppp\php;C:\Program Files\CodeBlocks\MinGW\bin;C:\ProgramData\ComposerSetup\bin;C:\Program Files\nodejs\;C:\Program Files (x86)\Microsoft SQL Server\160\Tools\Binn\;C:\Program Files\Microsoft SQL Server\160\Tools\Binn\;C:\Program Files\Microsoft SQL Server\Client SDK\ODBC\170\Tools\Binn\;C:\Program Files\Microsoft SQL Server\160\DTS\Binn\;C:\Program Files\Git\cmd;D:\xamp\php;C:\Users\HP\AppData\Local\Programs\Python\Python311\Scripts\;C:\Users\HP\AppData\Local\Programs\Python\Python311\;C:\Users\HP\AppData\Local\Microsoft\WindowsApps;C:\Users\HP\AppData\Local\Programs\Microsoft VS Code\bin;C:\Program Files\BlueJ\jdk;C:\Users\HP\AppData\Roaming\cabal\bin;C:\tools\ghc-9.8.2\bin;C:\tools\msys64;C:\ghcup\bin;C:\Users\HP\AppData\Roaming\Composer\vendor\bin;C:\Users\HP\AppData\Roaming\npm;C:\Users\HP\OneDrive\Escritorio\foto\flutter\bin;D:\colcaTrufis\fronted\flutter\bin
USERNAME=HP
OS=Windows_NT
PROCESSOR_IDENTIFIER=Intel64 Family 6 Model 142 Stepping 12, GenuineIntel
TMP=C:\Users\HP\AppData\Local\Temp
TEMP=C:\Users\HP\AppData\Local\Temp




Periodic native trim disabled

---------------  S Y S T E M  ---------------

OS:
 Windows 10 , 64 bit Build 19041 (10.0.19041.2251)
OS uptime: 0 days 2:26 hours

CPU: total 4 (initial active 4) (2 cores per cpu, 2 threads per core) family 6 model 142 stepping 12 microcode 0xde, cx8, cmov, fxsr, ht, mmx, 3dnowpref, sse, sse2, sse3, ssse3, sse4.1, sse4.2, popcnt, lzcnt, tsc, tscinvbit, avx, avx2, aes, erms, clmul, bmi1, bmi2, adx, fma, vzeroupper, clflush, clflushopt, rdtscp, f16c
Processor Information for the first 4 processors :
  Max Mhz: 2592, Current Mhz: 2093, Mhz Limit: 2073

Memory: 4k page, system-wide physical 3919M (75M free)
TotalPageFile size 15695M (AvailPageFile size 0M)
current process WorkingSet (physical memory assigned to process): 23M, peak: 198M
current process commit charge ("private bytes"): 342M, peak: 367M

vm_info: OpenJDK 64-Bit Server VM (21.0.9+10-LTS) for windows-amd64 JRE (21.0.9+10-LTS), built on 2025-10-21T00:00:00Z by "admin" with unknown MS VC++:1942

END.
