#
# There is insufficient memory for the Java Runtime Environment to continue.
# Native memory allocation (mmap) failed to map 65536 bytes. Error detail: Failed to commit metaspace.
# Possible reasons:
#   The system is out of physical RAM or swap space
#   This process is running with CompressedOops enabled, and the Java Heap may be blocking the growth of the native heap
# Possible solutions:
#   Reduce memory load on the system
#   Increase physical memory or swap space
#   Check if swap backing store is full
#   Decrease Java heap size (-Xmx/-Xms)
#   Decrease number of Java threads
#   Decrease Java thread stack sizes (-Xss)
#   Set larger code cache with -XX:ReservedCodeCacheSize=
#   JVM is running with Unscaled Compressed Oops mode in which the Java heap is
#     placed in the first 4GB address space. The Java Heap base address is the
#     maximum limit for the native heap growth. Please use -XX:HeapBaseMinAddress
#     to set the Java Heap base and to place the Java Heap above 4GB virtual address.
# This output file may be truncated or incomplete.
#
#  Out of Memory Error (virtualSpaceNode.cpp:113), pid=16872, tid=11400
#
# JRE version: OpenJDK Runtime Environment Temurin-21.0.9+10 (21.0.9+10) (build 21.0.9+10-LTS)
# Java VM: OpenJDK 64-Bit Server VM Temurin-21.0.9+10 (21.0.9+10-LTS, mixed mode, sharing, tiered, compressed oops, compressed class ptrs, parallel gc, windows-amd64)
# No core dump will be written. Minidumps are not enabled by default on client versions of Windows
#

---------------  S U M M A R Y ------------

Command Line: --add-modules=ALL-SYSTEM --add-opens=java.base/java.util=ALL-UNNAMED --add-opens=java.base/java.lang=ALL-UNNAMED --add-opens=java.base/sun.nio.fs=ALL-UNNAMED -Declipse.application=org.eclipse.jdt.ls.core.id1 -Dosgi.bundles.defaultStartLevel=4 -Declipse.product=org.eclipse.jdt.ls.core.product -Djava.import.generatesMetadataFilesAtProjectRoot=false -DDetectVMInstallationsJob.disabled=true -Dfile.encoding=utf8 -XX:+UseParallelGC -XX:GCTimeRatio=4 -XX:AdaptiveSizePolicyWeight=90 -Dsun.zip.disableMemoryMapping=true -Xmx2G -Xms100m -Xlog:disable -javaagent:c:\Users\HP\.vscode\extensions\redhat.java-1.52.0-win32-x64\lombok\lombok-1.18.39-4050.jar -XX:+HeapDumpOnOutOfMemoryError -XX:HeapDumpPath=c:\Users\HP\AppData\Roaming\Code\User\workspaceStorage\3128ad1f6dad4279aefc7e6981c7fa6f\redhat.java -Daether.dependencyCollector.impl=bf c:\Users\HP\.vscode\extensions\redhat.java-1.52.0-win32-x64\server\plugins\org.eclipse.equinox.launcher_1.7.100.v20251111-0406.jar -configuration c:\Users\HP\AppData\Roaming\Code\User\globalStorage\redhat.java\1.52.0\config_win -data c:\Users\HP\AppData\Roaming\Code\User\workspaceStorage\3128ad1f6dad4279aefc7e6981c7fa6f\redhat.java\jdt_ws --pipe=\\.\pipe\lsp-6b9daa8b672ddb9c60c0da97d493b810-sock

Host: Intel(R) Core(TM) i3-10110U CPU @ 2.10GHz, 4 cores, 3G,  Windows 10 , 64 bit Build 19041 (10.0.19041.2251)
Time: Fri Feb 20 17:39:44 2026 Hora est嫕dar oeste, Sudam廨ica elapsed time: 61.496877 seconds (0d 0h 1m 1s)

---------------  T H R E A D  ---------------

Current thread (0x0000029f7e3b82b0):  JavaThread "Connection worker"        [_thread_in_vm, id=11400, stack(0x000000cd0d300000,0x000000cd0d400000) (1024K)]

Stack: [0x000000cd0d300000,0x000000cd0d400000]
Native frames: (J=compiled Java code, j=interpreted, Vv=VM code, C=native code)
V  [jvm.dll+0x6d6e29]
V  [jvm.dll+0x8b4b76]
V  [jvm.dll+0x8b712e]
V  [jvm.dll+0x8b7813]
V  [jvm.dll+0x283d86]
V  [jvm.dll+0x8b08be]
V  [jvm.dll+0x678824]
V  [jvm.dll+0x1e80ab]
V  [jvm.dll+0x1e7e6e]
V  [jvm.dll+0x67b122]
V  [jvm.dll+0x67af52]
V  [jvm.dll+0x6791fe]
V  [jvm.dll+0x280c57]
V  [jvm.dll+0x72d13f]
V  [jvm.dll+0x72dc7f]
V  [jvm.dll+0x3cbed1]
V  [jvm.dll+0x3caca7]
V  [jvm.dll+0x3cac48]
V  [jvm.dll+0x5dcc86]
V  [jvm.dll+0x5dbbf4]
V  [jvm.dll+0x3e03f2]
V  [jvm.dll+0x3dfaaa]
C  0x0000029f07548095

The last pc belongs to invokestatic (printed below).
Java frames: (J=compiled Java code, j=interpreted, Vv=VM code)
j  org.gradle.tooling.internal.provider.DefaultConnection.initializeServices(Ljava/io/File;)V+4
j  org.gradle.tooling.internal.provider.DefaultConnection.configure(Lorg/gradle/tooling/internal/protocol/ConnectionParameters;)V+46
j  org.gradle.tooling.internal.consumer.connection.AbstractPost12ConsumerConnection.configure(Lorg/gradle/tooling/internal/consumer/ConnectionParameters;)V+5
j  org.gradle.tooling.internal.consumer.loader.DefaultToolingImplementationLoader.createConnection(Lorg/gradle/tooling/internal/consumer/connection/AbstractConsumerConnection;Lorg/gradle/tooling/internal/consumer/ConnectionParameters;)Lorg/gradle/tooling/internal/consumer/connection/ConsumerConnection;+2
j  org.gradle.tooling.internal.consumer.loader.DefaultToolingImplementationLoader.create(Lorg/gradle/tooling/internal/consumer/Distribution;Lorg/gradle/internal/logging/progress/ProgressLoggerFactory;Lorg/gradle/tooling/internal/protocol/InternalBuildProgressListener;Lorg/gradle/tooling/internal/consumer/ConnectionParameters;Lorg/gradle/initialization/BuildCancellationToken;)Lorg/gradle/tooling/internal/consumer/connection/ConsumerConnection;+133
j  org.gradle.tooling.internal.consumer.loader.CachingToolingImplementationLoader$ConsumerConnectionCreator.call()Lorg/gradle/tooling/internal/consumer/connection/ConsumerConnection;+27
j  org.gradle.tooling.internal.consumer.loader.CachingToolingImplementationLoader$ConsumerConnectionCreator.call()Ljava/lang/Object;+1
j  org.gradle.internal.impldep.com.google.common.cache.LocalCache$LocalManualCache$1.load(Ljava/lang/Object;)Ljava/lang/Object;+4
j  org.gradle.internal.impldep.com.google.common.cache.LocalCache$LoadingValueReference.loadFuture(Ljava/lang/Object;Lorg/gradle/internal/impldep/com/google/common/cache/CacheLoader;)Lorg/gradle/internal/impldep/com/google/common/util/concurrent/ListenableFuture;+24
j  org.gradle.internal.impldep.com.google.common.cache.LocalCache$Segment.loadSync(Ljava/lang/Object;ILorg/gradle/internal/impldep/com/google/common/cache/LocalCache$LoadingValueReference;Lorg/gradle/internal/impldep/com/google/common/cache/CacheLoader;)Ljava/lang/Object;+4
j  org.gradle.internal.impldep.com.google.common.cache.LocalCache$Segment.lockedGetOrLoad(Ljava/lang/Object;ILorg/gradle/internal/impldep/com/google/common/cache/CacheLoader;)Ljava/lang/Object;+393
j  org.gradle.internal.impldep.com.google.common.cache.LocalCache$Segment.get(Ljava/lang/Object;ILorg/gradle/internal/impldep/com/google/common/cache/CacheLoader;)Ljava/lang/Object;+138
j  org.gradle.internal.impldep.com.google.common.cache.LocalCache.get(Ljava/lang/Object;Lorg/gradle/internal/impldep/com/google/common/cache/CacheLoader;)Ljava/lang/Object;+17
j  org.gradle.internal.impldep.com.google.common.cache.LocalCache$LocalManualCache.get(Ljava/lang/Object;Ljava/util/concurrent/Callable;)Ljava/lang/Object;+19
j  org.gradle.tooling.internal.consumer.loader.CachingToolingImplementationLoader.create(Lorg/gradle/tooling/internal/consumer/Distribution;Lorg/gradle/internal/logging/progress/ProgressLoggerFactory;Lorg/gradle/tooling/internal/protocol/InternalBuildProgressListener;Lorg/gradle/tooling/internal/consumer/ConnectionParameters;Lorg/gradle/initialization/BuildCancellationToken;)Lorg/gradle/tooling/internal/consumer/connection/ConsumerConnection;+35
j  org.gradle.tooling.internal.consumer.loader.SynchronizedToolingImplementationLoader.create(Lorg/gradle/tooling/internal/consumer/Distribution;Lorg/gradle/internal/logging/progress/ProgressLoggerFactory;Lorg/gradle/tooling/internal/protocol/InternalBuildProgressListener;Lorg/gradle/tooling/internal/consumer/ConnectionParameters;Lorg/gradle/initialization/BuildCancellationToken;)Lorg/gradle/tooling/internal/consumer/connection/ConsumerConnection;+23
j  org.gradle.tooling.internal.consumer.connection.LazyConsumerActionExecutor.onStartAction(Lorg/gradle/initialization/BuildCancellationToken;Lorg/gradle/tooling/internal/protocol/InternalBuildProgressListener;)Lorg/gradle/tooling/internal/consumer/connection/ConsumerConnection;+72
j  org.gradle.tooling.internal.consumer.connection.LazyConsumerActionExecutor.run(Lorg/gradle/tooling/internal/consumer/connection/ConsumerAction;)Ljava/lang/Object;+26
j  org.gradle.tooling.internal.consumer.connection.CancellableConsumerActionExecutor.run(Lorg/gradle/tooling/internal/consumer/connection/ConsumerAction;)Ljava/lang/Object;+34
j  org.gradle.tooling.internal.consumer.connection.ProgressLoggingConsumerActionExecutor.run(Lorg/gradle/tooling/internal/consumer/connection/ConsumerAction;)Ljava/lang/Object;+78
j  org.gradle.tooling.internal.consumer.connection.RethrowingErrorsConsumerActionExecutor.run(Lorg/gradle/tooling/internal/consumer/connection/ConsumerAction;)Ljava/lang/Object;+5
j  org.gradle.tooling.internal.consumer.async.DefaultAsyncConsumerActionExecutor$1$1.run()V+17
j  org.gradle.internal.concurrent.ExecutorPolicy$CatchAndRecordFailures.onExecute(Ljava/lang/Runnable;)V+1
j  org.gradle.internal.concurrent.AbstractManagedExecutor$1.run()V+25
j  java.util.concurrent.ThreadPoolExecutor.runWorker(Ljava/util/concurrent/ThreadPoolExecutor$Worker;)V+92 java.base@21.0.9
j  java.util.concurrent.ThreadPoolExecutor$Worker.run()V+5 java.base@21.0.9
j  java.lang.Thread.runWith(Ljava/lang/Object;Ljava/lang/Runnable;)V+5 java.base@21.0.9
j  java.lang.Thread.run()V+19 java.base@21.0.9
v  ~StubRoutines::call_stub 0x0000029f0753100d
invokestatic  184 invokestatic  [0x0000029f07547fe0, 0x0000029f075482a8]  712 bytes
[MachCode]
  0x0000029f07547fe0: 4883 ec08 | c5fa 1104 | 24eb 1f48 | 83ec 10c5 | fb11 0424 | eb14 4883 | ec10 4889 | 0424 48c7 
  0x0000029f07548000: 4424 0800 | 0000 00eb | 0150 4c89 | 6dc0 410f | b755 0148 | 8b4d d0c1 | e202 8b5c | d138 c1eb 
  0x0000029f07548020: 1081 e3ff | 0000 0081 | fbb8 0000 | 000f 84b4 | 0000 00bb | b800 0000 | e805 0000 | 00e9 9900 
  0x0000029f07548040: 0000 488b | d348 8d44 | 2408 4c89 | 6dc0 498b | cfc5 f877 | 4989 afa8 | 0300 0049 | 8987 9803 
  0x0000029f07548060: 0000 4883 | ec20 40f6 | c40f 0f84 | 1900 0000 | 4883 ec08 | 48b8 40fa | 9b66 f97f | 0000 ffd0 
  0x0000029f07548080: 4883 c408 | e90c 0000 | 0048 b840 | fa9b 66f9 | 7f00 00ff | d048 83c4 | 2049 c787 | 9803 0000 
  0x0000029f075480a0: 0000 0000 | 49c7 87a8 | 0300 0000 | 0000 0049 | c787 a003 | 0000 0000 | 0000 c5f8 | 7749 837f 
  0x0000029f075480c0: 0800 0f84 | 0500 0000 | e933 8efe | ff4c 8b6d | c04c 8b75 | c84e 8d74 | f500 c341 | 0fb7 5501 
  0x0000029f075480e0: 488b 4dd0 | c1e2 0248 | 8b5c d140 | 488b 5b08 | 488b 5b08 | 488b 5b18 | 80bb 3101 | 0000 040f 
  0x0000029f07548100: 840d 0000 | 004c 3bbb | 3801 0000 | 0f85 21ff | ffff 488b | 5cd1 408b | 54d1 50c1 | ea1c 49ba 
  0x0000029f07548120: 40d4 2a67 | f97f 0000 | 498b 14d2 | 5248 8b45 | d848 85c0 | 0f84 1200 | 0000 4883 | 4008 0148 
  0x0000029f07548140: 8358 0800 | 4883 c010 | 4889 45d8 | 488b 45d8 | 4885 c00f | 843d 0100 | 0080 78f0 | 0a0f 8533 
  0x0000029f07548160: 0100 0048 | 83c0 084c | 8b68 f841 | 83ed 0041 | 83fd 020f | 8c12 0100 | 004c 8b6b | 0845 0fb7 
  0x0000029f07548180: 6d2e 4c2b | 2841 83ed | 014e 8b6c | ec08 4d85 | ed75 0ef6 | 4008 0175 | 58f0 4883 | 4808 01eb 
  0x0000029f075481a0: 5045 8b6d | 0849 ba00 | 0000 0f9f | 0200 004d | 03ea 4d8b | d54c 3368 | 0849 f7c5 | fcff ffff 
  0x0000029f075481c0: 742f 41f6 | c502 7529 | 4883 7808 | 0074 1e48 | 8378 0801 | 7417 4d8b | ea4c 3368 | 0849 f7c5 
  0x0000029f075481e0: fcff ffff | 740b 4883 | 4808 02eb | 044c 8968 | 0848 83c0 | 104c 8b68 | e841 83ed | 0241 83fd 
  0x0000029f07548200: 020f 8c84 | 0000 004c | 8b6b 0845 | 0fb7 6d2e | 4c2b 2841 | 83ed 014e | 8b6c ec08 | 4d85 ed75 
  0x0000029f07548220: 0ef6 4008 | 0175 58f0 | 4883 4808 | 01eb 5045 | 8b6d 0849 | ba00 0000 | 0f9f 0200 | 004d 03ea 
  0x0000029f07548240: 4d8b d54c | 3368 0849 | f7c5 fcff | ffff 742f | 41f6 c502 | 7529 4883 | 7808 0074 | 1e48 8378 
  0x0000029f07548260: 0801 7417 | 4d8b ea4c | 3368 0849 | f7c5 fcff | ffff 740b | 4883 4808 | 02eb 044c | 8968 0848 
  0x0000029f07548280: 83c0 104c | 8b68 d841 | 83ed 0441 | c1e5 0349 | 03c5 4889 | 45d8 4c8d | 6c24 084c | 896d f0ff 
  0x0000029f075482a0: 6350 660f | 1f44 0000 
[/MachCode]

---------------  P R O C E S S  ---------------

Threads class SMR info:
_java_thread_list=0x0000029f7e4880f0, length=43, elements={
0x0000029f6f009680, 0x0000029f769f6420, 0x0000029f769f9c90, 0x0000029f769fb770,
0x0000029f769fc680, 0x0000029f769ff4a0, 0x0000029f76a00f00, 0x0000029f76a01c80,
0x0000029f76a739b0, 0x0000029f777f74e0, 0x0000029f7788ae30, 0x0000029f7c04e030,
0x0000029f7c4c8000, 0x0000029f7c4b4720, 0x0000029f7c4b4d80, 0x0000029f7c891150,
0x0000029f7c8f1750, 0x0000029f7c989bc0, 0x0000029f7ce3bfb0, 0x0000029f7cceda20,
0x0000029f7ccecd00, 0x0000029f7ccee0b0, 0x0000029f7ccee740, 0x0000029f7cceb950,
0x0000029f7ccebfe0, 0x0000029f7ccec670, 0x0000029f7cced390, 0x0000029f7df39870,
0x0000029f7df391e0, 0x0000029f7df384c0, 0x0000029f7df38b50, 0x0000029f7df39f00,
0x0000029f7df37e30, 0x0000029f7df37110, 0x0000029f7df3a590, 0x0000029f7e3bbdc0,
0x0000029f7e3b9660, 0x0000029f7e3b5b50, 0x0000029f7e3ba380, 0x0000029f7e3b7590,
0x0000029f7e3b7c20, 0x0000029f7e3baa10, 0x0000029f7e3b82b0
}

Java Threads: ( => current thread )
  0x0000029f6f009680 JavaThread "main"                              [_thread_blocked, id=18388, stack(0x000000cd0a000000,0x000000cd0a100000) (1024K)]
  0x0000029f769f6420 JavaThread "Reference Handler"          daemon [_thread_blocked, id=1764, stack(0x000000cd0a500000,0x000000cd0a600000) (1024K)]
  0x0000029f769f9c90 JavaThread "Finalizer"                  daemon [_thread_blocked, id=5968, stack(0x000000cd0a600000,0x000000cd0a700000) (1024K)]
  0x0000029f769fb770 JavaThread "Signal Dispatcher"          daemon [_thread_blocked, id=16980, stack(0x000000cd0a700000,0x000000cd0a800000) (1024K)]
  0x0000029f769fc680 JavaThread "Attach Listener"            daemon [_thread_blocked, id=18248, stack(0x000000cd0a800000,0x000000cd0a900000) (1024K)]
  0x0000029f769ff4a0 JavaThread "Service Thread"             daemon [_thread_blocked, id=10804, stack(0x000000cd0a900000,0x000000cd0aa00000) (1024K)]
  0x0000029f76a00f00 JavaThread "Monitor Deflation Thread"   daemon [_thread_blocked, id=4724, stack(0x000000cd0aa00000,0x000000cd0ab00000) (1024K)]
  0x0000029f76a01c80 JavaThread "C2 CompilerThread0"         daemon [_thread_blocked, id=14016, stack(0x000000cd0ab00000,0x000000cd0ac00000) (1024K)]
  0x0000029f76a739b0 JavaThread "C1 CompilerThread0"         daemon [_thread_blocked, id=18360, stack(0x000000cd0ac00000,0x000000cd0ad00000) (1024K)]
  0x0000029f777f74e0 JavaThread "Common-Cleaner"             daemon [_thread_blocked, id=3552, stack(0x000000cd0ad00000,0x000000cd0ae00000) (1024K)]
  0x0000029f7788ae30 JavaThread "Notification Thread"        daemon [_thread_blocked, id=15116, stack(0x000000cd0ae00000,0x000000cd0af00000) (1024K)]
  0x0000029f7c04e030 JavaThread "Active Thread: Equinox Container: 505baa85-6230-451d-9718-66cc0a86ad99"        [_thread_blocked, id=4756, stack(0x000000cd0b200000,0x000000cd0b300000) (1024K)]
  0x0000029f7c4c8000 JavaThread "Refresh Thread: Equinox Container: 505baa85-6230-451d-9718-66cc0a86ad99" daemon [_thread_blocked, id=11788, stack(0x000000cd0b300000,0x000000cd0b400000) (1024K)]
  0x0000029f7c4b4720 JavaThread "Framework Event Dispatcher: Equinox Container: 505baa85-6230-451d-9718-66cc0a86ad99" daemon [_thread_blocked, id=2940, stack(0x000000cd0b400000,0x000000cd0b500000) (1024K)]
  0x0000029f7c4b4d80 JavaThread "Start Level: Equinox Container: 505baa85-6230-451d-9718-66cc0a86ad99" daemon [_thread_blocked, id=14932, stack(0x000000cd0b500000,0x000000cd0b600000) (1024K)]
  0x0000029f7c891150 JavaThread "Bundle File Closer"         daemon [_thread_blocked, id=4176, stack(0x000000cd0b600000,0x000000cd0b700000) (1024K)]
  0x0000029f7c8f1750 JavaThread "SCR Component Actor"        daemon [_thread_blocked, id=10088, stack(0x000000cd0b700000,0x000000cd0b800000) (1024K)]
  0x0000029f7c989bc0 JavaThread "Worker-JM"                         [_thread_blocked, id=15712, stack(0x000000cd0b800000,0x000000cd0b900000) (1024K)]
  0x0000029f7ce3bfb0 JavaThread "JNA Cleaner"                daemon [_thread_blocked, id=14148, stack(0x000000cd0b900000,0x000000cd0ba00000) (1024K)]
  0x0000029f7cceda20 JavaThread "Worker-0"                          [_thread_blocked, id=5524, stack(0x000000cd0ba00000,0x000000cd0bb00000) (1024K)]
  0x0000029f7ccecd00 JavaThread "Worker-1"                          [_thread_blocked, id=17692, stack(0x000000cd0bb00000,0x000000cd0bc00000) (1024K)]
  0x0000029f7ccee0b0 JavaThread "Worker-2"                          [_thread_blocked, id=16432, stack(0x000000cd0bc00000,0x000000cd0bd00000) (1024K)]
  0x0000029f7ccee740 JavaThread "Worker-3"                          [_thread_blocked, id=5764, stack(0x000000cd0bd00000,0x000000cd0be00000) (1024K)]
  0x0000029f7cceb950 JavaThread "Java indexing"              daemon [_thread_blocked, id=16100, stack(0x000000cd0be00000,0x000000cd0bf00000) (1024K)]
  0x0000029f7ccebfe0 JavaThread "Worker-4: Initialize Workspace"        [_thread_blocked, id=10304, stack(0x000000cd0bf00000,0x000000cd0c000000) (1024K)]
  0x0000029f7ccec670 JavaThread "Worker-5"                          [_thread_blocked, id=10680, stack(0x000000cd0c000000,0x000000cd0c100000) (1024K)]
  0x0000029f7cced390 JavaThread "Thread-1"                   daemon [_thread_in_native, id=3664, stack(0x000000cd0c100000,0x000000cd0c200000) (1024K)]
  0x0000029f7df39870 JavaThread "Thread-2"                   daemon [_thread_in_native, id=2996, stack(0x000000cd0c200000,0x000000cd0c300000) (1024K)]
  0x0000029f7df391e0 JavaThread "Thread-3"                   daemon [_thread_in_native, id=16636, stack(0x000000cd0c300000,0x000000cd0c400000) (1024K)]
  0x0000029f7df384c0 JavaThread "Thread-4"                   daemon [_thread_in_native, id=3440, stack(0x000000cd0c400000,0x000000cd0c500000) (1024K)]
  0x0000029f7df38b50 JavaThread "Thread-5"                   daemon [_thread_in_native, id=11984, stack(0x000000cd0c500000,0x000000cd0c600000) (1024K)]
  0x0000029f7df39f00 JavaThread "pool-2-thread-1"                   [_thread_blocked, id=13892, stack(0x000000cd0c600000,0x000000cd0c700000) (1024K)]
  0x0000029f7df37e30 JavaThread "WorkspaceEventsHandler"            [_thread_blocked, id=6908, stack(0x000000cd0c700000,0x000000cd0c800000) (1024K)]
  0x0000029f7df37110 JavaThread "pool-1-thread-1"                   [_thread_blocked, id=9856, stack(0x000000cd0c800000,0x000000cd0c900000) (1024K)]
  0x0000029f7df3a590 JavaThread "ForkJoinPool.commonPool-worker-1" daemon [_thread_blocked, id=15208, stack(0x000000cd0c900000,0x000000cd0ca00000) (1024K)]
  0x0000029f7e3bbdc0 JavaThread "ForkJoinPool.commonPool-worker-2" daemon [_thread_blocked, id=6436, stack(0x000000cd0ca00000,0x000000cd0cb00000) (1024K)]
  0x0000029f7e3b9660 JavaThread "ForkJoinPool.commonPool-worker-3" daemon [_thread_blocked, id=10484, stack(0x000000cd0cb00000,0x000000cd0cc00000) (1024K)]
  0x0000029f7e3b5b50 JavaThread "LocalFile Deleter"          daemon [_thread_blocked, id=17028, stack(0x000000cd0ce00000,0x000000cd0cf00000) (1024K)]
  0x0000029f7e3ba380 JavaThread "LocalFile Deleter"          daemon [_thread_blocked, id=11244, stack(0x000000cd0cf00000,0x000000cd0d000000) (1024K)]
  0x0000029f7e3b7590 JavaThread "LocalFile Deleter"          daemon [_thread_blocked, id=14528, stack(0x000000cd0d000000,0x000000cd0d100000) (1024K)]
  0x0000029f7e3b7c20 JavaThread "LocalFile Deleter"          daemon [_thread_blocked, id=11416, stack(0x000000cd0d100000,0x000000cd0d200000) (1024K)]
  0x0000029f7e3baa10 JavaThread "Timer-0"                           [_thread_blocked, id=12232, stack(0x000000cd0d200000,0x000000cd0d300000) (1024K)]
=>0x0000029f7e3b82b0 JavaThread "Connection worker"                 [_thread_in_vm, id=11400, stack(0x000000cd0d300000,0x000000cd0d400000) (1024K)]
Total: 43

Other Threads:
  0x0000029f769db140 VMThread "VM Thread"                           [id=4264, stack(0x000000cd0a400000,0x000000cd0a500000) (1024K)]
  0x0000029f76951c40 WatcherThread "VM Periodic Task Thread"        [id=6420, stack(0x000000cd0a300000,0x000000cd0a400000) (1024K)]
  0x0000029f6f027ae0 WorkerThread "GC Thread#0"                     [id=12384, stack(0x000000cd0a200000,0x000000cd0a300000) (1024K)]
  0x0000029f77948b20 WorkerThread "GC Thread#1"                     [id=15884, stack(0x000000cd0af00000,0x000000cd0b000000) (1024K)]
  0x0000029f7c230040 WorkerThread "GC Thread#2"                     [id=16344, stack(0x000000cd0b000000,0x000000cd0b100000) (1024K)]
  0x0000029f7c2303e0 WorkerThread "GC Thread#3"                     [id=9492, stack(0x000000cd0b100000,0x000000cd0b200000) (1024K)]
Total: 6

Threads with active compile tasks:
Total: 0

VM state: not at safepoint (normal execution)

VM Mutex/Monitor currently owned by a thread:  ([mutex/lock_event])
[0x00007ff96729b4f0] Metaspace_lock - owner thread: 0x0000029f7e3b82b0

Heap address: 0x0000000080000000, size: 2048 MB, Compressed Oops mode: 32-bit

CDS archive(s) mapped at: [0x0000029f0f000000-0x0000029f0fba0000-0x0000029f0fba0000), size 12189696, SharedBaseAddress: 0x0000029f0f000000, ArchiveRelocationMode: 1.
Compressed class space mapped at: 0x0000029f10000000-0x0000029f50000000, reserved size: 1073741824
Narrow klass base: 0x0000029f0f000000, Narrow klass shift: 0, Narrow klass range: 0x100000000

GC Precious Log:
 CardTable entry size: 512
 CPUs: 4 total, 4 available
 Memory: 3919M
 Large Page Support: Disabled
 NUMA Support: Disabled
 Compressed Oops: Enabled (32-bit)
 Alignments: Space 512K, Generation 512K, Heap 2M
 Heap Min Capacity: 100M
 Heap Initial Capacity: 100M
 Heap Max Capacity: 2G
 Pre-touch: Disabled
 Parallel Workers: 4

Heap:
 PSYoungGen      total 23040K, used 18397K [0x00000000d5580000, 0x00000000d7980000, 0x0000000100000000)
  eden space 21504K, 80% used [0x00000000d5580000,0x00000000d66572c8,0x00000000d6a80000)
  from space 1536K, 75% used [0x00000000d7800000,0x00000000d7920408,0x00000000d7980000)
  to   space 1536K, 0% used [0x00000000d7680000,0x00000000d7680000,0x00000000d7800000)
 ParOldGen       total 68608K, used 59746K [0x0000000080000000, 0x0000000084300000, 0x00000000d5580000)
  object space 68608K, 87% used [0x0000000080000000,0x0000000083a58938,0x0000000084300000)
 Metaspace       used 51803K, committed 52992K, reserved 1114112K
  class space    used 5747K, committed 6272K, reserved 1048576K

Card table byte_map: [0x0000029f6e9f0000,0x0000029f6ee00000] _byte_map_base: 0x0000029f6e5f0000

Marking Bits: (ParMarkBitMap*) 0x00007ff9672a2460
 Begin Bits: [0x0000029f724d0000, 0x0000029f744d0000)
 End Bits:   [0x0000029f744d0000, 0x0000029f764d0000)

Polling page: 0x0000029f6e7e0000

Metaspace:

Usage:
  Non-class:     44.98 MB used.
      Class:      5.61 MB used.
       Both:     50.59 MB used.

Virtual space:
  Non-class space:       64.00 MB reserved,      45.62 MB ( 71%) committed,  1 nodes.
      Class space:        1.00 GB reserved,       6.12 MB ( <1%) committed,  1 nodes.
             Both:        1.06 GB reserved,      51.75 MB (  5%) committed. 

Chunk freelists:
   Non-Class:  2.36 MB
       Class:  9.88 MB
        Both:  12.23 MB

MaxMetaspaceSize: unlimited
CompressedClassSpaceSize: 1.00 GB
Initial GC threshold: 21.00 MB
Current GC threshold: 58.38 MB
CDS: on
 - commit_granule_bytes: 65536.
 - commit_granule_words: 8192.
 - virtual_space_node_default_size: 8388608.
 - enlarge_chunks_in_place: 1.
 - use_allocation_guard: 0.


Internal statistics:

num_allocs_failed_limit: 6.
num_arena_births: 874.
num_arena_deaths: 14.
num_vsnodes_births: 2.
num_vsnodes_deaths: 0.
num_space_committed: 828.
num_space_uncommitted: 0.
num_chunks_returned_to_freelist: 20.
num_chunks_taken_from_freelist: 3114.
num_chunk_merges: 11.
num_chunk_splits: 1969.
num_chunks_enlarged: 1210.
num_inconsistent_stats: 0.

CodeHeap 'non-profiled nmethods': size=120000Kb used=4381Kb max_used=4381Kb free=115618Kb
 bounds [0x0000029f07ad0000, 0x0000029f07f20000, 0x0000029f0f000000]
CodeHeap 'profiled nmethods': size=120000Kb used=15036Kb max_used=15036Kb free=104963Kb
 bounds [0x0000029f00000000, 0x0000029f00eb0000, 0x0000029f07530000]
CodeHeap 'non-nmethods': size=5760Kb used=1378Kb max_used=1447Kb free=4381Kb
 bounds [0x0000029f07530000, 0x0000029f077a0000, 0x0000029f07ad0000]
CodeCache: size=245760Kb, used=20795Kb, max_used=20864Kb, free=224962Kb
 total_blobs=7965, nmethods=7282, adapters=589, full_count=0
Compilation: enabled, stopped_count=0, restarted_count=0

Compilation events (20 events):
Event: 61.263 Thread 0x0000029f76a739b0 7848       3       java.util.regex.Pattern::compile (10 bytes)
Event: 61.263 Thread 0x0000029f76a739b0 nmethod 7848 0x0000029f00eab590 code [0x0000029f00eab740, 0x0000029f00eab8d8]
Event: 61.268 Thread 0x0000029f76a01c80 7849       4       java.lang.String::indexOf (101 bytes)
Event: 61.271 Thread 0x0000029f76a01c80 nmethod 7849 0x0000029f07f16810 code [0x0000029f07f169c0, 0x0000029f07f16d68]
Event: 61.280 Thread 0x0000029f76a739b0 7850       3       org.gradle.internal.classloader.FilteringClassLoader$TrieSet::find (9 bytes)
Event: 61.281 Thread 0x0000029f76a739b0 nmethod 7850 0x0000029f00eab990 code [0x0000029f00eabb40, 0x0000029f00eabca0]
Event: 61.281 Thread 0x0000029f76a739b0 7851       3       org.gradle.internal.util.Trie::find (135 bytes)
Event: 61.281 Thread 0x0000029f76a739b0 nmethod 7851 0x0000029f00eabd90 code [0x0000029f00eabfc0, 0x0000029f00eac760]
Event: 61.282 Thread 0x0000029f76a739b0 7852       3       sun.net.www.ParseUtil::match (50 bytes)
Event: 61.283 Thread 0x0000029f76a739b0 nmethod 7852 0x0000029f00eaca10 code [0x0000029f00eacbc0, 0x0000029f00eace30]
Event: 61.292 Thread 0x0000029f76a739b0 7853       3       java.lang.WeakPairMap$Pair$Weak::second (8 bytes)
Event: 61.293 Thread 0x0000029f76a739b0 nmethod 7853 0x0000029f00eacf10 code [0x0000029f00ead0a0, 0x0000029f00ead250]
Event: 61.296 Thread 0x0000029f76a739b0 7854       3       java.util.LinkedList::removeFirst (23 bytes)
Event: 61.297 Thread 0x0000029f76a739b0 nmethod 7854 0x0000029f00ead310 code [0x0000029f00ead4e0, 0x0000029f00ead730]
Event: 61.323 Thread 0x0000029f76a01c80 7855       4       java.lang.String::indexOf (18 bytes)
Event: 61.326 Thread 0x0000029f76a01c80 nmethod 7855 0x0000029f07f16f90 code [0x0000029f07f17140, 0x0000029f07f17528]
Event: 61.374 Thread 0x0000029f76a739b0 7856       3       org.gradle.internal.installation.GradleInstallation$1::accept (5 bytes)
Event: 61.375 Thread 0x0000029f76a739b0 nmethod 7856 0x0000029f00ead810 code [0x0000029f00eada00, 0x0000029f00eade58]
Event: 61.485 Thread 0x0000029f76a739b0 7857   !   3       org.gradle.internal.classloader.FilteringClassLoader::loadClass (62 bytes)
Event: 61.486 Thread 0x0000029f76a739b0 nmethod 7857 0x0000029f00eae010 code [0x0000029f00eae2c0, 0x0000029f00eaee78]

GC Heap History (20 events):
Event: 24.432 GC heap before
{Heap before GC invocations=21 (full 2):
 PSYoungGen      total 23552K, used 23323K [0x00000000d5580000, 0x00000000d6f00000, 0x0000000100000000)
  eden space 21504K, 100% used [0x00000000d5580000,0x00000000d6a80000,0x00000000d6a80000)
  from space 2048K, 88% used [0x00000000d6d00000,0x00000000d6ec6e98,0x00000000d6f00000)
  to   space 2048K, 0% used [0x00000000d6b00000,0x00000000d6b00000,0x00000000d6d00000)
 ParOldGen       total 68608K, used 25248K [0x0000000080000000, 0x0000000084300000, 0x00000000d5580000)
  object space 68608K, 36% used [0x0000000080000000,0x00000000818a8010,0x0000000084300000)
 Metaspace       used 45483K, committed 46592K, reserved 1114112K
  class space    used 4916K, committed 5376K, reserved 1048576K
}
Event: 24.459 GC heap after
{Heap after GC invocations=21 (full 2):
 PSYoungGen      total 23552K, used 2039K [0x00000000d5580000, 0x00000000d9380000, 0x0000000100000000)
  eden space 21504K, 0% used [0x00000000d5580000,0x00000000d5580000,0x00000000d6a80000)
  from space 2048K, 99% used [0x00000000d6b00000,0x00000000d6cfdd08,0x00000000d6d00000)
  to   space 20992K, 0% used [0x00000000d7f00000,0x00000000d7f00000,0x00000000d9380000)
 ParOldGen       total 68608K, used 41111K [0x0000000080000000, 0x0000000084300000, 0x00000000d5580000)
  object space 68608K, 59% used [0x0000000080000000,0x0000000082825c68,0x0000000084300000)
 Metaspace       used 45483K, committed 46592K, reserved 1114112K
  class space    used 4916K, committed 5376K, reserved 1048576K
}
Event: 51.606 GC heap before
{Heap before GC invocations=22 (full 2):
 PSYoungGen      total 23552K, used 23533K [0x00000000d5580000, 0x00000000d9380000, 0x0000000100000000)
  eden space 21504K, 99% used [0x00000000d5580000,0x00000000d6a7d9b8,0x00000000d6a80000)
  from space 2048K, 99% used [0x00000000d6b00000,0x00000000d6cfdd08,0x00000000d6d00000)
  to   space 20992K, 0% used [0x00000000d7f00000,0x00000000d7f00000,0x00000000d9380000)
 ParOldGen       total 68608K, used 41111K [0x0000000080000000, 0x0000000084300000, 0x00000000d5580000)
  object space 68608K, 59% used [0x0000000080000000,0x0000000082825c68,0x0000000084300000)
 Metaspace       used 46408K, committed 47488K, reserved 1114112K
  class space    used 5021K, committed 5504K, reserved 1048576K
}
Event: 51.752 GC heap after
{Heap after GC invocations=22 (full 2):
 PSYoungGen      total 25088K, used 3168K [0x00000000d5580000, 0x00000000d8280000, 0x0000000100000000)
  eden space 21504K, 0% used [0x00000000d5580000,0x00000000d5580000,0x00000000d6a80000)
  from space 3584K, 88% used [0x00000000d7f00000,0x00000000d8218000,0x00000000d8280000)
  to   space 8704K, 0% used [0x00000000d7180000,0x00000000d7180000,0x00000000d7a00000)
 ParOldGen       total 68608K, used 42621K [0x0000000080000000, 0x0000000084300000, 0x00000000d5580000)
  object space 68608K, 62% used [0x0000000080000000,0x000000008299f458,0x0000000084300000)
 Metaspace       used 46408K, committed 47488K, reserved 1114112K
  class space    used 5021K, committed 5504K, reserved 1048576K
}
Event: 53.842 GC heap before
{Heap before GC invocations=23 (full 2):
 PSYoungGen      total 25088K, used 24672K [0x00000000d5580000, 0x00000000d8280000, 0x0000000100000000)
  eden space 21504K, 100% used [0x00000000d5580000,0x00000000d6a80000,0x00000000d6a80000)
  from space 3584K, 88% used [0x00000000d7f00000,0x00000000d8218000,0x00000000d8280000)
  to   space 8704K, 0% used [0x00000000d7180000,0x00000000d7180000,0x00000000d7a00000)
 ParOldGen       total 68608K, used 42621K [0x0000000080000000, 0x0000000084300000, 0x00000000d5580000)
  object space 68608K, 62% used [0x0000000080000000,0x000000008299f458,0x0000000084300000)
 Metaspace       used 47826K, committed 49024K, reserved 1114112K
  class space    used 5162K, committed 5760K, reserved 1048576K
}
Event: 53.857 GC heap after
{Heap after GC invocations=23 (full 2):
 PSYoungGen      total 30208K, used 2048K [0x00000000d5580000, 0x00000000d7f80000, 0x0000000100000000)
  eden space 21504K, 0% used [0x00000000d5580000,0x00000000d5580000,0x00000000d6a80000)
  from space 8704K, 23% used [0x00000000d7180000,0x00000000d7380030,0x00000000d7a00000)
  to   space 3584K, 0% used [0x00000000d7c00000,0x00000000d7c00000,0x00000000d7f80000)
 ParOldGen       total 68608K, used 45693K [0x0000000080000000, 0x0000000084300000, 0x00000000d5580000)
  object space 68608K, 66% used [0x0000000080000000,0x0000000082c9f698,0x0000000084300000)
 Metaspace       used 47826K, committed 49024K, reserved 1114112K
  class space    used 5162K, committed 5760K, reserved 1048576K
}
Event: 54.565 GC heap before
{Heap before GC invocations=24 (full 2):
 PSYoungGen      total 30208K, used 23552K [0x00000000d5580000, 0x00000000d7f80000, 0x0000000100000000)
  eden space 21504K, 100% used [0x00000000d5580000,0x00000000d6a80000,0x00000000d6a80000)
  from space 8704K, 23% used [0x00000000d7180000,0x00000000d7380030,0x00000000d7a00000)
  to   space 3584K, 0% used [0x00000000d7c00000,0x00000000d7c00000,0x00000000d7f80000)
 ParOldGen       total 68608K, used 45693K [0x0000000080000000, 0x0000000084300000, 0x00000000d5580000)
  object space 68608K, 66% used [0x0000000080000000,0x0000000082c9f698,0x0000000084300000)
 Metaspace       used 48226K, committed 49408K, reserved 1114112K
  class space    used 5223K, committed 5760K, reserved 1048576K
}
Event: 54.571 GC heap after
{Heap after GC invocations=24 (full 2):
 PSYoungGen      total 24064K, used 2385K [0x00000000d5580000, 0x00000000d7e80000, 0x0000000100000000)
  eden space 21504K, 0% used [0x00000000d5580000,0x00000000d5580000,0x00000000d6a80000)
  from space 2560K, 93% used [0x00000000d7c00000,0x00000000d7e54420,0x00000000d7e80000)
  to   space 2560K, 0% used [0x00000000d7980000,0x00000000d7980000,0x00000000d7c00000)
 ParOldGen       total 68608K, used 47616K [0x0000000080000000, 0x0000000084300000, 0x00000000d5580000)
  object space 68608K, 69% used [0x0000000080000000,0x0000000082e801f8,0x0000000084300000)
 Metaspace       used 48226K, committed 49408K, reserved 1114112K
  class space    used 5223K, committed 5760K, reserved 1048576K
}
Event: 54.978 GC heap before
{Heap before GC invocations=25 (full 2):
 PSYoungGen      total 24064K, used 23889K [0x00000000d5580000, 0x00000000d7e80000, 0x0000000100000000)
  eden space 21504K, 100% used [0x00000000d5580000,0x00000000d6a80000,0x00000000d6a80000)
  from space 2560K, 93% used [0x00000000d7c00000,0x00000000d7e54420,0x00000000d7e80000)
  to   space 2560K, 0% used [0x00000000d7980000,0x00000000d7980000,0x00000000d7c00000)
 ParOldGen       total 68608K, used 47616K [0x0000000080000000, 0x0000000084300000, 0x00000000d5580000)
  object space 68608K, 69% used [0x0000000080000000,0x0000000082e801f8,0x0000000084300000)
 Metaspace       used 48256K, committed 49408K, reserved 1114112K
  class space    used 5223K, committed 5760K, reserved 1048576K
}
Event: 54.987 GC heap after
{Heap after GC invocations=25 (full 2):
 PSYoungGen      total 24064K, used 2530K [0x00000000d5580000, 0x00000000d7c80000, 0x0000000100000000)
  eden space 21504K, 0% used [0x00000000d5580000,0x00000000d5580000,0x00000000d6a80000)
  from space 2560K, 98% used [0x00000000d7980000,0x00000000d7bf8810,0x00000000d7c00000)
  to   space 512K, 0% used [0x00000000d7c00000,0x00000000d7c00000,0x00000000d7c80000)
 ParOldGen       total 68608K, used 49843K [0x0000000080000000, 0x0000000084300000, 0x00000000d5580000)
  object space 68608K, 72% used [0x0000000080000000,0x00000000830aced8,0x0000000084300000)
 Metaspace       used 48256K, committed 49408K, reserved 1114112K
  class space    used 5223K, committed 5760K, reserved 1048576K
}
Event: 55.266 GC heap before
{Heap before GC invocations=26 (full 2):
 PSYoungGen      total 24064K, used 24034K [0x00000000d5580000, 0x00000000d7c80000, 0x0000000100000000)
  eden space 21504K, 100% used [0x00000000d5580000,0x00000000d6a80000,0x00000000d6a80000)
  from space 2560K, 98% used [0x00000000d7980000,0x00000000d7bf8810,0x00000000d7c00000)
  to   space 512K, 0% used [0x00000000d7c00000,0x00000000d7c00000,0x00000000d7c80000)
 ParOldGen       total 68608K, used 49843K [0x0000000080000000, 0x0000000084300000, 0x00000000d5580000)
  object space 68608K, 72% used [0x0000000080000000,0x00000000830aced8,0x0000000084300000)
 Metaspace       used 48259K, committed 49408K, reserved 1114112K
  class space    used 5223K, committed 5760K, reserved 1048576K
}
Event: 55.272 GC heap after
{Heap after GC invocations=26 (full 2):
 PSYoungGen      total 22016K, used 512K [0x00000000d5580000, 0x00000000d7c80000, 0x0000000100000000)
  eden space 21504K, 0% used [0x00000000d5580000,0x00000000d5580000,0x00000000d6a80000)
  from space 512K, 100% used [0x00000000d7c00000,0x00000000d7c80000,0x00000000d7c80000)
  to   space 5120K, 0% used [0x00000000d7280000,0x00000000d7280000,0x00000000d7780000)
 ParOldGen       total 68608K, used 53930K [0x0000000080000000, 0x0000000084300000, 0x00000000d5580000)
  object space 68608K, 78% used [0x0000000080000000,0x00000000834aa998,0x0000000084300000)
 Metaspace       used 48259K, committed 49408K, reserved 1114112K
  class space    used 5223K, committed 5760K, reserved 1048576K
}
Event: 55.531 GC heap before
{Heap before GC invocations=27 (full 2):
 PSYoungGen      total 22016K, used 22016K [0x00000000d5580000, 0x00000000d7c80000, 0x0000000100000000)
  eden space 21504K, 100% used [0x00000000d5580000,0x00000000d6a80000,0x00000000d6a80000)
  from space 512K, 100% used [0x00000000d7c00000,0x00000000d7c80000,0x00000000d7c80000)
  to   space 5120K, 0% used [0x00000000d7280000,0x00000000d7280000,0x00000000d7780000)
 ParOldGen       total 68608K, used 53930K [0x0000000080000000, 0x0000000084300000, 0x00000000d5580000)
  object space 68608K, 78% used [0x0000000080000000,0x00000000834aa998,0x0000000084300000)
 Metaspace       used 48289K, committed 49536K, reserved 1114112K
  class space    used 5223K, committed 5824K, reserved 1048576K
}
Event: 55.536 GC heap after
{Heap after GC invocations=27 (full 2):
 PSYoungGen      total 26624K, used 2368K [0x00000000d5580000, 0x00000000d7c80000, 0x0000000100000000)
  eden space 21504K, 0% used [0x00000000d5580000,0x00000000d5580000,0x00000000d6a80000)
  from space 5120K, 46% used [0x00000000d7280000,0x00000000d74d0010,0x00000000d7780000)
  to   space 3584K, 0% used [0x00000000d7900000,0x00000000d7900000,0x00000000d7c80000)
 ParOldGen       total 68608K, used 54463K [0x0000000080000000, 0x0000000084300000, 0x00000000d5580000)
  object space 68608K, 79% used [0x0000000080000000,0x000000008352fec0,0x0000000084300000)
 Metaspace       used 48289K, committed 49536K, reserved 1114112K
  class space    used 5223K, committed 5824K, reserved 1048576K
}
Event: 55.974 GC heap before
{Heap before GC invocations=28 (full 2):
 PSYoungGen      total 26624K, used 23872K [0x00000000d5580000, 0x00000000d7c80000, 0x0000000100000000)
  eden space 21504K, 100% used [0x00000000d5580000,0x00000000d6a80000,0x00000000d6a80000)
  from space 5120K, 46% used [0x00000000d7280000,0x00000000d74d0010,0x00000000d7780000)
  to   space 3584K, 0% used [0x00000000d7900000,0x00000000d7900000,0x00000000d7c80000)
 ParOldGen       total 68608K, used 54463K [0x0000000080000000, 0x0000000084300000, 0x00000000d5580000)
  object space 68608K, 79% used [0x0000000080000000,0x000000008352fec0,0x0000000084300000)
 Metaspace       used 48321K, committed 49536K, reserved 1114112K
  class space    used 5224K, committed 5824K, reserved 1048576K
}
Event: 55.981 GC heap after
{Heap after GC invocations=28 (full 2):
 PSYoungGen      total 23552K, used 2040K [0x00000000d5580000, 0x00000000d7b00000, 0x0000000100000000)
  eden space 21504K, 0% used [0x00000000d5580000,0x00000000d5580000,0x00000000d6a80000)
  from space 2048K, 99% used [0x00000000d7900000,0x00000000d7afe200,0x00000000d7b00000)
  to   space 2560K, 0% used [0x00000000d7600000,0x00000000d7600000,0x00000000d7880000)
 ParOldGen       total 68608K, used 56791K [0x0000000080000000, 0x0000000084300000, 0x00000000d5580000)
  object space 68608K, 82% used [0x0000000080000000,0x0000000083775ed0,0x0000000084300000)
 Metaspace       used 48321K, committed 49536K, reserved 1114112K
  class space    used 5224K, committed 5824K, reserved 1048576K
}
Event: 58.216 GC heap before
{Heap before GC invocations=29 (full 2):
 PSYoungGen      total 23552K, used 23544K [0x00000000d5580000, 0x00000000d7b00000, 0x0000000100000000)
  eden space 21504K, 100% used [0x00000000d5580000,0x00000000d6a80000,0x00000000d6a80000)
  from space 2048K, 99% used [0x00000000d7900000,0x00000000d7afe200,0x00000000d7b00000)
  to   space 2560K, 0% used [0x00000000d7600000,0x00000000d7600000,0x00000000d7880000)
 ParOldGen       total 68608K, used 56791K [0x0000000080000000, 0x0000000084300000, 0x00000000d5580000)
  object space 68608K, 82% used [0x0000000080000000,0x0000000083775ed0,0x0000000084300000)
 Metaspace       used 49286K, committed 50432K, reserved 1114112K
  class space    used 5332K, committed 5888K, reserved 1048576K
}
Event: 58.223 GC heap after
{Heap after GC invocations=29 (full 2):
 PSYoungGen      total 22016K, used 368K [0x00000000d5580000, 0x00000000d7980000, 0x0000000100000000)
  eden space 21504K, 0% used [0x00000000d5580000,0x00000000d5580000,0x00000000d6a80000)
  from space 512K, 71% used [0x00000000d7600000,0x00000000d765c010,0x00000000d7680000)
  to   space 1536K, 0% used [0x00000000d7800000,0x00000000d7800000,0x00000000d7980000)
 ParOldGen       total 68608K, used 58781K [0x0000000080000000, 0x0000000084300000, 0x00000000d5580000)
  object space 68608K, 85% used [0x0000000080000000,0x0000000083967428,0x0000000084300000)
 Metaspace       used 49286K, committed 50432K, reserved 1114112K
  class space    used 5332K, committed 5888K, reserved 1048576K
}
Event: 60.440 GC heap before
{Heap before GC invocations=30 (full 2):
 PSYoungGen      total 22016K, used 21872K [0x00000000d5580000, 0x00000000d7980000, 0x0000000100000000)
  eden space 21504K, 100% used [0x00000000d5580000,0x00000000d6a80000,0x00000000d6a80000)
  from space 512K, 71% used [0x00000000d7600000,0x00000000d765c010,0x00000000d7680000)
  to   space 1536K, 0% used [0x00000000d7800000,0x00000000d7800000,0x00000000d7980000)
 ParOldGen       total 68608K, used 58781K [0x0000000080000000, 0x0000000084300000, 0x00000000d5580000)
  object space 68608K, 85% used [0x0000000080000000,0x0000000083967428,0x0000000084300000)
 Metaspace       used 50983K, committed 52224K, reserved 1114112K
  class space    used 5605K, committed 6144K, reserved 1048576K
}
Event: 60.443 GC heap after
{Heap after GC invocations=30 (full 2):
 PSYoungGen      total 23040K, used 1153K [0x00000000d5580000, 0x00000000d7980000, 0x0000000100000000)
  eden space 21504K, 0% used [0x00000000d5580000,0x00000000d5580000,0x00000000d6a80000)
  from space 1536K, 75% used [0x00000000d7800000,0x00000000d7920408,0x00000000d7980000)
  to   space 1536K, 0% used [0x00000000d7680000,0x00000000d7680000,0x00000000d7800000)
 ParOldGen       total 68608K, used 59746K [0x0000000080000000, 0x0000000084300000, 0x00000000d5580000)
  object space 68608K, 87% used [0x0000000080000000,0x0000000083a58938,0x0000000084300000)
 Metaspace       used 50983K, committed 52224K, reserved 1114112K
  class space    used 5605K, committed 6144K, reserved 1048576K
}

Dll operation events (12 events):
Event: 0.011 Loaded shared library c:\Users\HP\.vscode\extensions\redhat.java-1.52.0-win32-x64\jre\21.0.9-win32-x86_64\bin\java.dll
Event: 0.775 Loaded shared library c:\Users\HP\.vscode\extensions\redhat.java-1.52.0-win32-x64\jre\21.0.9-win32-x86_64\bin\zip.dll
Event: 0.851 Loaded shared library C:\Users\HP\.vscode\extensions\redhat.java-1.52.0-win32-x64\jre\21.0.9-win32-x86_64\bin\instrument.dll
Event: 0.859 Loaded shared library C:\Users\HP\.vscode\extensions\redhat.java-1.52.0-win32-x64\jre\21.0.9-win32-x86_64\bin\net.dll
Event: 0.862 Loaded shared library C:\Users\HP\.vscode\extensions\redhat.java-1.52.0-win32-x64\jre\21.0.9-win32-x86_64\bin\nio.dll
Event: 0.866 Loaded shared library C:\Users\HP\.vscode\extensions\redhat.java-1.52.0-win32-x64\jre\21.0.9-win32-x86_64\bin\zip.dll
Event: 0.919 Loaded shared library C:\Users\HP\.vscode\extensions\redhat.java-1.52.0-win32-x64\jre\21.0.9-win32-x86_64\bin\jimage.dll
Event: 1.053 Loaded shared library c:\Users\HP\.vscode\extensions\redhat.java-1.52.0-win32-x64\jre\21.0.9-win32-x86_64\bin\verify.dll
Event: 5.388 Loaded shared library C:\Users\HP\AppData\Roaming\Code\User\globalStorage\redhat.java\1.52.0\config_win\org.eclipse.equinox.launcher\org.eclipse.equinox.launcher.win32.win32.x86_64_1.2.1500.v20260121-1430\eclipse_11919.dll
Event: 10.547 Loaded shared library C:\Users\HP\AppData\Local\Temp\jna-2312\jna11206866385864346881.dll
Event: 17.982 Loaded shared library C:\Users\HP\.vscode\extensions\redhat.java-1.52.0-win32-x64\jre\21.0.9-win32-x86_64\bin\management.dll
Event: 18.004 Loaded shared library C:\Users\HP\.vscode\extensions\redhat.java-1.52.0-win32-x64\jre\21.0.9-win32-x86_64\bin\management_ext.dll

Deoptimization events (20 events):
Event: 60.960 Thread 0x0000029f7e3b82b0 Uncommon trap: trap_request=0xffffff45 fr.pc=0x0000029f07c5fee0 relative=0x00000000000001a0
Event: 60.960 Thread 0x0000029f7e3b82b0 Uncommon trap: reason=unstable_if action=reinterpret pc=0x0000029f07c5fee0 method=java.lang.String.hashCode()I @ 20 c2
Event: 60.960 Thread 0x0000029f7e3b82b0 DEOPT PACKING pc=0x0000029f07c5fee0 sp=0x000000cd0d3fd190
Event: 60.960 Thread 0x0000029f7e3b82b0 DEOPT UNPACKING pc=0x0000029f07583aa2 sp=0x000000cd0d3fd0b8 mode 2
Event: 60.960 Thread 0x0000029f7e3b82b0 Uncommon trap: trap_request=0xffffff45 fr.pc=0x0000029f07d837e8 relative=0x00000000000004e8
Event: 60.960 Thread 0x0000029f7e3b82b0 Uncommon trap: reason=unstable_if action=reinterpret pc=0x0000029f07d837e8 method=jdk.internal.util.ArraysSupport.vectorizedHashCode(Ljava/lang/Object;IIII)I @ 61 c2
Event: 60.960 Thread 0x0000029f7e3b82b0 DEOPT PACKING pc=0x0000029f07d837e8 sp=0x000000cd0d3fd020
Event: 60.960 Thread 0x0000029f7e3b82b0 DEOPT UNPACKING pc=0x0000029f07583aa2 sp=0x000000cd0d3fcfd0 mode 2
Event: 60.960 Thread 0x0000029f7e3b82b0 Uncommon trap: trap_request=0xffffff45 fr.pc=0x0000029f07f038d4 relative=0x0000000000002274
Event: 60.960 Thread 0x0000029f7e3b82b0 Uncommon trap: reason=unstable_if action=reinterpret pc=0x0000029f07f038d4 method=java.util.zip.ZipFile$Source.isMetaName([BII)Z @ 57 c2
Event: 60.960 Thread 0x0000029f7e3b82b0 DEOPT PACKING pc=0x0000029f07f038d4 sp=0x000000cd0d3fd330
Event: 60.960 Thread 0x0000029f7e3b82b0 DEOPT UNPACKING pc=0x0000029f07583aa2 sp=0x000000cd0d3fd290 mode 2
Event: 60.960 Thread 0x0000029f7e3b82b0 Uncommon trap: trap_request=0xffffff45 fr.pc=0x0000029f07bb8250 relative=0x0000000000000190
Event: 60.960 Thread 0x0000029f7e3b82b0 Uncommon trap: reason=unstable_if action=reinterpret pc=0x0000029f07bb8250 method=java.util.zip.ZipFile$Source.isMetaName([BII)Z @ 57 c2
Event: 60.960 Thread 0x0000029f7e3b82b0 DEOPT PACKING pc=0x0000029f07bb8250 sp=0x000000cd0d3fd2e0
Event: 60.960 Thread 0x0000029f7e3b82b0 DEOPT UNPACKING pc=0x0000029f07583aa2 sp=0x000000cd0d3fd288 mode 2
Event: 61.014 Thread 0x0000029f7e3b82b0 DEOPT PACKING pc=0x0000029f00e99e67 sp=0x000000cd0d3fd290
Event: 61.014 Thread 0x0000029f7e3b82b0 DEOPT UNPACKING pc=0x0000029f07584242 sp=0x000000cd0d3fc800 mode 0
Event: 61.031 Thread 0x0000029f7e3b82b0 DEOPT PACKING pc=0x0000029f0014bcb9 sp=0x000000cd0d3fd6c0
Event: 61.031 Thread 0x0000029f7e3b82b0 DEOPT UNPACKING pc=0x0000029f07584242 sp=0x000000cd0d3fcbc0 mode 0

Classes loaded (20 events):
Event: 58.163 Loading class java/util/ArrayDeque$DeqSpliterator
Event: 58.163 Loading class java/util/ArrayDeque$DeqSpliterator done
Event: 58.589 Loading class java/util/concurrent/ConcurrentHashMap$EntrySpliterator
Event: 58.589 Loading class java/util/concurrent/ConcurrentHashMap$EntrySpliterator done
Event: 58.608 Loading class java/util/WeakHashMap$KeyIterator
Event: 58.608 Loading class java/util/WeakHashMap$KeyIterator done
Event: 58.679 Loading class java/util/Hashtable$KeySet
Event: 58.680 Loading class java/util/Hashtable$KeySet done
Event: 58.836 Loading class java/util/concurrent/CopyOnWriteArraySet
Event: 58.837 Loading class java/util/concurrent/CopyOnWriteArraySet done
Event: 59.097 Loading class java/util/concurrent/ArrayBlockingQueue
Event: 59.098 Loading class java/util/concurrent/ArrayBlockingQueue done
Event: 59.570 Loading class java/net/HttpURLConnection
Event: 59.611 Loading class java/net/HttpURLConnection done
Event: 59.989 Loading class java/io/FileFilter
Event: 59.990 Loading class java/io/FileFilter done
Event: 60.058 Loading class java/util/concurrent/ConcurrentHashMap$ValueSpliterator
Event: 60.059 Loading class java/util/concurrent/ConcurrentHashMap$ValueSpliterator done
Event: 60.060 Loading class jdk/internal/loader/BootLoader$PackageHelper
Event: 60.061 Loading class jdk/internal/loader/BootLoader$PackageHelper done

Classes unloaded (7 events):
Event: 12.419 Thread 0x0000029f769db140 Unloading class 0x0000029f101ad400 'java/lang/invoke/LambdaForm$MH+0x0000029f101ad400'
Event: 12.419 Thread 0x0000029f769db140 Unloading class 0x0000029f101ad000 'java/lang/invoke/LambdaForm$MH+0x0000029f101ad000'
Event: 12.419 Thread 0x0000029f769db140 Unloading class 0x0000029f101acc00 'java/lang/invoke/LambdaForm$MH+0x0000029f101acc00'
Event: 12.419 Thread 0x0000029f769db140 Unloading class 0x0000029f101ac800 'java/lang/invoke/LambdaForm$MH+0x0000029f101ac800'
Event: 12.419 Thread 0x0000029f769db140 Unloading class 0x0000029f101ac400 'java/lang/invoke/LambdaForm$BMH+0x0000029f101ac400'
Event: 12.419 Thread 0x0000029f769db140 Unloading class 0x0000029f101ac000 'java/lang/invoke/LambdaForm$DMH+0x0000029f101ac000'
Event: 12.419 Thread 0x0000029f769db140 Unloading class 0x0000029f101aac00 'java/lang/invoke/LambdaForm$DMH+0x0000029f101aac00'

Classes redefined (0 events):
No events

Internal exceptions (20 events):
Event: 57.656 Thread 0x0000029f7ccebfe0 Exception <a 'sun/nio/fs/WindowsException'{0x00000000d63f8398}> (0x00000000d63f8398) 
thrown [s\src\hotspot\share\prims\jni.cpp, line 520]
Event: 57.657 Thread 0x0000029f7ccebfe0 Exception <a 'sun/nio/fs/WindowsException'{0x00000000d63fb910}> (0x00000000d63fb910) 
thrown [s\src\hotspot\share\prims\jni.cpp, line 520]
Event: 57.657 Thread 0x0000029f7ccebfe0 Exception <a 'sun/nio/fs/WindowsException'{0x00000000d63fbf18}> (0x00000000d63fbf18) 
thrown [s\src\hotspot\share\prims\jni.cpp, line 520]
Event: 57.657 Thread 0x0000029f7ccebfe0 Exception <a 'sun/nio/fs/WindowsException'{0x00000000d63fc530}> (0x00000000d63fc530) 
thrown [s\src\hotspot\share\prims\jni.cpp, line 520]
Event: 57.657 Thread 0x0000029f7ccebfe0 Exception <a 'sun/nio/fs/WindowsException'{0x00000000d63fcb58}> (0x00000000d63fcb58) 
thrown [s\src\hotspot\share\prims\jni.cpp, line 520]
Event: 57.657 Thread 0x0000029f7ccebfe0 Exception <a 'sun/nio/fs/WindowsException'{0x00000000d6400638}> (0x00000000d6400638) 
thrown [s\src\hotspot\share\prims\jni.cpp, line 520]
Event: 57.657 Thread 0x0000029f7ccebfe0 Exception <a 'sun/nio/fs/WindowsException'{0x00000000d6400c08}> (0x00000000d6400c08) 
thrown [s\src\hotspot\share\prims\jni.cpp, line 520]
Event: 57.658 Thread 0x0000029f7ccebfe0 Exception <a 'sun/nio/fs/WindowsException'{0x00000000d64011d8}> (0x00000000d64011d8) 
thrown [s\src\hotspot\share\prims\jni.cpp, line 520]
Event: 57.658 Thread 0x0000029f7ccebfe0 Exception <a 'sun/nio/fs/WindowsException'{0x00000000d64017c8}> (0x00000000d64017c8) 
thrown [s\src\hotspot\share\prims\jni.cpp, line 520]
Event: 57.658 Thread 0x0000029f7ccebfe0 Exception <a 'sun/nio/fs/WindowsException'{0x00000000d6405698}> (0x00000000d6405698) 
thrown [s\src\hotspot\share\prims\jni.cpp, line 520]
Event: 57.658 Thread 0x0000029f7ccebfe0 Exception <a 'sun/nio/fs/WindowsException'{0x00000000d6405c98}> (0x00000000d6405c98) 
thrown [s\src\hotspot\share\prims\jni.cpp, line 520]
Event: 57.658 Thread 0x0000029f7ccebfe0 Exception <a 'sun/nio/fs/WindowsException'{0x00000000d6406298}> (0x00000000d6406298) 
thrown [s\src\hotspot\share\prims\jni.cpp, line 520]
Event: 57.658 Thread 0x0000029f7ccebfe0 Exception <a 'sun/nio/fs/WindowsException'{0x00000000d64068b8}> (0x00000000d64068b8) 
thrown [s\src\hotspot\share\prims\jni.cpp, line 520]
Event: 58.595 Thread 0x0000029f7ccee0b0 Exception <a 'sun/nio/fs/WindowsException'{0x00000000d59809c0}> (0x00000000d59809c0) 
thrown [s\src\hotspot\share\prims\jni.cpp, line 520]
Event: 58.595 Thread 0x0000029f7ccee0b0 Exception <a 'sun/nio/fs/WindowsException'{0x00000000d5981230}> (0x00000000d5981230) 
thrown [s\src\hotspot\share\prims\jni.cpp, line 520]
Event: 58.623 Thread 0x0000029f7ccee0b0 Exception <a 'java/io/FileNotFoundException'{0x00000000d5a600d8}> (0x00000000d5a600d8) 
thrown [s\src\hotspot\share\prims\jni.cpp, line 520]
Event: 58.624 Thread 0x0000029f7ccee0b0 Exception <a 'java/io/FileNotFoundException'{0x00000000d5a61100}> (0x00000000d5a61100) 
thrown [s\src\hotspot\share\prims\jni.cpp, line 520]
Event: 58.624 Thread 0x0000029f7ccee0b0 Exception <a 'java/io/FileNotFoundException'{0x00000000d5a61e80}> (0x00000000d5a61e80) 
thrown [s\src\hotspot\share\prims\jni.cpp, line 520]
Event: 58.840 Thread 0x0000029f7ccebfe0 Exception <a 'java/lang/NoSuchMethodError'{0x00000000d5f06300}: 'java.lang.Object java.lang.invoke.DirectMethodHandle$Holder.invokeVirtual(java.lang.Object, java.lang.Object, java.lang.Object, java.lang.Object)'> (0x00000000d5f06300) 
thrown [s\src\hotspot\share\interpreter\linkResolver.cpp, line 773]
Event: 58.843 Thread 0x0000029f7ccebfe0 Exception <a 'java/lang/NoSuchMethodError'{0x00000000d5f28fc0}: 'java.lang.Object java.lang.invoke.DirectMethodHandle$Holder.invokeVirtual(java.lang.Object, java.lang.Object, java.lang.Object, java.lang.Object, java.lang.Object)'> (0x00000000d5f28fc0) 
thrown [s\src\hotspot\share\interpreter\linkResolver.cpp, line 773]

ZGC Phase Switch (0 events):
No events

VM Operations (20 events):
Event: 57.316 Executing VM operation: Cleanup
Event: 57.316 Executing VM operation: Cleanup done
Event: 58.197 Executing VM operation: ParallelGCFailedAllocation (Allocation Failure)
Event: 58.223 Executing VM operation: ParallelGCFailedAllocation (Allocation Failure) done
Event: 58.598 Executing VM operation: HandshakeAllThreads (Deoptimize)
Event: 58.598 Executing VM operation: HandshakeAllThreads (Deoptimize) done
Event: 58.600 Executing VM operation: HandshakeAllThreads (Deoptimize)
Event: 58.600 Executing VM operation: HandshakeAllThreads (Deoptimize) done
Event: 59.600 Executing VM operation: Cleanup
Event: 59.611 Executing VM operation: Cleanup done
Event: 60.054 Executing VM operation: HandshakeAllThreads (Deoptimize)
Event: 60.054 Executing VM operation: HandshakeAllThreads (Deoptimize) done
Event: 60.162 Executing VM operation: HandshakeAllThreads (HandshakeForDeflation)
Event: 60.162 Executing VM operation: HandshakeAllThreads (HandshakeForDeflation) done
Event: 60.162 Executing VM operation: RendezvousGCThreads
Event: 60.162 Executing VM operation: RendezvousGCThreads done
Event: 60.440 Executing VM operation: ParallelGCFailedAllocation (Allocation Failure)
Event: 60.443 Executing VM operation: ParallelGCFailedAllocation (Allocation Failure) done
Event: 61.458 Executing VM operation: Cleanup
Event: 61.458 Executing VM operation: Cleanup done

Memory protections (0 events):
No events

Nmethod flushes (20 events):
Event: 18.354 Thread 0x0000029f769db140 flushing  nmethod 0x0000029f00636210
Event: 18.354 Thread 0x0000029f769db140 flushing  nmethod 0x0000029f00636990
Event: 18.354 Thread 0x0000029f769db140 flushing  nmethod 0x0000029f00662b90
Event: 18.354 Thread 0x0000029f769db140 flushing  nmethod 0x0000029f00662f90
Event: 18.354 Thread 0x0000029f769db140 flushing  nmethod 0x0000029f00663890
Event: 18.354 Thread 0x0000029f769db140 flushing  nmethod 0x0000029f00666310
Event: 18.354 Thread 0x0000029f769db140 flushing  nmethod 0x0000029f00666a90
Event: 18.354 Thread 0x0000029f769db140 flushing  nmethod 0x0000029f00668010
Event: 18.354 Thread 0x0000029f769db140 flushing  nmethod 0x0000029f00668510
Event: 18.354 Thread 0x0000029f769db140 flushing  nmethod 0x0000029f00669890
Event: 18.354 Thread 0x0000029f769db140 flushing  nmethod 0x0000029f00669d90
Event: 18.354 Thread 0x0000029f769db140 flushing  nmethod 0x0000029f0066b990
Event: 18.354 Thread 0x0000029f769db140 flushing  nmethod 0x0000029f0066c610
Event: 18.354 Thread 0x0000029f769db140 flushing  nmethod 0x0000029f0066ce10
Event: 18.354 Thread 0x0000029f769db140 flushing  nmethod 0x0000029f0066dc90
Event: 18.354 Thread 0x0000029f769db140 flushing  nmethod 0x0000029f006ba710
Event: 18.355 Thread 0x0000029f769db140 flushing  nmethod 0x0000029f006c4b90
Event: 18.355 Thread 0x0000029f769db140 flushing  nmethod 0x0000029f00714c90
Event: 18.355 Thread 0x0000029f769db140 flushing  nmethod 0x0000029f0072d890
Event: 18.355 Thread 0x0000029f769db140 flushing  nmethod 0x0000029f0073f310

Events (20 events):
Event: 15.128 Thread 0x0000029f7c4b4d80 Thread added: 0x0000029f7cceb950
Event: 18.690 Thread 0x0000029f7ccee0b0 Thread added: 0x0000029f7ccebfe0
Event: 19.194 Thread 0x0000029f7ccebfe0 Thread added: 0x0000029f7ccec670
Event: 19.415 Thread 0x0000029f6f009680 Thread added: 0x0000029f7cced390
Event: 19.415 Thread 0x0000029f6f009680 Thread added: 0x0000029f7df39870
Event: 19.415 Thread 0x0000029f6f009680 Thread added: 0x0000029f7df391e0
Event: 19.415 Thread 0x0000029f6f009680 Thread added: 0x0000029f7df384c0
Event: 19.416 Thread 0x0000029f6f009680 Thread added: 0x0000029f7df38b50
Event: 19.435 Thread 0x0000029f6f009680 Thread added: 0x0000029f7df39f00
Event: 20.652 Thread 0x0000029f6f009680 Thread added: 0x0000029f7df37e30
Event: 20.653 Thread 0x0000029f6f009680 Thread added: 0x0000029f7df37110
Event: 23.986 Thread 0x0000029f7ccee740 Thread added: 0x0000029f7df3a590
Event: 23.986 Thread 0x0000029f7ccee740 Thread added: 0x0000029f7e3bbdc0
Event: 24.030 Thread 0x0000029f7df3a590 Thread added: 0x0000029f7e3b9660
Event: 56.337 Thread 0x0000029f7ccebfe0 Thread added: 0x0000029f7e3b5b50
Event: 56.361 Thread 0x0000029f7e3b5b50 Thread added: 0x0000029f7e3ba380
Event: 56.366 Thread 0x0000029f7e3b5b50 Thread added: 0x0000029f7e3b7590
Event: 56.372 Thread 0x0000029f7e3b5b50 Thread added: 0x0000029f7e3b7c20
Event: 58.161 Thread 0x0000029f7ccebfe0 Thread added: 0x0000029f7e3baa10
Event: 59.199 Thread 0x0000029f7ccebfe0 Thread added: 0x0000029f7e3b82b0


Dynamic libraries:
0x00007ff6f8710000 - 0x00007ff6f871e000 	c:\Users\HP\.vscode\extensions\redhat.java-1.52.0-win32-x64\jre\21.0.9-win32-x86_64\bin\java.exe
0x00007ff9f2ef0000 - 0x00007ff9f30e8000 	C:\windows\SYSTEM32\ntdll.dll
0x00007ff9f1ae0000 - 0x00007ff9f1b9f000 	C:\windows\System32\KERNEL32.DLL
0x00007ff9f0b50000 - 0x00007ff9f0e22000 	C:\windows\System32\KERNELBASE.dll
0x00007ff9f0690000 - 0x00007ff9f0790000 	C:\windows\System32\ucrtbase.dll
0x00007ff9e99d0000 - 0x00007ff9e99e8000 	c:\Users\HP\.vscode\extensions\redhat.java-1.52.0-win32-x64\jre\21.0.9-win32-x86_64\bin\jli.dll
0x00007ff9f1680000 - 0x00007ff9f181d000 	C:\windows\System32\USER32.dll
0x00007ff9f0790000 - 0x00007ff9f07b2000 	C:\windows\System32\win32u.dll
0x00007ff9f1eb0000 - 0x00007ff9f1edb000 	C:\windows\System32\GDI32.dll
0x00007ff9f0e30000 - 0x00007ff9f0f3f000 	C:\windows\System32\gdi32full.dll
0x00007ff9f05f0000 - 0x00007ff9f068d000 	C:\windows\System32\msvcp_win.dll
0x00007ff9e9a40000 - 0x00007ff9e9a5e000 	c:\Users\HP\.vscode\extensions\redhat.java-1.52.0-win32-x64\jre\21.0.9-win32-x86_64\bin\VCRUNTIME140.dll
0x00007ff9d71c0000 - 0x00007ff9d745a000 	C:\windows\WinSxS\amd64_microsoft.windows.common-controls_6595b64144ccf1df_6.0.19041.1110_none_60b5254171f9507e\COMCTL32.dll
0x00007ff9f2d90000 - 0x00007ff9f2e2e000 	C:\windows\System32\msvcrt.dll
0x00007ff9f1ee0000 - 0x00007ff9f1f12000 	C:\windows\System32\IMM32.DLL
0x00007ff9ea230000 - 0x00007ff9ea23c000 	c:\Users\HP\.vscode\extensions\redhat.java-1.52.0-win32-x64\jre\21.0.9-win32-x86_64\bin\vcruntime140_1.dll
0x00007ff9c2d70000 - 0x00007ff9c2dfd000 	c:\Users\HP\.vscode\extensions\redhat.java-1.52.0-win32-x64\jre\21.0.9-win32-x86_64\bin\msvcp140.dll
0x00007ff9665e0000 - 0x00007ff967380000 	c:\Users\HP\.vscode\extensions\redhat.java-1.52.0-win32-x64\jre\21.0.9-win32-x86_64\bin\server\jvm.dll
0x00007ff9f1ba0000 - 0x00007ff9f1c4e000 	C:\windows\System32\ADVAPI32.dll
0x00007ff9f11b0000 - 0x00007ff9f124c000 	C:\windows\System32\sechost.dll
0x00007ff9f1080000 - 0x00007ff9f11a5000 	C:\windows\System32\RPCRT4.dll
0x00007ff9f2060000 - 0x00007ff9f20cb000 	C:\windows\System32\WS2_32.dll
0x00007ff9f03b0000 - 0x00007ff9f03fb000 	C:\windows\SYSTEM32\POWRPROF.dll
0x00007ff9d7190000 - 0x00007ff9d71b7000 	C:\windows\SYSTEM32\WINMM.dll
0x00007ff9e7ca0000 - 0x00007ff9e7caa000 	C:\windows\SYSTEM32\VERSION.dll
0x00007ff9f0190000 - 0x00007ff9f01a2000 	C:\windows\SYSTEM32\UMPDC.dll
0x00007ff9eee40000 - 0x00007ff9eee52000 	C:\windows\SYSTEM32\kernel.appcore.dll
0x00007ff9e9a30000 - 0x00007ff9e9a3a000 	c:\Users\HP\.vscode\extensions\redhat.java-1.52.0-win32-x64\jre\21.0.9-win32-x86_64\bin\jimage.dll
0x00007ff9ee3a0000 - 0x00007ff9ee584000 	C:\windows\SYSTEM32\DBGHELP.DLL
0x00007ff9d6330000 - 0x00007ff9d635c000 	C:\windows\SYSTEM32\dbgcore.DLL
0x00007ff9f0ac0000 - 0x00007ff9f0b42000 	C:\windows\System32\bcryptPrimitives.dll
0x00007ff9e9970000 - 0x00007ff9e997f000 	c:\Users\HP\.vscode\extensions\redhat.java-1.52.0-win32-x64\jre\21.0.9-win32-x86_64\bin\instrument.dll
0x00007ff9e84b0000 - 0x00007ff9e84d0000 	c:\Users\HP\.vscode\extensions\redhat.java-1.52.0-win32-x64\jre\21.0.9-win32-x86_64\bin\java.dll
0x00007ff9f2630000 - 0x00007ff9f2d73000 	C:\windows\System32\SHELL32.dll
0x00007ff9ee690000 - 0x00007ff9eee22000 	C:\windows\SYSTEM32\windows.storage.dll
0x00007ff9f1250000 - 0x00007ff9f15a4000 	C:\windows\System32\combase.dll
0x00007ff9effe0000 - 0x00007ff9f0010000 	C:\windows\SYSTEM32\Wldp.dll
0x00007ff9f1e00000 - 0x00007ff9f1ead000 	C:\windows\System32\SHCORE.dll
0x00007ff9f0f40000 - 0x00007ff9f0f95000 	C:\windows\System32\shlwapi.dll
0x00007ff9f0530000 - 0x00007ff9f054f000 	C:\windows\SYSTEM32\profapi.dll
0x00007ff9e7e50000 - 0x00007ff9e7e68000 	c:\Users\HP\.vscode\extensions\redhat.java-1.52.0-win32-x64\jre\21.0.9-win32-x86_64\bin\zip.dll
0x00007ff9e9960000 - 0x00007ff9e9970000 	C:\Users\HP\.vscode\extensions\redhat.java-1.52.0-win32-x64\jre\21.0.9-win32-x86_64\bin\net.dll
0x00007ff9e6db0000 - 0x00007ff9e6ebc000 	C:\windows\SYSTEM32\WINHTTP.dll
0x00007ff9efd40000 - 0x00007ff9efdaa000 	C:\windows\system32\mswsock.dll
0x00007ff9e77c0000 - 0x00007ff9e77d6000 	C:\Users\HP\.vscode\extensions\redhat.java-1.52.0-win32-x64\jre\21.0.9-win32-x86_64\bin\nio.dll
0x00007ff9e9910000 - 0x00007ff9e9920000 	c:\Users\HP\.vscode\extensions\redhat.java-1.52.0-win32-x64\jre\21.0.9-win32-x86_64\bin\verify.dll
0x00007ff9c6cf0000 - 0x00007ff9c6d35000 	C:\Users\HP\AppData\Roaming\Code\User\globalStorage\redhat.java\1.52.0\config_win\org.eclipse.equinox.launcher\org.eclipse.equinox.launcher.win32.win32.x86_64_1.2.1500.v20260121-1430\eclipse_11919.dll
0x00007ff9f1880000 - 0x00007ff9f19aa000 	C:\windows\System32\ole32.dll
0x00007ff9eff30000 - 0x00007ff9eff48000 	C:\windows\SYSTEM32\CRYPTSP.dll
0x00007ff9ef5f0000 - 0x00007ff9ef624000 	C:\windows\system32\rsaenh.dll
0x00007ff9f07c0000 - 0x00007ff9f07e7000 	C:\windows\System32\bcrypt.dll
0x00007ff9f04b0000 - 0x00007ff9f04de000 	C:\windows\SYSTEM32\USERENV.dll
0x00007ff9eff50000 - 0x00007ff9eff5c000 	C:\windows\SYSTEM32\CRYPTBASE.dll
0x00007ff9ef9c0000 - 0x00007ff9ef9fb000 	C:\windows\SYSTEM32\IPHLPAPI.DLL
0x00007ff9f2d80000 - 0x00007ff9f2d88000 	C:\windows\System32\NSI.dll
0x00007ff9e8210000 - 0x00007ff9e8259000 	C:\Users\HP\AppData\Local\Temp\jna-2312\jna11206866385864346881.dll
0x00007ff9f19b0000 - 0x00007ff9f19b8000 	C:\windows\System32\PSAPI.DLL
0x00007ff9e8730000 - 0x00007ff9e873a000 	C:\Users\HP\.vscode\extensions\redhat.java-1.52.0-win32-x64\jre\21.0.9-win32-x86_64\bin\management.dll
0x00007ff9e84a0000 - 0x00007ff9e84ac000 	C:\Users\HP\.vscode\extensions\redhat.java-1.52.0-win32-x64\jre\21.0.9-win32-x86_64\bin\management_ext.dll
0x00007ff9e5160000 - 0x00007ff9e5177000 	C:\windows\SYSTEM32\dhcpcsvc6.DLL
0x00007ff9e6240000 - 0x00007ff9e625d000 	C:\windows\SYSTEM32\dhcpcsvc.DLL

JVMTI agents:
c:\Users\HP\.vscode\extensions\redhat.java-1.52.0-win32-x64\lombok\lombok-1.18.39-4050.jar path:c:\Users\HP\.vscode\extensions\redhat.java-1.52.0-win32-x64\jre\21.0.9-win32-x86_64\bin\instrument.dll, loaded, initialized, instrumentlib options:none

dbghelp: loaded successfully - version: 4.0.5 - missing functions: none
symbol engine: initialized successfully - sym options: 0x614 - pdb path: .;c:\Users\HP\.vscode\extensions\redhat.java-1.52.0-win32-x64\jre\21.0.9-win32-x86_64\bin;C:\windows\SYSTEM32;C:\windows\WinSxS\amd64_microsoft.windows.common-controls_6595b64144ccf1df_6.0.19041.1110_none_60b5254171f9507e;c:\Users\HP\.vscode\extensions\redhat.java-1.52.0-win32-x64\jre\21.0.9-win32-x86_64\bin\server;C:\Users\HP\AppData\Roaming\Code\User\globalStorage\redhat.java\1.52.0\config_win\org.eclipse.equinox.launcher\org.eclipse.equinox.launcher.win32.win32.x86_64_1.2.1500.v20260121-1430;C:\Users\HP\AppData\Local\Temp\jna-2312

VM Arguments:
jvm_args: --add-modules=ALL-SYSTEM --add-opens=java.base/java.util=ALL-UNNAMED --add-opens=java.base/java.lang=ALL-UNNAMED --add-opens=java.base/sun.nio.fs=ALL-UNNAMED -Declipse.application=org.eclipse.jdt.ls.core.id1 -Dosgi.bundles.defaultStartLevel=4 -Declipse.product=org.eclipse.jdt.ls.core.product -Djava.import.generatesMetadataFilesAtProjectRoot=false -DDetectVMInstallationsJob.disabled=true -Dfile.encoding=utf8 -XX:+UseParallelGC -XX:GCTimeRatio=4 -XX:AdaptiveSizePolicyWeight=90 -Dsun.zip.disableMemoryMapping=true -Xmx2G -Xms100m -Xlog:disable -javaagent:c:\Users\HP\.vscode\extensions\redhat.java-1.52.0-win32-x64\lombok\lombok-1.18.39-4050.jar -XX:+HeapDumpOnOutOfMemoryError -XX:HeapDumpPath=c:\Users\HP\AppData\Roaming\Code\User\workspaceStorage\3128ad1f6dad4279aefc7e6981c7fa6f\redhat.java -Daether.dependencyCollector.impl=bf 
java_command: c:\Users\HP\.vscode\extensions\redhat.java-1.52.0-win32-x64\server\plugins\org.eclipse.equinox.launcher_1.7.100.v20251111-0406.jar -configuration c:\Users\HP\AppData\Roaming\Code\User\globalStorage\redhat.java\1.52.0\config_win -data c:\Users\HP\AppData\Roaming\Code\User\workspaceStorage\3128ad1f6dad4279aefc7e6981c7fa6f\redhat.java\jdt_ws --pipe=\\.\pipe\lsp-6b9daa8b672ddb9c60c0da97d493b810-sock
java_class_path (initial): c:\Users\HP\.vscode\extensions\redhat.java-1.52.0-win32-x64\server\plugins\org.eclipse.equinox.launcher_1.7.100.v20251111-0406.jar
Launcher Type: SUN_STANDARD

[Global flags]
    uintx AdaptiveSizePolicyWeight                 = 90                                        {product} {command line}
     intx CICompilerCount                          = 3                                         {product} {ergonomic}
    uintx GCTimeRatio                              = 4                                         {product} {command line}
     bool HeapDumpOnOutOfMemoryError               = true                                   {manageable} {command line}
    ccstr HeapDumpPath                             = c:\Users\HP\AppData\Roaming\Code\User\workspaceStorage\3128ad1f6dad4279aefc7e6981c7fa6f\redhat.java         {manageable} {command line}
   size_t InitialHeapSize                          = 104857600                                 {product} {command line}
   size_t MaxHeapSize                              = 2147483648                                {product} {command line}
   size_t MaxNewSize                               = 715653120                                 {product} {ergonomic}
   size_t MinHeapDeltaBytes                        = 524288                                    {product} {ergonomic}
   size_t MinHeapSize                              = 104857600                                 {product} {command line}
   size_t NewSize                                  = 34603008                                  {product} {ergonomic}
    uintx NonNMethodCodeHeapSize                   = 5832780                                {pd product} {ergonomic}
    uintx NonProfiledCodeHeapSize                  = 122912730                              {pd product} {ergonomic}
   size_t OldSize                                  = 70254592                                  {product} {ergonomic}
    uintx ProfiledCodeHeapSize                     = 122912730                              {pd product} {ergonomic}
    uintx ReservedCodeCacheSize                    = 251658240                              {pd product} {ergonomic}
     bool SegmentedCodeCache                       = true                                      {product} {ergonomic}
   size_t SoftMaxHeapSize                          = 2147483648                             {manageable} {ergonomic}
     bool UseCompressedOops                        = true                           {product lp64_product} {ergonomic}
     bool UseLargePagesIndividualAllocation        = false                                  {pd product} {ergonomic}
     bool UseParallelGC                            = true                                      {product} {command line}

Logging:
Log output configuration:
 #0: stdout all=off uptime,level,tags foldmultilines=false
 #1: stderr all=off uptime,level,tags foldmultilines=false

Release file:
JAVA_VERSION="21.0.9" 
MODULES="java.base java.compiler java.datatransfer java.xml java.prefs java.desktop java.instrument java.logging java.management java.security.sasl java.naming java.rmi java.management.rmi java.net.http java.scripting java.security.jgss java.transaction.xa java.sql java.sql.rowset java.xml.crypto java.se java.smartcardio jdk.accessibility jdk.internal.jvmstat jdk.attach jdk.charsets jdk.internal.opt jdk.zipfs jdk.compiler jdk.crypto.ec jdk.crypto.cryptoki jdk.crypto.mscapi jdk.dynalink jdk.internal.ed jdk.editpad jdk.hotspot.agent jdk.httpserver jdk.internal.le jdk.internal.vm.ci jdk.internal.vm.compiler jdk.internal.vm.compiler.management jdk.jartool jdk.javadoc jdk.jcmd jdk.management jdk.management.agent jdk.jconsole jdk.jdeps jdk.jdwp.agent jdk.jdi jdk.jfr jdk.jshell jdk.jsobject jdk.jstatd jdk.localedata jdk.management.jfr jdk.naming.dns jdk.naming.rmi jdk.net jdk.nio.mapmode jdk.random jdk.sctp jdk.security.auth jdk.security.jgss jdk.unsupported jdk.unsupported.desktop jdk.xml.dom" 

Environment Variables:
PATH=C:\Program Files\Common Files\Oracle\Java\javapath;C:\Program Files (x86)\Common Files\Oracle\Java\javapath;C:\Program Files\BlueJ\jdk\bin;C:\windows\system32;C:\windows;C:\windows\System32\Wbem;C:\windows\System32\WindowsPowerShell\v1.0\;C:\windows\System32\OpenSSH\;C:\Program Files (x86)\Microsoft SQL Server\100\Tools\Binn\;C:\Program Files\Microsoft SQL Server\100\Tools\Binn\;C:\Program Files\Microsoft SQL Server\100\DTS\Binn\;C:\ProgramData\chocolatey\bin;C:\xamppp\php;C:\Program Files\CodeBlocks\MinGW\bin;C:\ProgramData\ComposerSetup\bin;C:\Program Files\nodejs\;C:\Program Files (x86)\Microsoft SQL Server\160\Tools\Binn\;C:\Program Files\Microsoft SQL Server\160\Tools\Binn\;C:\Program Files\Microsoft SQL Server\Client SDK\ODBC\170\Tools\Binn\;C:\Program Files\Microsoft SQL Server\160\DTS\Binn\;C:\Program Files\Git\cmd;D:\xamp\php;C:\Users\HP\AppData\Local\Programs\Python\Python311\Scripts\;C:\Users\HP\AppData\Local\Programs\Python\Python311\;C:\Users\HP\AppData\Local\Microsoft\WindowsApps;C:\Users\HP\AppData\Local\Programs\Microsoft VS Code\bin;C:\Program Files\BlueJ\jdk;C:\Users\HP\AppData\Roaming\cabal\bin;C:\tools\ghc-9.8.2\bin;C:\tools\msys64;C:\ghcup\bin;C:\Users\HP\AppData\Roaming\Composer\vendor\bin;C:\Users\HP\AppData\Roaming\npm;C:\Users\HP\OneDrive\Escritorio\foto\flutter\bin;D:\colcaTrufis\fronted\flutter\bin
USERNAME=HP
OS=Windows_NT
PROCESSOR_IDENTIFIER=Intel64 Family 6 Model 142 Stepping 12, GenuineIntel
TMP=C:\Users\HP\AppData\Local\Temp
TEMP=C:\Users\HP\AppData\Local\Temp




Periodic native trim disabled

---------------  S Y S T E M  ---------------

OS:
 Windows 10 , 64 bit Build 19041 (10.0.19041.2251)
OS uptime: 0 days 0:46 hours

CPU: total 4 (initial active 4) (2 cores per cpu, 2 threads per core) family 6 model 142 stepping 12 microcode 0xde, cx8, cmov, fxsr, ht, mmx, 3dnowpref, sse, sse2, sse3, ssse3, sse4.1, sse4.2, popcnt, lzcnt, tsc, tscinvbit, avx, avx2, aes, erms, clmul, bmi1, bmi2, adx, fma, vzeroupper, clflush, clflushopt, rdtscp, f16c
Processor Information for the first 4 processors :
  Max Mhz: 2592, Current Mhz: 2093, Mhz Limit: 2073

Memory: 4k page, system-wide physical 3919M (96M free)
TotalPageFile size 15695M (AvailPageFile size 1M)
current process WorkingSet (physical memory assigned to process): 181M, peak: 198M
current process commit charge ("private bytes"): 331M, peak: 349M

vm_info: OpenJDK 64-Bit Server VM (21.0.9+10-LTS) for windows-amd64 JRE (21.0.9+10-LTS), built on 2025-10-21T00:00:00Z by "admin" with unknown MS VC++:1942

END.
