#
# There is insufficient memory for the Java Runtime Environment to continue.
# Native memory allocation (malloc) failed to allocate 275616 bytes. Error detail: Chunk::new
# Possible reasons:
#   The system is out of physical RAM or swap space
#   This process is running with CompressedOops enabled, and the Java Heap may be blocking the growth of the native heap
# Possible solutions:
#   Reduce memory load on the system
#   Increase physical memory or swap space
#   Check if swap backing store is full
#   Decrease Java heap size (-Xmx/-Xms)
#   Decrease number of Java threads
#   Decrease Java thread stack sizes (-Xss)
#   Set larger code cache with -XX:ReservedCodeCacheSize=
#   JVM is running with Unscaled Compressed Oops mode in which the Java heap is
#     placed in the first 4GB address space. The Java Heap base address is the
#     maximum limit for the native heap growth. Please use -XX:HeapBaseMinAddress
#     to set the Java Heap base and to place the Java Heap above 4GB virtual address.
# This output file may be truncated or incomplete.
#
#  Out of Memory Error (arena.cpp:168), pid=1168, tid=18540
#
# JRE version: OpenJDK Runtime Environment Temurin-21.0.10+7 (21.0.10+7) (build 21.0.10+7-LTS)
# Java VM: OpenJDK 64-Bit Server VM Temurin-21.0.10+7 (21.0.10+7-LTS, mixed mode, sharing, tiered, compressed oops, compressed class ptrs, parallel gc, windows-amd64)
# No core dump will be written. Minidumps are not enabled by default on client versions of Windows
#

---------------  S U M M A R Y ------------

Command Line: --add-modules=ALL-SYSTEM --add-opens=java.base/java.util=ALL-UNNAMED --add-opens=java.base/java.lang=ALL-UNNAMED --add-opens=java.base/sun.nio.fs=ALL-UNNAMED -Declipse.application=org.eclipse.jdt.ls.core.id1 -Dosgi.bundles.defaultStartLevel=4 -Declipse.product=org.eclipse.jdt.ls.core.product -Djava.import.generatesMetadataFilesAtProjectRoot=false -DDetectVMInstallationsJob.disabled=true -Dfile.encoding=utf8 -XX:+UseParallelGC -XX:GCTimeRatio=4 -XX:AdaptiveSizePolicyWeight=90 -Dsun.zip.disableMemoryMapping=true -Xmx2G -Xms100m -Xlog:disable -javaagent:c:\Users\HP\.antigravity\extensions\redhat.java-1.53.0-win32-x64\lombok\lombok-1.18.39-4050.jar -XX:+HeapDumpOnOutOfMemoryError -XX:HeapDumpPath=c:\Users\HP\AppData\Roaming\Antigravity\User\workspaceStorage\3128ad1f6dad4279aefc7e6981c7fa6f\redhat.java -Daether.dependencyCollector.impl=bf c:\Users\HP\.antigravity\extensions\redhat.java-1.53.0-win32-x64\server\plugins\org.eclipse.equinox.launcher_1.7.100.v20251111-0406.jar -configuration c:\Users\HP\AppData\Roaming\Antigravity\User\globalStorage\redhat.java\1.53.0\config_win -data c:\Users\HP\AppData\Roaming\Antigravity\User\workspaceStorage\3128ad1f6dad4279aefc7e6981c7fa6f\redhat.java\jdt_ws --pipe=\\.\pipe\lsp-273e1b28cdd8c214cac4150a5b226c76-sock

Host: Intel(R) Core(TM) i3-10110U CPU @ 2.10GHz, 4 cores, 11G,  Windows 10 , 64 bit Build 19041 (10.0.19041.2251)
Time: Wed Apr  1 16:51:55 2026 Hora est嫕dar oeste, Sudam廨ica elapsed time: 2.469728 seconds (0d 0h 0m 2s)

---------------  T H R E A D  ---------------

Current thread (0x000001ee488119c0):  JavaThread "C2 CompilerThread0" daemon [_thread_in_native, id=18540, stack(0x000000c736d00000,0x000000c736e00000) (1024K)]


Current CompileTask:
C2:2469 1284       4       java.io.DataInputStream::readUTF (501 bytes)

Stack: [0x000000c736d00000,0x000000c736e00000]
Native frames: (J=compiled Java code, j=interpreted, Vv=VM code, C=native code)
V  [jvm.dll+0x6d7a39]
V  [jvm.dll+0x8b4b26]
V  [jvm.dll+0x8b70de]
V  [jvm.dll+0x8b77c3]
V  [jvm.dll+0x284346]
V  [jvm.dll+0xc66ed]
V  [jvm.dll+0xc6c31]
V  [jvm.dll+0x2fb29e]
V  [jvm.dll+0x5fe884]
V  [jvm.dll+0x255b17]
V  [jvm.dll+0x24dc0b]
V  [jvm.dll+0x24ba42]
V  [jvm.dll+0x1cb34e]
V  [jvm.dll+0x25b85d]
V  [jvm.dll+0x259dea]
V  [jvm.dll+0x3f857e]
V  [jvm.dll+0x85f59d]
V  [jvm.dll+0x6d626d]
C  [ucrtbase.dll+0x21bb2]
C  [KERNEL32.DLL+0x174b4]
C  [ntdll.dll+0x526a1]


---------------  P R O C E S S  ---------------

Threads class SMR info:
_java_thread_list=0x000001ee8a847c70, length=11, elements={
0x000001ee31e17a60, 0x000001ee48808fa0, 0x000001ee4880a070, 0x000001ee4880b3c0,
0x000001ee4880c2e0, 0x000001ee4880f110, 0x000001ee48810b80, 0x000001ee488119c0,
0x000001ee48887190, 0x000001ee8a6cb620, 0x000001ee8a7d1930
}

Java Threads: ( => current thread )
  0x000001ee31e17a60 JavaThread "main"                              [_thread_in_Java, id=10620, stack(0x000000c736200000,0x000000c736300000) (1024K)]
  0x000001ee48808fa0 JavaThread "Reference Handler"          daemon [_thread_blocked, id=1264, stack(0x000000c736700000,0x000000c736800000) (1024K)]
  0x000001ee4880a070 JavaThread "Finalizer"                  daemon [_thread_blocked, id=17852, stack(0x000000c736800000,0x000000c736900000) (1024K)]
  0x000001ee4880b3c0 JavaThread "Signal Dispatcher"          daemon [_thread_blocked, id=4116, stack(0x000000c736900000,0x000000c736a00000) (1024K)]
  0x000001ee4880c2e0 JavaThread "Attach Listener"            daemon [_thread_blocked, id=6072, stack(0x000000c736a00000,0x000000c736b00000) (1024K)]
  0x000001ee4880f110 JavaThread "Service Thread"             daemon [_thread_blocked, id=15728, stack(0x000000c736b00000,0x000000c736c00000) (1024K)]
  0x000001ee48810b80 JavaThread "Monitor Deflation Thread"   daemon [_thread_blocked, id=2692, stack(0x000000c736c00000,0x000000c736d00000) (1024K)]
=>0x000001ee488119c0 JavaThread "C2 CompilerThread0"         daemon [_thread_in_native, id=18540, stack(0x000000c736d00000,0x000000c736e00000) (1024K)]
  0x000001ee48887190 JavaThread "C1 CompilerThread0"         daemon [_thread_blocked, id=2472, stack(0x000000c736e00000,0x000000c736f00000) (1024K)]
  0x000001ee8a6cb620 JavaThread "Common-Cleaner"             daemon [_thread_blocked, id=5068, stack(0x000000c736f00000,0x000000c737000000) (1024K)]
  0x000001ee8a7d1930 JavaThread "Notification Thread"        daemon [_thread_blocked, id=3804, stack(0x000000c737000000,0x000000c737100000) (1024K)]
Total: 11

Other Threads:
  0x000001ee487e9fa0 VMThread "VM Thread"                           [id=1416, stack(0x000000c736600000,0x000000c736700000) (1024K)]
  0x000001ee48761c40 WatcherThread "VM Periodic Task Thread"        [id=12272, stack(0x000000c736500000,0x000000c736600000) (1024K)]
  0x000001ee31e360e0 WorkerThread "GC Thread#0"                     [id=5464, stack(0x000000c736400000,0x000000c736500000) (1024K)]
  0x000001ee8f061d10 WorkerThread "GC Thread#1"                     [id=2456, stack(0x000000c737100000,0x000000c737200000) (1024K)]
  0x000001ee8f0600a0 WorkerThread "GC Thread#2"                     [id=11740, stack(0x000000c737200000,0x000000c737300000) (1024K)]
  0x000001ee8f060450 WorkerThread "GC Thread#3"                     [id=11752, stack(0x000000c737300000,0x000000c737400000) (1024K)]
Total: 6

Threads with active compile tasks:
C2 CompilerThread0  2484 1284       4       java.io.DataInputStream::readUTF (501 bytes)
Total: 1

VM state: not at safepoint (normal execution)

VM Mutex/Monitor currently owned by a thread: None

Heap address: 0x0000000080000000, size: 2048 MB, Compressed Oops mode: 32-bit

CDS archive(s) mapped at: [0x000001ee49000000-0x000001ee49ba0000-0x000001ee49ba0000), size 12189696, SharedBaseAddress: 0x000001ee49000000, ArchiveRelocationMode: 1.
Compressed class space mapped at: 0x000001ee4a000000-0x000001ee8a000000, reserved size: 1073741824
Narrow klass base: 0x000001ee49000000, Narrow klass shift: 0, Narrow klass range: 0x100000000

GC Precious Log:
 CardTable entry size: 512
 CPUs: 4 total, 4 available
 Memory: 12111M
 Large Page Support: Disabled
 NUMA Support: Disabled
 Compressed Oops: Enabled (32-bit)
 Alignments: Space 512K, Generation 512K, Heap 2M
 Heap Min Capacity: 100M
 Heap Initial Capacity: 100M
 Heap Max Capacity: 2G
 Pre-touch: Disabled
 Parallel Workers: 4

Heap:
 PSYoungGen      total 29696K, used 10348K [0x00000000d5580000, 0x00000000d7680000, 0x0000000100000000)
  eden space 25600K, 27% used [0x00000000d5580000,0x00000000d5c614d8,0x00000000d6e80000)
  from space 4096K, 80% used [0x00000000d6e80000,0x00000000d71b9e98,0x00000000d7280000)
  to   space 4096K, 0% used [0x00000000d7280000,0x00000000d7280000,0x00000000d7680000)
 ParOldGen       total 68608K, used 0K [0x0000000080000000, 0x0000000084300000, 0x00000000d5580000)
  object space 68608K, 0% used [0x0000000080000000,0x0000000080000000,0x0000000084300000)
 Metaspace       used 5862K, committed 6144K, reserved 1114112K
  class space    used 609K, committed 768K, reserved 1048576K

Card table byte_map: [0x000001ee317d0000,0x000001ee31be0000] _byte_map_base: 0x000001ee313d0000

Marking Bits: (ParMarkBitMap*) 0x00007ffcc4173450
 Begin Bits: [0x000001ee442e0000, 0x000001ee462e0000)
 End Bits:   [0x000001ee462e0000, 0x000001ee482e0000)

Polling page: 0x000001ee2fe10000

Metaspace:

Usage:
  Non-class:      5.13 MB used.
      Class:    609.28 KB used.
       Both:      5.72 MB used.

Virtual space:
  Non-class space:       64.00 MB reserved,       5.25 MB (  8%) committed,  1 nodes.
      Class space:        1.00 GB reserved,     768.00 KB ( <1%) committed,  1 nodes.
             Both:        1.06 GB reserved,       6.00 MB ( <1%) committed. 

Chunk freelists:
   Non-Class:  10.20 MB
       Class:  15.09 MB
        Both:  25.30 MB

MaxMetaspaceSize: unlimited
CompressedClassSpaceSize: 1.00 GB
Initial GC threshold: 21.00 MB
Current GC threshold: 21.00 MB
CDS: on
 - commit_granule_bytes: 65536.
 - commit_granule_words: 8192.
 - virtual_space_node_default_size: 8388608.
 - enlarge_chunks_in_place: 1.
 - use_allocation_guard: 0.


Internal statistics:

num_allocs_failed_limit: 0.
num_arena_births: 190.
num_arena_deaths: 0.
num_vsnodes_births: 2.
num_vsnodes_deaths: 0.
num_space_committed: 96.
num_space_uncommitted: 0.
num_chunks_returned_to_freelist: 0.
num_chunks_taken_from_freelist: 307.
num_chunk_merges: 0.
num_chunk_splits: 195.
num_chunks_enlarged: 121.
num_inconsistent_stats: 0.

CodeHeap 'non-profiled nmethods': size=120000Kb used=532Kb max_used=532Kb free=119467Kb
 bounds [0x000001ee3cb00000, 0x000001ee3cd70000, 0x000001ee44030000]
CodeHeap 'profiled nmethods': size=120000Kb used=2172Kb max_used=2172Kb free=117827Kb
 bounds [0x000001ee35030000, 0x000001ee352a0000, 0x000001ee3c560000]
CodeHeap 'non-nmethods': size=5760Kb used=1204Kb max_used=1219Kb free=4555Kb
 bounds [0x000001ee3c560000, 0x000001ee3c7d0000, 0x000001ee3cb00000]
CodeCache: size=245760Kb, used=3908Kb, max_used=3923Kb, free=241849Kb
 total_blobs=1758, nmethods=1288, adapters=377, full_count=0
Compilation: enabled, stopped_count=0, restarted_count=0

Compilation events (20 events):
Event: 2.454 Thread 0x000001ee48887190 nmethod 1279 0x000001ee35246290 code [0x000001ee35246460, 0x000001ee352467d0]
Event: 2.454 Thread 0x000001ee48887190 1280       3       java.net.URL::toExternalForm (9 bytes)
Event: 2.455 Thread 0x000001ee48887190 nmethod 1280 0x000001ee35246910 code [0x000001ee35246ac0, 0x000001ee35246c98]
Event: 2.455 Thread 0x000001ee48887190 1281       3       java.net.URLStreamHandler::toExternalForm (156 bytes)
Event: 2.456 Thread 0x000001ee48887190 nmethod 1281 0x000001ee35246d90 code [0x000001ee35247180, 0x000001ee352486c8]
Event: 2.461 Thread 0x000001ee48887190 1282   !   3       java.io.BufferedInputStream::read (54 bytes)
Event: 2.462 Thread 0x000001ee48887190 nmethod 1282 0x000001ee35248f10 code [0x000001ee352491a0, 0x000001ee35249dc8]
Event: 2.462 Thread 0x000001ee48887190 1283       3       java.io.DataInputStream::readInt (19 bytes)
Event: 2.462 Thread 0x000001ee48887190 nmethod 1283 0x000001ee3524a290 code [0x000001ee3524a4a0, 0x000001ee3524aab0]
Event: 2.462 Thread 0x000001ee488119c0 1284       4       java.io.DataInputStream::readUTF (501 bytes)
Event: 2.464 Thread 0x000001ee48887190 1285       3       java.io.BufferedInputStream::implRead (49 bytes)
Event: 2.465 Thread 0x000001ee48887190 nmethod 1285 0x000001ee3524ad90 code [0x000001ee3524af60, 0x000001ee3524b220]
Event: 2.465 Thread 0x000001ee48887190 1286       3       org.eclipse.osgi.container.ModuleDatabase$Persistence::readIndexedString (18 bytes)
Event: 2.466 Thread 0x000001ee48887190 nmethod 1286 0x000001ee3524b390 code [0x000001ee3524b5c0, 0x000001ee3524bcc8]
Event: 2.466 Thread 0x000001ee48887190 1287       3       java.io.DataInputStream::readByte (6 bytes)
Event: 2.466 Thread 0x000001ee48887190 nmethod 1287 0x000001ee3524c010 code [0x000001ee3524c1e0, 0x000001ee3524c4c8]
Event: 2.466 Thread 0x000001ee48887190 1288       3       org.eclipse.osgi.container.ModuleDatabase$Persistence::addToReadTable (70 bytes)
Event: 2.466 Thread 0x000001ee48887190 nmethod 1288 0x000001ee3524c610 code [0x000001ee3524c840, 0x000001ee3524d040]
Event: 2.466 Thread 0x000001ee48887190 1289       3       org.eclipse.osgi.container.ModuleDatabase$Persistence::readString0 (98 bytes)
Event: 2.468 Thread 0x000001ee48887190 nmethod 1289 0x000001ee3524d210 code [0x000001ee3524d580, 0x000001ee3524ea60]

GC Heap History (2 events):
Event: 2.173 GC heap before
{Heap before GC invocations=1 (full 0):
 PSYoungGen      total 29696K, used 25600K [0x00000000d5580000, 0x00000000d7680000, 0x0000000100000000)
  eden space 25600K, 100% used [0x00000000d5580000,0x00000000d6e80000,0x00000000d6e80000)
  from space 4096K, 0% used [0x00000000d7280000,0x00000000d7280000,0x00000000d7680000)
  to   space 4096K, 0% used [0x00000000d6e80000,0x00000000d6e80000,0x00000000d7280000)
 ParOldGen       total 68608K, used 0K [0x0000000080000000, 0x0000000084300000, 0x00000000d5580000)
  object space 68608K, 0% used [0x0000000080000000,0x0000000080000000,0x0000000084300000)
 Metaspace       used 4378K, committed 4608K, reserved 1114112K
  class space    used 474K, committed 576K, reserved 1048576K
}
Event: 2.185 GC heap after
{Heap after GC invocations=1 (full 0):
 PSYoungGen      total 29696K, used 3303K [0x00000000d5580000, 0x00000000d7680000, 0x0000000100000000)
  eden space 25600K, 0% used [0x00000000d5580000,0x00000000d5580000,0x00000000d6e80000)
  from space 4096K, 80% used [0x00000000d6e80000,0x00000000d71b9e98,0x00000000d7280000)
  to   space 4096K, 0% used [0x00000000d7280000,0x00000000d7280000,0x00000000d7680000)
 ParOldGen       total 68608K, used 0K [0x0000000080000000, 0x0000000084300000, 0x00000000d5580000)
  object space 68608K, 0% used [0x0000000080000000,0x0000000080000000,0x0000000084300000)
 Metaspace       used 4378K, committed 4608K, reserved 1114112K
  class space    used 474K, committed 576K, reserved 1048576K
}

Dll operation events (8 events):
Event: 0.081 Loaded shared library c:\Users\HP\.antigravity\extensions\redhat.java-1.53.0-win32-x64\jre\21.0.10-win32-x86_64\bin\java.dll
Event: 0.355 Loaded shared library c:\Users\HP\.antigravity\extensions\redhat.java-1.53.0-win32-x64\jre\21.0.10-win32-x86_64\bin\zip.dll
Event: 0.383 Loaded shared library C:\Users\HP\.antigravity\extensions\redhat.java-1.53.0-win32-x64\jre\21.0.10-win32-x86_64\bin\instrument.dll
Event: 0.431 Loaded shared library C:\Users\HP\.antigravity\extensions\redhat.java-1.53.0-win32-x64\jre\21.0.10-win32-x86_64\bin\net.dll
Event: 0.435 Loaded shared library C:\Users\HP\.antigravity\extensions\redhat.java-1.53.0-win32-x64\jre\21.0.10-win32-x86_64\bin\nio.dll
Event: 0.438 Loaded shared library C:\Users\HP\.antigravity\extensions\redhat.java-1.53.0-win32-x64\jre\21.0.10-win32-x86_64\bin\zip.dll
Event: 0.458 Loaded shared library C:\Users\HP\.antigravity\extensions\redhat.java-1.53.0-win32-x64\jre\21.0.10-win32-x86_64\bin\jimage.dll
Event: 0.771 Loaded shared library c:\Users\HP\.antigravity\extensions\redhat.java-1.53.0-win32-x64\jre\21.0.10-win32-x86_64\bin\verify.dll

Deoptimization events (20 events):
Event: 2.227 Thread 0x000001ee31e17a60 Uncommon trap: trap_request=0xffffffde fr.pc=0x000001ee3cb54ed4 relative=0x00000000000005b4
Event: 2.227 Thread 0x000001ee31e17a60 Uncommon trap: reason=class_check action=maybe_recompile pc=0x000001ee3cb54ed4 method=java.util.Collections$UnmodifiableCollection$1.<init>(Ljava/util/Collections$UnmodifiableCollection;)V @ 17 c2
Event: 2.227 Thread 0x000001ee31e17a60 DEOPT PACKING pc=0x000001ee3cb54ed4 sp=0x000000c7362fea90
Event: 2.227 Thread 0x000001ee31e17a60 DEOPT UNPACKING pc=0x000001ee3c5b3aa2 sp=0x000000c7362fe9d8 mode 2
Event: 2.227 Thread 0x000001ee31e17a60 Uncommon trap: trap_request=0xffffff45 fr.pc=0x000001ee3cb754d0 relative=0x0000000000000290
Event: 2.228 Thread 0x000001ee31e17a60 Uncommon trap: reason=unstable_if action=reinterpret pc=0x000001ee3cb754d0 method=java.util.HashMap.hash(Ljava/lang/Object;)I @ 1 c2
Event: 2.228 Thread 0x000001ee31e17a60 DEOPT PACKING pc=0x000001ee3cb754d0 sp=0x000000c7362fea40
Event: 2.228 Thread 0x000001ee31e17a60 DEOPT UNPACKING pc=0x000001ee3c5b3aa2 sp=0x000000c7362fe8d8 mode 2
Event: 2.229 Thread 0x000001ee31e17a60 Uncommon trap: trap_request=0xffffff45 fr.pc=0x000001ee3cb6942c relative=0x000000000000034c
Event: 2.229 Thread 0x000001ee31e17a60 Uncommon trap: reason=unstable_if action=reinterpret pc=0x000001ee3cb6942c method=java.util.HashMap.hash(Ljava/lang/Object;)I @ 1 c2
Event: 2.229 Thread 0x000001ee31e17a60 DEOPT PACKING pc=0x000001ee3cb6942c sp=0x000000c7362fe9b0
Event: 2.229 Thread 0x000001ee31e17a60 DEOPT UNPACKING pc=0x000001ee3c5b3aa2 sp=0x000000c7362fe8b8 mode 2
Event: 2.230 Thread 0x000001ee31e17a60 Uncommon trap: trap_request=0xffffffde fr.pc=0x000001ee3cb54ed4 relative=0x00000000000005b4
Event: 2.230 Thread 0x000001ee31e17a60 Uncommon trap: reason=class_check action=maybe_recompile pc=0x000001ee3cb54ed4 method=java.util.Collections$UnmodifiableCollection$1.<init>(Ljava/util/Collections$UnmodifiableCollection;)V @ 17 c2
Event: 2.230 Thread 0x000001ee31e17a60 DEOPT PACKING pc=0x000001ee3cb54ed4 sp=0x000000c7362fea90
Event: 2.230 Thread 0x000001ee31e17a60 DEOPT UNPACKING pc=0x000001ee3c5b3aa2 sp=0x000000c7362fe9d8 mode 2
Event: 2.345 Thread 0x000001ee31e17a60 Uncommon trap: trap_request=0xffffff45 fr.pc=0x000001ee3cb56a7c relative=0x000000000000019c
Event: 2.345 Thread 0x000001ee31e17a60 Uncommon trap: reason=unstable_if action=reinterpret pc=0x000001ee3cb56a7c method=java.lang.invoke.VarHandle.checkAccessModeThenIsDirect(Ljava/lang/invoke/VarHandle$AccessDescriptor;)Z @ 4 c2
Event: 2.345 Thread 0x000001ee31e17a60 DEOPT PACKING pc=0x000001ee3cb56a7c sp=0x000000c7362fea40
Event: 2.345 Thread 0x000001ee31e17a60 DEOPT UNPACKING pc=0x000001ee3c5b3aa2 sp=0x000000c7362fe998 mode 2

Classes loaded (20 events):
Event: 2.415 Loading class java/util/AbstractQueue done
Event: 2.415 Loading class java/util/concurrent/SynchronousQueue done
Event: 2.415 Loading class java/util/concurrent/SynchronousQueue$Transferer
Event: 2.415 Loading class java/util/concurrent/LinkedTransferQueue
Event: 2.416 Loading class java/util/concurrent/TransferQueue
Event: 2.416 Loading class java/util/concurrent/TransferQueue done
Event: 2.416 Loading class java/util/concurrent/LinkedTransferQueue done
Event: 2.416 Loading class java/util/concurrent/SynchronousQueue$Transferer done
Event: 2.417 Loading class java/util/concurrent/LinkedTransferQueue$DualNode
Event: 2.417 Loading class java/util/concurrent/LinkedTransferQueue$DualNode done
Event: 2.418 Loading class java/util/concurrent/RejectedExecutionHandler
Event: 2.418 Loading class java/util/concurrent/RejectedExecutionHandler done
Event: 2.418 Loading class java/util/concurrent/LinkedBlockingQueue
Event: 2.419 Loading class java/util/concurrent/LinkedBlockingQueue done
Event: 2.419 Loading class java/util/concurrent/LinkedBlockingQueue$Node
Event: 2.419 Loading class java/util/concurrent/LinkedBlockingQueue$Node done
Event: 2.453 Loading class java/util/concurrent/Semaphore$NonfairSync
Event: 2.453 Loading class java/util/concurrent/Semaphore$Sync
Event: 2.453 Loading class java/util/concurrent/Semaphore$Sync done
Event: 2.453 Loading class java/util/concurrent/Semaphore$NonfairSync done

Classes unloaded (0 events):
No events

Classes redefined (0 events):
No events

Internal exceptions (20 events):
Event: 1.700 Thread 0x000001ee31e17a60 Exception <a 'java/io/FileNotFoundException'{0x00000000d64bc3d8}> (0x00000000d64bc3d8) 
thrown [s\src\hotspot\share\prims\jni.cpp, line 520]
Event: 1.702 Thread 0x000001ee31e17a60 Exception <a 'java/io/FileNotFoundException'{0x00000000d64bd740}> (0x00000000d64bd740) 
thrown [s\src\hotspot\share\prims\jni.cpp, line 520]
Event: 1.702 Thread 0x000001ee31e17a60 Exception <a 'java/io/FileNotFoundException'{0x00000000d64be400}> (0x00000000d64be400) 
thrown [s\src\hotspot\share\prims\jni.cpp, line 520]
Event: 1.703 Thread 0x000001ee31e17a60 Exception <a 'java/io/FileNotFoundException'{0x00000000d64befa0}> (0x00000000d64befa0) 
thrown [s\src\hotspot\share\prims\jni.cpp, line 520]
Event: 1.706 Thread 0x000001ee31e17a60 Implicit null exception at 0x000001ee3cb33824 to 0x000001ee3cb33df0
Event: 1.709 Thread 0x000001ee31e17a60 Exception <a 'java/io/FileNotFoundException'{0x00000000d64f7450}> (0x00000000d64f7450) 
thrown [s\src\hotspot\share\prims\jni.cpp, line 520]
Event: 1.755 Thread 0x000001ee31e17a60 Exception <a 'java/lang/NoSuchMethodError'{0x00000000d6530b40}: 'java.lang.Object java.lang.invoke.DirectMethodHandle$Holder.invokeInterface(java.lang.Object, java.lang.Object)'> (0x00000000d6530b40) 
thrown [s\src\hotspot\share\interpreter\linkResolver.cpp, line 773]
Event: 1.795 Thread 0x000001ee31e17a60 Exception <a 'java/lang/NoSuchMethodError'{0x00000000d65440d8}: 'java.lang.Object java.lang.invoke.Invokers$Holder.invokeExact_MT(java.lang.Object, java.lang.Object, java.lang.Object, java.lang.Object, java.lang.Object, java.lang.Object)'> (0x00000000d65440d8) 
thrown [s\src\hotspot\share\interpreter\linkResolver.cpp, line 773]
Event: 1.800 Thread 0x000001ee31e17a60 Exception <a 'java/lang/NoSuchMethodError'{0x00000000d655b1b0}: 'int java.lang.invoke.DirectMethodHandle$Holder.invokeStatic(java.lang.Object, java.lang.Object, java.lang.Object, java.lang.Object, java.lang.Object)'> (0x00000000d655b1b0) 
thrown [s\src\hotspot\share\interpreter\linkResolver.cpp, line 773]
Event: 1.879 Thread 0x000001ee31e17a60 Exception <a 'java/lang/NoSuchMethodError'{0x00000000d65eeb90}: 'java.lang.Object java.lang.invoke.DirectMethodHandle$Holder.invokeInterface(java.lang.Object, java.lang.Object, int)'> (0x00000000d65eeb90) 
thrown [s\src\hotspot\share\interpreter\linkResolver.cpp, line 773]
Event: 2.085 Thread 0x000001ee31e17a60 Exception <a 'java/lang/NoSuchMethodError'{0x00000000d6a54df8}: 'java.lang.ClassLoader java.lang.ClassLoader.getPlatformClassLoader(java.lang.Class)'> (0x00000000d6a54df8) 
thrown [s\src\hotspot\share\interpreter\linkResolver.cpp, line 773]
Event: 2.170 Thread 0x000001ee31e17a60 Exception <a 'java/lang/ClassNotFoundException'{0x00000000d6e73740}: sun/net/www/protocol/c/Handler> (0x00000000d6e73740) 
thrown [s\src\hotspot\share\classfile\systemDictionary.cpp, line 312]
Event: 2.171 Thread 0x000001ee31e17a60 Exception <a 'java/lang/ClassNotFoundException'{0x00000000d6e74a80}: sun/net/www/protocol/d/Handler> (0x00000000d6e74a80) 
thrown [s\src\hotspot\share\classfile\systemDictionary.cpp, line 312]
Event: 2.171 Thread 0x000001ee31e17a60 Exception <a 'java/lang/ClassNotFoundException'{0x00000000d6e75bf0}: sun/net/www/protocol/c/Handler> (0x00000000d6e75bf0) 
thrown [s\src\hotspot\share\classfile\systemDictionary.cpp, line 312]
Event: 2.191 Thread 0x000001ee31e17a60 Exception <a 'java/io/FileNotFoundException'{0x00000000d55a9888}> (0x00000000d55a9888) 
thrown [s\src\hotspot\share\prims\jni.cpp, line 520]
Event: 2.227 Thread 0x000001ee31e17a60 Implicit null exception at 0x000001ee3cb663e6 to 0x000001ee3cb66492
Event: 2.227 Thread 0x000001ee31e17a60 Implicit null exception at 0x000001ee3cb7529a to 0x000001ee3cb754b8
Event: 2.228 Thread 0x000001ee31e17a60 Exception <a 'java/lang/NoSuchMethodError'{0x00000000d56d9df8}: 'void java.lang.invoke.DirectMethodHandle$Holder.invokeStatic(java.lang.Object, java.lang.Object, java.lang.Object, java.lang.Object)'> (0x00000000d56d9df8) 
thrown [s\src\hotspot\share\interpreter\linkResolver.cpp, line 773]
Event: 2.229 Thread 0x000001ee31e17a60 Implicit null exception at 0x000001ee3cb69140 to 0x000001ee3cb69414
Event: 2.383 Thread 0x000001ee31e17a60 Exception <a 'java/lang/NoSuchMethodError'{0x00000000d59c5d68}: 'void java.lang.invoke.DirectMethodHandle$Holder.invokeSpecial(java.lang.Object, java.lang.Object, java.lang.Object)'> (0x00000000d59c5d68) 
thrown [s\src\hotspot\share\interpreter\linkResolver.cpp, line 773]

ZGC Phase Switch (0 events):
No events

VM Operations (14 events):
Event: 0.353 Executing non-safepoint VM operation: HandshakeAllThreads (Deoptimize)
Event: 0.353 Executing non-safepoint VM operation: HandshakeAllThreads (Deoptimize) done
Event: 0.507 Executing non-safepoint VM operation: HandshakeAllThreads (Deoptimize)
Event: 0.507 Executing non-safepoint VM operation: HandshakeAllThreads (Deoptimize) done
Event: 1.508 Executing safepoint VM operation: Cleanup
Event: 1.541 Executing safepoint VM operation: Cleanup done
Event: 1.561 Executing non-safepoint VM operation: HandshakeAllThreads (Deoptimize)
Event: 1.561 Executing non-safepoint VM operation: HandshakeAllThreads (Deoptimize) done
Event: 1.614 Executing non-safepoint VM operation: HandshakeAllThreads (Deoptimize)
Event: 1.614 Executing non-safepoint VM operation: HandshakeAllThreads (Deoptimize) done
Event: 2.154 Executing non-safepoint VM operation: HandshakeAllThreads (Deoptimize)
Event: 2.154 Executing non-safepoint VM operation: HandshakeAllThreads (Deoptimize) done
Event: 2.173 Executing safepoint VM operation: ParallelGCFailedAllocation (Allocation Failure)
Event: 2.185 Executing safepoint VM operation: ParallelGCFailedAllocation (Allocation Failure) done

Memory protections (0 events):
No events

Nmethod flushes (0 events):
No events

Events (13 events):
Event: 0.105 Thread 0x000001ee31e17a60 Thread added: 0x000001ee31e17a60
Event: 0.203 Thread 0x000001ee31e17a60 Thread added: 0x000001ee48808fa0
Event: 0.204 Thread 0x000001ee31e17a60 Thread added: 0x000001ee4880a070
Event: 0.204 Thread 0x000001ee31e17a60 Thread added: 0x000001ee4880b3c0
Event: 0.204 Thread 0x000001ee31e17a60 Thread added: 0x000001ee4880c2e0
Event: 0.209 Thread 0x000001ee31e17a60 Thread added: 0x000001ee4880f110
Event: 0.209 Thread 0x000001ee31e17a60 Thread added: 0x000001ee48810b80
Event: 0.209 Thread 0x000001ee31e17a60 Thread added: 0x000001ee488119c0
Event: 0.235 Thread 0x000001ee31e17a60 Thread added: 0x000001ee48887190
Event: 0.427 Thread 0x000001ee31e17a60 Thread added: 0x000001ee8a6cb620
Event: 1.098 Thread 0x000001ee31e17a60 Thread added: 0x000001ee8a7d1930
Event: 1.148 Thread 0x000001ee48887190 Thread added: 0x000001ee8a7d0600
Event: 1.913 Thread 0x000001ee8a7d0600 Thread exited: 0x000001ee8a7d0600


Dynamic libraries:
0x00007ff627330000 - 0x00007ff62733e000 	c:\Users\HP\.antigravity\extensions\redhat.java-1.53.0-win32-x64\jre\21.0.10-win32-x86_64\bin\java.exe
0x00007ffd847b0000 - 0x00007ffd849a8000 	C:\windows\SYSTEM32\ntdll.dll
0x00007ffd832f0000 - 0x00007ffd833af000 	C:\windows\System32\KERNEL32.DLL
0x00007ffd821f0000 - 0x00007ffd824c2000 	C:\windows\System32\KERNELBASE.dll
0x00007ffd81eb0000 - 0x00007ffd81fb0000 	C:\windows\System32\ucrtbase.dll
0x00007ffd0aca0000 - 0x00007ffd0acb8000 	c:\Users\HP\.antigravity\extensions\redhat.java-1.53.0-win32-x64\jre\21.0.10-win32-x86_64\bin\jli.dll
0x00007ffd83690000 - 0x00007ffd8382d000 	C:\windows\System32\USER32.dll
0x00007ffd821c0000 - 0x00007ffd821e2000 	C:\windows\System32\win32u.dll
0x00007ffd82a90000 - 0x00007ffd82abb000 	C:\windows\System32\GDI32.dll
0x00007ffd826f0000 - 0x00007ffd827ff000 	C:\windows\System32\gdi32full.dll
0x00007ffd825c0000 - 0x00007ffd8265d000 	C:\windows\System32\msvcp_win.dll
0x00007ffd17fb0000 - 0x00007ffd17fce000 	c:\Users\HP\.antigravity\extensions\redhat.java-1.53.0-win32-x64\jre\21.0.10-win32-x86_64\bin\VCRUNTIME140.dll
0x00007ffd68880000 - 0x00007ffd68b1a000 	C:\windows\WinSxS\amd64_microsoft.windows.common-controls_6595b64144ccf1df_6.0.19041.1110_none_60b5254171f9507e\COMCTL32.dll
0x00007ffd83250000 - 0x00007ffd832ee000 	C:\windows\System32\msvcrt.dll
0x00007ffd82980000 - 0x00007ffd829b2000 	C:\windows\System32\IMM32.DLL
0x00007ffd4ec80000 - 0x00007ffd4ec8c000 	c:\Users\HP\.antigravity\extensions\redhat.java-1.53.0-win32-x64\jre\21.0.10-win32-x86_64\bin\vcruntime140_1.dll
0x00007ffceee10000 - 0x00007ffceee9d000 	c:\Users\HP\.antigravity\extensions\redhat.java-1.53.0-win32-x64\jre\21.0.10-win32-x86_64\bin\msvcp140.dll
0x00007ffcc34b0000 - 0x00007ffcc4251000 	c:\Users\HP\.antigravity\extensions\redhat.java-1.53.0-win32-x64\jre\21.0.10-win32-x86_64\bin\server\jvm.dll
0x00007ffd83000000 - 0x00007ffd830ae000 	C:\windows\System32\ADVAPI32.dll
0x00007ffd828e0000 - 0x00007ffd8297c000 	C:\windows\System32\sechost.dll
0x00007ffd843b0000 - 0x00007ffd844d5000 	C:\windows\System32\RPCRT4.dll
0x00007ffd82ac0000 - 0x00007ffd82b2b000 	C:\windows\System32\WS2_32.dll
0x00007ffd81a50000 - 0x00007ffd81a9b000 	C:\windows\SYSTEM32\POWRPROF.dll
0x00007ffd68850000 - 0x00007ffd68877000 	C:\windows\SYSTEM32\WINMM.dll
0x00007ffd76c00000 - 0x00007ffd76c0a000 	C:\windows\SYSTEM32\VERSION.dll
0x00007ffd81a30000 - 0x00007ffd81a42000 	C:\windows\SYSTEM32\UMPDC.dll
0x00007ffd80700000 - 0x00007ffd80712000 	C:\windows\SYSTEM32\kernel.appcore.dll
0x00007ffd4b2d0000 - 0x00007ffd4b2da000 	c:\Users\HP\.antigravity\extensions\redhat.java-1.53.0-win32-x64\jre\21.0.10-win32-x86_64\bin\jimage.dll
0x00007ffd7fc60000 - 0x00007ffd7fe44000 	C:\windows\SYSTEM32\DBGHELP.DLL
0x00007ffd664a0000 - 0x00007ffd664cc000 	C:\windows\SYSTEM32\dbgcore.DLL
0x00007ffd82660000 - 0x00007ffd826e2000 	C:\windows\System32\bcryptPrimitives.dll
0x00007ffd652a0000 - 0x00007ffd652af000 	c:\Users\HP\.antigravity\extensions\redhat.java-1.53.0-win32-x64\jre\21.0.10-win32-x86_64\bin\instrument.dll
0x00007ffd3ce10000 - 0x00007ffd3ce30000 	c:\Users\HP\.antigravity\extensions\redhat.java-1.53.0-win32-x64\jre\21.0.10-win32-x86_64\bin\java.dll
0x00007ffd83c60000 - 0x00007ffd843a3000 	C:\windows\System32\SHELL32.dll
0x00007ffd7ff50000 - 0x00007ffd806e2000 	C:\windows\SYSTEM32\windows.storage.dll
0x00007ffd83830000 - 0x00007ffd83b84000 	C:\windows\System32\combase.dll
0x00007ffd818a0000 - 0x00007ffd818d0000 	C:\windows\SYSTEM32\Wldp.dll
0x00007ffd829c0000 - 0x00007ffd82a6d000 	C:\windows\System32\SHCORE.dll
0x00007ffd84710000 - 0x00007ffd84765000 	C:\windows\System32\shlwapi.dll
0x00007ffd81df0000 - 0x00007ffd81e0f000 	C:\windows\SYSTEM32\profapi.dll
0x00007ffd109c0000 - 0x00007ffd109d8000 	c:\Users\HP\.antigravity\extensions\redhat.java-1.53.0-win32-x64\jre\21.0.10-win32-x86_64\bin\zip.dll
0x00007ffd494c0000 - 0x00007ffd494d0000 	C:\Users\HP\.antigravity\extensions\redhat.java-1.53.0-win32-x64\jre\21.0.10-win32-x86_64\bin\net.dll
0x00007ffd6dcf0000 - 0x00007ffd6ddfc000 	C:\windows\SYSTEM32\WINHTTP.dll
0x00007ffd81600000 - 0x00007ffd8166a000 	C:\windows\system32\mswsock.dll
0x00007ffd0ac80000 - 0x00007ffd0ac96000 	C:\Users\HP\.antigravity\extensions\redhat.java-1.53.0-win32-x64\jre\21.0.10-win32-x86_64\bin\nio.dll
0x00007ffd615b0000 - 0x00007ffd615c0000 	c:\Users\HP\.antigravity\extensions\redhat.java-1.53.0-win32-x64\jre\21.0.10-win32-x86_64\bin\verify.dll

JVMTI agents:
c:\Users\HP\.antigravity\extensions\redhat.java-1.53.0-win32-x64\lombok\lombok-1.18.39-4050.jar path:c:\Users\HP\.antigravity\extensions\redhat.java-1.53.0-win32-x64\jre\21.0.10-win32-x86_64\bin\instrument.dll, loaded, initialized, instrumentlib options:none

dbghelp: loaded successfully - version: 4.0.5 - missing functions: none
symbol engine: initialized successfully - sym options: 0x614 - pdb path: .;c:\Users\HP\.antigravity\extensions\redhat.java-1.53.0-win32-x64\jre\21.0.10-win32-x86_64\bin;C:\windows\SYSTEM32;C:\windows\WinSxS\amd64_microsoft.windows.common-controls_6595b64144ccf1df_6.0.19041.1110_none_60b5254171f9507e;c:\Users\HP\.antigravity\extensions\redhat.java-1.53.0-win32-x64\jre\21.0.10-win32-x86_64\bin\server

VM Arguments:
jvm_args: --add-modules=ALL-SYSTEM --add-opens=java.base/java.util=ALL-UNNAMED --add-opens=java.base/java.lang=ALL-UNNAMED --add-opens=java.base/sun.nio.fs=ALL-UNNAMED -Declipse.application=org.eclipse.jdt.ls.core.id1 -Dosgi.bundles.defaultStartLevel=4 -Declipse.product=org.eclipse.jdt.ls.core.product -Djava.import.generatesMetadataFilesAtProjectRoot=false -DDetectVMInstallationsJob.disabled=true -Dfile.encoding=utf8 -XX:+UseParallelGC -XX:GCTimeRatio=4 -XX:AdaptiveSizePolicyWeight=90 -Dsun.zip.disableMemoryMapping=true -Xmx2G -Xms100m -Xlog:disable -javaagent:c:\Users\HP\.antigravity\extensions\redhat.java-1.53.0-win32-x64\lombok\lombok-1.18.39-4050.jar -XX:+HeapDumpOnOutOfMemoryError -XX:HeapDumpPath=c:\Users\HP\AppData\Roaming\Antigravity\User\workspaceStorage\3128ad1f6dad4279aefc7e6981c7fa6f\redhat.java -Daether.dependencyCollector.impl=bf 
java_command: c:\Users\HP\.antigravity\extensions\redhat.java-1.53.0-win32-x64\server\plugins\org.eclipse.equinox.launcher_1.7.100.v20251111-0406.jar -configuration c:\Users\HP\AppData\Roaming\Antigravity\User\globalStorage\redhat.java\1.53.0\config_win -data c:\Users\HP\AppData\Roaming\Antigravity\User\workspaceStorage\3128ad1f6dad4279aefc7e6981c7fa6f\redhat.java\jdt_ws --pipe=\\.\pipe\lsp-273e1b28cdd8c214cac4150a5b226c76-sock
java_class_path (initial): c:\Users\HP\.antigravity\extensions\redhat.java-1.53.0-win32-x64\server\plugins\org.eclipse.equinox.launcher_1.7.100.v20251111-0406.jar
Launcher Type: SUN_STANDARD

[Global flags]
    uintx AdaptiveSizePolicyWeight                 = 90                                        {product} {command line}
     intx CICompilerCount                          = 3                                         {product} {ergonomic}
    uintx GCTimeRatio                              = 4                                         {product} {command line}
     bool HeapDumpOnOutOfMemoryError               = true                                   {manageable} {command line}
    ccstr HeapDumpPath                             = c:\Users\HP\AppData\Roaming\Antigravity\User\workspaceStorage\3128ad1f6dad4279aefc7e6981c7fa6f\redhat.java         {manageable} {command line}
   size_t InitialHeapSize                          = 104857600                                 {product} {command line}
   size_t MaxHeapSize                              = 2147483648                                {product} {command line}
   size_t MaxNewSize                               = 715653120                                 {product} {ergonomic}
   size_t MinHeapDeltaBytes                        = 524288                                    {product} {ergonomic}
   size_t MinHeapSize                              = 104857600                                 {product} {command line}
   size_t NewSize                                  = 34603008                                  {product} {ergonomic}
    uintx NonNMethodCodeHeapSize                   = 5832780                                {pd product} {ergonomic}
    uintx NonProfiledCodeHeapSize                  = 122912730                              {pd product} {ergonomic}
   size_t OldSize                                  = 70254592                                  {product} {ergonomic}
    uintx ProfiledCodeHeapSize                     = 122912730                              {pd product} {ergonomic}
    uintx ReservedCodeCacheSize                    = 251658240                              {pd product} {ergonomic}
     bool SegmentedCodeCache                       = true                                      {product} {ergonomic}
   size_t SoftMaxHeapSize                          = 2147483648                             {manageable} {ergonomic}
     bool UseCompressedOops                        = true                           {product lp64_product} {ergonomic}
     bool UseLargePagesIndividualAllocation        = false                                  {pd product} {ergonomic}
     bool UseParallelGC                            = true                                      {product} {command line}

Logging:
Log output configuration:
 #0: stdout all=off uptime,level,tags foldmultilines=false
 #1: stderr all=off uptime,level,tags foldmultilines=false

Release file:
JAVA_VERSION="21.0.10" 
MODULES="java.base java.compiler java.datatransfer java.xml java.prefs java.desktop java.instrument java.logging java.management java.security.sasl java.naming java.rmi java.management.rmi java.net.http java.scripting java.security.jgss java.transaction.xa java.sql java.sql.rowset java.xml.crypto java.se java.smartcardio jdk.accessibility jdk.internal.jvmstat jdk.attach jdk.charsets jdk.internal.opt jdk.zipfs jdk.compiler jdk.crypto.ec jdk.crypto.cryptoki jdk.crypto.mscapi jdk.dynalink jdk.internal.ed jdk.editpad jdk.hotspot.agent jdk.httpserver jdk.internal.le jdk.internal.vm.ci jdk.internal.vm.compiler jdk.internal.vm.compiler.management jdk.jartool jdk.javadoc jdk.jcmd jdk.management jdk.management.agent jdk.jconsole jdk.jdeps jdk.jdwp.agent jdk.jdi jdk.jfr jdk.jshell jdk.jsobject jdk.jstatd jdk.localedata jdk.management.jfr jdk.naming.dns jdk.naming.rmi jdk.net jdk.nio.mapmode jdk.random jdk.sctp jdk.security.auth jdk.security.jgss jdk.unsupported jdk.unsupported.desktop jdk.xml.dom" 

Environment Variables:
PATH=C:\Program Files\Common Files\Oracle\Java\javapath;C:\Program Files (x86)\Common Files\Oracle\Java\javapath;C:\Program Files\BlueJ\jdk\bin;C:\windows\system32;C:\windows;C:\windows\System32\Wbem;C:\windows\System32\WindowsPowerShell\v1.0\;C:\windows\System32\OpenSSH\;C:\Program Files (x86)\Microsoft SQL Server\100\Tools\Binn\;C:\Program Files\Microsoft SQL Server\100\Tools\Binn\;C:\Program Files\Microsoft SQL Server\100\DTS\Binn\;C:\ProgramData\chocolatey\bin;C:\xamppp\php;C:\Program Files\CodeBlocks\MinGW\bin;C:\ProgramData\ComposerSetup\bin;C:\Program Files\nodejs\;C:\Program Files (x86)\Microsoft SQL Server\160\Tools\Binn\;C:\Program Files\Microsoft SQL Server\160\Tools\Binn\;C:\Program Files\Microsoft SQL Server\Client SDK\ODBC\170\Tools\Binn\;C:\Program Files\Microsoft SQL Server\160\DTS\Binn\;C:\Program Files\Git\cmd;D:\xamp\php;D:\;C:\Users\HP\AppData\Local\Programs\Python\Python311\Scripts\;C:\Users\HP\AppData\Local\Programs\Python\Python311\;C:\Users\HP\AppData\Local\Microsoft\WindowsApps;C:\Program Files\BlueJ\jdk;C:\Users\HP\AppData\Roaming\cabal\bin;C:\tools\ghc-9.8.2\bin;C:\tools\msys64;C:\ghcup\bin;C:\Users\HP\AppData\Roaming\Composer\vendor\bin;C:\Users\HP\AppData\Roaming\npm;C:\Users\HP\OneDrive\Escritorio\foto\flutter\bin;D:\colcaTrufis\fronted\flutter\bin;D:\Microsoft VS Code\bin;C:\src\flutter\bin;D:\Antigravity\bin
USERNAME=HP
OS=Windows_NT
PROCESSOR_IDENTIFIER=Intel64 Family 6 Model 142 Stepping 12, GenuineIntel
TMP=C:\Users\HP\AppData\Local\Temp
TEMP=C:\Users\HP\AppData\Local\Temp




Periodic native trim disabled

---------------  S Y S T E M  ---------------

OS:
 Windows 10 , 64 bit Build 19041 (10.0.19041.2251)
OS uptime: 0 days 0:48 hours

CPU: total 4 (initial active 4) (2 cores per cpu, 2 threads per core) family 6 model 142 stepping 12 microcode 0xde, cx8, cmov, fxsr, ht, mmx, 3dnowpref, sse, sse2, sse3, ssse3, sse4.1, sse4.2, popcnt, lzcnt, tsc, tscinvbit, avx, avx2, aes, erms, clmul, bmi1, bmi2, adx, fma, vzeroupper, clflush, clflushopt, rdtscp, f16c
Processor Information for the first 4 processors :
  Max Mhz: 2592, Current Mhz: 2093, Mhz Limit: 2073

Memory: 4k page, system-wide physical 12111M (2712M free)
TotalPageFile size 16711M (AvailPageFile size 1M)
current process WorkingSet (physical memory assigned to process): 82M, peak: 82M
current process commit charge ("private bytes"): 223M, peak: 223M

vm_info: OpenJDK 64-Bit Server VM (21.0.10+7-LTS) for windows-amd64 JRE (21.0.10+7-LTS), built on 2026-01-20T00:00:00Z by "admin" with MS VC++ 17.12 (VS2022)

END.
