#
# There is insufficient memory for the Java Runtime Environment to continue.
# Native memory allocation (malloc) failed to allocate 32744 bytes. Error detail: Chunk::new
# Possible reasons:
#   The system is out of physical RAM or swap space
#   This process is running with CompressedOops enabled, and the Java Heap may be blocking the growth of the native heap
# Possible solutions:
#   Reduce memory load on the system
#   Increase physical memory or swap space
#   Check if swap backing store is full
#   Decrease Java heap size (-Xmx/-Xms)
#   Decrease number of Java threads
#   Decrease Java thread stack sizes (-Xss)
#   Set larger code cache with -XX:ReservedCodeCacheSize=
#   JVM is running with Unscaled Compressed Oops mode in which the Java heap is
#     placed in the first 4GB address space. The Java Heap base address is the
#     maximum limit for the native heap growth. Please use -XX:HeapBaseMinAddress
#     to set the Java Heap base and to place the Java Heap above 4GB virtual address.
# This output file may be truncated or incomplete.
#
#  Out of Memory Error (arena.cpp:168), pid=15972, tid=2096
#
# JRE version: OpenJDK Runtime Environment Temurin-21.0.9+10 (21.0.9+10) (build 21.0.9+10-LTS)
# Java VM: OpenJDK 64-Bit Server VM Temurin-21.0.9+10 (21.0.9+10-LTS, mixed mode, sharing, tiered, compressed oops, compressed class ptrs, parallel gc, windows-amd64)
# No core dump will be written. Minidumps are not enabled by default on client versions of Windows
#

---------------  S U M M A R Y ------------

Command Line: --add-modules=ALL-SYSTEM --add-opens=java.base/java.util=ALL-UNNAMED --add-opens=java.base/java.lang=ALL-UNNAMED --add-opens=java.base/sun.nio.fs=ALL-UNNAMED -Declipse.application=org.eclipse.jdt.ls.core.id1 -Dosgi.bundles.defaultStartLevel=4 -Declipse.product=org.eclipse.jdt.ls.core.product -Djava.import.generatesMetadataFilesAtProjectRoot=false -DDetectVMInstallationsJob.disabled=true -Dfile.encoding=utf8 -XX:+UseParallelGC -XX:GCTimeRatio=4 -XX:AdaptiveSizePolicyWeight=90 -Dsun.zip.disableMemoryMapping=true -Xmx2G -Xms100m -Xlog:disable -javaagent:c:\Users\HP\.vscode\extensions\redhat.java-1.52.0-win32-x64\lombok\lombok-1.18.39-4050.jar -XX:+HeapDumpOnOutOfMemoryError -XX:HeapDumpPath=c:\Users\HP\AppData\Roaming\Code\User\workspaceStorage\3128ad1f6dad4279aefc7e6981c7fa6f\redhat.java -Daether.dependencyCollector.impl=bf c:\Users\HP\.vscode\extensions\redhat.java-1.52.0-win32-x64\server\plugins\org.eclipse.equinox.launcher_1.7.100.v20251111-0406.jar -configuration c:\Users\HP\AppData\Roaming\Code\User\globalStorage\redhat.java\1.52.0\config_win -data c:\Users\HP\AppData\Roaming\Code\User\workspaceStorage\3128ad1f6dad4279aefc7e6981c7fa6f\redhat.java\jdt_ws --pipe=\\.\pipe\lsp-1d5730539f4d7240d14221690b0a19e7-sock

Host: Intel(R) Core(TM) i3-10110U CPU @ 2.10GHz, 4 cores, 3G,  Windows 10 , 64 bit Build 19041 (10.0.19041.2251)
Time: Thu Feb 26 01:09:45 2026 Hora estándar oeste, Sudamérica elapsed time: 260.560900 seconds (0d 0h 4m 20s)

---------------  T H R E A D  ---------------

Current thread (0x00000157234e2ba0):  JavaThread "C2 CompilerThread0" daemon [_thread_in_native, id=2096, stack(0x00000026aea00000,0x00000026aeb00000) (1024K)]


Current CompileTask:
C2:260561 8026   !   4       java.nio.file.FileTreeWalker::next (144 bytes)

Stack: [0x00000026aea00000,0x00000026aeb00000]
Native frames: (J=compiled Java code, j=interpreted, Vv=VM code, C=native code)
V  [jvm.dll+0x6d6e29]
V  [jvm.dll+0x8b4b76]
V  [jvm.dll+0x8b712e]
V  [jvm.dll+0x8b7813]
V  [jvm.dll+0x283d86]
V  [jvm.dll+0xc66ed]
V  [jvm.dll+0xc6c31]
V  [jvm.dll+0x1f840b]
V  [jvm.dll+0x39fa28]
V  [jvm.dll+0x3a632e]
V  [jvm.dll+0x6ec226]
V  [jvm.dll+0x6eda59]
V  [jvm.dll+0x6f12c1]
V  [jvm.dll+0x6e9399]
V  [jvm.dll+0x6e8a99]
V  [jvm.dll+0x6e6b3e]
V  [jvm.dll+0x1ce18c]
V  [jvm.dll+0x1ced2e]
V  [jvm.dll+0x2f9f1c]
V  [jvm.dll+0x6f12e8]
V  [jvm.dll+0x6e9399]
V  [jvm.dll+0x6e8a99]
V  [jvm.dll+0x6e6b3e]
V  [jvm.dll+0x1ce18c]
V  [jvm.dll+0x1ced2e]
V  [jvm.dll+0x1ced2e]
V  [jvm.dll+0x2f9f1c]
V  [jvm.dll+0x6f12e8]
V  [jvm.dll+0x6e9399]
V  [jvm.dll+0x6e8a99]
V  [jvm.dll+0x6e6b3e]
V  [jvm.dll+0x1ce18c]
V  [jvm.dll+0x1ced2e]
V  [jvm.dll+0x2f9f1c]
V  [jvm.dll+0x6f12e8]
V  [jvm.dll+0x6e9399]
V  [jvm.dll+0x6e8a99]
V  [jvm.dll+0x6e6b3e]
V  [jvm.dll+0x1ce18c]
V  [jvm.dll+0x1ced2e]
V  [jvm.dll+0x1ced2e]
V  [jvm.dll+0x2f9f1c]
V  [jvm.dll+0x6f12e8]
V  [jvm.dll+0x6e9399]
V  [jvm.dll+0x6e8a99]
V  [jvm.dll+0x6e6b3e]
V  [jvm.dll+0x1ce18c]
V  [jvm.dll+0x2f9f1c]
V  [jvm.dll+0x6f12e8]
V  [jvm.dll+0x6e9399]
V  [jvm.dll+0x6e8a99]
V  [jvm.dll+0x6e6b3e]
V  [jvm.dll+0x1ce18c]
V  [jvm.dll+0x1ced2e]
V  [jvm.dll+0x2f9f1c]
V  [jvm.dll+0x6f12e8]
V  [jvm.dll+0x6e9399]
V  [jvm.dll+0x6e8a99]
V  [jvm.dll+0x6e6b3e]
V  [jvm.dll+0x1ce18c]
V  [jvm.dll+0x24b129]
V  [jvm.dll+0x1cb13e]
V  [jvm.dll+0x25b29d]
V  [jvm.dll+0x25982a]
V  [jvm.dll+0x3f7ea6]
V  [jvm.dll+0x85e9ad]
V  [jvm.dll+0x6d565d]
C  [ucrtbase.dll+0x21bb2]
C  [KERNEL32.DLL+0x174b4]
C  [ntdll.dll+0x526a1]


---------------  P R O C E S S  ---------------

Threads class SMR info:
_java_thread_list=0x000001576bb865e0, length=35, elements={
0x000001570cae9e30, 0x00000157234d7800, 0x00000157234daec0, 0x00000157234dc7f0,
0x00000157234dd700, 0x00000157234e13d0, 0x00000157234e1e20, 0x00000157234e2ba0,
0x000001572354ef50, 0x000001576531f6f0, 0x0000015765483760, 0x0000015765928860,
0x0000015765916f80, 0x0000015765390eb0, 0x00000157657dcc10, 0x0000015765641820,
0x0000015765982c90, 0x0000015765bc8b80, 0x0000015765bc6420, 0x0000015765bc7e60,
0x0000015765bc5700, 0x0000015765bc84f0, 0x000001576c6916f0, 0x000001576c691060,
0x000001576c692aa0, 0x000001576c694b70, 0x000001576c693130, 0x000001576c6965b0,
0x000001576c695890, 0x000001576c695f20, 0x000001576c6937c0, 0x000001576c698680,
0x000001576c692410, 0x000001576c693e50, 0x000001576c6944e0
}

Java Threads: ( => current thread )
  0x000001570cae9e30 JavaThread "main"                              [_thread_blocked, id=2464, stack(0x00000026ae000000,0x00000026ae100000) (1024K)]
  0x00000157234d7800 JavaThread "Reference Handler"          daemon [_thread_blocked, id=16028, stack(0x00000026ae400000,0x00000026ae500000) (1024K)]
  0x00000157234daec0 JavaThread "Finalizer"                  daemon [_thread_blocked, id=6832, stack(0x00000026ae500000,0x00000026ae600000) (1024K)]
  0x00000157234dc7f0 JavaThread "Signal Dispatcher"          daemon [_thread_blocked, id=18620, stack(0x00000026ae600000,0x00000026ae700000) (1024K)]
  0x00000157234dd700 JavaThread "Attach Listener"            daemon [_thread_blocked, id=9224, stack(0x00000026ae700000,0x00000026ae800000) (1024K)]
  0x00000157234e13d0 JavaThread "Service Thread"             daemon [_thread_blocked, id=18824, stack(0x00000026ae800000,0x00000026ae900000) (1024K)]
  0x00000157234e1e20 JavaThread "Monitor Deflation Thread"   daemon [_thread_blocked, id=3936, stack(0x00000026ae900000,0x00000026aea00000) (1024K)]
=>0x00000157234e2ba0 JavaThread "C2 CompilerThread0"         daemon [_thread_in_native, id=2096, stack(0x00000026aea00000,0x00000026aeb00000) (1024K)]
  0x000001572354ef50 JavaThread "C1 CompilerThread0"         daemon [_thread_blocked, id=14172, stack(0x00000026aeb00000,0x00000026aec00000) (1024K)]
  0x000001576531f6f0 JavaThread "Common-Cleaner"             daemon [_thread_blocked, id=6152, stack(0x00000026aec00000,0x00000026aed00000) (1024K)]
  0x0000015765483760 JavaThread "Notification Thread"        daemon [_thread_blocked, id=4968, stack(0x00000026aed00000,0x00000026aee00000) (1024K)]
  0x0000015765928860 JavaThread "Active Thread: Equinox Container: ade052f0-e719-42ff-98cd-4b057c4b4efc"        [_thread_blocked, id=11852, stack(0x00000026af100000,0x00000026af200000) (1024K)]
  0x0000015765916f80 JavaThread "Refresh Thread: Equinox Container: ade052f0-e719-42ff-98cd-4b057c4b4efc" daemon [_thread_blocked, id=4600, stack(0x00000026af200000,0x00000026af300000) (1024K)]
  0x0000015765390eb0 JavaThread "Framework Event Dispatcher: Equinox Container: ade052f0-e719-42ff-98cd-4b057c4b4efc" daemon [_thread_blocked, id=7340, stack(0x00000026af300000,0x00000026af400000) (1024K)]
  0x00000157657dcc10 JavaThread "Start Level: Equinox Container: ade052f0-e719-42ff-98cd-4b057c4b4efc" daemon [_thread_blocked, id=10700, stack(0x00000026af400000,0x00000026af500000) (1024K)]
  0x0000015765641820 JavaThread "Bundle File Closer"         daemon [_thread_blocked, id=11348, stack(0x00000026af500000,0x00000026af600000) (1024K)]
  0x0000015765982c90 JavaThread "SCR Component Actor"        daemon [_thread_blocked, id=3556, stack(0x00000026af600000,0x00000026af700000) (1024K)]
  0x0000015765bc8b80 JavaThread "Worker-JM"                         [_thread_blocked, id=4164, stack(0x00000026af700000,0x00000026af800000) (1024K)]
  0x0000015765bc6420 JavaThread "JNA Cleaner"                daemon [_thread_blocked, id=18172, stack(0x00000026af800000,0x00000026af900000) (1024K)]
  0x0000015765bc7e60 JavaThread "Worker-2"                          [_thread_blocked, id=14988, stack(0x00000026afb00000,0x00000026afc00000) (1024K)]
  0x0000015765bc5700 JavaThread "Worker-3"                          [_thread_blocked, id=17180, stack(0x00000026afc00000,0x00000026afd00000) (1024K)]
  0x0000015765bc84f0 JavaThread "Java indexing"              daemon [_thread_blocked, id=16880, stack(0x00000026afd00000,0x00000026afe00000) (1024K)]
  0x000001576c6916f0 JavaThread "Thread-1"                   daemon [_thread_in_native, id=15848, stack(0x00000026b0000000,0x00000026b0100000) (1024K)]
  0x000001576c691060 JavaThread "Thread-2"                   daemon [_thread_in_native, id=7484, stack(0x00000026b0100000,0x00000026b0200000) (1024K)]
  0x000001576c692aa0 JavaThread "Thread-3"                   daemon [_thread_in_native, id=12300, stack(0x00000026b0200000,0x00000026b0300000) (1024K)]
  0x000001576c694b70 JavaThread "Thread-4"                   daemon [_thread_in_native, id=14780, stack(0x00000026b0300000,0x00000026b0400000) (1024K)]
  0x000001576c693130 JavaThread "Thread-5"                   daemon [_thread_in_native, id=18560, stack(0x00000026b0400000,0x00000026b0500000) (1024K)]
  0x000001576c6965b0 JavaThread "pool-2-thread-1"                   [_thread_blocked, id=6588, stack(0x00000026b0500000,0x00000026b0600000) (1024K)]
  0x000001576c695890 JavaThread "WorkspaceEventsHandler"            [_thread_blocked, id=10228, stack(0x00000026b0600000,0x00000026b0700000) (1024K)]
  0x000001576c695f20 JavaThread "pool-1-thread-1"                   [_thread_blocked, id=4080, stack(0x00000026b0700000,0x00000026b0800000) (1024K)]
  0x000001576c6937c0 JavaThread "Timer-0"                           [_thread_blocked, id=17640, stack(0x00000026ade00000,0x00000026adf00000) (1024K)]
  0x000001576c698680 JavaThread "Worker-6: Initialize workspace"        [_thread_in_Java, id=14616, stack(0x00000026adf00000,0x00000026ae000000) (1024K)]
  0x000001576c692410 JavaThread "ForkJoinPool.commonPool-worker-3" daemon [_thread_blocked, id=19392, stack(0x00000026af900000,0x00000026afa00000) (1024K)]
  0x000001576c693e50 JavaThread "ForkJoinPool.commonPool-worker-4" daemon [_thread_blocked, id=18456, stack(0x00000026afa00000,0x00000026afb00000) (1024K)]
  0x000001576c6944e0 JavaThread "ForkJoinPool.commonPool-worker-5" daemon [_thread_blocked, id=19092, stack(0x00000026afe00000,0x00000026aff00000) (1024K)]
Total: 35

Other Threads:
  0x00000157234b9600 VMThread "VM Thread"                           [id=3264, stack(0x00000026ae300000,0x00000026ae400000) (1024K)]
  0x0000015723431c40 WatcherThread "VM Periodic Task Thread"        [id=6248, stack(0x00000026ae200000,0x00000026ae300000) (1024K)]
  0x000001570cb08130 WorkerThread "GC Thread#0"                     [id=5324, stack(0x00000026ae100000,0x00000026ae200000) (1024K)]
  0x00000157654dd710 WorkerThread "GC Thread#1"                     [id=18416, stack(0x00000026aee00000,0x00000026aef00000) (1024K)]
  0x00000157655b5960 WorkerThread "GC Thread#2"                     [id=16192, stack(0x00000026aef00000,0x00000026af000000) (1024K)]
  0x00000157659e1fc0 WorkerThread "GC Thread#3"                     [id=14004, stack(0x00000026af000000,0x00000026af100000) (1024K)]
Total: 6

Threads with active compile tasks:
C2 CompilerThread0  260659 8026   !   4       java.nio.file.FileTreeWalker::next (144 bytes)
Total: 1

VM state: not at safepoint (normal execution)

VM Mutex/Monitor currently owned by a thread: None

Heap address: 0x0000000080000000, size: 2048 MB, Compressed Oops mode: 32-bit

CDS archive(s) mapped at: [0x0000015724000000-0x0000015724ba0000-0x0000015724ba0000), size 12189696, SharedBaseAddress: 0x0000015724000000, ArchiveRelocationMode: 1.
Compressed class space mapped at: 0x0000015725000000-0x0000015765000000, reserved size: 1073741824
Narrow klass base: 0x0000015724000000, Narrow klass shift: 0, Narrow klass range: 0x100000000

GC Precious Log:
 CardTable entry size: 512
 CPUs: 4 total, 4 available
 Memory: 3919M
 Large Page Support: Disabled
 NUMA Support: Disabled
 Compressed Oops: Enabled (32-bit)
 Alignments: Space 512K, Generation 512K, Heap 2M
 Heap Min Capacity: 100M
 Heap Initial Capacity: 100M
 Heap Max Capacity: 2G
 Pre-touch: Disabled
 Parallel Workers: 4

Heap:
 PSYoungGen      total 20992K, used 3020K [0x00000000d5580000, 0x00000000d6e00000, 0x0000000100000000)
  eden space 20480K, 12% used [0x00000000d5580000,0x00000000d57f7398,0x00000000d6980000)
  from space 512K, 96% used [0x00000000d6d00000,0x00000000d6d7c040,0x00000000d6d80000)
  to   space 512K, 0% used [0x00000000d6d80000,0x00000000d6d80000,0x00000000d6e00000)
 ParOldGen       total 68608K, used 42712K [0x0000000080000000, 0x0000000084300000, 0x00000000d5580000)
  object space 68608K, 62% used [0x0000000080000000,0x00000000829b6030,0x0000000084300000)
 Metaspace       used 61362K, committed 62784K, reserved 1114112K
  class space    used 7214K, committed 7808K, reserved 1048576K

Card table byte_map: [0x000001570c4c0000,0x000001570c8d0000] _byte_map_base: 0x000001570c0c0000

Marking Bits: (ParMarkBitMap*) 0x00007ff982f22460
 Begin Bits: [0x000001571efb0000, 0x0000015720fb0000)
 End Bits:   [0x0000015720fb0000, 0x0000015722fb0000)

Polling page: 0x000001570a820000

Metaspace:

Usage:
  Non-class:     52.88 MB used.
      Class:      7.05 MB used.
       Both:     59.92 MB used.

Virtual space:
  Non-class space:       64.00 MB reserved,      53.69 MB ( 84%) committed,  1 nodes.
      Class space:        1.00 GB reserved,       7.62 MB ( <1%) committed,  1 nodes.
             Both:        1.06 GB reserved,      61.31 MB (  6%) committed. 

Chunk freelists:
   Non-Class:  9.48 MB
       Class:  8.37 MB
        Both:  17.85 MB

MaxMetaspaceSize: unlimited
CompressedClassSpaceSize: 1.00 GB
Initial GC threshold: 21.00 MB
Current GC threshold: 97.31 MB
CDS: on
 - commit_granule_bytes: 65536.
 - commit_granule_words: 8192.
 - virtual_space_node_default_size: 8388608.
 - enlarge_chunks_in_place: 1.
 - use_allocation_guard: 0.


Internal statistics:

num_allocs_failed_limit: 11.
num_arena_births: 1034.
num_arena_deaths: 14.
num_vsnodes_births: 2.
num_vsnodes_deaths: 0.
num_space_committed: 981.
num_space_uncommitted: 0.
num_chunks_returned_to_freelist: 25.
num_chunks_taken_from_freelist: 3553.
num_chunk_merges: 17.
num_chunk_splits: 2288.
num_chunks_enlarged: 1389.
num_inconsistent_stats: 0.

CodeHeap 'non-profiled nmethods': size=120000Kb used=4375Kb max_used=4375Kb free=115624Kb
 bounds [0x00000157177d0000, 0x0000015717c20000, 0x000001571ed00000]
CodeHeap 'profiled nmethods': size=120000Kb used=15070Kb max_used=15070Kb free=104929Kb
 bounds [0x000001570fd00000, 0x0000015710bc0000, 0x0000015717230000]
CodeHeap 'non-nmethods': size=5760Kb used=1420Kb max_used=1476Kb free=4339Kb
 bounds [0x0000015717230000, 0x00000157174a0000, 0x00000157177d0000]
CodeCache: size=245760Kb, used=20865Kb, max_used=20921Kb, free=224892Kb
 total_blobs=8004, nmethods=7276, adapters=634, full_count=0
Compilation: enabled, stopped_count=0, restarted_count=0

Compilation events (20 events):
Event: 260.538 Thread 0x000001572354ef50 8041       3       org.eclipse.jdt.internal.compiler.util.JrtFileSystem$2::visitFile (72 bytes)
Event: 260.538 Thread 0x000001572354ef50 nmethod 8041 0x0000015710bb2a10 code [0x0000015710bb2c40, 0x0000015710bb33c0]
Event: 260.538 Thread 0x000001572354ef50 8035       3       jdk.internal.jrtfs.JrtPath::getNameCount (10 bytes)
Event: 260.538 Thread 0x000001572354ef50 nmethod 8035 0x0000015710151510 code [0x00000157101516c0, 0x0000015710151818]
Event: 260.538 Thread 0x000001572354ef50 8036       3       jdk.internal.jrtfs.JrtPath::getName (6 bytes)
Event: 260.538 Thread 0x000001572354ef50 nmethod 8036 0x0000015710bb3610 code [0x0000015710bb37c0, 0x0000015710bb38f8]
Event: 260.538 Thread 0x000001572354ef50 8037       3       jdk.internal.jrtfs.JrtPath::getName (116 bytes)
Event: 260.539 Thread 0x000001572354ef50 nmethod 8037 0x0000015710bb3990 code [0x0000015710bb3c60, 0x0000015710bb4820]
Event: 260.539 Thread 0x000001572354ef50 8046       3       java.util.ArrayList$SubList::equals (47 bytes)
Event: 260.539 Thread 0x000001572354ef50 nmethod 8046 0x0000015710bb4d90 code [0x0000015710bb4f80, 0x0000015710bb55b8]
Event: 260.539 Thread 0x000001572354ef50 8047       3       org.eclipse.jdt.internal.core.JrtPackageFragmentRoot$1::visitFile (14 bytes)
Event: 260.540 Thread 0x000001572354ef50 nmethod 8047 0x0000015710bb5790 code [0x0000015710bb5960, 0x0000015710bb5cb8]
Event: 260.540 Thread 0x000001572354ef50 8048       3       org.eclipse.jdt.internal.core.JrtPackageFragmentRoot$1::visitFile (26 bytes)
Event: 260.540 Thread 0x000001572354ef50 nmethod 8048 0x0000015710bb5d90 code [0x0000015710bb5f60, 0x0000015710bb61a8]
Event: 260.540 Thread 0x000001572354ef50 8043       3       jdk.internal.jimage.BasicImageReader::getResource (24 bytes)
Event: 260.540 Thread 0x000001572354ef50 nmethod 8043 0x0000015710bb6290 code [0x0000015710bb64a0, 0x0000015710bb6b38]
Event: 260.540 Thread 0x000001572354ef50 8044       3       jdk.internal.jimage.BasicImageReader::getBufferBytes (20 bytes)
Event: 260.541 Thread 0x000001572354ef50 nmethod 8044 0x0000015710bb6d90 code [0x0000015710bb6f60, 0x0000015710bb7440]
Event: 260.541 Thread 0x000001572354ef50 8042       3       java.util.ArrayDeque::pop (5 bytes)
Event: 260.541 Thread 0x000001572354ef50 nmethod 8042 0x0000015710bb7610 code [0x0000015710bb77e0, 0x0000015710bb7b80]

GC Heap History (20 events):
Event: 221.257 GC heap before
{Heap before GC invocations=24 (full 2):
 PSYoungGen      total 25088K, used 22505K [0x00000000d5580000, 0x00000000d7000000, 0x0000000100000000)
  eden space 22016K, 99% used [0x00000000d5580000,0x00000000d6af6508,0x00000000d6b00000)
  from space 3072K, 17% used [0x00000000d6b00000,0x00000000d6b84010,0x00000000d6e00000)
  to   space 1536K, 0% used [0x00000000d6e80000,0x00000000d6e80000,0x00000000d7000000)
 ParOldGen       total 68608K, used 27649K [0x0000000080000000, 0x0000000084300000, 0x00000000d5580000)
  object space 68608K, 40% used [0x0000000080000000,0x0000000081b007d0,0x0000000084300000)
 Metaspace       used 53692K, committed 54976K, reserved 1114112K
  class space    used 5997K, committed 6592K, reserved 1048576K
}
Event: 221.271 GC heap after
{Heap after GC invocations=24 (full 2):
 PSYoungGen      total 22016K, used 1530K [0x00000000d5580000, 0x00000000d7500000, 0x0000000100000000)
  eden space 20480K, 0% used [0x00000000d5580000,0x00000000d5580000,0x00000000d6980000)
  from space 1536K, 99% used [0x00000000d6e80000,0x00000000d6ffebb0,0x00000000d7000000)
  to   space 5120K, 0% used [0x00000000d6980000,0x00000000d6980000,0x00000000d6e80000)
 ParOldGen       total 68608K, used 30446K [0x0000000080000000, 0x0000000084300000, 0x00000000d5580000)
  object space 68608K, 44% used [0x0000000080000000,0x0000000081dbba10,0x0000000084300000)
 Metaspace       used 53692K, committed 54976K, reserved 1114112K
  class space    used 5997K, committed 6592K, reserved 1048576K
}
Event: 237.205 GC heap before
{Heap before GC invocations=25 (full 2):
 PSYoungGen      total 22016K, used 22010K [0x00000000d5580000, 0x00000000d7500000, 0x0000000100000000)
  eden space 20480K, 100% used [0x00000000d5580000,0x00000000d6980000,0x00000000d6980000)
  from space 1536K, 99% used [0x00000000d6e80000,0x00000000d6ffebb0,0x00000000d7000000)
  to   space 5120K, 0% used [0x00000000d6980000,0x00000000d6980000,0x00000000d6e80000)
 ParOldGen       total 68608K, used 30446K [0x0000000080000000, 0x0000000084300000, 0x00000000d5580000)
  object space 68608K, 44% used [0x0000000080000000,0x0000000081dbba10,0x0000000084300000)
 Metaspace       used 55008K, committed 56256K, reserved 1114112K
  class space    used 6231K, committed 6784K, reserved 1048576K
}
Event: 237.330 GC heap after
{Heap after GC invocations=25 (full 2):
 PSYoungGen      total 25600K, used 5103K [0x00000000d5580000, 0x00000000d7880000, 0x0000000100000000)
  eden space 20480K, 0% used [0x00000000d5580000,0x00000000d5580000,0x00000000d6980000)
  from space 5120K, 99% used [0x00000000d6980000,0x00000000d6e7bfd8,0x00000000d6e80000)
  to   space 7680K, 0% used [0x00000000d7100000,0x00000000d7100000,0x00000000d7880000)
 ParOldGen       total 68608K, used 32283K [0x0000000080000000, 0x0000000084300000, 0x00000000d5580000)
  object space 68608K, 47% used [0x0000000080000000,0x0000000081f86d60,0x0000000084300000)
 Metaspace       used 55008K, committed 56256K, reserved 1114112K
  class space    used 6231K, committed 6784K, reserved 1048576K
}
Event: 238.820 GC heap before
{Heap before GC invocations=26 (full 2):
 PSYoungGen      total 25600K, used 25583K [0x00000000d5580000, 0x00000000d7880000, 0x0000000100000000)
  eden space 20480K, 100% used [0x00000000d5580000,0x00000000d6980000,0x00000000d6980000)
  from space 5120K, 99% used [0x00000000d6980000,0x00000000d6e7bfd8,0x00000000d6e80000)
  to   space 7680K, 0% used [0x00000000d7100000,0x00000000d7100000,0x00000000d7880000)
 ParOldGen       total 68608K, used 32283K [0x0000000080000000, 0x0000000084300000, 0x00000000d5580000)
  object space 68608K, 47% used [0x0000000080000000,0x0000000081f86d60,0x0000000084300000)
 Metaspace       used 55853K, committed 57088K, reserved 1114112K
  class space    used 6373K, committed 6912K, reserved 1048576K
}
Event: 238.825 GC heap after
{Heap after GC invocations=26 (full 2):
 PSYoungGen      total 21504K, used 704K [0x00000000d5580000, 0x00000000d7200000, 0x0000000100000000)
  eden space 20480K, 0% used [0x00000000d5580000,0x00000000d5580000,0x00000000d6980000)
  from space 1024K, 68% used [0x00000000d7100000,0x00000000d71b0000,0x00000000d7200000)
  to   space 3072K, 0% used [0x00000000d6c00000,0x00000000d6c00000,0x00000000d6f00000)
 ParOldGen       total 68608K, used 37316K [0x0000000080000000, 0x0000000084300000, 0x00000000d5580000)
  object space 68608K, 54% used [0x0000000080000000,0x00000000824710e0,0x0000000084300000)
 Metaspace       used 55853K, committed 57088K, reserved 1114112K
  class space    used 6373K, committed 6912K, reserved 1048576K
}
Event: 241.189 GC heap before
{Heap before GC invocations=27 (full 2):
 PSYoungGen      total 21504K, used 21184K [0x00000000d5580000, 0x00000000d7200000, 0x0000000100000000)
  eden space 20480K, 100% used [0x00000000d5580000,0x00000000d6980000,0x00000000d6980000)
  from space 1024K, 68% used [0x00000000d7100000,0x00000000d71b0000,0x00000000d7200000)
  to   space 3072K, 0% used [0x00000000d6c00000,0x00000000d6c00000,0x00000000d6f00000)
 ParOldGen       total 68608K, used 37316K [0x0000000080000000, 0x0000000084300000, 0x00000000d5580000)
  object space 68608K, 54% used [0x0000000080000000,0x00000000824710e0,0x0000000084300000)
 Metaspace       used 55878K, committed 57088K, reserved 1114112K
  class space    used 6373K, committed 6912K, reserved 1048576K
}
Event: 241.191 GC heap after
{Heap after GC invocations=27 (full 2):
 PSYoungGen      total 23552K, used 576K [0x00000000d5580000, 0x00000000d7180000, 0x0000000100000000)
  eden space 20480K, 0% used [0x00000000d5580000,0x00000000d5580000,0x00000000d6980000)
  from space 3072K, 18% used [0x00000000d6c00000,0x00000000d6c90000,0x00000000d6f00000)
  to   space 1024K, 0% used [0x00000000d7080000,0x00000000d7080000,0x00000000d7180000)
 ParOldGen       total 68608K, used 37950K [0x0000000080000000, 0x0000000084300000, 0x00000000d5580000)
  object space 68608K, 55% used [0x0000000080000000,0x000000008250faa0,0x0000000084300000)
 Metaspace       used 55878K, committed 57088K, reserved 1114112K
  class space    used 6373K, committed 6912K, reserved 1048576K
}
Event: 242.961 GC heap before
{Heap before GC invocations=28 (full 2):
 PSYoungGen      total 23552K, used 21056K [0x00000000d5580000, 0x00000000d7180000, 0x0000000100000000)
  eden space 20480K, 100% used [0x00000000d5580000,0x00000000d6980000,0x00000000d6980000)
  from space 3072K, 18% used [0x00000000d6c00000,0x00000000d6c90000,0x00000000d6f00000)
  to   space 1024K, 0% used [0x00000000d7080000,0x00000000d7080000,0x00000000d7180000)
 ParOldGen       total 68608K, used 37950K [0x0000000080000000, 0x0000000084300000, 0x00000000d5580000)
  object space 68608K, 55% used [0x0000000080000000,0x000000008250faa0,0x0000000084300000)
 Metaspace       used 55885K, committed 57088K, reserved 1114112K
  class space    used 6373K, committed 6912K, reserved 1048576K
}
Event: 242.964 GC heap after
{Heap after GC invocations=28 (full 2):
 PSYoungGen      total 21504K, used 1022K [0x00000000d5580000, 0x00000000d7180000, 0x0000000100000000)
  eden space 20480K, 0% used [0x00000000d5580000,0x00000000d5580000,0x00000000d6980000)
  from space 1024K, 99% used [0x00000000d7080000,0x00000000d717fa00,0x00000000d7180000)
  to   space 3072K, 0% used [0x00000000d6b80000,0x00000000d6b80000,0x00000000d6e80000)
 ParOldGen       total 68608K, used 39574K [0x0000000080000000, 0x0000000084300000, 0x00000000d5580000)
  object space 68608K, 57% used [0x0000000080000000,0x00000000826a5a50,0x0000000084300000)
 Metaspace       used 55885K, committed 57088K, reserved 1114112K
  class space    used 6373K, committed 6912K, reserved 1048576K
}
Event: 243.933 GC heap before
{Heap before GC invocations=29 (full 2):
 PSYoungGen      total 21504K, used 21502K [0x00000000d5580000, 0x00000000d7180000, 0x0000000100000000)
  eden space 20480K, 100% used [0x00000000d5580000,0x00000000d6980000,0x00000000d6980000)
  from space 1024K, 99% used [0x00000000d7080000,0x00000000d717fa00,0x00000000d7180000)
  to   space 3072K, 0% used [0x00000000d6b80000,0x00000000d6b80000,0x00000000d6e80000)
 ParOldGen       total 68608K, used 39574K [0x0000000080000000, 0x0000000084300000, 0x00000000d5580000)
  object space 68608K, 57% used [0x0000000080000000,0x00000000826a5a50,0x0000000084300000)
 Metaspace       used 56605K, committed 57856K, reserved 1114112K
  class space    used 6530K, committed 7104K, reserved 1048576K
}
Event: 243.940 GC heap after
{Heap after GC invocations=29 (full 2):
 PSYoungGen      total 23040K, used 2545K [0x00000000d5580000, 0x00000000d7100000, 0x0000000100000000)
  eden space 20480K, 0% used [0x00000000d5580000,0x00000000d5580000,0x00000000d6980000)
  from space 2560K, 99% used [0x00000000d6b80000,0x00000000d6dfc5b0,0x00000000d6e00000)
  to   space 3072K, 0% used [0x00000000d6e00000,0x00000000d6e00000,0x00000000d7100000)
 ParOldGen       total 68608K, used 40606K [0x0000000080000000, 0x0000000084300000, 0x00000000d5580000)
  object space 68608K, 59% used [0x0000000080000000,0x00000000827a7840,0x0000000084300000)
 Metaspace       used 56605K, committed 57856K, reserved 1114112K
  class space    used 6530K, committed 7104K, reserved 1048576K
}
Event: 245.483 GC heap before
{Heap before GC invocations=30 (full 2):
 PSYoungGen      total 23040K, used 17943K [0x00000000d5580000, 0x00000000d7100000, 0x0000000100000000)
  eden space 20480K, 75% used [0x00000000d5580000,0x00000000d64899c0,0x00000000d6980000)
  from space 2560K, 99% used [0x00000000d6b80000,0x00000000d6dfc5b0,0x00000000d6e00000)
  to   space 3072K, 0% used [0x00000000d6e00000,0x00000000d6e00000,0x00000000d7100000)
 ParOldGen       total 68608K, used 40606K [0x0000000080000000, 0x0000000084300000, 0x00000000d5580000)
  object space 68608K, 59% used [0x0000000080000000,0x00000000827a7840,0x0000000084300000)
 Metaspace       used 58465K, committed 59776K, reserved 1114112K
  class space    used 6819K, committed 7424K, reserved 1048576K
}
Event: 245.487 GC heap after
{Heap after GC invocations=30 (full 2):
 PSYoungGen      total 20992K, used 496K [0x00000000d5580000, 0x00000000d6e80000, 0x0000000100000000)
  eden space 20480K, 0% used [0x00000000d5580000,0x00000000d5580000,0x00000000d6980000)
  from space 512K, 96% used [0x00000000d6e00000,0x00000000d6e7c020,0x00000000d6e80000)
  to   space 1536K, 0% used [0x00000000d6b80000,0x00000000d6b80000,0x00000000d6d00000)
 ParOldGen       total 68608K, used 43089K [0x0000000080000000, 0x0000000084300000, 0x00000000d5580000)
  object space 68608K, 62% used [0x0000000080000000,0x0000000082a14560,0x0000000084300000)
 Metaspace       used 58465K, committed 59776K, reserved 1114112K
  class space    used 6819K, committed 7424K, reserved 1048576K
}
Event: 245.487 GC heap before
{Heap before GC invocations=31 (full 3):
 PSYoungGen      total 20992K, used 496K [0x00000000d5580000, 0x00000000d6e80000, 0x0000000100000000)
  eden space 20480K, 0% used [0x00000000d5580000,0x00000000d5580000,0x00000000d6980000)
  from space 512K, 96% used [0x00000000d6e00000,0x00000000d6e7c020,0x00000000d6e80000)
  to   space 1536K, 0% used [0x00000000d6b80000,0x00000000d6b80000,0x00000000d6d00000)
 ParOldGen       total 68608K, used 43089K [0x0000000080000000, 0x0000000084300000, 0x00000000d5580000)
  object space 68608K, 62% used [0x0000000080000000,0x0000000082a14560,0x0000000084300000)
 Metaspace       used 58465K, committed 59776K, reserved 1114112K
  class space    used 6819K, committed 7424K, reserved 1048576K
}
Event: 246.005 GC heap after
{Heap after GC invocations=31 (full 3):
 PSYoungGen      total 20992K, used 0K [0x00000000d5580000, 0x00000000d6e80000, 0x0000000100000000)
  eden space 20480K, 0% used [0x00000000d5580000,0x00000000d5580000,0x00000000d6980000)
  from space 512K, 0% used [0x00000000d6e00000,0x00000000d6e00000,0x00000000d6e80000)
  to   space 1536K, 0% used [0x00000000d6b80000,0x00000000d6b80000,0x00000000d6d00000)
 ParOldGen       total 68608K, used 41033K [0x0000000080000000, 0x0000000084300000, 0x00000000d5580000)
  object space 68608K, 59% used [0x0000000080000000,0x00000000828126e8,0x0000000084300000)
 Metaspace       used 58465K, committed 59776K, reserved 1114112K
  class space    used 6819K, committed 7424K, reserved 1048576K
}
Event: 249.070 GC heap before
{Heap before GC invocations=32 (full 3):
 PSYoungGen      total 20992K, used 20480K [0x00000000d5580000, 0x00000000d6e80000, 0x0000000100000000)
  eden space 20480K, 100% used [0x00000000d5580000,0x00000000d6980000,0x00000000d6980000)
  from space 512K, 0% used [0x00000000d6e00000,0x00000000d6e00000,0x00000000d6e80000)
  to   space 1536K, 0% used [0x00000000d6b80000,0x00000000d6b80000,0x00000000d6d00000)
 ParOldGen       total 68608K, used 41033K [0x0000000080000000, 0x0000000084300000, 0x00000000d5580000)
  object space 68608K, 59% used [0x0000000080000000,0x00000000828126e8,0x0000000084300000)
 Metaspace       used 59577K, committed 60928K, reserved 1114112K
  class space    used 7042K, committed 7616K, reserved 1048576K
}
Event: 249.072 GC heap after
{Heap after GC invocations=32 (full 3):
 PSYoungGen      total 22016K, used 480K [0x00000000d5580000, 0x00000000d6e80000, 0x0000000100000000)
  eden space 20480K, 0% used [0x00000000d5580000,0x00000000d5580000,0x00000000d6980000)
  from space 1536K, 31% used [0x00000000d6b80000,0x00000000d6bf8000,0x00000000d6d00000)
  to   space 1024K, 0% used [0x00000000d6d80000,0x00000000d6d80000,0x00000000d6e80000)
 ParOldGen       total 68608K, used 41041K [0x0000000080000000, 0x0000000084300000, 0x00000000d5580000)
  object space 68608K, 59% used [0x0000000080000000,0x00000000828146e8,0x0000000084300000)
 Metaspace       used 59577K, committed 60928K, reserved 1114112K
  class space    used 7042K, committed 7616K, reserved 1048576K
}
Event: 257.451 GC heap before
{Heap before GC invocations=33 (full 3):
 PSYoungGen      total 22016K, used 20941K [0x00000000d5580000, 0x00000000d6e80000, 0x0000000100000000)
  eden space 20480K, 99% used [0x00000000d5580000,0x00000000d697b490,0x00000000d6980000)
  from space 1536K, 31% used [0x00000000d6b80000,0x00000000d6bf8000,0x00000000d6d00000)
  to   space 1024K, 0% used [0x00000000d6d80000,0x00000000d6d80000,0x00000000d6e80000)
 ParOldGen       total 68608K, used 41041K [0x0000000080000000, 0x0000000084300000, 0x00000000d5580000)
  object space 68608K, 59% used [0x0000000080000000,0x00000000828146e8,0x0000000084300000)
 Metaspace       used 60110K, committed 61504K, reserved 1114112K
  class space    used 7104K, committed 7680K, reserved 1048576K
}
Event: 257.455 GC heap after
{Heap after GC invocations=33 (full 3):
 PSYoungGen      total 20992K, used 299K [0x00000000d5580000, 0x00000000d6e00000, 0x0000000100000000)
  eden space 20480K, 0% used [0x00000000d5580000,0x00000000d5580000,0x00000000d6980000)
  from space 512K, 58% used [0x00000000d6d80000,0x00000000d6dcafe0,0x00000000d6e00000)
  to   space 512K, 0% used [0x00000000d6d00000,0x00000000d6d00000,0x00000000d6d80000)
 ParOldGen       total 68608K, used 41456K [0x0000000080000000, 0x0000000084300000, 0x00000000d5580000)
  object space 68608K, 60% used [0x0000000080000000,0x000000008287c3f8,0x0000000084300000)
 Metaspace       used 60110K, committed 61504K, reserved 1114112K
  class space    used 7104K, committed 7680K, reserved 1048576K
}

Dll operation events (15 events):
Event: 0.102 Loaded shared library c:\Users\HP\.vscode\extensions\redhat.java-1.52.0-win32-x64\jre\21.0.9-win32-x86_64\bin\java.dll
Event: 0.635 Loaded shared library c:\Users\HP\.vscode\extensions\redhat.java-1.52.0-win32-x64\jre\21.0.9-win32-x86_64\bin\zip.dll
Event: 0.760 Loaded shared library C:\Users\HP\.vscode\extensions\redhat.java-1.52.0-win32-x64\jre\21.0.9-win32-x86_64\bin\instrument.dll
Event: 0.768 Loaded shared library C:\Users\HP\.vscode\extensions\redhat.java-1.52.0-win32-x64\jre\21.0.9-win32-x86_64\bin\net.dll
Event: 0.774 Loaded shared library C:\Users\HP\.vscode\extensions\redhat.java-1.52.0-win32-x64\jre\21.0.9-win32-x86_64\bin\nio.dll
Event: 0.779 Loaded shared library C:\Users\HP\.vscode\extensions\redhat.java-1.52.0-win32-x64\jre\21.0.9-win32-x86_64\bin\zip.dll
Event: 0.912 Loaded shared library C:\Users\HP\.vscode\extensions\redhat.java-1.52.0-win32-x64\jre\21.0.9-win32-x86_64\bin\jimage.dll
Event: 1.265 Loaded shared library c:\Users\HP\.vscode\extensions\redhat.java-1.52.0-win32-x64\jre\21.0.9-win32-x86_64\bin\verify.dll
Event: 8.896 Loaded shared library C:\Users\HP\AppData\Roaming\Code\User\globalStorage\redhat.java\1.52.0\config_win\org.eclipse.equinox.launcher\org.eclipse.equinox.launcher.win32.win32.x86_64_1.2.1500.v20260121-1430\eclipse_11919.dll
Event: 17.332 Loaded shared library C:\Users\HP\AppData\Local\Temp\jna-2312\jna6056831771554716978.dll
Event: 37.135 Loaded shared library C:\Users\HP\.vscode\extensions\redhat.java-1.52.0-win32-x64\jre\21.0.9-win32-x86_64\bin\management.dll
Event: 37.149 Loaded shared library C:\Users\HP\.vscode\extensions\redhat.java-1.52.0-win32-x64\jre\21.0.9-win32-x86_64\bin\management_ext.dll
Event: 45.893 Loaded shared library C:\Users\HP\.vscode\extensions\redhat.java-1.52.0-win32-x64\jre\21.0.9-win32-x86_64\bin\sunmscapi.dll
Event: 46.220 Loaded shared library C:\Users\HP\.vscode\extensions\redhat.java-1.52.0-win32-x64\jre\21.0.9-win32-x86_64\bin\extnet.dll
Event: 236.058 Loaded shared library C:\Users\HP\.gradle\native\1def1411415f61bf3af743bc5b6707747c0891f09f0c88961ee8f79bc544acac\windows-amd64\native-platform.dll

Deoptimization events (20 events):
Event: 260.318 Thread 0x000001576c698680 Uncommon trap: trap_request=0xffffff45 fr.pc=0x00000157178e8fbc relative=0x000000000000111c
Event: 260.318 Thread 0x000001576c698680 Uncommon trap: reason=unstable_if action=reinterpret pc=0x00000157178e8fbc method=java.util.regex.Pattern.compile()V @ 443 c2
Event: 260.318 Thread 0x000001576c698680 DEOPT PACKING pc=0x00000157178e8fbc sp=0x00000026adffcc60
Event: 260.318 Thread 0x000001576c698680 DEOPT UNPACKING pc=0x0000015717283aa2 sp=0x00000026adffcc28 mode 2
Event: 260.516 Thread 0x000001576c698680 Uncommon trap: trap_request=0xffffffc6 fr.pc=0x0000015717c0cf3c relative=0x0000000000003d7c
Event: 260.516 Thread 0x000001576c698680 Uncommon trap: reason=bimorphic_or_optimized_type_check action=maybe_recompile pc=0x0000015717c0cf3c method=jdk.internal.jrtfs.JrtFileAttributes.isDirectory()Z @ 4 c2
Event: 260.516 Thread 0x000001576c698680 DEOPT PACKING pc=0x0000015717c0cf3c sp=0x00000026adffda30
Event: 260.516 Thread 0x000001576c698680 DEOPT UNPACKING pc=0x0000015717283aa2 sp=0x00000026adffd948 mode 2
Event: 260.518 Thread 0x000001576c698680 Uncommon trap: trap_request=0xffffffc6 fr.pc=0x0000015717c0cf3c relative=0x0000000000003d7c
Event: 260.518 Thread 0x000001576c698680 Uncommon trap: reason=bimorphic_or_optimized_type_check action=maybe_recompile pc=0x0000015717c0cf3c method=jdk.internal.jrtfs.JrtFileAttributes.isDirectory()Z @ 4 c2
Event: 260.518 Thread 0x000001576c698680 DEOPT PACKING pc=0x0000015717c0cf3c sp=0x00000026adffda30
Event: 260.518 Thread 0x000001576c698680 DEOPT UNPACKING pc=0x0000015717283aa2 sp=0x00000026adffd948 mode 2
Event: 260.519 Thread 0x000001576c698680 Uncommon trap: trap_request=0xffffffc6 fr.pc=0x0000015717c0cf3c relative=0x0000000000003d7c
Event: 260.519 Thread 0x000001576c698680 Uncommon trap: reason=bimorphic_or_optimized_type_check action=maybe_recompile pc=0x0000015717c0cf3c method=jdk.internal.jrtfs.JrtFileAttributes.isDirectory()Z @ 4 c2
Event: 260.519 Thread 0x000001576c698680 DEOPT PACKING pc=0x0000015717c0cf3c sp=0x00000026adffda30
Event: 260.519 Thread 0x000001576c698680 DEOPT UNPACKING pc=0x0000015717283aa2 sp=0x00000026adffd948 mode 2
Event: 260.519 Thread 0x000001576c698680 Uncommon trap: trap_request=0xffffffc6 fr.pc=0x0000015717c0cf3c relative=0x0000000000003d7c
Event: 260.519 Thread 0x000001576c698680 Uncommon trap: reason=bimorphic_or_optimized_type_check action=maybe_recompile pc=0x0000015717c0cf3c method=jdk.internal.jrtfs.JrtFileAttributes.isDirectory()Z @ 4 c2
Event: 260.519 Thread 0x000001576c698680 DEOPT PACKING pc=0x0000015717c0cf3c sp=0x00000026adffda30
Event: 260.519 Thread 0x000001576c698680 DEOPT UNPACKING pc=0x0000015717283aa2 sp=0x00000026adffd948 mode 2

Classes loaded (20 events):
Event: 258.038 Loading class sun/nio/ch/FileChannelImpl$DefaultUnmapper
Event: 258.039 Loading class sun/nio/ch/FileChannelImpl$Unmapper
Event: 258.039 Loading class jdk/internal/access/foreign/UnmapperProxy
Event: 258.040 Loading class jdk/internal/access/foreign/UnmapperProxy done
Event: 258.041 Loading class sun/nio/ch/FileChannelImpl$Unmapper done
Event: 258.041 Loading class sun/nio/ch/FileChannelImpl$DefaultUnmapper done
Event: 258.041 Loading class sun/nio/ch/Util$4
Event: 258.042 Loading class sun/nio/ch/Util$4 done
Event: 258.066 Loading class java/nio/file/ClosedDirectoryStreamException
Event: 258.067 Loading class java/nio/file/ClosedDirectoryStreamException done
Event: 258.067 Loading class jdk/internal/jrtfs/JrtFileSystem
Event: 258.068 Loading class jdk/internal/jrtfs/JrtFileSystem done
Event: 258.068 Loading class jdk/internal/jrtfs/JrtPath
Event: 258.069 Loading class jdk/internal/jrtfs/JrtPath done
Event: 258.069 Loading class jdk/internal/jimage/ImageReader$Node
Event: 258.070 Loading class jdk/internal/jimage/ImageReader$Node done
Event: 258.192 Loading class java/nio/ByteBufferAsIntBufferL
Event: 258.193 Loading class java/nio/ByteBufferAsIntBufferL done
Event: 258.201 Loading class jdk/internal/jimage/ImageReader$Directory
Event: 258.201 Loading class jdk/internal/jimage/ImageReader$Directory done

Classes unloaded (7 events):
Event: 22.710 Thread 0x00000157234b9600 Unloading class 0x00000157251ad400 'java/lang/invoke/LambdaForm$MH+0x00000157251ad400'
Event: 22.710 Thread 0x00000157234b9600 Unloading class 0x00000157251ad000 'java/lang/invoke/LambdaForm$MH+0x00000157251ad000'
Event: 22.710 Thread 0x00000157234b9600 Unloading class 0x00000157251acc00 'java/lang/invoke/LambdaForm$MH+0x00000157251acc00'
Event: 22.710 Thread 0x00000157234b9600 Unloading class 0x00000157251ac800 'java/lang/invoke/LambdaForm$MH+0x00000157251ac800'
Event: 22.710 Thread 0x00000157234b9600 Unloading class 0x00000157251ac400 'java/lang/invoke/LambdaForm$BMH+0x00000157251ac400'
Event: 22.710 Thread 0x00000157234b9600 Unloading class 0x00000157251ac000 'java/lang/invoke/LambdaForm$DMH+0x00000157251ac000'
Event: 22.710 Thread 0x00000157234b9600 Unloading class 0x00000157251aac00 'java/lang/invoke/LambdaForm$DMH+0x00000157251aac00'

Classes redefined (0 events):
No events

Internal exceptions (20 events):
Event: 254.698 Thread 0x000001576c695f20 Exception <a 'sun/nio/fs/WindowsException'{0x00000000d66329f8}> (0x00000000d66329f8) 
thrown [s\src\hotspot\share\prims\jni.cpp, line 520]
Event: 254.700 Thread 0x000001576c695f20 Exception <a 'sun/nio/fs/WindowsException'{0x00000000d66332e8}> (0x00000000d66332e8) 
thrown [s\src\hotspot\share\prims\jni.cpp, line 520]
Event: 254.702 Thread 0x000001576c695f20 Exception <a 'sun/nio/fs/WindowsException'{0x00000000d6634618}> (0x00000000d6634618) 
thrown [s\src\hotspot\share\prims\jni.cpp, line 520]
Event: 254.703 Thread 0x000001576c695f20 Exception <a 'sun/nio/fs/WindowsException'{0x00000000d6634c48}> (0x00000000d6634c48) 
thrown [s\src\hotspot\share\prims\jni.cpp, line 520]
Event: 254.703 Thread 0x000001576c695f20 Exception <a 'sun/nio/fs/WindowsException'{0x00000000d6635a10}> (0x00000000d6635a10) 
thrown [s\src\hotspot\share\prims\jni.cpp, line 520]
Event: 254.703 Thread 0x000001576c695f20 Exception <a 'sun/nio/fs/WindowsException'{0x00000000d6636040}> (0x00000000d6636040) 
thrown [s\src\hotspot\share\prims\jni.cpp, line 520]
Event: 254.704 Thread 0x000001576c695f20 Exception <a 'sun/nio/fs/WindowsException'{0x00000000d6636ee8}> (0x00000000d6636ee8) 
thrown [s\src\hotspot\share\prims\jni.cpp, line 520]
Event: 254.704 Thread 0x000001576c695f20 Exception <a 'sun/nio/fs/WindowsException'{0x00000000d6637720}> (0x00000000d6637720) 
thrown [s\src\hotspot\share\prims\jni.cpp, line 520]
Event: 254.705 Thread 0x000001576c695f20 Exception <a 'sun/nio/fs/WindowsException'{0x00000000d6638290}> (0x00000000d6638290) 
thrown [s\src\hotspot\share\prims\jni.cpp, line 520]
Event: 254.705 Thread 0x000001576c695f20 Exception <a 'sun/nio/fs/WindowsException'{0x00000000d6638ab8}> (0x00000000d6638ab8) 
thrown [s\src\hotspot\share\prims\jni.cpp, line 520]
Event: 257.487 Thread 0x000001576c695f20 Exception <a 'java/lang/IncompatibleClassChangeError'{0x00000000d561cf20}: Found class java.lang.Object, but interface was expected> (0x00000000d561cf20) 
thrown [s\src\hotspot\share\interpreter\linkResolver.cpp, line 840]
Event: 257.520 Thread 0x000001576c698680 Exception <a 'java/io/FileNotFoundException'{0x00000000d57bd6b0}> (0x00000000d57bd6b0) 
thrown [s\src\hotspot\share\prims\jni.cpp, line 520]
Event: 257.524 Thread 0x000001576c698680 Exception <a 'java/io/FileNotFoundException'{0x00000000d57be6d8}> (0x00000000d57be6d8) 
thrown [s\src\hotspot\share\prims\jni.cpp, line 520]
Event: 257.526 Thread 0x000001576c698680 Exception <a 'java/io/FileNotFoundException'{0x00000000d57bf458}> (0x00000000d57bf458) 
thrown [s\src\hotspot\share\prims\jni.cpp, line 520]
Event: 257.632 Thread 0x000001576c698680 Exception <a 'sun/nio/fs/WindowsException'{0x00000000d5b12d58}> (0x00000000d5b12d58) 
thrown [s\src\hotspot\share\prims\jni.cpp, line 520]
Event: 257.633 Thread 0x000001576c698680 Exception <a 'sun/nio/fs/WindowsException'{0x00000000d5b13318}> (0x00000000d5b13318) 
thrown [s\src\hotspot\share\prims\jni.cpp, line 520]
Event: 257.634 Thread 0x000001576c698680 Exception <a 'sun/nio/fs/WindowsException'{0x00000000d5b13d98}> (0x00000000d5b13d98) 
thrown [s\src\hotspot\share\prims\jni.cpp, line 520]
Event: 257.634 Thread 0x000001576c698680 Exception <a 'sun/nio/fs/WindowsException'{0x00000000d5b14358}> (0x00000000d5b14358) 
thrown [s\src\hotspot\share\prims\jni.cpp, line 520]
Event: 258.046 Thread 0x000001576c698680 Exception <a 'java/lang/NoSuchMethodError'{0x00000000d5de3268}: 'java.lang.Object java.lang.invoke.DelegatingMethodHandle$Holder.reinvoke_L(java.lang.Object, int, long, java.lang.Object, java.lang.Object, int, java.lang.Object)'> (0x00000000d5de3268) 
thrown [s\src\hotspot\share\interpreter\linkResolver.cpp, line 773]
Event: 260.199 Thread 0x000001576c698680 Exception <a 'java/lang/NoSuchMethodError'{0x00000000d6350fd8}: 'java.lang.Object java.lang.invoke.Invokers$Holder.invoke_MT(java.lang.Object, java.lang.Object, java.lang.Object, java.lang.Object, java.lang.Object, java.lang.Object, java.lang.Object, java.lang.Object, java.lang.Object, java.lang.Object)'> (0x00000000d6350fd8) 
thrown [s\src\hotspot\share\interpreter\linkResolver.cpp, line 773]

ZGC Phase Switch (0 events):
No events

VM Operations (20 events):
Event: 257.418 Executing VM operation: ParallelGCFailedAllocation (Allocation Failure)
Event: 257.455 Executing VM operation: ParallelGCFailedAllocation (Allocation Failure) done
Event: 257.739 Executing VM operation: HandshakeAllThreads (Deoptimize)
Event: 257.739 Executing VM operation: HandshakeAllThreads (Deoptimize) done
Event: 257.748 Executing VM operation: HandshakeAllThreads (Deoptimize)
Event: 257.748 Executing VM operation: HandshakeAllThreads (Deoptimize) done
Event: 257.751 Executing VM operation: HandshakeAllThreads (Deoptimize)
Event: 257.751 Executing VM operation: HandshakeAllThreads (Deoptimize) done
Event: 257.785 Executing VM operation: HandshakeAllThreads (Deoptimize)
Event: 257.785 Executing VM operation: HandshakeAllThreads (Deoptimize) done
Event: 257.859 Executing VM operation: HandshakeAllThreads (Deoptimize)
Event: 257.859 Executing VM operation: HandshakeAllThreads (Deoptimize) done
Event: 258.066 Executing VM operation: HandshakeAllThreads (Deoptimize)
Event: 258.066 Executing VM operation: HandshakeAllThreads (Deoptimize) done
Event: 258.196 Executing VM operation: HandshakeAllThreads (Deoptimize)
Event: 258.196 Executing VM operation: HandshakeAllThreads (Deoptimize) done
Event: 258.575 Executing VM operation: HandshakeAllThreads (Deoptimize)
Event: 258.575 Executing VM operation: HandshakeAllThreads (Deoptimize) done
Event: 258.575 Executing VM operation: Cleanup
Event: 258.575 Executing VM operation: Cleanup done

Memory protections (0 events):
No events

Nmethod flushes (20 events):
Event: 245.886 Thread 0x00000157234b9600 flushing  nmethod 0x0000015710574510
Event: 245.886 Thread 0x00000157234b9600 flushing  nmethod 0x000001571057b410
Event: 245.886 Thread 0x00000157234b9600 flushing  nmethod 0x000001571057b810
Event: 245.886 Thread 0x00000157234b9600 flushing  nmethod 0x000001571057d210
Event: 245.886 Thread 0x00000157234b9600 flushing  nmethod 0x000001571057d610
Event: 245.886 Thread 0x00000157234b9600 flushing  nmethod 0x000001571057e090
Event: 245.886 Thread 0x00000157234b9600 flushing  nmethod 0x0000015710593010
Event: 245.886 Thread 0x00000157234b9600 flushing  nmethod 0x0000015710597a10
Event: 245.886 Thread 0x00000157234b9600 flushing  nmethod 0x00000157105a5d90
Event: 245.886 Thread 0x00000157234b9600 flushing  nmethod 0x00000157105a7210
Event: 245.886 Thread 0x00000157234b9600 flushing  nmethod 0x00000157105d6390
Event: 245.886 Thread 0x00000157234b9600 flushing  nmethod 0x00000157105d7d90
Event: 245.886 Thread 0x00000157234b9600 flushing  nmethod 0x00000157105db090
Event: 245.886 Thread 0x00000157234b9600 flushing  nmethod 0x00000157105dc190
Event: 245.886 Thread 0x00000157234b9600 flushing  nmethod 0x00000157105fb490
Event: 245.886 Thread 0x00000157234b9600 flushing  nmethod 0x0000015710601790
Event: 245.886 Thread 0x00000157234b9600 flushing  nmethod 0x0000015710631610
Event: 245.886 Thread 0x00000157234b9600 flushing  nmethod 0x000001571063ad10
Event: 245.886 Thread 0x00000157234b9600 flushing  nmethod 0x000001571065c510
Event: 245.887 Thread 0x00000157234b9600 flushing  nmethod 0x00000157106bf390

Events (20 events):
Event: 45.417 Thread 0x000001570cae9e30 Thread added: 0x000001576c695f20
Event: 48.068 Thread 0x0000015765bc7e60 Thread added: 0x000001576c696c40
Event: 48.095 Thread 0x000001576c696c40 Thread exited: 0x000001576c696c40
Event: 48.377 Thread 0x0000015765bc7e60 Thread added: 0x000001576c6937c0
Event: 49.202 Thread 0x0000015765bc5700 Thread added: 0x000001576c692410
Event: 49.263 Thread 0x000001576c692410 Thread added: 0x000001576c691d80
Event: 58.400 Thread 0x000001576c6937c0 Thread exited: 0x000001576c6937c0
Event: 105.727 Thread 0x0000015765bc7140 Thread exited: 0x0000015765bc7140
Event: 105.777 Thread 0x0000015765bc6ab0 Thread exited: 0x0000015765bc6ab0
Event: 108.237 Thread 0x0000015765bc5d90 Thread exited: 0x0000015765bc5d90
Event: 108.243 Thread 0x0000015765bc77d0 Thread exited: 0x0000015765bc77d0
Event: 109.832 Thread 0x000001576c692410 Thread exited: 0x000001576c692410
Event: 171.547 Thread 0x000001576c691d80 Thread exited: 0x000001576c691d80
Event: 215.695 Thread 0x0000015765bc7e60 Thread added: 0x000001576c6937c0
Event: 217.031 Thread 0x0000015765bc7e60 Thread added: 0x000001576c691d80
Event: 248.225 Thread 0x000001576c691d80 Thread exited: 0x000001576c691d80
Event: 248.256 Thread 0x0000015765bc5700 Thread added: 0x000001576c698680
Event: 257.415 Thread 0x0000015765bc5700 Thread added: 0x000001576c692410
Event: 257.457 Thread 0x000001576c692410 Thread added: 0x000001576c693e50
Event: 257.493 Thread 0x000001576c695f20 Thread added: 0x000001576c6944e0


Dynamic libraries:
0x00007ff7a8cc0000 - 0x00007ff7a8cce000 	c:\Users\HP\.vscode\extensions\redhat.java-1.52.0-win32-x64\jre\21.0.9-win32-x86_64\bin\java.exe
0x00007ffa10130000 - 0x00007ffa10328000 	C:\windows\SYSTEM32\ntdll.dll
0x00007ffa0e180000 - 0x00007ffa0e23f000 	C:\windows\System32\KERNEL32.DLL
0x00007ffa0de40000 - 0x00007ffa0e112000 	C:\windows\System32\KERNELBASE.dll
0x00007ffa0d8a0000 - 0x00007ffa0d9a0000 	C:\windows\System32\ucrtbase.dll
0x00007ff9f0fc0000 - 0x00007ff9f0fd8000 	c:\Users\HP\.vscode\extensions\redhat.java-1.52.0-win32-x64\jre\21.0.9-win32-x86_64\bin\jli.dll
0x00007ff9f7d00000 - 0x00007ff9f7d1e000 	c:\Users\HP\.vscode\extensions\redhat.java-1.52.0-win32-x64\jre\21.0.9-win32-x86_64\bin\VCRUNTIME140.dll
0x00007ffa0f7c0000 - 0x00007ffa0f95d000 	C:\windows\System32\USER32.dll
0x00007ffa0e150000 - 0x00007ffa0e172000 	C:\windows\System32\win32u.dll
0x00007ffa0e390000 - 0x00007ffa0e3bb000 	C:\windows\System32\GDI32.dll
0x00007ff9f4310000 - 0x00007ff9f45aa000 	C:\windows\WinSxS\amd64_microsoft.windows.common-controls_6595b64144ccf1df_6.0.19041.1110_none_60b5254171f9507e\COMCTL32.dll
0x00007ffa0e540000 - 0x00007ffa0e5de000 	C:\windows\System32\msvcrt.dll
0x00007ffa0d9a0000 - 0x00007ffa0daaf000 	C:\windows\System32\gdi32full.dll
0x00007ffa0dda0000 - 0x00007ffa0de3d000 	C:\windows\System32\msvcp_win.dll
0x00007ffa0e500000 - 0x00007ffa0e532000 	C:\windows\System32\IMM32.DLL
0x00007ffa06780000 - 0x00007ffa0678c000 	c:\Users\HP\.vscode\extensions\redhat.java-1.52.0-win32-x64\jre\21.0.9-win32-x86_64\bin\vcruntime140_1.dll
0x00007ff9d5b50000 - 0x00007ff9d5bdd000 	c:\Users\HP\.vscode\extensions\redhat.java-1.52.0-win32-x64\jre\21.0.9-win32-x86_64\bin\msvcp140.dll
0x00007ff982260000 - 0x00007ff983000000 	c:\Users\HP\.vscode\extensions\redhat.java-1.52.0-win32-x64\jre\21.0.9-win32-x86_64\bin\server\jvm.dll
0x00007ffa0f680000 - 0x00007ffa0f72e000 	C:\windows\System32\ADVAPI32.dll
0x00007ffa0e240000 - 0x00007ffa0e2dc000 	C:\windows\System32\sechost.dll
0x00007ffa0e5e0000 - 0x00007ffa0e705000 	C:\windows\System32\RPCRT4.dll
0x00007ffa0efd0000 - 0x00007ffa0f03b000 	C:\windows\System32\WS2_32.dll
0x00007ffa0d5f0000 - 0x00007ffa0d63b000 	C:\windows\SYSTEM32\POWRPROF.dll
0x00007ff9f42e0000 - 0x00007ff9f4307000 	C:\windows\SYSTEM32\WINMM.dll
0x00007ffa07110000 - 0x00007ffa0711a000 	C:\windows\SYSTEM32\VERSION.dll
0x00007ffa0d5d0000 - 0x00007ffa0d5e2000 	C:\windows\SYSTEM32\UMPDC.dll
0x00007ffa0c080000 - 0x00007ffa0c092000 	C:\windows\SYSTEM32\kernel.appcore.dll
0x00007ffa051c0000 - 0x00007ffa051ca000 	c:\Users\HP\.vscode\extensions\redhat.java-1.52.0-win32-x64\jre\21.0.9-win32-x86_64\bin\jimage.dll
0x00007ffa0bd90000 - 0x00007ffa0bf74000 	C:\windows\SYSTEM32\DBGHELP.DLL
0x00007ff9f24a0000 - 0x00007ff9f24cc000 	C:\windows\SYSTEM32\dbgcore.DLL
0x00007ffa0db60000 - 0x00007ffa0dbe2000 	C:\windows\System32\bcryptPrimitives.dll
0x00007ff9f26f0000 - 0x00007ff9f26ff000 	c:\Users\HP\.vscode\extensions\redhat.java-1.52.0-win32-x64\jre\21.0.9-win32-x86_64\bin\instrument.dll
0x00007ff9e6fd0000 - 0x00007ff9e6ff0000 	c:\Users\HP\.vscode\extensions\redhat.java-1.52.0-win32-x64\jre\21.0.9-win32-x86_64\bin\java.dll
0x00007ffa0e880000 - 0x00007ffa0efc3000 	C:\windows\System32\SHELL32.dll
0x00007ffa0b520000 - 0x00007ffa0bcb2000 	C:\windows\SYSTEM32\windows.storage.dll
0x00007ffa0f070000 - 0x00007ffa0f3c4000 	C:\windows\System32\combase.dll
0x00007ffa0d220000 - 0x00007ffa0d250000 	C:\windows\SYSTEM32\Wldp.dll
0x00007ffa0e2e0000 - 0x00007ffa0e38d000 	C:\windows\System32\SHCORE.dll
0x00007ffa0f9c0000 - 0x00007ffa0fa15000 	C:\windows\System32\shlwapi.dll
0x00007ffa0d770000 - 0x00007ffa0d78f000 	C:\windows\SYSTEM32\profapi.dll
0x00007ff9e6be0000 - 0x00007ff9e6bf8000 	c:\Users\HP\.vscode\extensions\redhat.java-1.52.0-win32-x64\jre\21.0.9-win32-x86_64\bin\zip.dll
0x00007ffa051a0000 - 0x00007ffa051b0000 	C:\Users\HP\.vscode\extensions\redhat.java-1.52.0-win32-x64\jre\21.0.9-win32-x86_64\bin\net.dll
0x00007ffa01e90000 - 0x00007ffa01f9c000 	C:\windows\SYSTEM32\WINHTTP.dll
0x00007ffa0cf10000 - 0x00007ffa0cf7a000 	C:\windows\system32\mswsock.dll
0x00007ff9e2980000 - 0x00007ff9e2996000 	C:\Users\HP\.vscode\extensions\redhat.java-1.52.0-win32-x64\jre\21.0.9-win32-x86_64\bin\nio.dll
0x00007ff9f3be0000 - 0x00007ff9f3bf0000 	c:\Users\HP\.vscode\extensions\redhat.java-1.52.0-win32-x64\jre\21.0.9-win32-x86_64\bin\verify.dll
0x00007ff9f7f50000 - 0x00007ff9f7f95000 	C:\Users\HP\AppData\Roaming\Code\User\globalStorage\redhat.java\1.52.0\config_win\org.eclipse.equinox.launcher\org.eclipse.equinox.launcher.win32.win32.x86_64_1.2.1500.v20260121-1430\eclipse_11919.dll
0x00007ffa0f3d0000 - 0x00007ffa0f4fa000 	C:\windows\System32\ole32.dll
0x00007ffa0d170000 - 0x00007ffa0d188000 	C:\windows\SYSTEM32\CRYPTSP.dll
0x00007ffa0c830000 - 0x00007ffa0c864000 	C:\windows\system32\rsaenh.dll
0x00007ffa0e120000 - 0x00007ffa0e147000 	C:\windows\System32\bcrypt.dll
0x00007ffa0d6f0000 - 0x00007ffa0d71e000 	C:\windows\SYSTEM32\USERENV.dll
0x00007ffa0d190000 - 0x00007ffa0d19c000 	C:\windows\SYSTEM32\CRYPTBASE.dll
0x00007ffa0cc00000 - 0x00007ffa0cc3b000 	C:\windows\SYSTEM32\IPHLPAPI.DLL
0x00007ffa0f730000 - 0x00007ffa0f738000 	C:\windows\System32\NSI.dll
0x00007ff9d5360000 - 0x00007ff9d53a9000 	C:\Users\HP\AppData\Local\Temp\jna-2312\jna6056831771554716978.dll
0x00007ffa0e870000 - 0x00007ffa0e878000 	C:\windows\System32\PSAPI.DLL
0x00007ffa01fa0000 - 0x00007ffa01faa000 	C:\Users\HP\.vscode\extensions\redhat.java-1.52.0-win32-x64\jre\21.0.9-win32-x86_64\bin\management.dll
0x00007ffa01d90000 - 0x00007ffa01d9c000 	C:\Users\HP\.vscode\extensions\redhat.java-1.52.0-win32-x64\jre\21.0.9-win32-x86_64\bin\management_ext.dll
0x00007ffa02140000 - 0x00007ffa02157000 	C:\windows\SYSTEM32\dhcpcsvc6.DLL
0x00007ffa041a0000 - 0x00007ffa041bd000 	C:\windows\SYSTEM32\dhcpcsvc.DLL
0x00007ff9f8060000 - 0x00007ff9f806e000 	C:\Users\HP\.vscode\extensions\redhat.java-1.52.0-win32-x64\jre\21.0.9-win32-x86_64\bin\sunmscapi.dll
0x00007ffa0dbf0000 - 0x00007ffa0dd46000 	C:\windows\System32\CRYPT32.dll
0x00007ffa0d290000 - 0x00007ffa0d2b7000 	C:\windows\SYSTEM32\ncrypt.dll
0x00007ffa0d250000 - 0x00007ffa0d28b000 	C:\windows\SYSTEM32\NTASN1.dll
0x00007ffa0cc40000 - 0x00007ffa0cd0a000 	C:\windows\SYSTEM32\DNSAPI.dll
0x00007ff9f72e0000 - 0x00007ff9f72ea000 	C:\Windows\System32\rasadhlp.dll
0x00007ff9f7300000 - 0x00007ff9f7380000 	C:\windows\System32\fwpuclnt.dll
0x00007ff9f3c40000 - 0x00007ff9f3c49000 	C:\Users\HP\.vscode\extensions\redhat.java-1.52.0-win32-x64\jre\21.0.9-win32-x86_64\bin\extnet.dll
0x00007ff9dbfc0000 - 0x00007ff9dbfe7000 	C:\Users\HP\.gradle\native\1def1411415f61bf3af743bc5b6707747c0891f09f0c88961ee8f79bc544acac\windows-amd64\native-platform.dll

JVMTI agents:
c:\Users\HP\.vscode\extensions\redhat.java-1.52.0-win32-x64\lombok\lombok-1.18.39-4050.jar path:c:\Users\HP\.vscode\extensions\redhat.java-1.52.0-win32-x64\jre\21.0.9-win32-x86_64\bin\instrument.dll, loaded, initialized, instrumentlib options:none

dbghelp: loaded successfully - version: 4.0.5 - missing functions: none
symbol engine: initialized successfully - sym options: 0x614 - pdb path: .;c:\Users\HP\.vscode\extensions\redhat.java-1.52.0-win32-x64\jre\21.0.9-win32-x86_64\bin;C:\windows\SYSTEM32;C:\windows\WinSxS\amd64_microsoft.windows.common-controls_6595b64144ccf1df_6.0.19041.1110_none_60b5254171f9507e;c:\Users\HP\.vscode\extensions\redhat.java-1.52.0-win32-x64\jre\21.0.9-win32-x86_64\bin\server;C:\Users\HP\AppData\Roaming\Code\User\globalStorage\redhat.java\1.52.0\config_win\org.eclipse.equinox.launcher\org.eclipse.equinox.launcher.win32.win32.x86_64_1.2.1500.v20260121-1430;C:\Users\HP\AppData\Local\Temp\jna-2312;C:\Users\HP\.gradle\native\1def1411415f61bf3af743bc5b6707747c0891f09f0c88961ee8f79bc544acac\windows-amd64

VM Arguments:
jvm_args: --add-modules=ALL-SYSTEM --add-opens=java.base/java.util=ALL-UNNAMED --add-opens=java.base/java.lang=ALL-UNNAMED --add-opens=java.base/sun.nio.fs=ALL-UNNAMED -Declipse.application=org.eclipse.jdt.ls.core.id1 -Dosgi.bundles.defaultStartLevel=4 -Declipse.product=org.eclipse.jdt.ls.core.product -Djava.import.generatesMetadataFilesAtProjectRoot=false -DDetectVMInstallationsJob.disabled=true -Dfile.encoding=utf8 -XX:+UseParallelGC -XX:GCTimeRatio=4 -XX:AdaptiveSizePolicyWeight=90 -Dsun.zip.disableMemoryMapping=true -Xmx2G -Xms100m -Xlog:disable -javaagent:c:\Users\HP\.vscode\extensions\redhat.java-1.52.0-win32-x64\lombok\lombok-1.18.39-4050.jar -XX:+HeapDumpOnOutOfMemoryError -XX:HeapDumpPath=c:\Users\HP\AppData\Roaming\Code\User\workspaceStorage\3128ad1f6dad4279aefc7e6981c7fa6f\redhat.java -Daether.dependencyCollector.impl=bf 
java_command: c:\Users\HP\.vscode\extensions\redhat.java-1.52.0-win32-x64\server\plugins\org.eclipse.equinox.launcher_1.7.100.v20251111-0406.jar -configuration c:\Users\HP\AppData\Roaming\Code\User\globalStorage\redhat.java\1.52.0\config_win -data c:\Users\HP\AppData\Roaming\Code\User\workspaceStorage\3128ad1f6dad4279aefc7e6981c7fa6f\redhat.java\jdt_ws --pipe=\\.\pipe\lsp-1d5730539f4d7240d14221690b0a19e7-sock
java_class_path (initial): c:\Users\HP\.vscode\extensions\redhat.java-1.52.0-win32-x64\server\plugins\org.eclipse.equinox.launcher_1.7.100.v20251111-0406.jar
Launcher Type: SUN_STANDARD

[Global flags]
    uintx AdaptiveSizePolicyWeight                 = 90                                        {product} {command line}
     intx CICompilerCount                          = 3                                         {product} {ergonomic}
    uintx GCTimeRatio                              = 4                                         {product} {command line}
     bool HeapDumpOnOutOfMemoryError               = true                                   {manageable} {command line}
    ccstr HeapDumpPath                             = c:\Users\HP\AppData\Roaming\Code\User\workspaceStorage\3128ad1f6dad4279aefc7e6981c7fa6f\redhat.java         {manageable} {command line}
   size_t InitialHeapSize                          = 104857600                                 {product} {command line}
   size_t MaxHeapSize                              = 2147483648                                {product} {command line}
   size_t MaxNewSize                               = 715653120                                 {product} {ergonomic}
   size_t MinHeapDeltaBytes                        = 524288                                    {product} {ergonomic}
   size_t MinHeapSize                              = 104857600                                 {product} {command line}
   size_t NewSize                                  = 34603008                                  {product} {ergonomic}
    uintx NonNMethodCodeHeapSize                   = 5832780                                {pd product} {ergonomic}
    uintx NonProfiledCodeHeapSize                  = 122912730                              {pd product} {ergonomic}
   size_t OldSize                                  = 70254592                                  {product} {ergonomic}
    uintx ProfiledCodeHeapSize                     = 122912730                              {pd product} {ergonomic}
    uintx ReservedCodeCacheSize                    = 251658240                              {pd product} {ergonomic}
     bool SegmentedCodeCache                       = true                                      {product} {ergonomic}
   size_t SoftMaxHeapSize                          = 2147483648                             {manageable} {ergonomic}
     bool UseCompressedOops                        = true                           {product lp64_product} {ergonomic}
     bool UseLargePagesIndividualAllocation        = false                                  {pd product} {ergonomic}
     bool UseParallelGC                            = true                                      {product} {command line}

Logging:
Log output configuration:
 #0: stdout all=off uptime,level,tags foldmultilines=false
 #1: stderr all=off uptime,level,tags foldmultilines=false

Release file:
JAVA_VERSION="21.0.9" 
MODULES="java.base java.compiler java.datatransfer java.xml java.prefs java.desktop java.instrument java.logging java.management java.security.sasl java.naming java.rmi java.management.rmi java.net.http java.scripting java.security.jgss java.transaction.xa java.sql java.sql.rowset java.xml.crypto java.se java.smartcardio jdk.accessibility jdk.internal.jvmstat jdk.attach jdk.charsets jdk.internal.opt jdk.zipfs jdk.compiler jdk.crypto.ec jdk.crypto.cryptoki jdk.crypto.mscapi jdk.dynalink jdk.internal.ed jdk.editpad jdk.hotspot.agent jdk.httpserver jdk.internal.le jdk.internal.vm.ci jdk.internal.vm.compiler jdk.internal.vm.compiler.management jdk.jartool jdk.javadoc jdk.jcmd jdk.management jdk.management.agent jdk.jconsole jdk.jdeps jdk.jdwp.agent jdk.jdi jdk.jfr jdk.jshell jdk.jsobject jdk.jstatd jdk.localedata jdk.management.jfr jdk.naming.dns jdk.naming.rmi jdk.net jdk.nio.mapmode jdk.random jdk.sctp jdk.security.auth jdk.security.jgss jdk.unsupported jdk.unsupported.desktop jdk.xml.dom" 

Environment Variables:
PATH=C:\Program Files\Common Files\Oracle\Java\javapath;C:\Program Files (x86)\Common Files\Oracle\Java\javapath;C:\Program Files\BlueJ\jdk\bin;C:\windows\system32;C:\windows;C:\windows\System32\Wbem;C:\windows\System32\WindowsPowerShell\v1.0\;C:\windows\System32\OpenSSH\;C:\Program Files (x86)\Microsoft SQL Server\100\Tools\Binn\;C:\Program Files\Microsoft SQL Server\100\Tools\Binn\;C:\Program Files\Microsoft SQL Server\100\DTS\Binn\;C:\ProgramData\chocolatey\bin;C:\xamppp\php;C:\Program Files\CodeBlocks\MinGW\bin;C:\ProgramData\ComposerSetup\bin;C:\Program Files\nodejs\;C:\Program Files (x86)\Microsoft SQL Server\160\Tools\Binn\;C:\Program Files\Microsoft SQL Server\160\Tools\Binn\;C:\Program Files\Microsoft SQL Server\Client SDK\ODBC\170\Tools\Binn\;C:\Program Files\Microsoft SQL Server\160\DTS\Binn\;C:\Program Files\Git\cmd;D:\xamp\php;C:\Users\HP\AppData\Local\Programs\Python\Python311\Scripts\;C:\Users\HP\AppData\Local\Programs\Python\Python311\;C:\Users\HP\AppData\Local\Microsoft\WindowsApps;C:\Users\HP\AppData\Local\Programs\Microsoft VS Code\bin;C:\Program Files\BlueJ\jdk;C:\Users\HP\AppData\Roaming\cabal\bin;C:\tools\ghc-9.8.2\bin;C:\tools\msys64;C:\ghcup\bin;C:\Users\HP\AppData\Roaming\Composer\vendor\bin;C:\Users\HP\AppData\Roaming\npm;C:\Users\HP\OneDrive\Escritorio\foto\flutter\bin;D:\colcaTrufis\fronted\flutter\bin
USERNAME=HP
OS=Windows_NT
PROCESSOR_IDENTIFIER=Intel64 Family 6 Model 142 Stepping 12, GenuineIntel
TMP=C:\Users\HP\AppData\Local\Temp
TEMP=C:\Users\HP\AppData\Local\Temp




Periodic native trim disabled

---------------  S Y S T E M  ---------------

OS:
 Windows 10 , 64 bit Build 19041 (10.0.19041.2251)
OS uptime: 0 days 3:10 hours

CPU: total 4 (initial active 4) (2 cores per cpu, 2 threads per core) family 6 model 142 stepping 12 microcode 0xde, cx8, cmov, fxsr, ht, mmx, 3dnowpref, sse, sse2, sse3, ssse3, sse4.1, sse4.2, popcnt, lzcnt, tsc, tscinvbit, avx, avx2, aes, erms, clmul, bmi1, bmi2, adx, fma, vzeroupper, clflush, clflushopt, rdtscp, f16c
Processor Information for the first 4 processors :
  Max Mhz: 2592, Current Mhz: 2093, Mhz Limit: 2073

Memory: 4k page, system-wide physical 3919M (25M free)
TotalPageFile size 15695M (AvailPageFile size 3M)
current process WorkingSet (physical memory assigned to process): 144M, peak: 185M
current process commit charge ("private bytes"): 333M, peak: 342M

vm_info: OpenJDK 64-Bit Server VM (21.0.9+10-LTS) for windows-amd64 JRE (21.0.9+10-LTS), built on 2025-10-21T00:00:00Z by "admin" with unknown MS VC++:1942

END.
