#
# There is insufficient memory for the Java Runtime Environment to continue.
# Native memory allocation (mmap) failed to map 33554432 bytes. Error detail: G1 virtual space
# Possible reasons:
#   The system is out of physical RAM or swap space
#   This process is running with CompressedOops enabled, and the Java Heap may be blocking the growth of the native heap
# Possible solutions:
#   Reduce memory load on the system
#   Increase physical memory or swap space
#   Check if swap backing store is full
#   Decrease Java heap size (-Xmx/-Xms)
#   Decrease number of Java threads
#   Decrease Java thread stack sizes (-Xss)
#   Set larger code cache with -XX:ReservedCodeCacheSize=
#   JVM is running with Zero Based Compressed Oops mode in which the Java heap is
#     placed in the first 32GB address space. The Java Heap base address is the
#     maximum limit for the native heap growth. Please use -XX:HeapBaseMinAddress
#     to set the Java Heap base and to place the Java Heap above 32GB virtual address.
# This output file may be truncated or incomplete.
#
#  Out of Memory Error (os_windows.cpp:3714), pid=18216, tid=18012
#
# JRE version: OpenJDK Runtime Environment Temurin-21.0.10+7 (21.0.10+7) (build 21.0.10+7-LTS)
# Java VM: OpenJDK 64-Bit Server VM Temurin-21.0.10+7 (21.0.10+7-LTS, mixed mode, sharing, tiered, compressed oops, compressed class ptrs, g1 gc, windows-amd64)
# No core dump will be written. Minidumps are not enabled by default on client versions of Windows
#

---------------  S U M M A R Y ------------

Command Line: --add-opens=java.base/java.lang=ALL-UNNAMED --add-opens=java.base/java.lang.invoke=ALL-UNNAMED --add-opens=java.base/java.util=ALL-UNNAMED --add-opens=java.prefs/java.util.prefs=ALL-UNNAMED --add-exports=jdk.compiler/com.sun.tools.javac.api=ALL-UNNAMED --add-exports=jdk.compiler/com.sun.tools.javac.util=ALL-UNNAMED --add-opens=java.base/java.util=ALL-UNNAMED --add-opens=java.prefs/java.util.prefs=ALL-UNNAMED --add-opens=java.base/java.nio.charset=ALL-UNNAMED --add-opens=java.base/java.net=ALL-UNNAMED --add-opens=java.base/java.util.concurrent.atomic=ALL-UNNAMED --add-opens=java.xml/javax.xml.namespace=ALL-UNNAMED -XX:MaxMetaspaceSize=1024m -XX:+HeapDumpOnOutOfMemoryError -Xmx4096m -Dfile.encoding=UTF-8 -Duser.country=MX -Duser.language=es -Duser.variant -javaagent:C:\Users\HP\.gradle\wrapper\dists\gradle-8.14-all\c2qonpi39x1mddn7hk5gh9iqj\gradle-8.14\lib\agents\gradle-instrumentation-agent-8.14.jar org.gradle.launcher.daemon.bootstrap.GradleDaemon 8.14

Host: Intel(R) Core(TM) i3-10110U CPU @ 2.10GHz, 4 cores, 11G,  Windows 10 , 64 bit Build 19041 (10.0.19041.2251)
Time: Wed Apr  1 16:37:10 2026 Hora est嫕dar oeste, Sudam廨ica elapsed time: 29.903561 seconds (0d 0h 0m 29s)

---------------  T H R E A D  ---------------

Current thread (0x000001a5a2eeb0b0):  VMThread "VM Thread"          [id=18012, stack(0x0000004d40100000,0x0000004d40200000) (1024K)]

Stack: [0x0000004d40100000,0x0000004d40200000]
Native frames: (J=compiled Java code, j=interpreted, Vv=VM code, C=native code)
V  [jvm.dll+0x6d7a39]
V  [jvm.dll+0x8b4b26]
V  [jvm.dll+0x8b70de]
V  [jvm.dll+0x8b77c3]
V  [jvm.dll+0x284346]
V  [jvm.dll+0x6d4355]
V  [jvm.dll+0x6c808a]
V  [jvm.dll+0x35edb8]
V  [jvm.dll+0x3669f6]
V  [jvm.dll+0x3b7afe]
V  [jvm.dll+0x3b7da8]
V  [jvm.dll+0x332fbc]
V  [jvm.dll+0x333047]
V  [jvm.dll+0x376e1c]
V  [jvm.dll+0x3755be]
V  [jvm.dll+0x332701]
V  [jvm.dll+0x374c2a]
V  [jvm.dll+0x8bd4b0]
V  [jvm.dll+0x8be824]
V  [jvm.dll+0x8bed50]
V  [jvm.dll+0x8beff3]
V  [jvm.dll+0x85f59d]
V  [jvm.dll+0x6d626d]
C  [ucrtbase.dll+0x21bb2]
C  [KERNEL32.DLL+0x174b4]
C  [ntdll.dll+0x526a1]

VM_Operation (0x0000004d415f31a0): G1CollectForAllocation, mode: safepoint, requested by thread 0x000001a5ddbe5230


---------------  P R O C E S S  ---------------

Threads class SMR info:
_java_thread_list=0x000001a5dfdb0160, length=69, elements={
0x000001a58984ae10, 0x000001a5a2f02830, 0x000001a5a2f03750, 0x000001a5a2f06480,
0x000001a5a2f07ef0, 0x000001a5a2f08950, 0x000001a5a2f093b0, 0x000001a5a2f0a140,
0x000001a5a2f72da0, 0x000001a5dc1daa60, 0x000001a5dc1abdc0, 0x000001a5dd2fd0f0,
0x000001a5ddb139f0, 0x000001a5dddd2060, 0x000001a5dd9d2ac0, 0x000001a5ddad7630,
0x000001a5ddadad30, 0x000001a5ddbe5230, 0x000001a5ddbe2440, 0x000001a5ddbe3160,
0x000001a5ddbe3e80, 0x000001a5ddbe37f0, 0x000001a5ddbe4510, 0x000001a5ddbe4ba0,
0x000001a5ddbe2ad0, 0x000001a5e057c290, 0x000001a5e057c920, 0x000001a5e057b570,
0x000001a5e057dcd0, 0x000001a5e057e360, 0x000001a5e057bc00, 0x000001a5e057e9f0,
0x000001a5e057fda0, 0x000001a5e0581150, 0x000001a5e05817e0, 0x000001a5e057aee0,
0x000001a5dcd0bd80, 0x000001a5dcd0eb70, 0x000001a5dcd0caa0, 0x000001a5dcd0de50,
0x000001a5dcd0f200, 0x000001a5dcd0a340, 0x000001a5dcd0a9d0, 0x000001a5dcd0f890,
0x000001a5dcd0b6f0, 0x000001a5dcd105b0, 0x000001a5dcd0d7c0, 0x000001a5dcd10c40,
0x000001a5dcd112d0, 0x000001a5e1f757d0, 0x000001a5e1f79970, 0x000001a5e1f74ab0,
0x000001a5e1f77210, 0x000001a5e1f73d90, 0x000001a5e1f764f0, 0x000001a5e1f75140,
0x000001a5e1f74420, 0x000001a5e1f778a0, 0x000001a5e1f75e60, 0x000001a5e1f77f30,
0x000001a5e1f76b80, 0x000001a5e1f785c0, 0x000001a5e1f78c50, 0x000001a5e1f792e0,
0x000001a5e1f729e0, 0x000001a5e1f7a000, 0x000001a5e1f73070, 0x000001a5e1f73700,
0x000001a5e19480f0
}

Java Threads: ( => current thread )
  0x000001a58984ae10 JavaThread "main"                              [_thread_blocked, id=5960, stack(0x0000004d3f900000,0x0000004d3fa00000) (1024K)]
  0x000001a5a2f02830 JavaThread "Reference Handler"          daemon [_thread_blocked, id=18672, stack(0x0000004d40200000,0x0000004d40300000) (1024K)]
  0x000001a5a2f03750 JavaThread "Finalizer"                  daemon [_thread_blocked, id=19164, stack(0x0000004d40300000,0x0000004d40400000) (1024K)]
  0x000001a5a2f06480 JavaThread "Signal Dispatcher"          daemon [_thread_blocked, id=18420, stack(0x0000004d40400000,0x0000004d40500000) (1024K)]
  0x000001a5a2f07ef0 JavaThread "Attach Listener"            daemon [_thread_blocked, id=14836, stack(0x0000004d40500000,0x0000004d40600000) (1024K)]
  0x000001a5a2f08950 JavaThread "Service Thread"             daemon [_thread_blocked, id=15060, stack(0x0000004d40600000,0x0000004d40700000) (1024K)]
  0x000001a5a2f093b0 JavaThread "Monitor Deflation Thread"   daemon [_thread_blocked, id=11544, stack(0x0000004d40700000,0x0000004d40800000) (1024K)]
  0x000001a5a2f0a140 JavaThread "C2 CompilerThread0"         daemon [_thread_blocked, id=15916, stack(0x0000004d40800000,0x0000004d40900000) (1024K)]
  0x000001a5a2f72da0 JavaThread "C1 CompilerThread0"         daemon [_thread_blocked, id=19380, stack(0x0000004d40900000,0x0000004d40a00000) (1024K)]
  0x000001a5dc1daa60 JavaThread "Common-Cleaner"             daemon [_thread_blocked, id=15988, stack(0x0000004d40a00000,0x0000004d40b00000) (1024K)]
  0x000001a5dc1abdc0 JavaThread "Notification Thread"        daemon [_thread_blocked, id=3100, stack(0x0000004d40b00000,0x0000004d40c00000) (1024K)]
  0x000001a5dd2fd0f0 JavaThread "Daemon health stats"               [_thread_blocked, id=13400, stack(0x0000004d40f00000,0x0000004d41000000) (1024K)]
  0x000001a5ddb139f0 JavaThread "Incoming local TCP Connector on port 50865"        [_thread_in_native, id=17816, stack(0x0000004d41000000,0x0000004d41100000) (1024K)]
  0x000001a5dddd2060 JavaThread "Daemon periodic checks"            [_thread_blocked, id=19332, stack(0x0000004d41100000,0x0000004d41200000) (1024K)]
  0x000001a5dd9d2ac0 JavaThread "Daemon"                            [_thread_blocked, id=15556, stack(0x0000004d41200000,0x0000004d41300000) (1024K)]
  0x000001a5ddad7630 JavaThread "Handler for socket connection from /127.0.0.1:50865 to /127.0.0.1:50866"        [_thread_in_native, id=4084, stack(0x0000004d41300000,0x0000004d41400000) (1024K)]
  0x000001a5ddadad30 JavaThread "Cancel handler"                    [_thread_blocked, id=15972, stack(0x0000004d41400000,0x0000004d41500000) (1024K)]
  0x000001a5ddbe5230 JavaThread "Daemon worker"                     [_thread_blocked, id=18124, stack(0x0000004d41500000,0x0000004d41600000) (1024K)]
  0x000001a5ddbe2440 JavaThread "Asynchronous log dispatcher for DefaultDaemonConnection: socket connection from /127.0.0.1:50865 to /127.0.0.1:50866"        [_thread_blocked, id=11164, stack(0x0000004d41600000,0x0000004d41700000) (1024K)]
  0x000001a5ddbe3160 JavaThread "Stdin handler"                     [_thread_blocked, id=12088, stack(0x0000004d41700000,0x0000004d41800000) (1024K)]
  0x000001a5ddbe3e80 JavaThread "Daemon client event forwarder"        [_thread_blocked, id=10828, stack(0x0000004d41800000,0x0000004d41900000) (1024K)]
  0x000001a5ddbe37f0 JavaThread "Cache worker for journal cache (C:\Users\HP\.gradle\caches\journal-1)"        [_thread_blocked, id=12860, stack(0x0000004d41900000,0x0000004d41a00000) (1024K)]
  0x000001a5ddbe4510 JavaThread "File lock request listener"        [_thread_in_native, id=18372, stack(0x0000004d41a00000,0x0000004d41b00000) (1024K)]
  0x000001a5ddbe4ba0 JavaThread "Cache worker for file hash cache (C:\Users\HP\.gradle\caches\8.14\fileHashes)"        [_thread_blocked, id=11368, stack(0x0000004d41b00000,0x0000004d41c00000) (1024K)]
  0x000001a5ddbe2ad0 JavaThread "Cache worker for file hash cache (D:\colcaTrufis\fronted\android\.gradle\8.14\fileHashes)"        [_thread_blocked, id=11352, stack(0x0000004d41d00000,0x0000004d41e00000) (1024K)]
  0x000001a5e057c290 JavaThread "Cache worker for Build Output Cleanup Cache (D:\colcaTrufis\fronted\android\.gradle\buildOutputCleanup)"        [_thread_blocked, id=4048, stack(0x0000004d41e00000,0x0000004d41f00000) (1024K)]
  0x000001a5e057c920 JavaThread "File watcher server"        daemon [_thread_in_native, id=13448, stack(0x0000004d41c00000,0x0000004d41d00000) (1024K)]
  0x000001a5e057b570 JavaThread "File watcher consumer"      daemon [_thread_blocked, id=7796, stack(0x0000004d41f00000,0x0000004d42000000) (1024K)]
  0x000001a5e057dcd0 JavaThread "Cache worker for checksums cache (D:\colcaTrufis\fronted\android\.gradle\8.14\checksums)"        [_thread_blocked, id=10264, stack(0x0000004d42100000,0x0000004d42200000) (1024K)]
  0x000001a5e057e360 JavaThread "Cache worker for file content cache (C:\Users\HP\.gradle\caches\8.14\fileContent)"        [_thread_blocked, id=3588, stack(0x0000004d42200000,0x0000004d42300000) (1024K)]
  0x000001a5e057bc00 JavaThread "Cache worker for cache directory md-supplier (C:\Users\HP\.gradle\caches\8.14\md-supplier)"        [_thread_blocked, id=7668, stack(0x0000004d42300000,0x0000004d42400000) (1024K)]
  0x000001a5e057e9f0 JavaThread "Cache worker for cache directory md-rule (C:\Users\HP\.gradle\caches\8.14\md-rule)"        [_thread_blocked, id=14356, stack(0x0000004d42000000,0x0000004d42100000) (1024K)]
  0x000001a5e057fda0 JavaThread "Cache worker for Build Output Cleanup Cache (C:\src\flutter\packages\flutter_tools\gradle\.gradle\buildOutputCleanup)"        [_thread_blocked, id=10388, stack(0x0000004d42400000,0x0000004d42500000) (1024K)]
  0x000001a5e0581150 JavaThread "Unconstrained build operations"        [_thread_blocked, id=11708, stack(0x0000004d42600000,0x0000004d42700000) (1024K)]
  0x000001a5e05817e0 JavaThread "Unconstrained build operations Thread 2"        [_thread_blocked, id=12408, stack(0x0000004d42700000,0x0000004d42800000) (1024K)]
  0x000001a5e057aee0 JavaThread "Unconstrained build operations Thread 3"        [_thread_blocked, id=15204, stack(0x0000004d42800000,0x0000004d42900000) (1024K)]
  0x000001a5dcd0bd80 JavaThread "Unconstrained build operations Thread 4"        [_thread_blocked, id=5104, stack(0x0000004d42900000,0x0000004d42a00000) (1024K)]
  0x000001a5dcd0eb70 JavaThread "Unconstrained build operations Thread 5"        [_thread_blocked, id=19096, stack(0x0000004d42a00000,0x0000004d42b00000) (1024K)]
  0x000001a5dcd0caa0 JavaThread "Unconstrained build operations Thread 6"        [_thread_blocked, id=18604, stack(0x0000004d42b00000,0x0000004d42c00000) (1024K)]
  0x000001a5dcd0de50 JavaThread "Unconstrained build operations Thread 7"        [_thread_blocked, id=18712, stack(0x0000004d42c00000,0x0000004d42d00000) (1024K)]
  0x000001a5dcd0f200 JavaThread "Unconstrained build operations Thread 8"        [_thread_blocked, id=16028, stack(0x0000004d42d00000,0x0000004d42e00000) (1024K)]
  0x000001a5dcd0a340 JavaThread "Unconstrained build operations Thread 9"        [_thread_blocked, id=2568, stack(0x0000004d42e00000,0x0000004d42f00000) (1024K)]
  0x000001a5dcd0a9d0 JavaThread "Memory manager"                    [_thread_blocked, id=10756, stack(0x0000004d42f00000,0x0000004d43000000) (1024K)]
  0x000001a5dcd0f890 JavaThread "build event listener"              [_thread_blocked, id=19428, stack(0x0000004d43000000,0x0000004d43100000) (1024K)]
  0x000001a5dcd0b6f0 JavaThread "included builds"                   [_thread_blocked, id=11188, stack(0x0000004d43100000,0x0000004d43200000) (1024K)]
  0x000001a5dcd105b0 JavaThread "Execution worker"                  [_thread_blocked, id=15952, stack(0x0000004d43200000,0x0000004d43300000) (1024K)]
  0x000001a5dcd0d7c0 JavaThread "Execution worker Thread 2"         [_thread_blocked, id=14956, stack(0x0000004d43300000,0x0000004d43400000) (1024K)]
  0x000001a5dcd10c40 JavaThread "Execution worker Thread 3"         [_thread_blocked, id=18144, stack(0x0000004d43400000,0x0000004d43500000) (1024K)]
  0x000001a5dcd112d0 JavaThread "Cache worker for execution history cache (C:\src\flutter\packages\flutter_tools\gradle\.gradle\8.14\executionHistory)"        [_thread_blocked, id=15700, stack(0x0000004d43500000,0x0000004d43600000) (1024K)]
  0x000001a5e1f757d0 JavaThread "Unconstrained build operations Thread 10"        [_thread_blocked, id=10800, stack(0x0000004d43600000,0x0000004d43700000) (1024K)]
  0x000001a5e1f79970 JavaThread "Unconstrained build operations Thread 11"        [_thread_blocked, id=17348, stack(0x0000004d43700000,0x0000004d43800000) (1024K)]
  0x000001a5e1f74ab0 JavaThread "Unconstrained build operations Thread 12"        [_thread_blocked, id=4596, stack(0x0000004d43800000,0x0000004d43900000) (1024K)]
  0x000001a5e1f77210 JavaThread "Unconstrained build operations Thread 13"        [_thread_blocked, id=2952, stack(0x0000004d43900000,0x0000004d43a00000) (1024K)]
  0x000001a5e1f73d90 JavaThread "Unconstrained build operations Thread 14"        [_thread_blocked, id=14120, stack(0x0000004d43a00000,0x0000004d43b00000) (1024K)]
  0x000001a5e1f764f0 JavaThread "Unconstrained build operations Thread 15"        [_thread_blocked, id=4584, stack(0x0000004d43b00000,0x0000004d43c00000) (1024K)]
  0x000001a5e1f75140 JavaThread "Unconstrained build operations Thread 16"        [_thread_blocked, id=9708, stack(0x0000004d43c00000,0x0000004d43d00000) (1024K)]
  0x000001a5e1f74420 JavaThread "Unconstrained build operations Thread 17"        [_thread_blocked, id=804, stack(0x0000004d43d00000,0x0000004d43e00000) (1024K)]
  0x000001a5e1f778a0 JavaThread "Unconstrained build operations Thread 18"        [_thread_blocked, id=18112, stack(0x0000004d43e00000,0x0000004d43f00000) (1024K)]
  0x000001a5e1f75e60 JavaThread "Unconstrained build operations Thread 19"        [_thread_blocked, id=19088, stack(0x0000004d43f00000,0x0000004d44000000) (1024K)]
  0x000001a5e1f77f30 JavaThread "Unconstrained build operations Thread 20"        [_thread_blocked, id=4768, stack(0x0000004d44000000,0x0000004d44100000) (1024K)]
  0x000001a5e1f76b80 JavaThread "Unconstrained build operations Thread 21"        [_thread_blocked, id=12392, stack(0x0000004d44100000,0x0000004d44200000) (1024K)]
  0x000001a5e1f785c0 JavaThread "Unconstrained build operations Thread 22"        [_thread_blocked, id=12184, stack(0x0000004d44200000,0x0000004d44300000) (1024K)]
  0x000001a5e1f78c50 JavaThread "Unconstrained build operations Thread 23"        [_thread_blocked, id=7680, stack(0x0000004d44300000,0x0000004d44400000) (1024K)]
  0x000001a5e1f792e0 JavaThread "Unconstrained build operations Thread 24"        [_thread_blocked, id=15780, stack(0x0000004d44400000,0x0000004d44500000) (1024K)]
  0x000001a5e1f729e0 JavaThread "Unconstrained build operations Thread 25"        [_thread_blocked, id=12176, stack(0x0000004d44500000,0x0000004d44600000) (1024K)]
  0x000001a5e1f7a000 JavaThread "Unconstrained build operations Thread 26"        [_thread_blocked, id=18240, stack(0x0000004d44600000,0x0000004d44700000) (1024K)]
  0x000001a5e1f73070 JavaThread "Unconstrained build operations Thread 27"        [_thread_blocked, id=7180, stack(0x0000004d44700000,0x0000004d44800000) (1024K)]
  0x000001a5e1f73700 JavaThread "Unconstrained build operations Thread 28"        [_thread_blocked, id=18076, stack(0x0000004d44800000,0x0000004d44900000) (1024K)]
  0x000001a5e19480f0 JavaThread "Unconstrained build operations Thread 29"        [_thread_blocked, id=19116, stack(0x0000004d44900000,0x0000004d44a00000) (1024K)]
Total: 69

Other Threads:
=>0x000001a5a2eeb0b0 VMThread "VM Thread"                           [id=18012, stack(0x0000004d40100000,0x0000004d40200000) (1024K)]
  0x000001a5a2ed7500 WatcherThread "VM Periodic Task Thread"        [id=14388, stack(0x0000004d40000000,0x0000004d40100000) (1024K)]
  0x000001a5898b1480 WorkerThread "GC Thread#0"                     [id=16696, stack(0x0000004d3fb00000,0x0000004d3fc00000) (1024K)]
  0x000001a5dc39e750 WorkerThread "GC Thread#1"                     [id=5724, stack(0x0000004d40c00000,0x0000004d40d00000) (1024K)]
  0x000001a5dc39eb00 WorkerThread "GC Thread#2"                     [id=17436, stack(0x0000004d40d00000,0x0000004d40e00000) (1024K)]
  0x000001a5dc39eeb0 WorkerThread "GC Thread#3"                     [id=17388, stack(0x0000004d40e00000,0x0000004d40f00000) (1024K)]
  0x000001a5898c2470 ConcurrentGCThread "G1 Main Marker"            [id=11864, stack(0x0000004d3fc00000,0x0000004d3fd00000) (1024K)]
  0x000001a5898c2f80 WorkerThread "G1 Conc#0"                       [id=15708, stack(0x0000004d3fd00000,0x0000004d3fe00000) (1024K)]
  0x000001a58991e090 ConcurrentGCThread "G1 Refine#0"               [id=2556, stack(0x0000004d3fe00000,0x0000004d3ff00000) (1024K)]
  0x000001a5a2dac100 ConcurrentGCThread "G1 Service"                [id=11184, stack(0x0000004d3ff00000,0x0000004d40000000) (1024K)]
Total: 10

Threads with active compile tasks:
C1 CompilerThread0  29930 10828       3       org.gradle.internal.isolated.IsolationScheme::lambda$inferParameterType$0 (78 bytes)
Total: 1

VM state: at safepoint (normal execution)

VM Mutex/Monitor currently owned by a thread:  ([mutex/lock_event])
[0x00007ffcc416e560] Threads_lock - owner thread: 0x000001a5a2eeb0b0
[0x00007ffcc416e660] Heap_lock - owner thread: 0x000001a5ddbe5230

Heap address: 0x0000000700000000, size: 4096 MB, Compressed Oops mode: Zero based, Oop shift amount: 3

CDS archive(s) mapped at: [0x000001a5a3000000-0x000001a5a3ba0000-0x000001a5a3ba0000), size 12189696, SharedBaseAddress: 0x000001a5a3000000, ArchiveRelocationMode: 1.
Compressed class space mapped at: 0x000001a5a4000000-0x000001a5d8000000, reserved size: 872415232
Narrow klass base: 0x000001a5a3000000, Narrow klass shift: 0, Narrow klass range: 0x100000000

GC Precious Log:
 CardTable entry size: 512
 Card Set container configuration: InlinePtr #cards 4 size 8 Array Of Cards #cards 16 size 48 Howl #buckets 8 coarsen threshold 3686 Howl Bitmap #cards 512 size 80 coarsen threshold 460 Card regions per heap region 1 cards per card region 4096
 CPUs: 4 total, 4 available
 Memory: 12111M
 Large Page Support: Disabled
 NUMA Support: Disabled
 Compressed Oops: Enabled (Zero based)
 Heap Region Size: 2M
 Heap Min Capacity: 8M
 Heap Initial Capacity: 190M
 Heap Max Capacity: 4G
 Pre-touch: Disabled
 Parallel Workers: 4
 Concurrent Workers: 1
 Concurrent Refinement Workers: 4
 Periodic GC: Disabled

Heap:
 garbage-first heap   total 157696K, used 96272K [0x0000000700000000, 0x0000000800000000)
  region size 2048K, 1 young (2048K), 1 survivors (2048K)
 Metaspace       used 78560K, committed 80768K, reserved 983040K
  class space    used 11371K, committed 12480K, reserved 851968K

Heap Regions: E=young(eden), S=young(survivor), O=old, HS=humongous(starts), HC=humongous(continues), CS=collection set, F=free, TAMS=top-at-mark-start, PB=parsable bottom
|   0|0x0000000700000000, 0x0000000700200000, 0x0000000700200000|100%|HS|  |TAMS 0x0000000700000000| PB 0x0000000700000000| Complete 
|   1|0x0000000700200000, 0x0000000700400000, 0x0000000700400000|100%|HC|  |TAMS 0x0000000700200000| PB 0x0000000700200000| Complete 
|   2|0x0000000700400000, 0x0000000700600000, 0x0000000700600000|100%| O|  |TAMS 0x0000000700400000| PB 0x0000000700400000| Untracked 
|   3|0x0000000700600000, 0x0000000700800000, 0x0000000700800000|100%| O|  |TAMS 0x0000000700600000| PB 0x0000000700600000| Untracked 
|   4|0x0000000700800000, 0x0000000700a00000, 0x0000000700a00000|100%| O|  |TAMS 0x0000000700800000| PB 0x0000000700800000| Untracked 
|   5|0x0000000700a00000, 0x0000000700c00000, 0x0000000700c00000|100%| O|  |TAMS 0x0000000700a00000| PB 0x0000000700a00000| Untracked 
|   6|0x0000000700c00000, 0x0000000700e00000, 0x0000000700e00000|100%| O|  |TAMS 0x0000000700c00000| PB 0x0000000700c00000| Untracked 
|   7|0x0000000700e00000, 0x0000000701000000, 0x0000000701000000|100%| O|  |TAMS 0x0000000700e00000| PB 0x0000000700e00000| Untracked 
|   8|0x0000000701000000, 0x0000000701200000, 0x0000000701200000|100%| O|  |TAMS 0x0000000701000000| PB 0x0000000701000000| Untracked 
|   9|0x0000000701200000, 0x0000000701400000, 0x0000000701400000|100%| O|  |TAMS 0x0000000701200000| PB 0x0000000701200000| Untracked 
|  10|0x0000000701400000, 0x0000000701600000, 0x0000000701600000|100%| O|  |TAMS 0x0000000701400000| PB 0x0000000701400000| Untracked 
|  11|0x0000000701600000, 0x0000000701800000, 0x0000000701800000|100%| O|  |TAMS 0x0000000701600000| PB 0x0000000701600000| Untracked 
|  12|0x0000000701800000, 0x0000000701a00000, 0x0000000701a00000|100%| O|  |TAMS 0x0000000701800000| PB 0x0000000701800000| Untracked 
|  13|0x0000000701a00000, 0x0000000701c00000, 0x0000000701c00000|100%| O|  |TAMS 0x0000000701a00000| PB 0x0000000701a00000| Untracked 
|  14|0x0000000701c00000, 0x0000000701e00000, 0x0000000701e00000|100%| O|  |TAMS 0x0000000701c00000| PB 0x0000000701c00000| Untracked 
|  15|0x0000000701e00000, 0x0000000702000000, 0x0000000702000000|100%| O|  |TAMS 0x0000000701e00000| PB 0x0000000701e00000| Untracked 
|  16|0x0000000702000000, 0x0000000702200000, 0x0000000702200000|100%| O|  |TAMS 0x0000000702000000| PB 0x0000000702000000| Untracked 
|  17|0x0000000702200000, 0x0000000702400000, 0x0000000702400000|100%| O|  |TAMS 0x0000000702200000| PB 0x0000000702200000| Untracked 
|  18|0x0000000702400000, 0x0000000702600000, 0x0000000702600000|100%| O|  |TAMS 0x0000000702400000| PB 0x0000000702400000| Untracked 
|  19|0x0000000702600000, 0x0000000702800000, 0x0000000702800000|100%|HS|  |TAMS 0x0000000702600000| PB 0x0000000702600000| Complete 
|  20|0x0000000702800000, 0x0000000702a00000, 0x0000000702a00000|100%| O|  |TAMS 0x0000000702800000| PB 0x0000000702800000| Untracked 
|  21|0x0000000702a00000, 0x0000000702c00000, 0x0000000702c00000|100%|HS|  |TAMS 0x0000000702a00000| PB 0x0000000702a00000| Complete 
|  22|0x0000000702c00000, 0x0000000702e00000, 0x0000000702e00000|100%|HS|  |TAMS 0x0000000702c00000| PB 0x0000000702c00000| Complete 
|  23|0x0000000702e00000, 0x0000000703000000, 0x0000000703000000|100%|HC|  |TAMS 0x0000000702e00000| PB 0x0000000702e00000| Complete 
|  24|0x0000000703000000, 0x0000000703200000, 0x0000000703200000|100%| O|  |TAMS 0x0000000703000000| PB 0x0000000703000000| Untracked 
|  25|0x0000000703200000, 0x0000000703400000, 0x0000000703400000|100%|HS|  |TAMS 0x0000000703200000| PB 0x0000000703200000| Complete 
|  26|0x0000000703400000, 0x0000000703600000, 0x0000000703600000|100%|HC|  |TAMS 0x0000000703400000| PB 0x0000000703400000| Complete 
|  27|0x0000000703600000, 0x0000000703800000, 0x0000000703800000|100%| O|  |TAMS 0x0000000703600000| PB 0x0000000703600000| Untracked 
|  28|0x0000000703800000, 0x0000000703a00000, 0x0000000703a00000|100%| O|  |TAMS 0x0000000703800000| PB 0x0000000703800000| Untracked 
|  29|0x0000000703a00000, 0x0000000703c00000, 0x0000000703c00000|100%| O|  |TAMS 0x0000000703a00000| PB 0x0000000703a00000| Untracked 
|  30|0x0000000703c00000, 0x0000000703e00000, 0x0000000703e00000|100%| O|  |TAMS 0x0000000703c00000| PB 0x0000000703c00000| Untracked 
|  31|0x0000000703e00000, 0x0000000704000000, 0x0000000704000000|100%|HS|  |TAMS 0x0000000703e00000| PB 0x0000000703e00000| Complete 
|  32|0x0000000704000000, 0x0000000704200000, 0x0000000704200000|100%| O|  |TAMS 0x0000000704000000| PB 0x0000000704000000| Untracked 
|  33|0x0000000704200000, 0x0000000704400000, 0x0000000704400000|100%| O|  |TAMS 0x0000000704200000| PB 0x0000000704200000| Untracked 
|  34|0x0000000704400000, 0x0000000704600000, 0x0000000704600000|100%| O|  |TAMS 0x0000000704400000| PB 0x0000000704400000| Untracked 
|  35|0x0000000704600000, 0x0000000704800000, 0x0000000704800000|100%| O|  |TAMS 0x0000000704600000| PB 0x0000000704600000| Untracked 
|  36|0x0000000704800000, 0x0000000704a00000, 0x0000000704a00000|100%|HS|  |TAMS 0x0000000704800000| PB 0x0000000704800000| Complete 
|  37|0x0000000704a00000, 0x0000000704c00000, 0x0000000704c00000|100%| O|  |TAMS 0x0000000704a00000| PB 0x0000000704a00000| Untracked 
|  38|0x0000000704c00000, 0x0000000704e00000, 0x0000000704e00000|100%| O|  |TAMS 0x0000000704c00000| PB 0x0000000704c00000| Untracked 
|  39|0x0000000704e00000, 0x0000000705000000, 0x0000000705000000|100%| O|  |TAMS 0x0000000704e00000| PB 0x0000000704e00000| Untracked 
|  40|0x0000000705000000, 0x0000000705200000, 0x0000000705200000|100%| O|  |TAMS 0x0000000705000000| PB 0x0000000705000000| Untracked 
|  41|0x0000000705200000, 0x0000000705400000, 0x0000000705400000|100%| O|  |TAMS 0x0000000705200000| PB 0x0000000705200000| Untracked 
|  42|0x0000000705400000, 0x0000000705600000, 0x0000000705600000|100%| O|  |TAMS 0x0000000705400000| PB 0x0000000705400000| Untracked 
|  43|0x0000000705600000, 0x00000007056a3b90, 0x0000000705800000| 31%| O|  |TAMS 0x0000000705600000| PB 0x0000000705600000| Untracked 
|  44|0x0000000705800000, 0x0000000705800000, 0x0000000705a00000|  0%| F|  |TAMS 0x0000000705800000| PB 0x0000000705800000| Untracked 
|  45|0x0000000705a00000, 0x0000000705a00000, 0x0000000705c00000|  0%| F|  |TAMS 0x0000000705a00000| PB 0x0000000705a00000| Untracked 
|  46|0x0000000705c00000, 0x0000000705c00000, 0x0000000705e00000|  0%| F|  |TAMS 0x0000000705c00000| PB 0x0000000705c00000| Untracked 
|  47|0x0000000705e00000, 0x0000000705e00000, 0x0000000706000000|  0%| F|  |TAMS 0x0000000705e00000| PB 0x0000000705e00000| Untracked 
|  48|0x0000000706000000, 0x0000000706000000, 0x0000000706200000|  0%| F|  |TAMS 0x0000000706000000| PB 0x0000000706000000| Untracked 
|  49|0x0000000706200000, 0x0000000706200000, 0x0000000706400000|  0%| F|  |TAMS 0x0000000706200000| PB 0x0000000706200000| Untracked 
|  50|0x0000000706400000, 0x0000000706400000, 0x0000000706600000|  0%| F|  |TAMS 0x0000000706400000| PB 0x0000000706400000| Untracked 
|  51|0x0000000706600000, 0x00000007067606e0, 0x0000000706800000| 68%| S|CS|TAMS 0x0000000706600000| PB 0x0000000706600000| Complete 
|  52|0x0000000706800000, 0x0000000706800000, 0x0000000706a00000|  0%| F|  |TAMS 0x0000000706800000| PB 0x0000000706800000| Untracked 
|  53|0x0000000706a00000, 0x0000000706a00000, 0x0000000706c00000|  0%| F|  |TAMS 0x0000000706a00000| PB 0x0000000706a00000| Untracked 
|  54|0x0000000706c00000, 0x0000000706c00000, 0x0000000706e00000|  0%| F|  |TAMS 0x0000000706c00000| PB 0x0000000706c00000| Untracked 
|  55|0x0000000706e00000, 0x0000000706e00000, 0x0000000707000000|  0%| F|  |TAMS 0x0000000706e00000| PB 0x0000000706e00000| Untracked 
|  56|0x0000000707000000, 0x0000000707000000, 0x0000000707200000|  0%| F|  |TAMS 0x0000000707000000| PB 0x0000000707000000| Untracked 
|  57|0x0000000707200000, 0x0000000707200000, 0x0000000707400000|  0%| F|  |TAMS 0x0000000707200000| PB 0x0000000707200000| Untracked 
|  58|0x0000000707400000, 0x0000000707400000, 0x0000000707600000|  0%| F|  |TAMS 0x0000000707400000| PB 0x0000000707400000| Untracked 
|  59|0x0000000707600000, 0x0000000707600000, 0x0000000707800000|  0%| F|  |TAMS 0x0000000707600000| PB 0x0000000707600000| Untracked 
|  60|0x0000000707800000, 0x0000000707800000, 0x0000000707a00000|  0%| F|  |TAMS 0x0000000707800000| PB 0x0000000707800000| Untracked 
|  61|0x0000000707a00000, 0x0000000707a00000, 0x0000000707c00000|  0%| F|  |TAMS 0x0000000707a00000| PB 0x0000000707a00000| Untracked 
|  62|0x0000000707c00000, 0x0000000707c00000, 0x0000000707e00000|  0%| F|  |TAMS 0x0000000707c00000| PB 0x0000000707c00000| Untracked 
|  63|0x0000000707e00000, 0x0000000707e00000, 0x0000000708000000|  0%| F|  |TAMS 0x0000000707e00000| PB 0x0000000707e00000| Untracked 
|  64|0x0000000708000000, 0x0000000708000000, 0x0000000708200000|  0%| F|  |TAMS 0x0000000708000000| PB 0x0000000708000000| Untracked 
|  65|0x0000000708200000, 0x0000000708200000, 0x0000000708400000|  0%| F|  |TAMS 0x0000000708200000| PB 0x0000000708200000| Untracked 
|  66|0x0000000708400000, 0x0000000708400000, 0x0000000708600000|  0%| F|  |TAMS 0x0000000708400000| PB 0x0000000708400000| Untracked 
|  67|0x0000000708600000, 0x0000000708600000, 0x0000000708800000|  0%| F|  |TAMS 0x0000000708600000| PB 0x0000000708600000| Untracked 
|  68|0x0000000708800000, 0x0000000708800000, 0x0000000708a00000|  0%| F|  |TAMS 0x0000000708800000| PB 0x0000000708800000| Untracked 
|  88|0x000000070b000000, 0x000000070b000000, 0x000000070b200000|  0%| F|  |TAMS 0x000000070b000000| PB 0x000000070b000000| Untracked 
|  89|0x000000070b200000, 0x000000070b200000, 0x000000070b400000|  0%| F|  |TAMS 0x000000070b200000| PB 0x000000070b200000| Untracked 
|  94|0x000000070bc00000, 0x000000070bc00000, 0x000000070be00000|  0%| F|  |TAMS 0x000000070bc00000| PB 0x000000070bc00000| Untracked 
|2043|0x00000007ff600000, 0x00000007ff600000, 0x00000007ff800000|  0%| F|  |TAMS 0x00000007ff600000| PB 0x00000007ff600000| Untracked 
|2044|0x00000007ff800000, 0x00000007ffa00000, 0x00000007ffa00000|100%| O|  |TAMS 0x00000007ff800000| PB 0x00000007ff800000| Untracked 
|2045|0x00000007ffa00000, 0x00000007ffc00000, 0x00000007ffc00000|100%| O|  |TAMS 0x00000007ffa00000| PB 0x00000007ffa00000| Untracked 
|2046|0x00000007ffc00000, 0x00000007ffc00000, 0x00000007ffe00000|  0%| F|  |TAMS 0x00000007ffc00000| PB 0x00000007ffc00000| Untracked 
|2047|0x00000007ffe00000, 0x0000000800000000, 0x0000000800000000|100%| O|  |TAMS 0x00000007ffe00000| PB 0x00000007ffe00000| Untracked 

Card table byte_map: [0x000001a59c260000,0x000001a59ca60000] _byte_map_base: 0x000001a598a60000

Marking Bits: (CMBitMap*) 0x000001a5898b1b90
 Bits: [0x000001a59ca60000, 0x000001a5a0a60000)

Polling page: 0x000001a587640000

Metaspace:

Usage:
  Non-class:     65.61 MB used.
      Class:     11.10 MB used.
       Both:     76.72 MB used.

Virtual space:
  Non-class space:      128.00 MB reserved,      66.69 MB ( 52%) committed,  2 nodes.
      Class space:      832.00 MB reserved,      12.19 MB (  1%) committed,  1 nodes.
             Both:      960.00 MB reserved,      78.88 MB (  8%) committed. 

Chunk freelists:
   Non-Class:  13.08 MB
       Class:  3.67 MB
        Both:  16.75 MB

MaxMetaspaceSize: 1.00 GB
CompressedClassSpaceSize: 832.00 MB
Initial GC threshold: 21.00 MB
Current GC threshold: 124.31 MB
CDS: on
 - commit_granule_bytes: 65536.
 - commit_granule_words: 8192.
 - virtual_space_node_default_size: 8388608.
 - enlarge_chunks_in_place: 1.
 - use_allocation_guard: 0.


Internal statistics:

num_allocs_failed_limit: 6.
num_arena_births: 3932.
num_arena_deaths: 0.
num_vsnodes_births: 3.
num_vsnodes_deaths: 0.
num_space_committed: 1262.
num_space_uncommitted: 0.
num_chunks_returned_to_freelist: 6.
num_chunks_taken_from_freelist: 7805.
num_chunk_merges: 6.
num_chunk_splits: 5010.
num_chunks_enlarged: 3001.
num_inconsistent_stats: 0.

CodeHeap 'non-profiled nmethods': size=120000Kb used=5753Kb max_used=5870Kb free=114246Kb
 bounds [0x000001a594530000, 0x000001a594af0000, 0x000001a59ba60000]
CodeHeap 'profiled nmethods': size=120000Kb used=16400Kb max_used=17144Kb free=103599Kb
 bounds [0x000001a58ca60000, 0x000001a58db20000, 0x000001a593f90000]
CodeHeap 'non-nmethods': size=5760Kb used=1952Kb max_used=2055Kb free=3807Kb
 bounds [0x000001a593f90000, 0x000001a594200000, 0x000001a594530000]
CodeCache: size=245760Kb, used=24105Kb, max_used=25069Kb, free=221652Kb
 total_blobs=9920, nmethods=9103, adapters=721, full_count=0
Compilation: enabled, stopped_count=0, restarted_count=0

Compilation events (20 events):
Event: 29.871 Thread 0x000001a5a2f72da0 10820       1       org.gradle.api.internal.provider.sources.GradlePropertyValueSource$Parameters_Decorated::publicType (3 bytes)
Event: 29.871 Thread 0x000001a5a2f72da0 nmethod 10820 0x000001a59489f290 code [0x000001a59489f420, 0x000001a59489f4f0]
Event: 29.872 Thread 0x000001a5a2f72da0 10821       3       org.gradle.api.internal.provider.sources.GradlePropertyValueSource$Inject::$gradleServices (13 bytes)
Event: 29.872 Thread 0x000001a5a2f72da0 nmethod 10821 0x000001a58d3d0e90 code [0x000001a58d3d1040, 0x000001a58d3d1240]
Event: 29.872 Thread 0x000001a5a2f72da0 10822       3       org.gradle.api.internal.provider.sources.GradlePropertyValueSource$Inject::getParameters (31 bytes)
Event: 29.872 Thread 0x000001a5a2f72da0 nmethod 10822 0x000001a58cb9ce10 code [0x000001a58cb9d000, 0x000001a58cb9d4c8]
Event: 29.873 Thread 0x000001a5a2f72da0 10823       3       org.gradle.api.internal.provider.sources.GradlePropertyValueSource$Parameters$Inject::getPropertyName (34 bytes)
Event: 29.873 Thread 0x000001a5a2f72da0 nmethod 10823 0x000001a58d3f6d90 code [0x000001a58d3f6f80, 0x000001a58d3f7390]
Event: 29.878 Thread 0x000001a5a2f0a140 nmethod 10809 0x000001a5946a6a90 code [0x000001a5946a6d60, 0x000001a5946a8100]
Event: 29.878 Thread 0x000001a5a2f0a140 10808       4       org.objectweb.asm.Type::getOpcode (284 bytes)
Event: 29.879 Thread 0x000001a5a2f0a140 nmethod 10808 0x000001a5946a6610 code [0x000001a5946a67a0, 0x000001a5946a6950]
Event: 29.883 Thread 0x000001a5a2f72da0 10824       3       org.gradle.api.services.internal.DefaultBuildServicesRegistry$DefaultServiceRegistration_Decorated::getName (39 bytes)
Event: 29.884 Thread 0x000001a5a2f72da0 nmethod 10824 0x000001a58d0f3e10 code [0x000001a58d0f3fe0, 0x000001a58d0f4350]
Event: 29.886 Thread 0x000001a5a2f72da0 10825   !   3       org.gradle.api.services.internal.DefaultBuildServicesRegistry::withRegistrations (43 bytes)
Event: 29.886 Thread 0x000001a5a2f72da0 nmethod 10825 0x000001a58d343d90 code [0x000001a58d343f80, 0x000001a58d344418]
Event: 29.886 Thread 0x000001a5a2f72da0 10826       3       org.gradle.api.internal.DefaultDomainObjectCollection::doAdd (29 bytes)
Event: 29.886 Thread 0x000001a5a2f72da0 nmethod 10826 0x000001a58d48ca90 code [0x000001a58d48cc80, 0x000001a58d48d130]
Event: 29.894 Thread 0x000001a5a2f72da0 10827       3       org.gradle.internal.isolated.IsolationScheme::collectTypeParameters (139 bytes)
Event: 29.895 Thread 0x000001a5a2f72da0 nmethod 10827 0x000001a58d45c290 code [0x000001a58d45c580, 0x000001a58d45d9a8]
Event: 29.895 Thread 0x000001a5a2f72da0 10828       3       org.gradle.internal.isolated.IsolationScheme::lambda$inferParameterType$0 (78 bytes)

GC Heap History (20 events):
Event: 21.966 GC heap after
{Heap after GC invocations=23 (full 0):
 garbage-first heap   total 100352K, used 61589K [0x0000000700000000, 0x0000000800000000)
  region size 2048K, 2 young (4096K), 2 survivors (4096K)
 Metaspace       used 63328K, committed 65280K, reserved 917504K
  class space    used 9287K, committed 10240K, reserved 851968K
}
Event: 22.585 GC heap before
{Heap before GC invocations=23 (full 0):
 garbage-first heap   total 100352K, used 92309K [0x0000000700000000, 0x0000000800000000)
  region size 2048K, 17 young (34816K), 2 survivors (4096K)
 Metaspace       used 65286K, committed 67328K, reserved 917504K
  class space    used 9581K, committed 10560K, reserved 851968K
}
Event: 22.592 GC heap after
{Heap after GC invocations=24 (full 0):
 garbage-first heap   total 100352K, used 62421K [0x0000000700000000, 0x0000000800000000)
  region size 2048K, 2 young (4096K), 2 survivors (4096K)
 Metaspace       used 65286K, committed 67328K, reserved 917504K
  class space    used 9581K, committed 10560K, reserved 851968K
}
Event: 23.450 GC heap before
{Heap before GC invocations=24 (full 0):
 garbage-first heap   total 100352K, used 93141K [0x0000000700000000, 0x0000000800000000)
  region size 2048K, 17 young (34816K), 2 survivors (4096K)
 Metaspace       used 67096K, committed 69120K, reserved 917504K
  class space    used 9829K, committed 10816K, reserved 851968K
}
Event: 23.457 GC heap after
{Heap after GC invocations=25 (full 0):
 garbage-first heap   total 122880K, used 64548K [0x0000000700000000, 0x0000000800000000)
  region size 2048K, 3 young (6144K), 3 survivors (6144K)
 Metaspace       used 67096K, committed 69120K, reserved 917504K
  class space    used 9829K, committed 10816K, reserved 851968K
}
Event: 24.600 GC heap before
{Heap before GC invocations=26 (full 0):
 garbage-first heap   total 122880K, used 107556K [0x0000000700000000, 0x0000000800000000)
  region size 2048K, 25 young (51200K), 3 survivors (6144K)
 Metaspace       used 70812K, committed 72896K, reserved 917504K
  class space    used 10473K, committed 11520K, reserved 851968K
}
Event: 24.610 GC heap after
{Heap after GC invocations=27 (full 0):
 garbage-first heap   total 122880K, used 67867K [0x0000000700000000, 0x0000000800000000)
  region size 2048K, 4 young (8192K), 4 survivors (8192K)
 Metaspace       used 70812K, committed 72896K, reserved 917504K
  class space    used 10473K, committed 11520K, reserved 851968K
}
Event: 26.157 GC heap before
{Heap before GC invocations=27 (full 0):
 garbage-first heap   total 122880K, used 110875K [0x0000000700000000, 0x0000000800000000)
  region size 2048K, 25 young (51200K), 4 survivors (8192K)
 Metaspace       used 72188K, committed 74368K, reserved 917504K
  class space    used 10631K, committed 11712K, reserved 851968K
}
Event: 26.174 GC heap after
{Heap after GC invocations=28 (full 0):
 garbage-first heap   total 126976K, used 72140K [0x0000000700000000, 0x0000000800000000)
  region size 2048K, 4 young (8192K), 4 survivors (8192K)
 Metaspace       used 72188K, committed 74368K, reserved 917504K
  class space    used 10631K, committed 11712K, reserved 851968K
}
Event: 27.254 GC heap before
{Heap before GC invocations=28 (full 0):
 garbage-first heap   total 126976K, used 111052K [0x0000000700000000, 0x0000000800000000)
  region size 2048K, 24 young (49152K), 4 survivors (8192K)
 Metaspace       used 72344K, committed 74496K, reserved 917504K
  class space    used 10633K, committed 11712K, reserved 851968K
}
Event: 27.267 GC heap after
{Heap after GC invocations=29 (full 0):
 garbage-first heap   total 126976K, used 74393K [0x0000000700000000, 0x0000000800000000)
  region size 2048K, 2 young (4096K), 2 survivors (4096K)
 Metaspace       used 72344K, committed 74496K, reserved 917504K
  class space    used 10633K, committed 11712K, reserved 851968K
}
Event: 27.942 GC heap before
{Heap before GC invocations=30 (full 0):
 garbage-first heap   total 131072K, used 111257K [0x0000000700000000, 0x0000000800000000)
  region size 2048K, 21 young (43008K), 2 survivors (4096K)
 Metaspace       used 72352K, committed 74496K, reserved 917504K
  class space    used 10633K, committed 11712K, reserved 851968K
}
Event: 27.947 GC heap after
{Heap after GC invocations=31 (full 0):
 garbage-first heap   total 131072K, used 75397K [0x0000000700000000, 0x0000000800000000)
  region size 2048K, 2 young (4096K), 2 survivors (4096K)
 Metaspace       used 72352K, committed 74496K, reserved 917504K
  class space    used 10633K, committed 11712K, reserved 851968K
}
Event: 28.580 GC heap before
{Heap before GC invocations=31 (full 0):
 garbage-first heap   total 131072K, used 118405K [0x0000000700000000, 0x0000000800000000)
  region size 2048K, 23 young (47104K), 2 survivors (4096K)
 Metaspace       used 73181K, committed 75264K, reserved 917504K
  class space    used 10732K, committed 11776K, reserved 851968K
}
Event: 28.591 GC heap after
{Heap after GC invocations=32 (full 0):
 garbage-first heap   total 135168K, used 85952K [0x0000000700000000, 0x0000000800000000)
  region size 2048K, 3 young (6144K), 3 survivors (6144K)
 Metaspace       used 73181K, committed 75264K, reserved 917504K
  class space    used 10732K, committed 11776K, reserved 851968K
}
Event: 28.992 GC heap before
{Heap before GC invocations=32 (full 0):
 garbage-first heap   total 135168K, used 96192K [0x0000000700000000, 0x0000000800000000)
  region size 2048K, 10 young (20480K), 3 survivors (6144K)
 Metaspace       used 73358K, committed 75520K, reserved 917504K
  class space    used 10750K, committed 11840K, reserved 851968K
}
Event: 28.997 GC heap after
{Heap after GC invocations=33 (full 0):
 garbage-first heap   total 135168K, used 89576K [0x0000000700000000, 0x0000000800000000)
  region size 2048K, 2 young (4096K), 2 survivors (4096K)
 Metaspace       used 73358K, committed 75520K, reserved 917504K
  class space    used 10750K, committed 11840K, reserved 851968K
}
Event: 29.316 GC heap before
{Heap before GC invocations=34 (full 0):
 garbage-first heap   total 157696K, used 114152K [0x0000000700000000, 0x0000000800000000)
  region size 2048K, 14 young (28672K), 2 survivors (4096K)
 Metaspace       used 74973K, committed 77120K, reserved 917504K
  class space    used 10962K, committed 12032K, reserved 851968K
}
Event: 29.320 GC heap after
{Heap after GC invocations=35 (full 0):
 garbage-first heap   total 157696K, used 95530K [0x0000000700000000, 0x0000000800000000)
  region size 2048K, 2 young (4096K), 2 survivors (4096K)
 Metaspace       used 74973K, committed 77120K, reserved 917504K
  class space    used 10962K, committed 12032K, reserved 851968K
}
Event: 29.896 GC heap before
{Heap before GC invocations=35 (full 0):
 garbage-first heap   total 157696K, used 132394K [0x0000000700000000, 0x0000000800000000)
  region size 2048K, 21 young (43008K), 2 survivors (4096K)
 Metaspace       used 78560K, committed 80768K, reserved 983040K
  class space    used 11371K, committed 12480K, reserved 851968K
}

Dll operation events (14 events):
Event: 0.014 Loaded shared library C:\Users\HP\.antigravity\extensions\redhat.java-1.53.0-win32-x64\jre\21.0.10-win32-x86_64\bin\java.dll
Event: 0.109 Loaded shared library C:\Users\HP\.antigravity\extensions\redhat.java-1.53.0-win32-x64\jre\21.0.10-win32-x86_64\bin\zip.dll
Event: 0.137 Loaded shared library C:\Users\HP\.antigravity\extensions\redhat.java-1.53.0-win32-x64\jre\21.0.10-win32-x86_64\bin\instrument.dll
Event: 0.147 Loaded shared library C:\Users\HP\.antigravity\extensions\redhat.java-1.53.0-win32-x64\jre\21.0.10-win32-x86_64\bin\net.dll
Event: 0.149 Loaded shared library C:\Users\HP\.antigravity\extensions\redhat.java-1.53.0-win32-x64\jre\21.0.10-win32-x86_64\bin\nio.dll
Event: 0.153 Loaded shared library C:\Users\HP\.antigravity\extensions\redhat.java-1.53.0-win32-x64\jre\21.0.10-win32-x86_64\bin\zip.dll
Event: 0.787 Loaded shared library C:\Users\HP\.antigravity\extensions\redhat.java-1.53.0-win32-x64\jre\21.0.10-win32-x86_64\bin\jimage.dll
Event: 1.306 Loaded shared library C:\Users\HP\.antigravity\extensions\redhat.java-1.53.0-win32-x64\jre\21.0.10-win32-x86_64\bin\verify.dll
Event: 1.460 Loaded shared library C:\Users\HP\.gradle\native\1def1411415f61bf3af743bc5b6707747c0891f09f0c88961ee8f79bc544acac\windows-amd64\native-platform.dll
Event: 1.477 Loaded shared library C:\Users\HP\.gradle\native\0.2.7\x86_64-windows-gnu\gradle-fileevents.dll
Event: 3.771 Loaded shared library C:\Users\HP\.antigravity\extensions\redhat.java-1.53.0-win32-x64\jre\21.0.10-win32-x86_64\bin\management.dll
Event: 3.774 Loaded shared library C:\Users\HP\.antigravity\extensions\redhat.java-1.53.0-win32-x64\jre\21.0.10-win32-x86_64\bin\management_ext.dll
Event: 4.005 Loaded shared library C:\Users\HP\.antigravity\extensions\redhat.java-1.53.0-win32-x64\jre\21.0.10-win32-x86_64\bin\extnet.dll
Event: 4.407 Loaded shared library C:\Users\HP\.antigravity\extensions\redhat.java-1.53.0-win32-x64\jre\21.0.10-win32-x86_64\bin\sunmscapi.dll

Deoptimization events (20 events):
Event: 29.483 Thread 0x000001a5ddbe5230 DEOPT PACKING pc=0x000001a594a38d08 sp=0x0000004d415f4600
Event: 29.483 Thread 0x000001a5ddbe5230 DEOPT UNPACKING pc=0x000001a593fe4422 sp=0x0000004d415f4588 mode 2
Event: 29.509 Thread 0x000001a5ddbe5230 Uncommon trap: trap_request=0xffffffde fr.pc=0x000001a594a38d08 relative=0x0000000000000b08
Event: 29.509 Thread 0x000001a5ddbe5230 Uncommon trap: reason=class_check action=maybe_recompile pc=0x000001a594a38d08 method=java.util.HashMap.removeNode(ILjava/lang/Object;Ljava/lang/Object;ZZ)Ljava/util/HashMap$Node; @ 68 c2
Event: 29.509 Thread 0x000001a5ddbe5230 DEOPT PACKING pc=0x000001a594a38d08 sp=0x0000004d415f45e0
Event: 29.509 Thread 0x000001a5ddbe5230 DEOPT UNPACKING pc=0x000001a593fe4422 sp=0x0000004d415f4568 mode 2
Event: 29.538 Thread 0x000001a5ddbe5230 Uncommon trap: trap_request=0xffffffde fr.pc=0x000001a5946b7d8c relative=0x00000000000021ac
Event: 29.538 Thread 0x000001a5ddbe5230 Uncommon trap: reason=class_check action=maybe_recompile pc=0x000001a5946b7d8c method=java.util.jar.JarFile.getManifestFromReference()Ljava/util/jar/Manifest; @ 152 c2
Event: 29.538 Thread 0x000001a5ddbe5230 DEOPT PACKING pc=0x000001a5946b7d8c sp=0x0000004d415f3b70
Event: 29.538 Thread 0x000001a5ddbe5230 DEOPT UNPACKING pc=0x000001a593fe4422 sp=0x0000004d415f3ad0 mode 2
Event: 29.549 Thread 0x000001a5ddbe5230 Uncommon trap: trap_request=0xffffff45 fr.pc=0x000001a59465ea68 relative=0x0000000000001e88
Event: 29.549 Thread 0x000001a5ddbe5230 Uncommon trap: reason=unstable_if action=reinterpret pc=0x000001a59465ea68 method=java.util.zip.InflaterInputStream.read([BII)I @ 94 c2
Event: 29.549 Thread 0x000001a5ddbe5230 DEOPT PACKING pc=0x000001a59465ea68 sp=0x0000004d415f2330
Event: 29.549 Thread 0x000001a5ddbe5230 DEOPT UNPACKING pc=0x000001a593fe4422 sp=0x0000004d415f2390 mode 2
Event: 29.612 Thread 0x000001a5ddbe5230 DEOPT PACKING pc=0x000001a58d493a60 sp=0x0000004d415f39e0
Event: 29.612 Thread 0x000001a5ddbe5230 DEOPT UNPACKING pc=0x000001a593fe4bc2 sp=0x0000004d415f2f00 mode 0
Event: 29.838 Thread 0x000001a5ddbe5230 Uncommon trap: trap_request=0xffffff3d fr.pc=0x000001a594a33008 relative=0x00000000000013c8
Event: 29.838 Thread 0x000001a5ddbe5230 Uncommon trap: reason=unstable_fused_if action=reinterpret pc=0x000001a594a33008 method=sun.nio.fs.WindowsPathParser.isLetter(C)Z @ 15 c2
Event: 29.838 Thread 0x000001a5ddbe5230 DEOPT PACKING pc=0x000001a594a33008 sp=0x0000004d415f42c0
Event: 29.838 Thread 0x000001a5ddbe5230 DEOPT UNPACKING pc=0x000001a593fe4422 sp=0x0000004d415f4208 mode 2

Classes loaded (20 events):
Event: 24.510 Loading class java/util/stream/ReferencePipeline$4$1
Event: 24.510 Loading class java/util/stream/ReferencePipeline$4$1 done
Event: 25.399 Loading class java/util/concurrent/ConcurrentLinkedQueue$Itr
Event: 25.399 Loading class java/util/concurrent/ConcurrentLinkedQueue$Itr done
Event: 25.647 Loading class java/util/Collections$ReverseComparator
Event: 25.648 Loading class java/util/Collections$ReverseComparator done
Event: 25.648 Loading class java/util/Collections$ReverseComparator2
Event: 25.648 Loading class java/util/Collections$ReverseComparator2 done
Event: 28.477 Loading class java/io/NotSerializableException
Event: 28.477 Loading class java/io/NotSerializableException done
Event: 29.028 Loading class java/lang/ProcessBuilder
Event: 29.029 Loading class java/lang/ProcessBuilder done
Event: 29.506 Loading class java/util/Comparators$NullComparator
Event: 29.506 Loading class java/util/Comparators$NullComparator done
Event: 29.565 Loading class sun/text/resources/cldr/FormatData_en
Event: 29.566 Loading class sun/text/resources/cldr/FormatData_en done
Event: 29.566 Loading class sun/text/resources/cldr/FormatData_en_US
Event: 29.566 Loading class sun/text/resources/cldr/FormatData_en_US done
Event: 29.770 Loading class java/util/concurrent/Executors$DefaultThreadFactory
Event: 29.770 Loading class java/util/concurrent/Executors$DefaultThreadFactory done

Classes unloaded (0 events):
No events

Classes redefined (0 events):
No events

Internal exceptions (20 events):
Event: 24.469 Thread 0x000001a5dcd0f890 Exception <a 'java/lang/NoSuchMethodError'{0x0000000704a52cb0}: static Ljava/lang/Object;.<clinit>()V> (0x0000000704a52cb0) 
thrown [s\src\hotspot\share\prims\jni.cpp, line 1111]
Event: 24.473 Thread 0x000001a5dcd0f890 Exception <a 'java/lang/NoSuchMethodError'{0x0000000704aa0630}: static Lorg/jetbrains/kotlin/gradle/plugin/statistics/MetricContainer;.<clinit>()V> (0x0000000704aa0630) 
thrown [s\src\hotspot\share\prims\jni.cpp, line 1111]
Event: 24.534 Thread 0x000001a5dcd10c40 Exception <a 'java/lang/NoSuchMethodError'{0x00000007048bcba0}: 'int java.lang.invoke.DirectMethodHandle$Holder.invokeSpecial(java.lang.Object, java.lang.Object, java.lang.Object, java.lang.Object, java.lang.Object)'> (0x00000007048bcba0) 
thrown [s\src\hotspot\share\interpreter\linkResolver.cpp, line 773]
Event: 24.618 Thread 0x000001a5dcd10c40 Exception <a 'java/lang/IncompatibleClassChangeError'{0x000000070bc56508}: Found class java.lang.Object, but interface was expected> (0x000000070bc56508) 
thrown [s\src\hotspot\share\interpreter\linkResolver.cpp, line 840]
Event: 24.907 Thread 0x000001a5dcd10c40 Exception <a 'java/lang/NoSuchMethodError'{0x0000000706cdb888}: static Ljava/lang/Object;.<clinit>()V> (0x0000000706cdb888) 
thrown [s\src\hotspot\share\prims\jni.cpp, line 1111]
Event: 25.307 Thread 0x000001a5dcd10c40 Exception <a 'java/lang/NoSuchMethodError'{0x000000070654cce8}: 'int java.lang.invoke.DirectMethodHandle$Holder.invokeStaticInit(java.lang.Object, java.lang.Object, java.lang.Object, java.lang.Object, java.lang.Object)'> (0x000000070654cce8) 
thrown [s\src\hotspot\share\interpreter\linkResolver.cpp, line 773]
Event: 25.346 Thread 0x000001a5dcd10c40 Exception <a 'sun/nio/fs/WindowsException'{0x00000007062a9f58}> (0x00000007062a9f58) 
thrown [s\src\hotspot\share\prims\jni.cpp, line 520]
Event: 25.346 Thread 0x000001a5dcd10c40 Exception <a 'sun/nio/fs/WindowsException'{0x00000007062ac230}> (0x00000007062ac230) 
thrown [s\src\hotspot\share\prims\jni.cpp, line 520]
Event: 25.348 Thread 0x000001a5dcd10c40 Exception <a 'sun/nio/fs/WindowsException'{0x00000007062e0320}> (0x00000007062e0320) 
thrown [s\src\hotspot\share\prims\jni.cpp, line 520]
Event: 25.348 Thread 0x000001a5dcd10c40 Exception <a 'sun/nio/fs/WindowsException'{0x00000007062e2070}> (0x00000007062e2070) 
thrown [s\src\hotspot\share\prims\jni.cpp, line 520]
Event: 25.355 Thread 0x000001a5dcd10c40 Exception <a 'sun/nio/fs/WindowsException'{0x00000007062ef440}> (0x00000007062ef440) 
thrown [s\src\hotspot\share\prims\jni.cpp, line 520]
Event: 25.356 Thread 0x000001a5dcd10c40 Exception <a 'sun/nio/fs/WindowsException'{0x00000007062f13f0}> (0x00000007062f13f0) 
thrown [s\src\hotspot\share\prims\jni.cpp, line 520]
Event: 25.356 Thread 0x000001a5dcd10c40 Exception <a 'sun/nio/fs/WindowsException'{0x00000007062f2ff8}> (0x00000007062f2ff8) 
thrown [s\src\hotspot\share\prims\jni.cpp, line 520]
Event: 26.289 Thread 0x000001a5e1f729e0 Implicit null exception at 0x000001a594a2e7ea to 0x000001a594a2e89c
Event: 27.407 Thread 0x000001a5e19480f0 Implicit null exception at 0x000001a594a760e3 to 0x000001a594a769a8
Event: 28.506 Thread 0x000001a5ddbe5230 Exception <a 'java/lang/NoSuchMethodError'{0x0000000705b6de58}: 'java.lang.Object java.lang.invoke.Invokers$Holder.invokeExact_MT(java.lang.Object, java.lang.Object, java.lang.Object, int, java.lang.Object, java.lang.Object)'> (0x0000000705b6de58) 
thrown [s\src\hotspot\share\interpreter\linkResolver.cpp, line 773]
Event: 29.019 Thread 0x000001a5ddbe5230 Exception <a 'java/lang/NoSuchMethodError'{0x00000007ffcf2eb0}: 'void java.lang.invoke.Invokers$Holder.invoke_MT(java.lang.Object, java.lang.Object, java.lang.Object, java.lang.Object)'> (0x00000007ffcf2eb0) 
thrown [s\src\hotspot\share\interpreter\linkResolver.cpp, line 773]
Event: 29.028 Thread 0x000001a5ddbe5230 Exception <a 'java/lang/NoSuchMethodError'{0x00000007ffd6e8f8}: 'java.lang.Object java.lang.invoke.DirectMethodHandle$Holder.invokeStaticInit(java.lang.Object, java.lang.Object, java.lang.Object, java.lang.Object, java.lang.Object, java.lang.Object, java.lang.Object)'> (0x00000007ffd6e8f8) 
thrown [s\src\hotspot\share\interpreter\linkResolver.cpp, line 773]
Event: 29.083 Thread 0x000001a5ddbe5230 Exception <a 'java/lang/ClassNotFoundException'{0x000000070b27d030}: org/gradle/api/internal/plugins/DefaultObjectConfigurationActionBeanInfo> (0x000000070b27d030) 
thrown [s\src\hotspot\share\classfile\systemDictionary.cpp, line 312]
Event: 29.085 Thread 0x000001a5ddbe5230 Exception <a 'java/lang/ClassNotFoundException'{0x000000070b2951e8}: org/gradle/api/internal/plugins/DefaultObjectConfigurationActionCustomizer> (0x000000070b2951e8) 
thrown [s\src\hotspot\share\classfile\systemDictionary.cpp, line 312]

ZGC Phase Switch (0 events):
No events

VM Operations (20 events):
Event: 27.451 Executing safepoint VM operation: G1PauseCleanup done
Event: 27.942 Executing safepoint VM operation: G1CollectForAllocation (G1 Evacuation Pause)
Event: 27.947 Executing safepoint VM operation: G1CollectForAllocation (G1 Evacuation Pause) done
Event: 28.362 Executing non-safepoint VM operation: HandshakeAllThreads (Deoptimize)
Event: 28.362 Executing non-safepoint VM operation: HandshakeAllThreads (Deoptimize) done
Event: 28.427 Executing safepoint VM operation: ICBufferFull
Event: 28.427 Executing safepoint VM operation: ICBufferFull done
Event: 28.547 Executing non-safepoint VM operation: HandshakeAllThreads (Deoptimize)
Event: 28.547 Executing non-safepoint VM operation: HandshakeAllThreads (Deoptimize) done
Event: 28.580 Executing safepoint VM operation: G1CollectForAllocation (G1 Evacuation Pause)
Event: 28.592 Executing safepoint VM operation: G1CollectForAllocation (G1 Evacuation Pause) done
Event: 28.992 Executing safepoint VM operation: G1TryInitiateConcMark (G1 Humongous Allocation)
Event: 28.997 Executing safepoint VM operation: G1TryInitiateConcMark (G1 Humongous Allocation) done
Event: 29.143 Executing safepoint VM operation: G1PauseRemark
Event: 29.150 Executing safepoint VM operation: G1PauseRemark done
Event: 29.208 Executing safepoint VM operation: G1PauseCleanup
Event: 29.208 Executing safepoint VM operation: G1PauseCleanup done
Event: 29.316 Executing safepoint VM operation: G1CollectForAllocation (G1 Evacuation Pause)
Event: 29.320 Executing safepoint VM operation: G1CollectForAllocation (G1 Evacuation Pause) done
Event: 29.896 Executing safepoint VM operation: G1CollectForAllocation (G1 Evacuation Pause)

Memory protections (0 events):
No events

Nmethod flushes (20 events):
Event: 29.149 Thread 0x000001a5a2eeb0b0 flushing  nmethod 0x000001a58d418f90
Event: 29.149 Thread 0x000001a5a2eeb0b0 flushing  nmethod 0x000001a58d41a010
Event: 29.149 Thread 0x000001a5a2eeb0b0 flushing  nmethod 0x000001a58d431210
Event: 29.149 Thread 0x000001a5a2eeb0b0 flushing  nmethod 0x000001a58d431890
Event: 29.149 Thread 0x000001a5a2eeb0b0 flushing  nmethod 0x000001a58d432390
Event: 29.149 Thread 0x000001a5a2eeb0b0 flushing  nmethod 0x000001a58d435010
Event: 29.149 Thread 0x000001a5a2eeb0b0 flushing  nmethod 0x000001a58d435f90
Event: 29.149 Thread 0x000001a5a2eeb0b0 flushing  nmethod 0x000001a58d438990
Event: 29.149 Thread 0x000001a5a2eeb0b0 flushing  nmethod 0x000001a58d45fd90
Event: 29.149 Thread 0x000001a5a2eeb0b0 flushing  nmethod 0x000001a58d460210
Event: 29.149 Thread 0x000001a5a2eeb0b0 flushing  nmethod 0x000001a58d466c10
Event: 29.149 Thread 0x000001a5a2eeb0b0 flushing  nmethod 0x000001a58d467710
Event: 29.149 Thread 0x000001a5a2eeb0b0 flushing  nmethod 0x000001a58d494290
Event: 29.149 Thread 0x000001a5a2eeb0b0 flushing  nmethod 0x000001a58d4cb810
Event: 29.149 Thread 0x000001a5a2eeb0b0 flushing  nmethod 0x000001a58d4d0f10
Event: 29.149 Thread 0x000001a5a2eeb0b0 flushing  nmethod 0x000001a58d4de890
Event: 29.149 Thread 0x000001a5a2eeb0b0 flushing  nmethod 0x000001a58d515510
Event: 29.149 Thread 0x000001a5a2eeb0b0 flushing  nmethod 0x000001a58d538c90
Event: 29.149 Thread 0x000001a5a2eeb0b0 flushing  nmethod 0x000001a58d53aa90
Event: 29.149 Thread 0x000001a5a2eeb0b0 flushing  nmethod 0x000001a58d6e7a10

Events (20 events):
Event: 24.891 Thread 0x000001a5dcd10c40 Thread added: 0x000001a5e1f77210
Event: 24.891 Thread 0x000001a5dcd10c40 Thread added: 0x000001a5e1f73d90
Event: 24.891 Thread 0x000001a5dcd10c40 Thread added: 0x000001a5e1f764f0
Event: 24.922 Thread 0x000001a5dcd10c40 Thread added: 0x000001a5e1f75140
Event: 24.922 Thread 0x000001a5dcd10c40 Thread added: 0x000001a5e1f74420
Event: 24.923 Thread 0x000001a5dcd10c40 Thread added: 0x000001a5e1f778a0
Event: 25.266 Thread 0x000001a5dcd10c40 Thread added: 0x000001a5e1f75e60
Event: 25.266 Thread 0x000001a5dcd10c40 Thread added: 0x000001a5e1f77f30
Event: 25.814 Thread 0x000001a5ddbe5230 Thread added: 0x000001a5e1f76b80
Event: 25.815 Thread 0x000001a5ddbe5230 Thread added: 0x000001a5e1f785c0
Event: 25.815 Thread 0x000001a5ddbe5230 Thread added: 0x000001a5e1f78c50
Event: 25.932 Thread 0x000001a5ddbe5230 Thread added: 0x000001a5e1f792e0
Event: 25.933 Thread 0x000001a5ddbe5230 Thread added: 0x000001a5e1f729e0
Event: 25.935 Thread 0x000001a5ddbe5230 Thread added: 0x000001a5e1f7a000
Event: 26.465 Thread 0x000001a5ddbe5230 Thread added: 0x000001a5e1f73070
Event: 26.474 Thread 0x000001a5ddbe5230 Thread added: 0x000001a5e1f73700
Event: 26.476 Thread 0x000001a5ddbe5230 Thread added: 0x000001a5e19480f0
Event: 27.167 Thread 0x000001a5de0db420 Thread exited: 0x000001a5de0db420
Event: 27.611 Thread 0x000001a5a2f72da0 Thread added: 0x000001a5de0d9fb0
Event: 29.765 Thread 0x000001a5de0d9fb0 Thread exited: 0x000001a5de0d9fb0


Dynamic libraries:
0x00007ff627330000 - 0x00007ff62733e000 	C:\Users\HP\.antigravity\extensions\redhat.java-1.53.0-win32-x64\jre\21.0.10-win32-x86_64\bin\java.exe
0x00007ffd847b0000 - 0x00007ffd849a8000 	C:\windows\SYSTEM32\ntdll.dll
0x00007ffd832f0000 - 0x00007ffd833af000 	C:\windows\System32\KERNEL32.DLL
0x00007ffd821f0000 - 0x00007ffd824c2000 	C:\windows\System32\KERNELBASE.dll
0x00007ffd81eb0000 - 0x00007ffd81fb0000 	C:\windows\System32\ucrtbase.dll
0x00007ffd0aca0000 - 0x00007ffd0acb8000 	C:\Users\HP\.antigravity\extensions\redhat.java-1.53.0-win32-x64\jre\21.0.10-win32-x86_64\bin\jli.dll
0x00007ffd83690000 - 0x00007ffd8382d000 	C:\windows\System32\USER32.dll
0x00007ffd821c0000 - 0x00007ffd821e2000 	C:\windows\System32\win32u.dll
0x00007ffd82a90000 - 0x00007ffd82abb000 	C:\windows\System32\GDI32.dll
0x00007ffd826f0000 - 0x00007ffd827ff000 	C:\windows\System32\gdi32full.dll
0x00007ffd825c0000 - 0x00007ffd8265d000 	C:\windows\System32\msvcp_win.dll
0x00007ffd17fb0000 - 0x00007ffd17fce000 	C:\Users\HP\.antigravity\extensions\redhat.java-1.53.0-win32-x64\jre\21.0.10-win32-x86_64\bin\VCRUNTIME140.dll
0x00007ffd68880000 - 0x00007ffd68b1a000 	C:\windows\WinSxS\amd64_microsoft.windows.common-controls_6595b64144ccf1df_6.0.19041.1110_none_60b5254171f9507e\COMCTL32.dll
0x00007ffd83250000 - 0x00007ffd832ee000 	C:\windows\System32\msvcrt.dll
0x00007ffd82980000 - 0x00007ffd829b2000 	C:\windows\System32\IMM32.DLL
0x00007ffd4ec80000 - 0x00007ffd4ec8c000 	C:\Users\HP\.antigravity\extensions\redhat.java-1.53.0-win32-x64\jre\21.0.10-win32-x86_64\bin\vcruntime140_1.dll
0x00007ffceee10000 - 0x00007ffceee9d000 	C:\Users\HP\.antigravity\extensions\redhat.java-1.53.0-win32-x64\jre\21.0.10-win32-x86_64\bin\msvcp140.dll
0x00007ffcc34b0000 - 0x00007ffcc4251000 	C:\Users\HP\.antigravity\extensions\redhat.java-1.53.0-win32-x64\jre\21.0.10-win32-x86_64\bin\server\jvm.dll
0x00007ffd83000000 - 0x00007ffd830ae000 	C:\windows\System32\ADVAPI32.dll
0x00007ffd828e0000 - 0x00007ffd8297c000 	C:\windows\System32\sechost.dll
0x00007ffd843b0000 - 0x00007ffd844d5000 	C:\windows\System32\RPCRT4.dll
0x00007ffd82ac0000 - 0x00007ffd82b2b000 	C:\windows\System32\WS2_32.dll
0x00007ffd81a50000 - 0x00007ffd81a9b000 	C:\windows\SYSTEM32\POWRPROF.dll
0x00007ffd68850000 - 0x00007ffd68877000 	C:\windows\SYSTEM32\WINMM.dll
0x00007ffd76c00000 - 0x00007ffd76c0a000 	C:\windows\SYSTEM32\VERSION.dll
0x00007ffd81a30000 - 0x00007ffd81a42000 	C:\windows\SYSTEM32\UMPDC.dll
0x00007ffd80700000 - 0x00007ffd80712000 	C:\windows\SYSTEM32\kernel.appcore.dll
0x00007ffd4b2d0000 - 0x00007ffd4b2da000 	C:\Users\HP\.antigravity\extensions\redhat.java-1.53.0-win32-x64\jre\21.0.10-win32-x86_64\bin\jimage.dll
0x00007ffd7fc60000 - 0x00007ffd7fe44000 	C:\windows\SYSTEM32\DBGHELP.DLL
0x00007ffd664a0000 - 0x00007ffd664cc000 	C:\windows\SYSTEM32\dbgcore.DLL
0x00007ffd82660000 - 0x00007ffd826e2000 	C:\windows\System32\bcryptPrimitives.dll
0x00007ffd4b140000 - 0x00007ffd4b14f000 	C:\Users\HP\.antigravity\extensions\redhat.java-1.53.0-win32-x64\jre\21.0.10-win32-x86_64\bin\instrument.dll
0x00007ffd3ce10000 - 0x00007ffd3ce30000 	C:\Users\HP\.antigravity\extensions\redhat.java-1.53.0-win32-x64\jre\21.0.10-win32-x86_64\bin\java.dll
0x00007ffd83c60000 - 0x00007ffd843a3000 	C:\windows\System32\SHELL32.dll
0x00007ffd7ff50000 - 0x00007ffd806e2000 	C:\windows\SYSTEM32\windows.storage.dll
0x00007ffd83830000 - 0x00007ffd83b84000 	C:\windows\System32\combase.dll
0x00007ffd818a0000 - 0x00007ffd818d0000 	C:\windows\SYSTEM32\Wldp.dll
0x00007ffd829c0000 - 0x00007ffd82a6d000 	C:\windows\System32\SHCORE.dll
0x00007ffd84710000 - 0x00007ffd84765000 	C:\windows\System32\shlwapi.dll
0x00007ffd81df0000 - 0x00007ffd81e0f000 	C:\windows\SYSTEM32\profapi.dll
0x00007ffd109c0000 - 0x00007ffd109d8000 	C:\Users\HP\.antigravity\extensions\redhat.java-1.53.0-win32-x64\jre\21.0.10-win32-x86_64\bin\zip.dll
0x00007ffd494c0000 - 0x00007ffd494d0000 	C:\Users\HP\.antigravity\extensions\redhat.java-1.53.0-win32-x64\jre\21.0.10-win32-x86_64\bin\net.dll
0x00007ffd6dcf0000 - 0x00007ffd6ddfc000 	C:\windows\SYSTEM32\WINHTTP.dll
0x00007ffd81600000 - 0x00007ffd8166a000 	C:\windows\system32\mswsock.dll
0x00007ffd0ac80000 - 0x00007ffd0ac96000 	C:\Users\HP\.antigravity\extensions\redhat.java-1.53.0-win32-x64\jre\21.0.10-win32-x86_64\bin\nio.dll
0x00007ffd48930000 - 0x00007ffd48940000 	C:\Users\HP\.antigravity\extensions\redhat.java-1.53.0-win32-x64\jre\21.0.10-win32-x86_64\bin\verify.dll
0x00007ffd43950000 - 0x00007ffd43977000 	C:\Users\HP\.gradle\native\1def1411415f61bf3af743bc5b6707747c0891f09f0c88961ee8f79bc544acac\windows-amd64\native-platform.dll
0x00007ffd3f7b0000 - 0x00007ffd3f828000 	C:\Users\HP\.gradle\native\0.2.7\x86_64-windows-gnu\gradle-fileevents.dll
0x00007ffd492b0000 - 0x00007ffd492ba000 	C:\Users\HP\.antigravity\extensions\redhat.java-1.53.0-win32-x64\jre\21.0.10-win32-x86_64\bin\management.dll
0x00007ffd439c0000 - 0x00007ffd439cc000 	C:\Users\HP\.antigravity\extensions\redhat.java-1.53.0-win32-x64\jre\21.0.10-win32-x86_64\bin\management_ext.dll
0x00007ffd82a70000 - 0x00007ffd82a78000 	C:\windows\System32\PSAPI.DLL
0x00007ffd81280000 - 0x00007ffd812bb000 	C:\windows\SYSTEM32\IPHLPAPI.DLL
0x00007ffd82a80000 - 0x00007ffd82a88000 	C:\windows\System32\NSI.dll
0x00007ffd43360000 - 0x00007ffd43369000 	C:\Users\HP\.antigravity\extensions\redhat.java-1.53.0-win32-x64\jre\21.0.10-win32-x86_64\bin\extnet.dll
0x00007ffd817f0000 - 0x00007ffd81808000 	C:\windows\SYSTEM32\CRYPTSP.dll
0x00007ffd80eb0000 - 0x00007ffd80ee4000 	C:\windows\system32\rsaenh.dll
0x00007ffd82540000 - 0x00007ffd82567000 	C:\windows\System32\bcrypt.dll
0x00007ffd81d70000 - 0x00007ffd81d9e000 	C:\windows\SYSTEM32\USERENV.dll
0x00007ffd81810000 - 0x00007ffd8181c000 	C:\windows\SYSTEM32\CRYPTBASE.dll
0x00007ffd438f0000 - 0x00007ffd438fe000 	C:\Users\HP\.antigravity\extensions\redhat.java-1.53.0-win32-x64\jre\21.0.10-win32-x86_64\bin\sunmscapi.dll
0x00007ffd82060000 - 0x00007ffd821b6000 	C:\windows\System32\CRYPT32.dll
0x00007ffd81910000 - 0x00007ffd81937000 	C:\windows\SYSTEM32\ncrypt.dll
0x00007ffd818d0000 - 0x00007ffd8190b000 	C:\windows\SYSTEM32\NTASN1.dll
0x00007ffd4ad60000 - 0x00007ffd4ad67000 	C:\windows\system32\wshunix.dll
0x00007ffd61b70000 - 0x00007ffd61b87000 	C:\windows\system32\napinsp.dll
0x00007ffd61b50000 - 0x00007ffd61b6b000 	C:\windows\system32\pnrpnsp.dll
0x00007ffd7ca40000 - 0x00007ffd7ca55000 	C:\windows\system32\wshbth.dll
0x00007ffd7d4b0000 - 0x00007ffd7d4cd000 	C:\windows\system32\NLAapi.dll
0x00007ffd812c0000 - 0x00007ffd8138a000 	C:\windows\SYSTEM32\DNSAPI.dll
0x00007ffd61a60000 - 0x00007ffd61a72000 	C:\windows\System32\winrnr.dll
0x00007ffd6ba20000 - 0x00007ffd6ba2a000 	C:\Windows\System32\rasadhlp.dll
0x00007ffd6bb30000 - 0x00007ffd6bbb0000 	C:\windows\System32\fwpuclnt.dll

JVMTI agents:
C:\Users\HP\.gradle\wrapper\dists\gradle-8.14-all\c2qonpi39x1mddn7hk5gh9iqj\gradle-8.14\lib\agents\gradle-instrumentation-agent-8.14.jar path:C:\Users\HP\.antigravity\extensions\redhat.java-1.53.0-win32-x64\jre\21.0.10-win32-x86_64\bin\instrument.dll, loaded, initialized, instrumentlib options:none

dbghelp: loaded successfully - version: 4.0.5 - missing functions: none
symbol engine: initialized successfully - sym options: 0x614 - pdb path: .;C:\Users\HP\.antigravity\extensions\redhat.java-1.53.0-win32-x64\jre\21.0.10-win32-x86_64\bin;C:\windows\SYSTEM32;C:\windows\WinSxS\amd64_microsoft.windows.common-controls_6595b64144ccf1df_6.0.19041.1110_none_60b5254171f9507e;C:\Users\HP\.antigravity\extensions\redhat.java-1.53.0-win32-x64\jre\21.0.10-win32-x86_64\bin\server;C:\Users\HP\.gradle\native\1def1411415f61bf3af743bc5b6707747c0891f09f0c88961ee8f79bc544acac\windows-amd64;C:\Users\HP\.gradle\native\0.2.7\x86_64-windows-gnu

VM Arguments:
jvm_args: --add-opens=java.base/java.lang=ALL-UNNAMED --add-opens=java.base/java.lang.invoke=ALL-UNNAMED --add-opens=java.base/java.util=ALL-UNNAMED --add-opens=java.prefs/java.util.prefs=ALL-UNNAMED --add-exports=jdk.compiler/com.sun.tools.javac.api=ALL-UNNAMED --add-exports=jdk.compiler/com.sun.tools.javac.util=ALL-UNNAMED --add-opens=java.base/java.util=ALL-UNNAMED --add-opens=java.prefs/java.util.prefs=ALL-UNNAMED --add-opens=java.base/java.nio.charset=ALL-UNNAMED --add-opens=java.base/java.net=ALL-UNNAMED --add-opens=java.base/java.util.concurrent.atomic=ALL-UNNAMED --add-opens=java.xml/javax.xml.namespace=ALL-UNNAMED -XX:MaxMetaspaceSize=1024m -XX:+HeapDumpOnOutOfMemoryError -Xmx4096m -Dfile.encoding=UTF-8 -Duser.country=MX -Duser.language=es -Duser.variant -javaagent:C:\Users\HP\.gradle\wrapper\dists\gradle-8.14-all\c2qonpi39x1mddn7hk5gh9iqj\gradle-8.14\lib\agents\gradle-instrumentation-agent-8.14.jar 
java_command: org.gradle.launcher.daemon.bootstrap.GradleDaemon 8.14
java_class_path (initial): C:\Users\HP\.gradle\wrapper\dists\gradle-8.14-all\c2qonpi39x1mddn7hk5gh9iqj\gradle-8.14\lib\gradle-daemon-main-8.14.jar
Launcher Type: SUN_STANDARD

[Global flags]
     intx CICompilerCount                          = 3                                         {product} {ergonomic}
   size_t CompressedClassSpaceSize                 = 872415232                                 {product} {ergonomic}
     uint ConcGCThreads                            = 1                                         {product} {ergonomic}
     uint G1ConcRefinementThreads                  = 4                                         {product} {ergonomic}
   size_t G1HeapRegionSize                         = 2097152                                   {product} {ergonomic}
    uintx GCDrainStackTargetSize                   = 64                                        {product} {ergonomic}
     bool HeapDumpOnOutOfMemoryError               = true                                   {manageable} {command line}
   size_t InitialHeapSize                          = 199229440                                 {product} {ergonomic}
   size_t MarkStackSize                            = 4194304                                   {product} {ergonomic}
   size_t MaxHeapSize                              = 4294967296                                {product} {command line}
   size_t MaxMetaspaceSize                         = 1073741824                                {product} {command line}
   size_t MaxNewSize                               = 2575302656                                {product} {ergonomic}
   size_t MinHeapDeltaBytes                        = 2097152                                   {product} {ergonomic}
   size_t MinHeapSize                              = 8388608                                   {product} {ergonomic}
    uintx NonNMethodCodeHeapSize                   = 5832780                                {pd product} {ergonomic}
    uintx NonProfiledCodeHeapSize                  = 122912730                              {pd product} {ergonomic}
    uintx ProfiledCodeHeapSize                     = 122912730                              {pd product} {ergonomic}
    uintx ReservedCodeCacheSize                    = 251658240                              {pd product} {ergonomic}
     bool SegmentedCodeCache                       = true                                      {product} {ergonomic}
   size_t SoftMaxHeapSize                          = 4294967296                             {manageable} {ergonomic}
     bool UseCompressedOops                        = true                           {product lp64_product} {ergonomic}
     bool UseG1GC                                  = true                                      {product} {ergonomic}
     bool UseLargePagesIndividualAllocation        = false                                  {pd product} {ergonomic}

Logging:
Log output configuration:
 #0: stdout all=warning uptime,level,tags foldmultilines=false
 #1: stderr all=off uptime,level,tags foldmultilines=false

Release file:
JAVA_VERSION="21.0.10" 
MODULES="java.base java.compiler java.datatransfer java.xml java.prefs java.desktop java.instrument java.logging java.management java.security.sasl java.naming java.rmi java.management.rmi java.net.http java.scripting java.security.jgss java.transaction.xa java.sql java.sql.rowset java.xml.crypto java.se java.smartcardio jdk.accessibility jdk.internal.jvmstat jdk.attach jdk.charsets jdk.internal.opt jdk.zipfs jdk.compiler jdk.crypto.ec jdk.crypto.cryptoki jdk.crypto.mscapi jdk.dynalink jdk.internal.ed jdk.editpad jdk.hotspot.agent jdk.httpserver jdk.internal.le jdk.internal.vm.ci jdk.internal.vm.compiler jdk.internal.vm.compiler.management jdk.jartool jdk.javadoc jdk.jcmd jdk.management jdk.management.agent jdk.jconsole jdk.jdeps jdk.jdwp.agent jdk.jdi jdk.jfr jdk.jshell jdk.jsobject jdk.jstatd jdk.localedata jdk.management.jfr jdk.naming.dns jdk.naming.rmi jdk.net jdk.nio.mapmode jdk.random jdk.sctp jdk.security.auth jdk.security.jgss jdk.unsupported jdk.unsupported.desktop jdk.xml.dom" 

Environment Variables:
PATH=C:\Program Files\Common Files\Oracle\Java\javapath;C:\Program Files (x86)\Common Files\Oracle\Java\javapath;C:\Program Files\BlueJ\jdk\bin;C:\windows\system32;C:\windows;C:\windows\System32\Wbem;C:\windows\System32\WindowsPowerShell\v1.0\;C:\windows\System32\OpenSSH\;C:\Program Files (x86)\Microsoft SQL Server\100\Tools\Binn\;C:\Program Files\Microsoft SQL Server\100\Tools\Binn\;C:\Program Files\Microsoft SQL Server\100\DTS\Binn\;C:\ProgramData\chocolatey\bin;C:\xamppp\php;C:\Program Files\CodeBlocks\MinGW\bin;C:\ProgramData\ComposerSetup\bin;C:\Program Files\nodejs\;C:\Program Files (x86)\Microsoft SQL Server\160\Tools\Binn\;C:\Program Files\Microsoft SQL Server\160\Tools\Binn\;C:\Program Files\Microsoft SQL Server\Client SDK\ODBC\170\Tools\Binn\;C:\Program Files\Microsoft SQL Server\160\DTS\Binn\;C:\Program Files\Git\cmd;D:\xamp\php;D:\;C:\Users\HP\AppData\Local\Programs\Python\Python311\Scripts\;C:\Users\HP\AppData\Local\Programs\Python\Python311\;C:\Users\HP\AppData\Local\Microsoft\WindowsApps;C:\Program Files\BlueJ\jdk;C:\Users\HP\AppData\Roaming\cabal\bin;C:\tools\ghc-9.8.2\bin;C:\tools\msys64;C:\ghcup\bin;C:\Users\HP\AppData\Roaming\Composer\vendor\bin;C:\Users\HP\AppData\Roaming\npm;C:\Users\HP\OneDrive\Escritorio\foto\flutter\bin;D:\colcaTrufis\fronted\flutter\bin;D:\Microsoft VS Code\bin;C:\src\flutter\bin;D:\Antigravity\bin
USERNAME=HP
OS=Windows_NT
PROCESSOR_IDENTIFIER=Intel64 Family 6 Model 142 Stepping 12, GenuineIntel
TMP=C:\Users\HP\AppData\Local\Temp
TEMP=C:\Users\HP\AppData\Local\Temp




Periodic native trim disabled

---------------  S Y S T E M  ---------------

OS:
 Windows 10 , 64 bit Build 19041 (10.0.19041.2251)
OS uptime: 0 days 0:33 hours

CPU: total 4 (initial active 4) (2 cores per cpu, 2 threads per core) family 6 model 142 stepping 12 microcode 0xde, cx8, cmov, fxsr, ht, mmx, 3dnowpref, sse, sse2, sse3, ssse3, sse4.1, sse4.2, popcnt, lzcnt, tsc, tscinvbit, avx, avx2, aes, erms, clmul, bmi1, bmi2, adx, fma, vzeroupper, clflush, clflushopt, rdtscp, f16c
Processor Information for the first 4 processors :
  Max Mhz: 2592, Current Mhz: 2093, Mhz Limit: 2073

Memory: 4k page, system-wide physical 12111M (1175M free)
TotalPageFile size 16704M (AvailPageFile size 7M)
current process WorkingSet (physical memory assigned to process): 398M, peak: 398M
current process commit charge ("private bytes"): 432M, peak: 464M

vm_info: OpenJDK 64-Bit Server VM (21.0.10+7-LTS) for windows-amd64 JRE (21.0.10+7-LTS), built on 2026-01-20T00:00:00Z by "admin" with MS VC++ 17.12 (VS2022)

END.
