#
# There is insufficient memory for the Java Runtime Environment to continue.
# Native memory allocation (malloc) failed to allocate 1049136 bytes for Chunk::new
# Possible reasons:
#   The system is out of physical RAM or swap space
#   The process is running with CompressedOops enabled, and the Java Heap may be blocking the growth of the native heap
# Possible solutions:
#   Reduce memory load on the system
#   Increase physical memory or swap space
#   Check if swap backing store is full
#   Decrease Java heap size (-Xmx/-Xms)
#   Decrease number of Java threads
#   Decrease Java thread stack sizes (-Xss)
#   Set larger code cache with -XX:ReservedCodeCacheSize=
#   JVM is running with Zero Based Compressed Oops mode in which the Java heap is
#     placed in the first 32GB address space. The Java Heap base address is the
#     maximum limit for the native heap growth. Please use -XX:HeapBaseMinAddress
#     to set the Java Heap base and to place the Java Heap above 32GB virtual address.
# This output file may be truncated or incomplete.
#
#  Out of Memory Error (arena.cpp:189), pid=19380, tid=18524
#
# JRE version: OpenJDK Runtime Environment Temurin-17.0.4.1+1 (17.0.4.1+1) (build 17.0.4.1+1)
# Java VM: OpenJDK 64-Bit Server VM Temurin-17.0.4.1+1 (17.0.4.1+1, mixed mode, sharing, tiered, compressed oops, compressed class ptrs, g1 gc, windows-amd64)
# No core dump will be written. Minidumps are not enabled by default on client versions of Windows
#

---------------  S U M M A R Y ------------

Command Line: --add-opens=java.base/java.lang=ALL-UNNAMED --add-opens=java.base/java.lang.invoke=ALL-UNNAMED --add-opens=java.base/java.util=ALL-UNNAMED --add-opens=java.prefs/java.util.prefs=ALL-UNNAMED --add-exports=jdk.compiler/com.sun.tools.javac.api=ALL-UNNAMED --add-exports=jdk.compiler/com.sun.tools.javac.util=ALL-UNNAMED --add-opens=java.base/java.util=ALL-UNNAMED --add-opens=java.prefs/java.util.prefs=ALL-UNNAMED --add-opens=java.base/java.nio.charset=ALL-UNNAMED --add-opens=java.base/java.net=ALL-UNNAMED --add-opens=java.base/java.util.concurrent.atomic=ALL-UNNAMED --add-opens=java.xml/javax.xml.namespace=ALL-UNNAMED -XX:MaxMetaspaceSize=1024m -XX:+HeapDumpOnOutOfMemoryError -Xmx4096m -Dfile.encoding=UTF-8 -Duser.country=MX -Duser.language=es -Duser.variant -javaagent:C:\Users\HP\.gradle\wrapper\dists\gradle-8.14-all\c2qonpi39x1mddn7hk5gh9iqj\gradle-8.14\lib\agents\gradle-instrumentation-agent-8.14.jar org.gradle.launcher.daemon.bootstrap.GradleDaemon 8.14

Host: Intel(R) Core(TM) i3-10110U CPU @ 2.10GHz, 4 cores, 11G,  Windows 10 , 64 bit Build 19041 (10.0.19041.2251)
Time: Wed Apr  1 16:36:12 2026 Hora est嫕dar oeste, Sudam廨ica elapsed time: 15.278070 seconds (0d 0h 0m 15s)

---------------  T H R E A D  ---------------

Current thread (0x00000193f7516ca0):  JavaThread "C2 CompilerThread0" daemon [_thread_in_native, id=18524, stack(0x0000001e09400000,0x0000001e09500000)]


Current CompileTask:
C2:  15278 6762       4       jdk.internal.module.SystemModuleFinders$SystemModuleReader::find (59 bytes)

Stack: [0x0000001e09400000,0x0000001e09500000]
Native frames: (J=compiled Java code, j=interpreted, Vv=VM code, C=native code)
V  [jvm.dll+0x67731a]
V  [jvm.dll+0x832284]
V  [jvm.dll+0x833a2e]
V  [jvm.dll+0x834093]
V  [jvm.dll+0x245775]
V  [jvm.dll+0xabd7b]
V  [jvm.dll+0xac30c]
V  [jvm.dll+0x2ac80f]
V  [jvm.dll+0x57dd77]
V  [jvm.dll+0x220892]
V  [jvm.dll+0x220c6f]
V  [jvm.dll+0x21a4d5]
V  [jvm.dll+0x21799b]
V  [jvm.dll+0x1a3f8d]
V  [jvm.dll+0x227498]
V  [jvm.dll+0x2255e5]
V  [jvm.dll+0x7e7e9b]
V  [jvm.dll+0x7e240a]
V  [jvm.dll+0x6761a5]
C  [ucrtbase.dll+0x21bb2]
C  [KERNEL32.DLL+0x174b4]
C  [ntdll.dll+0x526a1]


---------------  P R O C E S S  ---------------

Threads class SMR info:
_java_thread_list=0x000001938030fd30, length=35, elements={
0x00000193d4d47e80, 0x00000193f74fafd0, 0x00000193f74fc4f0, 0x00000193f75125b0,
0x00000193f7514e80, 0x00000193f7515740, 0x00000193f7516000, 0x00000193f7516ca0,
0x00000193f8010110, 0x00000193f756a0b0, 0x00000193f74e6310, 0x00000193f820a120,
0x00000193f9c8d1a0, 0x00000193f9fe7020, 0x00000193f9f10190, 0x00000193f9796970,
0x00000193f9313d80, 0x00000193f9fc3850, 0x00000193f9f60800, 0x00000193f9f62e80,
0x00000193f9f60330, 0x00000193f9f61b40, 0x00000193f9f61670, 0x00000193f9f629b0,
0x00000193f9f5f4c0, 0x00000193f9f624e0, 0x00000193f9f60cd0, 0x00000193f9f611a0,
0x00000193f9f62010, 0x00000193f9f5f990, 0x00000193f9f5fe60, 0x00000193fa770d60,
0x00000193fa770890, 0x00000193fa7720a0, 0x00000193fa76ca00
}

Java Threads: ( => current thread )
  0x00000193d4d47e80 JavaThread "main" [_thread_blocked, id=15528, stack(0x0000001e08700000,0x0000001e08800000)]
  0x00000193f74fafd0 JavaThread "Reference Handler" daemon [_thread_blocked, id=7672, stack(0x0000001e08e00000,0x0000001e08f00000)]
  0x00000193f74fc4f0 JavaThread "Finalizer" daemon [_thread_blocked, id=5816, stack(0x0000001e08f00000,0x0000001e09000000)]
  0x00000193f75125b0 JavaThread "Signal Dispatcher" daemon [_thread_blocked, id=13140, stack(0x0000001e09000000,0x0000001e09100000)]
  0x00000193f7514e80 JavaThread "Attach Listener" daemon [_thread_blocked, id=17552, stack(0x0000001e09100000,0x0000001e09200000)]
  0x00000193f7515740 JavaThread "Service Thread" daemon [_thread_blocked, id=19176, stack(0x0000001e09200000,0x0000001e09300000)]
  0x00000193f7516000 JavaThread "Monitor Deflation Thread" daemon [_thread_blocked, id=19428, stack(0x0000001e09300000,0x0000001e09400000)]
=>0x00000193f7516ca0 JavaThread "C2 CompilerThread0" daemon [_thread_in_native, id=18524, stack(0x0000001e09400000,0x0000001e09500000)]
  0x00000193f8010110 JavaThread "C1 CompilerThread0" daemon [_thread_blocked, id=1272, stack(0x0000001e09500000,0x0000001e09600000)]
  0x00000193f756a0b0 JavaThread "Sweeper thread" daemon [_thread_blocked, id=19256, stack(0x0000001e09600000,0x0000001e09700000)]
  0x00000193f74e6310 JavaThread "Common-Cleaner" daemon [_thread_in_Java, id=15752, stack(0x0000001e09700000,0x0000001e09800000)]
  0x00000193f820a120 JavaThread "Notification Thread" daemon [_thread_blocked, id=2852, stack(0x0000001e09800000,0x0000001e09900000)]
  0x00000193f9c8d1a0 JavaThread "Daemon health stats" [_thread_blocked, id=19216, stack(0x0000001e09d00000,0x0000001e09e00000)]
  0x00000193f9fe7020 JavaThread "Incoming local TCP Connector on port 50844" [_thread_in_native, id=16392, stack(0x0000001e09e00000,0x0000001e09f00000)]
  0x00000193f9f10190 JavaThread "Daemon periodic checks" [_thread_blocked, id=18476, stack(0x0000001e09f00000,0x0000001e0a000000)]
  0x00000193f9796970 JavaThread "Daemon" [_thread_blocked, id=17436, stack(0x0000001e0a100000,0x0000001e0a200000)]
  0x00000193f9313d80 JavaThread "Handler for socket connection from /127.0.0.1:50844 to /127.0.0.1:50845" [_thread_in_native, id=19324, stack(0x0000001e0a200000,0x0000001e0a300000)]
  0x00000193f9fc3850 JavaThread "Cancel handler" [_thread_blocked, id=6120, stack(0x0000001e0a300000,0x0000001e0a400000)]
  0x00000193f9f60800 JavaThread "Daemon worker" [_thread_in_vm, id=16780, stack(0x0000001e0a400000,0x0000001e0a500000)]
  0x00000193f9f62e80 JavaThread "Asynchronous log dispatcher for DefaultDaemonConnection: socket connection from /127.0.0.1:50844 to /127.0.0.1:50845" [_thread_blocked, id=2236, stack(0x0000001e0a500000,0x0000001e0a600000)]
  0x00000193f9f60330 JavaThread "Stdin handler" [_thread_blocked, id=18644, stack(0x0000001e0a600000,0x0000001e0a700000)]
  0x00000193f9f61b40 JavaThread "Daemon client event forwarder" [_thread_blocked, id=18188, stack(0x0000001e0a700000,0x0000001e0a800000)]
  0x00000193f9f61670 JavaThread "Cache worker for journal cache (C:\Users\HP\.gradle\caches\journal-1)" [_thread_blocked, id=10120, stack(0x0000001e0a800000,0x0000001e0a900000)]
  0x00000193f9f629b0 JavaThread "File lock request listener" [_thread_in_native, id=8988, stack(0x0000001e0a900000,0x0000001e0aa00000)]
  0x00000193f9f5f4c0 JavaThread "Cache worker for file hash cache (C:\Users\HP\.gradle\caches\8.14\fileHashes)" [_thread_blocked, id=13912, stack(0x0000001e0aa00000,0x0000001e0ab00000)]
  0x00000193f9f624e0 JavaThread "Cache worker for file hash cache (D:\colcaTrufis\fronted\android\.gradle\8.14\fileHashes)" [_thread_blocked, id=2696, stack(0x0000001e0ab00000,0x0000001e0ac00000)]
  0x00000193f9f60cd0 JavaThread "Cache worker for Build Output Cleanup Cache (D:\colcaTrufis\fronted\android\.gradle\buildOutputCleanup)" [_thread_blocked, id=6576, stack(0x0000001e0ac00000,0x0000001e0ad00000)]
  0x00000193f9f611a0 JavaThread "File watcher server" daemon [_thread_in_native, id=18760, stack(0x0000001e0ad00000,0x0000001e0ae00000)]
  0x00000193f9f62010 JavaThread "File watcher consumer" daemon [_thread_blocked, id=10172, stack(0x0000001e0ae00000,0x0000001e0af00000)]
  0x00000193f9f5f990 JavaThread "jar transforms" [_thread_blocked, id=17388, stack(0x0000001e0af00000,0x0000001e0b000000)]
  0x00000193f9f5fe60 JavaThread "jar transforms Thread 2" [_thread_blocked, id=18652, stack(0x0000001e0b000000,0x0000001e0b100000)]
  0x00000193fa770d60 JavaThread "jar transforms Thread 3" [_thread_blocked, id=19112, stack(0x0000001e0b100000,0x0000001e0b200000)]
  0x00000193fa770890 JavaThread "jar transforms Thread 4" [_thread_blocked, id=11952, stack(0x0000001e0b300000,0x0000001e0b400000)]
  0x00000193fa7720a0 JavaThread "Cache worker for checksums cache (D:\colcaTrufis\fronted\android\.gradle\8.14\checksums)" [_thread_blocked, id=18112, stack(0x0000001e0b400000,0x0000001e0b500000)]
  0x00000193fa76ca00 JavaThread "Cache worker for file content cache (C:\Users\HP\.gradle\caches\8.14\fileContent)" [_thread_blocked, id=17696, stack(0x0000001e0b500000,0x0000001e0b600000)]

Other Threads:
  0x00000193f74f6560 VMThread "VM Thread" [stack: 0x0000001e08d00000,0x0000001e08e00000] [id=19208]
  0x00000193f8174230 WatcherThread [stack: 0x0000001e09900000,0x0000001e09a00000] [id=2032]
  0x00000193d4db3fe0 GCTaskThread "GC Thread#0" [stack: 0x0000001e08800000,0x0000001e08900000] [id=15000]
  0x00000193f8252a50 GCTaskThread "GC Thread#1" [stack: 0x0000001e09a00000,0x0000001e09b00000] [id=10652]
  0x00000193f8252d00 GCTaskThread "GC Thread#2" [stack: 0x0000001e09b00000,0x0000001e09c00000] [id=2692]
  0x00000193f8252fb0 GCTaskThread "GC Thread#3" [stack: 0x0000001e09c00000,0x0000001e09d00000] [id=14360]
  0x00000193d2bddf70 ConcurrentGCThread "G1 Main Marker" [stack: 0x0000001e08900000,0x0000001e08a00000] [id=5380]
  0x00000193d2bde790 ConcurrentGCThread "G1 Conc#0" [stack: 0x0000001e08a00000,0x0000001e08b00000] [id=12540]
  0x00000193f73b20b0 ConcurrentGCThread "G1 Refine#0" [stack: 0x0000001e08b00000,0x0000001e08c00000] [id=2972]
  0x00000193fa187450 ConcurrentGCThread "G1 Refine#1" [stack: 0x0000001e0b200000,0x0000001e0b300000] [id=18600]
  0x00000193fa186030 ConcurrentGCThread "G1 Refine#2" [stack: 0x0000001e0b600000,0x0000001e0b700000] [id=19280]
  0x00000193f73b28e0 ConcurrentGCThread "G1 Service" [stack: 0x0000001e08c00000,0x0000001e08d00000] [id=11916]

Threads with active compile tasks:
C2 CompilerThread0    15302 6762       4       jdk.internal.module.SystemModuleFinders$SystemModuleReader::find (59 bytes)

VM state: not at safepoint (normal execution)

VM Mutex/Monitor currently owned by a thread: None

Heap address: 0x0000000700000000, size: 4096 MB, Compressed Oops mode: Zero based, Oop shift amount: 3

CDS archive(s) mapped at: [0x0000000800000000-0x0000000800bc0000-0x0000000800bc0000), size 12320768, SharedBaseAddress: 0x0000000800000000, ArchiveRelocationMode: 0.
Compressed class space mapped at: 0x0000000800c00000-0x0000000834000000, reserved size: 859832320
Narrow klass base: 0x0000000800000000, Narrow klass shift: 0, Narrow klass range: 0x100000000

GC Precious Log:
 CPUs: 4 total, 4 available
 Memory: 12111M
 Large Page Support: Disabled
 NUMA Support: Disabled
 Compressed Oops: Enabled (Zero based)
 Heap Region Size: 2M
 Heap Min Capacity: 8M
 Heap Initial Capacity: 190M
 Heap Max Capacity: 4G
 Pre-touch: Disabled
 Parallel Workers: 4
 Concurrent Workers: 1
 Concurrent Refinement Workers: 4
 Periodic GC: Disabled

Heap:
 garbage-first heap   total 161792K, used 57029K [0x0000000700000000, 0x0000000800000000)
  region size 2048K, 5 young (10240K), 4 survivors (8192K)
 Metaspace       used 53446K, committed 54016K, reserved 888832K
  class space    used 7559K, committed 7808K, reserved 839680K

Heap Regions: E=young(eden), S=young(survivor), O=old, HS=humongous(starts), HC=humongous(continues), CS=collection set, F=free, OA=open archive, CA=closed archive, TAMS=top-at-mark-start (previous, next)
|   0|0x0000000700000000, 0x0000000700200000, 0x0000000700200000|100%| O|  |TAMS 0x0000000700200000, 0x0000000700000000| Untracked 
|   1|0x0000000700200000, 0x0000000700400000, 0x0000000700400000|100%|HS|  |TAMS 0x0000000700400000, 0x0000000700200000| Complete 
|   2|0x0000000700400000, 0x0000000700600000, 0x0000000700600000|100%|HC|  |TAMS 0x0000000700600000, 0x0000000700400000| Complete 
|   3|0x0000000700600000, 0x0000000700800000, 0x0000000700800000|100%| O|  |TAMS 0x0000000700800000, 0x0000000700600000| Untracked 
|   4|0x0000000700800000, 0x0000000700a00000, 0x0000000700a00000|100%| O|  |TAMS 0x0000000700a00000, 0x0000000700800000| Untracked 
|   5|0x0000000700a00000, 0x0000000700c00000, 0x0000000700c00000|100%| O|  |TAMS 0x0000000700c00000, 0x0000000700a00000| Untracked 
|   6|0x0000000700c00000, 0x0000000700e00000, 0x0000000700e00000|100%| O|  |TAMS 0x0000000700e00000, 0x0000000700c00000| Untracked 
|   7|0x0000000700e00000, 0x0000000701000000, 0x0000000701000000|100%| O|  |TAMS 0x0000000701000000, 0x0000000700e00000| Untracked 
|   8|0x0000000701000000, 0x0000000701200000, 0x0000000701200000|100%| O|  |TAMS 0x0000000701200000, 0x0000000701000000| Untracked 
|   9|0x0000000701200000, 0x0000000701400000, 0x0000000701400000|100%| O|  |TAMS 0x0000000701400000, 0x0000000701200000| Untracked 
|  10|0x0000000701400000, 0x0000000701437000, 0x0000000701600000| 10%| O|  |TAMS 0x0000000701437000, 0x0000000701400000| Untracked 
|  11|0x0000000701600000, 0x0000000701800000, 0x0000000701800000|100%| O|  |TAMS 0x0000000701800000, 0x0000000701600000| Untracked 
|  12|0x0000000701800000, 0x0000000701a00000, 0x0000000701a00000|100%| O|  |TAMS 0x00000007019e3c00, 0x0000000701800000| Untracked 
|  13|0x0000000701a00000, 0x0000000701c00000, 0x0000000701c00000|100%| O|  |TAMS 0x0000000701a00000, 0x0000000701a00000| Untracked 
|  14|0x0000000701c00000, 0x0000000701e00000, 0x0000000701e00000|100%| O|  |TAMS 0x0000000701c00000, 0x0000000701c00000| Untracked 
|  15|0x0000000701e00000, 0x0000000702000000, 0x0000000702000000|100%| O|  |TAMS 0x0000000701e00000, 0x0000000701e00000| Untracked 
|  16|0x0000000702000000, 0x0000000702200000, 0x0000000702200000|100%| O|  |TAMS 0x0000000702000000, 0x0000000702000000| Untracked 
|  17|0x0000000702200000, 0x0000000702400000, 0x0000000702400000|100%| O|  |TAMS 0x0000000702200000, 0x0000000702200000| Untracked 
|  18|0x0000000702400000, 0x0000000702600000, 0x0000000702600000|100%| O|  |TAMS 0x0000000702400000, 0x0000000702400000| Untracked 
|  19|0x0000000702600000, 0x0000000702800000, 0x0000000702800000|100%| O|  |TAMS 0x0000000702600000, 0x0000000702600000| Untracked 
|  20|0x0000000702800000, 0x0000000702a00000, 0x0000000702a00000|100%| O|  |TAMS 0x0000000702800000, 0x0000000702800000| Untracked 
|  21|0x0000000702a00000, 0x0000000702c00000, 0x0000000702c00000|100%| O|  |TAMS 0x0000000702a00000, 0x0000000702a00000| Untracked 
|  22|0x0000000702c00000, 0x0000000702e00000, 0x0000000702e00000|100%| O|  |TAMS 0x0000000702c00000, 0x0000000702c00000| Untracked 
|  23|0x0000000702e00000, 0x0000000703000000, 0x0000000703000000|100%| O|  |TAMS 0x0000000702e00000, 0x0000000702e00000| Untracked 
|  24|0x0000000703000000, 0x0000000703200000, 0x0000000703200000|100%| O|  |TAMS 0x0000000703000000, 0x0000000703000000| Untracked 
|  25|0x0000000703200000, 0x00000007032cb600, 0x0000000703400000| 39%| O|  |TAMS 0x0000000703200000, 0x0000000703200000| Untracked 
|  26|0x0000000703400000, 0x0000000703400000, 0x0000000703600000|  0%| F|  |TAMS 0x0000000703400000, 0x0000000703400000| Untracked 
|  27|0x0000000703600000, 0x0000000703600000, 0x0000000703800000|  0%| F|  |TAMS 0x0000000703600000, 0x0000000703600000| Untracked 
|  28|0x0000000703800000, 0x0000000703800000, 0x0000000703a00000|  0%| F|  |TAMS 0x0000000703800000, 0x0000000703800000| Untracked 
|  29|0x0000000703a00000, 0x0000000703a00000, 0x0000000703c00000|  0%| F|  |TAMS 0x0000000703a00000, 0x0000000703a00000| Untracked 
|  30|0x0000000703c00000, 0x0000000703c00000, 0x0000000703e00000|  0%| F|  |TAMS 0x0000000703c00000, 0x0000000703c00000| Untracked 
|  31|0x0000000703e00000, 0x0000000703e00000, 0x0000000704000000|  0%| F|  |TAMS 0x0000000703e00000, 0x0000000703e00000| Untracked 
|  32|0x0000000704000000, 0x0000000704000000, 0x0000000704200000|  0%| F|  |TAMS 0x0000000704000000, 0x0000000704000000| Untracked 
|  33|0x0000000704200000, 0x0000000704200000, 0x0000000704400000|  0%| F|  |TAMS 0x0000000704200000, 0x0000000704200000| Untracked 
|  34|0x0000000704400000, 0x0000000704400000, 0x0000000704600000|  0%| F|  |TAMS 0x0000000704400000, 0x0000000704400000| Untracked 
|  35|0x0000000704600000, 0x0000000704600000, 0x0000000704800000|  0%| F|  |TAMS 0x0000000704600000, 0x0000000704600000| Untracked 
|  36|0x0000000704800000, 0x0000000704800000, 0x0000000704a00000|  0%| F|  |TAMS 0x0000000704800000, 0x0000000704800000| Untracked 
|  37|0x0000000704a00000, 0x0000000704a00000, 0x0000000704c00000|  0%| F|  |TAMS 0x0000000704a00000, 0x0000000704a00000| Untracked 
|  38|0x0000000704c00000, 0x0000000704c00000, 0x0000000704e00000|  0%| F|  |TAMS 0x0000000704c00000, 0x0000000704c00000| Untracked 
|  39|0x0000000704e00000, 0x0000000704eaf110, 0x0000000705000000| 34%| S|CS|TAMS 0x0000000704e00000, 0x0000000704e00000| Complete 
|  40|0x0000000705000000, 0x0000000705200000, 0x0000000705200000|100%| S|CS|TAMS 0x0000000705000000, 0x0000000705000000| Complete 
|  41|0x0000000705200000, 0x0000000705400000, 0x0000000705400000|100%| S|CS|TAMS 0x0000000705200000, 0x0000000705200000| Complete 
|  42|0x0000000705400000, 0x0000000705600000, 0x0000000705600000|100%| S|CS|TAMS 0x0000000705400000, 0x0000000705400000| Complete 
|  43|0x0000000705600000, 0x0000000705600000, 0x0000000705800000|  0%| F|  |TAMS 0x0000000705600000, 0x0000000705600000| Untracked 
|  44|0x0000000705800000, 0x0000000705800000, 0x0000000705a00000|  0%| F|  |TAMS 0x0000000705800000, 0x0000000705800000| Untracked 
|  45|0x0000000705a00000, 0x0000000705a00000, 0x0000000705c00000|  0%| F|  |TAMS 0x0000000705a00000, 0x0000000705a00000| Untracked 
|  46|0x0000000705c00000, 0x0000000705c00000, 0x0000000705e00000|  0%| F|  |TAMS 0x0000000705c00000, 0x0000000705c00000| Untracked 
|  47|0x0000000705e00000, 0x0000000705e00000, 0x0000000706000000|  0%| F|  |TAMS 0x0000000705e00000, 0x0000000705e00000| Untracked 
|  48|0x0000000706000000, 0x0000000706000000, 0x0000000706200000|  0%| F|  |TAMS 0x0000000706000000, 0x0000000706000000| Untracked 
|  49|0x0000000706200000, 0x0000000706200000, 0x0000000706400000|  0%| F|  |TAMS 0x0000000706200000, 0x0000000706200000| Untracked 
|  50|0x0000000706400000, 0x0000000706400000, 0x0000000706600000|  0%| F|  |TAMS 0x0000000706400000, 0x0000000706400000| Untracked 
|  51|0x0000000706600000, 0x0000000706600000, 0x0000000706800000|  0%| F|  |TAMS 0x0000000706600000, 0x0000000706600000| Untracked 
|  52|0x0000000706800000, 0x0000000706800000, 0x0000000706a00000|  0%| F|  |TAMS 0x0000000706800000, 0x0000000706800000| Untracked 
|  53|0x0000000706a00000, 0x0000000706a00000, 0x0000000706c00000|  0%| F|  |TAMS 0x0000000706a00000, 0x0000000706a00000| Untracked 
|  54|0x0000000706c00000, 0x0000000706c00000, 0x0000000706e00000|  0%| F|  |TAMS 0x0000000706c00000, 0x0000000706c00000| Untracked 
|  55|0x0000000706e00000, 0x0000000706e00000, 0x0000000707000000|  0%| F|  |TAMS 0x0000000706e00000, 0x0000000706e00000| Untracked 
|  56|0x0000000707000000, 0x0000000707000000, 0x0000000707200000|  0%| F|  |TAMS 0x0000000707000000, 0x0000000707000000| Untracked 
|  57|0x0000000707200000, 0x0000000707200000, 0x0000000707400000|  0%| F|  |TAMS 0x0000000707200000, 0x0000000707200000| Untracked 
|  58|0x0000000707400000, 0x0000000707400000, 0x0000000707600000|  0%| F|  |TAMS 0x0000000707400000, 0x0000000707400000| Untracked 
|  59|0x0000000707600000, 0x0000000707600000, 0x0000000707800000|  0%| F|  |TAMS 0x0000000707600000, 0x0000000707600000| Untracked 
|  60|0x0000000707800000, 0x0000000707800000, 0x0000000707a00000|  0%| F|  |TAMS 0x0000000707800000, 0x0000000707800000| Untracked 
|  61|0x0000000707a00000, 0x0000000707a00000, 0x0000000707c00000|  0%| F|  |TAMS 0x0000000707a00000, 0x0000000707a00000| Untracked 
|  62|0x0000000707c00000, 0x0000000707c00000, 0x0000000707e00000|  0%| F|  |TAMS 0x0000000707c00000, 0x0000000707c00000| Untracked 
|  63|0x0000000707e00000, 0x0000000707e00000, 0x0000000708000000|  0%| F|  |TAMS 0x0000000707e00000, 0x0000000707e00000| Untracked 
|  64|0x0000000708000000, 0x0000000708000000, 0x0000000708200000|  0%| F|  |TAMS 0x0000000708000000, 0x0000000708000000| Untracked 
|  65|0x0000000708200000, 0x0000000708200000, 0x0000000708400000|  0%| F|  |TAMS 0x0000000708200000, 0x0000000708200000| Untracked 
|  66|0x0000000708400000, 0x0000000708400000, 0x0000000708600000|  0%| F|  |TAMS 0x0000000708400000, 0x0000000708400000| Untracked 
|  67|0x0000000708600000, 0x0000000708600000, 0x0000000708800000|  0%| F|  |TAMS 0x0000000708600000, 0x0000000708600000| Untracked 
|  68|0x0000000708800000, 0x0000000708800000, 0x0000000708a00000|  0%| F|  |TAMS 0x0000000708800000, 0x0000000708800000| Untracked 
|  69|0x0000000708a00000, 0x0000000708a00000, 0x0000000708c00000|  0%| F|  |TAMS 0x0000000708a00000, 0x0000000708a00000| Untracked 
|  70|0x0000000708c00000, 0x0000000708c00000, 0x0000000708e00000|  0%| F|  |TAMS 0x0000000708c00000, 0x0000000708c00000| Untracked 
|  71|0x0000000708e00000, 0x0000000708e00000, 0x0000000709000000|  0%| F|  |TAMS 0x0000000708e00000, 0x0000000708e00000| Untracked 
|  72|0x0000000709000000, 0x0000000709000000, 0x0000000709200000|  0%| F|  |TAMS 0x0000000709000000, 0x0000000709000000| Untracked 
|  73|0x0000000709200000, 0x0000000709200000, 0x0000000709400000|  0%| F|  |TAMS 0x0000000709200000, 0x0000000709200000| Untracked 
|  74|0x0000000709400000, 0x0000000709400000, 0x0000000709600000|  0%| F|  |TAMS 0x0000000709400000, 0x0000000709400000| Untracked 
|  75|0x0000000709600000, 0x0000000709600000, 0x0000000709800000|  0%| F|  |TAMS 0x0000000709600000, 0x0000000709600000| Untracked 
|  76|0x0000000709800000, 0x0000000709800000, 0x0000000709a00000|  0%| F|  |TAMS 0x0000000709800000, 0x0000000709800000| Untracked 
|  77|0x0000000709a00000, 0x0000000709a00000, 0x0000000709c00000|  0%| F|  |TAMS 0x0000000709a00000, 0x0000000709a00000| Untracked 
|  94|0x000000070bc00000, 0x000000070bd012b0, 0x000000070be00000| 50%| E|  |TAMS 0x000000070bc00000, 0x000000070bc00000| Complete 

Card table byte_map: [0x00000193ec030000,0x00000193ec830000] _byte_map_base: 0x00000193e8830000

Marking Bits (Prev, Next): (CMBitMap*) 0x00000193d4db4500, (CMBitMap*) 0x00000193d4db4540
 Prev Bits: [0x00000193ed030000, 0x00000193f1030000)
 Next Bits: [0x00000193f1030000, 0x00000193f5030000)

Polling page: 0x00000193d2cd0000

Metaspace:

Usage:
  Non-class:     44.83 MB used.
      Class:      7.38 MB used.
       Both:     52.22 MB used.

Virtual space:
  Non-class space:       48.00 MB reserved,      45.12 MB ( 94%) committed,  6 nodes.
      Class space:      820.00 MB reserved,       7.62 MB ( <1%) committed,  1 nodes.
             Both:      868.00 MB reserved,      52.75 MB (  6%) committed. 

Chunk freelists:
   Non-Class:  2.69 MB
       Class:  192.00 KB
        Both:  2.88 MB

MaxMetaspaceSize: 1.00 GB
CompressedClassSpaceSize: 820.00 MB
Initial GC threshold: 21.00 MB
Current GC threshold: 59.00 MB
CDS: on
MetaspaceReclaimPolicy: balanced
 - commit_granule_bytes: 65536.
 - commit_granule_words: 8192.
 - virtual_space_node_default_size: 1048576.
 - enlarge_chunks_in_place: 1.
 - new_chunks_are_fully_committed: 0.
 - uncommit_free_chunks: 1.
 - use_allocation_guard: 0.
 - handle_deallocations: 1.


Internal statistics:

num_allocs_failed_limit: 6.
num_arena_births: 664.
num_arena_deaths: 0.
num_vsnodes_births: 7.
num_vsnodes_deaths: 0.
num_space_committed: 844.
num_space_uncommitted: 0.
num_chunks_returned_to_freelist: 6.
num_chunks_taken_from_freelist: 2659.
num_chunk_merges: 6.
num_chunk_splits: 1854.
num_chunks_enlarged: 1355.
num_purges: 0.
num_inconsistent_stats: 0.

CodeHeap 'non-profiled nmethods': size=120000Kb used=3706Kb max_used=3706Kb free=116293Kb
 bounds [0x00000193e4300000, 0x00000193e46a0000, 0x00000193eb830000]
CodeHeap 'profiled nmethods': size=120000Kb used=12485Kb max_used=12485Kb free=107514Kb
 bounds [0x00000193dcdd0000, 0x00000193dda10000, 0x00000193e4300000]
CodeHeap 'non-nmethods': size=5760Kb used=2337Kb max_used=2395Kb free=3422Kb
 bounds [0x00000193dc830000, 0x00000193dcaa0000, 0x00000193dcdd0000]
 total_blobs=6823 nmethods=5965 adapters=770
 compilation: enabled
              stopped_count=0, restarted_count=0
 full_count=0

Compilation events (20 events):
Event: 15.048 Thread 0x00000193f8010110 nmethod 6753 0x00000193dd9f5a90 code [0x00000193dd9f5ca0, 0x00000193dd9f64c8]
Event: 15.048 Thread 0x00000193f8010110 6754       3       kotlin.reflect.jvm.internal.ReflectProperties$Val::<init> (5 bytes)
Event: 15.048 Thread 0x00000193f8010110 nmethod 6754 0x00000193dd9f6710 code [0x00000193dd9f68a0, 0x00000193dd9f69f8]
Event: 15.048 Thread 0x00000193f8010110 6755       3       kotlin.reflect.jvm.internal.ReflectProperties::lazySoft (14 bytes)
Event: 15.048 Thread 0x00000193f8010110 nmethod 6755 0x00000193dd9f6a90 code [0x00000193dd9f6c60, 0x00000193dd9f6f48]
Event: 15.048 Thread 0x00000193f8010110 6756       3       kotlin.LazyKt__LazyJVMKt::lazy (102 bytes)
Event: 15.050 Thread 0x00000193f8010110 nmethod 6756 0x00000193dd9f7090 code [0x00000193dd9f74a0, 0x00000193dd9f8ff8]
Event: 15.050 Thread 0x00000193f8010110 6757       3       kotlin.SafePublicationLazyImpl::<init> (30 bytes)
Event: 15.050 Thread 0x00000193f8010110 nmethod 6757 0x00000193dd9f9890 code [0x00000193dd9f9ac0, 0x00000193dd9fa218]
Event: 15.069 Thread 0x00000193f8010110 6758       3       javax.management.ObjectName::construct (1135 bytes)
Event: 15.073 Thread 0x00000193f8010110 nmethod 6758 0x00000193dd9fa490 code [0x00000193dd9faae0, 0x00000193dd9fe5c8]
Event: 15.073 Thread 0x00000193f8010110 6759       3       kotlin.reflect.jvm.internal.impl.renderer.DescriptorRendererOptionsImpl::property (20 bytes)
Event: 15.073 Thread 0x00000193f8010110 nmethod 6759 0x00000193dd9ffd10 code [0x00000193dd9ffec0, 0x00000193dda00218]
Event: 15.074 Thread 0x00000193f8010110 6760       3       kotlin.reflect.jvm.internal.impl.renderer.DescriptorRendererOptionsImpl$property$$inlined$vetoable$1::<init> (11 bytes)
Event: 15.074 Thread 0x00000193f8010110 nmethod 6760 0x00000193dda00390 code [0x00000193dda00540, 0x00000193dda007d8]
Event: 15.074 Thread 0x00000193f8010110 6761       3       kotlin.properties.ObservableProperty::<init> (10 bytes)
Event: 15.074 Thread 0x00000193f8010110 nmethod 6761 0x00000193dda00910 code [0x00000193dda00aa0, 0x00000193dda00c58]
Event: 15.120 Thread 0x00000193f7516ca0 6762       4       jdk.internal.module.SystemModuleFinders$SystemModuleReader::find (59 bytes)
Event: 15.261 Thread 0x00000193f8010110 6765       1       kotlin.reflect.jvm.internal.KClassImpl::getJClass (5 bytes)
Event: 15.261 Thread 0x00000193f8010110 nmethod 6765 0x00000193e469e890 code [0x00000193e469ea20, 0x00000193e469eaf8]

GC Heap History (20 events):
Event: 8.319 GC heap before
{Heap before GC invocations=6 (full 0):
 garbage-first heap   total 102400K, used 71769K [0x0000000700000000, 0x0000000800000000)
  region size 2048K, 26 young (53248K), 4 survivors (8192K)
 Metaspace       used 32593K, committed 32960K, reserved 872448K
  class space    used 4735K, committed 4928K, reserved 839680K
}
Event: 8.329 GC heap after
{Heap after GC invocations=7 (full 0):
 garbage-first heap   total 102400K, used 31957K [0x0000000700000000, 0x0000000800000000)
  region size 2048K, 4 young (8192K), 4 survivors (8192K)
 Metaspace       used 32593K, committed 32960K, reserved 872448K
  class space    used 4735K, committed 4928K, reserved 839680K
}
Event: 9.378 GC heap before
{Heap before GC invocations=7 (full 0):
 garbage-first heap   total 102400K, used 70869K [0x0000000700000000, 0x0000000800000000)
  region size 2048K, 24 young (49152K), 4 survivors (8192K)
 Metaspace       used 35588K, committed 35968K, reserved 872448K
  class space    used 5087K, committed 5248K, reserved 839680K
}
Event: 9.388 GC heap after
{Heap after GC invocations=8 (full 0):
 garbage-first heap   total 102400K, used 33817K [0x0000000700000000, 0x0000000800000000)
  region size 2048K, 3 young (6144K), 3 survivors (6144K)
 Metaspace       used 35588K, committed 35968K, reserved 872448K
  class space    used 5087K, committed 5248K, reserved 839680K
}
Event: 10.512 GC heap before
{Heap before GC invocations=9 (full 0):
 garbage-first heap   total 102400K, used 80921K [0x0000000700000000, 0x0000000800000000)
  region size 2048K, 24 young (49152K), 3 survivors (6144K)
 Metaspace       used 41923K, committed 42432K, reserved 880640K
  class space    used 5775K, committed 6016K, reserved 839680K
}
Event: 10.522 GC heap after
{Heap after GC invocations=10 (full 0):
 garbage-first heap   total 102400K, used 38036K [0x0000000700000000, 0x0000000800000000)
  region size 2048K, 3 young (6144K), 3 survivors (6144K)
 Metaspace       used 41923K, committed 42432K, reserved 880640K
  class space    used 5775K, committed 6016K, reserved 839680K
}
Event: 10.862 GC heap before
{Heap before GC invocations=10 (full 0):
 garbage-first heap   total 102400K, used 76948K [0x0000000700000000, 0x0000000800000000)
  region size 2048K, 22 young (45056K), 3 survivors (6144K)
 Metaspace       used 42017K, committed 42496K, reserved 880640K
  class space    used 5787K, committed 6016K, reserved 839680K
}
Event: 10.876 GC heap after
{Heap after GC invocations=11 (full 0):
 garbage-first heap   total 102400K, used 42119K [0x0000000700000000, 0x0000000800000000)
  region size 2048K, 2 young (4096K), 2 survivors (4096K)
 Metaspace       used 42017K, committed 42496K, reserved 880640K
  class space    used 5787K, committed 6016K, reserved 839680K
}
Event: 11.208 GC heap before
{Heap before GC invocations=11 (full 0):
 garbage-first heap   total 102400K, used 78983K [0x0000000700000000, 0x0000000800000000)
  region size 2048K, 20 young (40960K), 2 survivors (4096K)
 Metaspace       used 42019K, committed 42496K, reserved 880640K
  class space    used 5787K, committed 6016K, reserved 839680K
}
Event: 11.215 GC heap after
{Heap after GC invocations=12 (full 0):
 garbage-first heap   total 102400K, used 43130K [0x0000000700000000, 0x0000000800000000)
  region size 2048K, 2 young (4096K), 2 survivors (4096K)
 Metaspace       used 42019K, committed 42496K, reserved 880640K
  class space    used 5787K, committed 6016K, reserved 839680K
}
Event: 11.455 GC heap before
{Heap before GC invocations=12 (full 0):
 garbage-first heap   total 102400K, used 75898K [0x0000000700000000, 0x0000000800000000)
  region size 2048K, 19 young (38912K), 2 survivors (4096K)
 Metaspace       used 42025K, committed 42560K, reserved 880640K
  class space    used 5787K, committed 6016K, reserved 839680K
}
Event: 11.464 GC heap after
{Heap after GC invocations=13 (full 0):
 garbage-first heap   total 122880K, used 44765K [0x0000000700000000, 0x0000000800000000)
  region size 2048K, 2 young (4096K), 2 survivors (4096K)
 Metaspace       used 42025K, committed 42560K, reserved 880640K
  class space    used 5787K, committed 6016K, reserved 839680K
}
Event: 11.993 GC heap before
{Heap before GC invocations=13 (full 0):
 garbage-first heap   total 122880K, used 95965K [0x0000000700000000, 0x0000000800000000)
  region size 2048K, 27 young (55296K), 2 survivors (4096K)
 Metaspace       used 42306K, committed 42752K, reserved 880640K
  class space    used 5810K, committed 6016K, reserved 839680K
}
Event: 12.007 GC heap after
{Heap after GC invocations=14 (full 0):
 garbage-first heap   total 122880K, used 46843K [0x0000000700000000, 0x0000000800000000)
  region size 2048K, 3 young (6144K), 3 survivors (6144K)
 Metaspace       used 42306K, committed 42752K, reserved 880640K
  class space    used 5810K, committed 6016K, reserved 839680K
}
Event: 12.575 GC heap before
{Heap before GC invocations=14 (full 0):
 garbage-first heap   total 122880K, used 98043K [0x0000000700000000, 0x0000000800000000)
  region size 2048K, 28 young (57344K), 3 survivors (6144K)
 Metaspace       used 42719K, committed 43200K, reserved 880640K
  class space    used 5834K, committed 6080K, reserved 839680K
}
Event: 12.601 GC heap after
{Heap after GC invocations=15 (full 0):
 garbage-first heap   total 122880K, used 50429K [0x0000000700000000, 0x0000000800000000)
  region size 2048K, 3 young (6144K), 3 survivors (6144K)
 Metaspace       used 42719K, committed 43200K, reserved 880640K
  class space    used 5834K, committed 6080K, reserved 839680K
}
Event: 13.108 GC heap before
{Heap before GC invocations=15 (full 0):
 garbage-first heap   total 122880K, used 95485K [0x0000000700000000, 0x0000000800000000)
  region size 2048K, 26 young (53248K), 3 survivors (6144K)
 Metaspace       used 43033K, committed 43520K, reserved 880640K
  class space    used 5863K, committed 6080K, reserved 839680K
}
Event: 13.122 GC heap after
{Heap after GC invocations=16 (full 0):
 garbage-first heap   total 122880K, used 53623K [0x0000000700000000, 0x0000000800000000)
  region size 2048K, 4 young (8192K), 4 survivors (8192K)
 Metaspace       used 43033K, committed 43520K, reserved 880640K
  class space    used 5863K, committed 6080K, reserved 839680K
}
Event: 14.029 GC heap before
{Heap before GC invocations=16 (full 0):
 garbage-first heap   total 122880K, used 94583K [0x0000000700000000, 0x0000000800000000)
  region size 2048K, 25 young (51200K), 4 survivors (8192K)
 Metaspace       used 46123K, committed 46720K, reserved 880640K
  class space    used 6171K, committed 6464K, reserved 839680K
}
Event: 14.041 GC heap after
{Heap after GC invocations=17 (full 0):
 garbage-first heap   total 161792K, used 55412K [0x0000000700000000, 0x0000000800000000)
  region size 2048K, 3 young (6144K), 3 survivors (6144K)
 Metaspace       used 46123K, committed 46720K, reserved 880640K
  class space    used 6171K, committed 6464K, reserved 839680K
}

Deoptimization events (20 events):
Event: 13.990 Thread 0x00000193f9f60800 DEOPT PACKING pc=0x00000193e46004f8 sp=0x0000001e0a4f8ab0
Event: 13.990 Thread 0x00000193f9f60800 DEOPT UNPACKING pc=0x00000193dc8823a3 sp=0x0000001e0a4f8a38 mode 2
Event: 14.006 Thread 0x00000193f9f60800 DEOPT PACKING pc=0x00000193dd1520e6 sp=0x0000001e0a4f8250
Event: 14.006 Thread 0x00000193f9f60800 DEOPT UNPACKING pc=0x00000193dc882b43 sp=0x0000001e0a4f7740 mode 0
Event: 14.008 Thread 0x00000193f9f60800 DEOPT PACKING pc=0x00000193dceebfe5 sp=0x0000001e0a4f8240
Event: 14.008 Thread 0x00000193f9f60800 DEOPT UNPACKING pc=0x00000193dc882b43 sp=0x0000001e0a4f7738 mode 0
Event: 14.011 Thread 0x00000193f9f60800 DEOPT PACKING pc=0x00000193dd1520e6 sp=0x0000001e0a4f8250
Event: 14.011 Thread 0x00000193f9f60800 DEOPT UNPACKING pc=0x00000193dc882b43 sp=0x0000001e0a4f7740 mode 0
Event: 14.015 Thread 0x00000193f9f60800 DEOPT PACKING pc=0x00000193dceebfe5 sp=0x0000001e0a4f8240
Event: 14.015 Thread 0x00000193f9f60800 DEOPT UNPACKING pc=0x00000193dc882b43 sp=0x0000001e0a4f7738 mode 0
Event: 14.048 Thread 0x00000193f9f60800 DEOPT PACKING pc=0x00000193dd02a3ca sp=0x0000001e0a4f8780
Event: 14.048 Thread 0x00000193f9f60800 DEOPT UNPACKING pc=0x00000193dc882b43 sp=0x0000001e0a4f7c00 mode 0
Event: 14.193 Thread 0x00000193f9f60800 Uncommon trap: trap_request=0xffffffd6 fr.pc=0x00000193e465366c relative=0x0000000000000a8c
Event: 14.193 Thread 0x00000193f9f60800 Uncommon trap: reason=array_check action=maybe_recompile pc=0x00000193e465366c method=java.util.TimSort.binarySort([Ljava/lang/Object;IIILjava/util/Comparator;)V @ 183 c2
Event: 14.193 Thread 0x00000193f9f60800 DEOPT PACKING pc=0x00000193e465366c sp=0x0000001e0a4f8870
Event: 14.193 Thread 0x00000193f9f60800 DEOPT UNPACKING pc=0x00000193dc8823a3 sp=0x0000001e0a4f8818 mode 2
Event: 14.863 Thread 0x00000193f9f60800 Uncommon trap: trap_request=0xffffff45 fr.pc=0x00000193e436c408 relative=0x0000000000003b88
Event: 14.863 Thread 0x00000193f9f60800 Uncommon trap: reason=unstable_if action=reinterpret pc=0x00000193e436c408 method=java.util.jar.JarFile.getEntry(Ljava/lang/String;)Ljava/util/zip/ZipEntry; @ 15 c2
Event: 14.863 Thread 0x00000193f9f60800 DEOPT PACKING pc=0x00000193e436c408 sp=0x0000001e0a4f5440
Event: 14.863 Thread 0x00000193f9f60800 DEOPT UNPACKING pc=0x00000193dc8823a3 sp=0x0000001e0a4f5458 mode 2

Classes unloaded (0 events):
No events

Classes redefined (0 events):
No events

Internal exceptions (20 events):
Event: 13.590 Thread 0x00000193f9f60800 Exception <a 'java/lang/ClassNotFoundException'{0x0000000706446548}: org/gradle/api/internal/initialization/DefaultScriptHandler_DecoratedCustomizer> (0x0000000706446548) 
thrown [s\src\hotspot\share\classfile\systemDictionary.cpp, line 256]
Event: 13.638 Thread 0x00000193f9f60800 Exception <a 'sun/nio/fs/WindowsException'{0x0000000706258080}> (0x0000000706258080) 
thrown [s\src\hotspot\share\prims\jni.cpp, line 516]
Event: 13.641 Thread 0x00000193f9f60800 Exception <a 'sun/nio/fs/WindowsException'{0x00000007062599e0}> (0x00000007062599e0) 
thrown [s\src\hotspot\share\prims\jni.cpp, line 516]
Event: 13.644 Thread 0x00000193f9f60800 Exception <a 'sun/nio/fs/WindowsException'{0x00000007062649f8}> (0x00000007062649f8) 
thrown [s\src\hotspot\share\prims\jni.cpp, line 516]
Event: 13.671 Thread 0x00000193f9f5f990 Exception <a 'sun/nio/fs/WindowsException'{0x000000070634c7e0}> (0x000000070634c7e0) 
thrown [s\src\hotspot\share\prims\jni.cpp, line 516]
Event: 13.672 Thread 0x00000193f9f5f990 Exception <a 'sun/nio/fs/WindowsException'{0x000000070634ce30}> (0x000000070634ce30) 
thrown [s\src\hotspot\share\prims\jni.cpp, line 516]
Event: 13.676 Thread 0x00000193f9f5f990 Exception <a 'sun/nio/fs/WindowsException'{0x0000000706356dd0}> (0x0000000706356dd0) 
thrown [s\src\hotspot\share\prims\jni.cpp, line 516]
Event: 13.790 Thread 0x00000193f9f60800 Exception <a 'java/lang/NoSuchMethodError'{0x0000000705f66500}: 'java.lang.Object java.lang.invoke.DirectMethodHandle$Holder.newInvokeSpecial(java.lang.Object, java.lang.Object, int, int)'> (0x0000000705f66500) 
thrown [s\src\hotspot\share\interpreter\linkResolver.cpp, line 759]
Event: 13.821 Thread 0x00000193f9f60800 Exception <a 'sun/nio/fs/WindowsException'{0x0000000705c9c7a8}> (0x0000000705c9c7a8) 
thrown [s\src\hotspot\share\prims\jni.cpp, line 516]
Event: 13.821 Thread 0x00000193f9f60800 Exception <a 'sun/nio/fs/WindowsException'{0x0000000705c9dfe8}> (0x0000000705c9dfe8) 
thrown [s\src\hotspot\share\prims\jni.cpp, line 516]
Event: 13.821 Thread 0x00000193f9f60800 Exception <a 'sun/nio/fs/WindowsException'{0x0000000705c9f7f8}> (0x0000000705c9f7f8) 
thrown [s\src\hotspot\share\prims\jni.cpp, line 516]
Event: 13.822 Thread 0x00000193f9f60800 Exception <a 'sun/nio/fs/WindowsException'{0x0000000705ca0c20}> (0x0000000705ca0c20) 
thrown [s\src\hotspot\share\prims\jni.cpp, line 516]
Event: 13.844 Thread 0x00000193f9f60800 Exception <a 'java/lang/NoSuchMethodError'{0x0000000705daa108}: 'java.lang.Object java.lang.invoke.Invokers$Holder.invoker(java.lang.Object, java.lang.Object, java.lang.Object, java.lang.Object, java.lang.Object, java.lang.Object)'> (0x0000000705daa108) 
thrown [s\src\hotspot\share\interpreter\linkResolver.cpp, line 759]
Event: 13.875 Thread 0x00000193f9f60800 Exception <a 'java/lang/NoSuchMethodError'{0x0000000705aee010}: 'java.lang.Object java.lang.invoke.DirectMethodHandle$Holder.invokeSpecial(java.lang.Object, java.lang.Object, java.lang.Object, java.lang.Object, java.lang.Object, java.lang.Object, java.lang.Object, java.lang.Object, java.lang.Object, java.lang.Object, java.lang.Object, java.lang.Object, java.lang.Object, java.lang.Object, java.lang.Object, java.lang.Object, java.lang.Object, java.lang.Object, java.lang.Object, java.lang.Object, java.lang.Ob
Event: 13.875 Thread 0x00000193f9f60800 Exception <a 'java/lang/NoSuchMethodError'{0x0000000705af4558}: 'java.lang.Object java.lang.invoke.DelegatingMethodHandle$Holder.reinvoke_L(java.lang.Object, java.lang.Object, java.lang.Object, java.lang.Object, java.lang.Object, java.lang.Object, java.lang.Object, java.lang.Object, java.lang.Object, java.lang.Object, java.lang.Object, java.lang.Object, java.lang.Object, java.lang.Object, java.lang.Object, java.lang.Object, java.lang.Object, java.lang.Object, java.lang.Object, java.lang.Object, java.lang.O
Event: 13.876 Thread 0x00000193f9f60800 Exception <a 'java/lang/NoSuchMethodError'{0x0000000705b00b08}: 'java.lang.Object java.lang.invoke.Invokers$Holder.invoker(java.lang.Object, java.lang.Object, java.lang.Object, java.lang.Object, java.lang.Object, java.lang.Object, java.lang.Object, java.lang.Object, java.lang.Object, java.lang.Object, java.lang.Object, java.lang.Object, java.lang.Object, java.lang.Object, java.lang.Object, java.lang.Object, java.lang.Object, java.lang.Object, java.lang.Object, java.lang.Object, java.lang.Object, java.lang.
Event: 13.876 Thread 0x00000193f9f60800 Exception <a 'java/lang/NoSuchMethodError'{0x0000000705b079d0}: 'java.lang.Object java.lang.invoke.DelegatingMethodHandle$Holder.delegate(java.lang.Object, java.lang.Object, java.lang.Object, java.lang.Object, java.lang.Object, java.lang.Object, java.lang.Object, java.lang.Object, java.lang.Object, java.lang.Object, java.lang.Object, java.lang.Object, java.lang.Object, java.lang.Object, java.lang.Object, java.lang.Object, java.lang.Object, java.lang.Object, java.lang.Object, java.lang.Object, java.lang.Obj
Event: 13.889 Thread 0x00000193f9f60800 Exception <a 'java/lang/NoSuchMethodError'{0x0000000705be3230}: 'java.lang.Object java.lang.invoke.DirectMethodHandle$Holder.invokeStatic(java.lang.Object, java.lang.Object, java.lang.Object, java.lang.Object, java.lang.Object, java.lang.Object, java.lang.Object, java.lang.Object, java.lang.Object, java.lang.Object, java.lang.Object, java.lang.Object, java.lang.Object, java.lang.Object, java.lang.Object, java.lang.Object, java.lang.Object, java.lang.Object, java.lang.Object, java.lang.Object, java.lang.Obj
Event: 13.891 Thread 0x00000193f9f60800 Exception <a 'java/lang/NoSuchMethodError'{0x0000000705819798}: 'java.lang.Object java.lang.invoke.DirectMethodHandle$Holder.invokeStatic(java.lang.Object, java.lang.Object, java.lang.Object, java.lang.Object, java.lang.Object, java.lang.Object, java.lang.Object, java.lang.Object, java.lang.Object, java.lang.Object, java.lang.Object, java.lang.Object, java.lang.Object, java.lang.Object, java.lang.Object, java.lang.Object, java.lang.Object, java.lang.Object, java.lang.Object, java.lang.Object, java.lang.Obj
Event: 14.257 Thread 0x00000193f9f60800 Exception <a 'java/lang/NoSuchMethodError'{0x00000007084f1d30}: 'java.lang.Object java.lang.invoke.DirectMethodHandle$Holder.invokeStaticInit(java.lang.Object, int)'> (0x00000007084f1d30) 
thrown [s\src\hotspot\share\interpreter\linkResolver.cpp, line 759]

VM Operations (20 events):
Event: 13.631 Executing VM operation: HandshakeAllThreads
Event: 13.631 Executing VM operation: HandshakeAllThreads done
Event: 13.632 Executing VM operation: HandshakeAllThreads
Event: 13.632 Executing VM operation: HandshakeAllThreads done
Event: 13.762 Executing VM operation: ICBufferFull
Event: 13.762 Executing VM operation: ICBufferFull done
Event: 13.765 Executing VM operation: HandshakeAllThreads
Event: 13.765 Executing VM operation: HandshakeAllThreads done
Event: 14.019 Executing VM operation: HandshakeAllThreads
Event: 14.019 Executing VM operation: HandshakeAllThreads done
Event: 14.029 Executing VM operation: G1CollectForAllocation
Event: 14.041 Executing VM operation: G1CollectForAllocation done
Event: 14.245 Executing VM operation: HandshakeAllThreads
Event: 14.245 Executing VM operation: HandshakeAllThreads done
Event: 14.246 Executing VM operation: HandshakeAllThreads
Event: 14.246 Executing VM operation: HandshakeAllThreads done
Event: 14.255 Executing VM operation: HandshakeAllThreads
Event: 14.255 Executing VM operation: HandshakeAllThreads done
Event: 15.269 Executing VM operation: Cleanup
Event: 15.269 Executing VM operation: Cleanup done

Events (20 events):
Event: 13.725 loading class java/util/BitSet$1BitSetSpliterator done
Event: 13.795 loading class jdk/internal/reflect/UnsafeStaticIntegerFieldAccessorImpl
Event: 13.796 loading class jdk/internal/reflect/UnsafeStaticIntegerFieldAccessorImpl done
Event: 13.859 loading class java/util/Collections$SynchronizedRandomAccessList
Event: 13.859 loading class java/util/Collections$SynchronizedList
Event: 13.859 loading class java/util/Collections$SynchronizedList done
Event: 13.859 loading class java/util/Collections$SynchronizedRandomAccessList done
Event: 13.887 loading class java/lang/invoke/BoundMethodHandle$Species_LLLLLLLLLLLLLLLLLLLLLLLLL
Event: 13.887 loading class java/lang/invoke/BoundMethodHandle$Species_LLLLLLLLLLLLLLLLLLLLLLLLL done
Event: 13.890 loading class java/lang/invoke/BoundMethodHandle$Species_LLLLLLLLLLLLLLLLLLLLLLLLLL
Event: 13.890 loading class java/lang/invoke/BoundMethodHandle$Species_LLLLLLLLLLLLLLLLLLLLLLLLLL done
Event: 14.020 Thread 0x00000193f756a0b0 flushing nmethod 0x00000193e4562a90
Event: 14.026 Thread 0x00000193f756a0b0 flushing nmethod 0x00000193dd65c090
Event: 14.469 Thread 0x00000193fc05aaf0 Thread exited: 0x00000193fc05aaf0
Event: 14.742 loading class java/util/concurrent/atomic/AtomicReferenceFieldUpdater
Event: 14.742 loading class java/util/concurrent/atomic/AtomicReferenceFieldUpdater done
Event: 14.742 loading class java/util/concurrent/atomic/AtomicReferenceFieldUpdater$AtomicReferenceFieldUpdaterImpl
Event: 14.743 loading class java/util/concurrent/atomic/AtomicReferenceFieldUpdater$AtomicReferenceFieldUpdaterImpl done
Event: 14.743 loading class java/util/concurrent/atomic/AtomicReferenceFieldUpdater$AtomicReferenceFieldUpdaterImpl$1
Event: 14.743 loading class java/util/concurrent/atomic/AtomicReferenceFieldUpdater$AtomicReferenceFieldUpdaterImpl$1 done


Dynamic libraries:
0x00007ff6a7ea0000 - 0x00007ff6a7eae000 	C:\Program Files\BlueJ\jdk\bin\java.exe
0x00007ffd847b0000 - 0x00007ffd849a8000 	C:\windows\SYSTEM32\ntdll.dll
0x00007ffd832f0000 - 0x00007ffd833af000 	C:\windows\System32\KERNEL32.DLL
0x00007ffd821f0000 - 0x00007ffd824c2000 	C:\windows\System32\KERNELBASE.dll
0x00007ffd81eb0000 - 0x00007ffd81fb0000 	C:\windows\System32\ucrtbase.dll
0x00007ffd4b220000 - 0x00007ffd4b239000 	C:\Program Files\BlueJ\jdk\bin\VCRUNTIME140.dll
0x00007ffd4b200000 - 0x00007ffd4b218000 	C:\Program Files\BlueJ\jdk\bin\jli.dll
0x00007ffd83690000 - 0x00007ffd8382d000 	C:\windows\System32\USER32.dll
0x00007ffd821c0000 - 0x00007ffd821e2000 	C:\windows\System32\win32u.dll
0x00007ffd68880000 - 0x00007ffd68b1a000 	C:\windows\WinSxS\amd64_microsoft.windows.common-controls_6595b64144ccf1df_6.0.19041.1110_none_60b5254171f9507e\COMCTL32.dll
0x00007ffd82a90000 - 0x00007ffd82abb000 	C:\windows\System32\GDI32.dll
0x00007ffd83250000 - 0x00007ffd832ee000 	C:\windows\System32\msvcrt.dll
0x00007ffd826f0000 - 0x00007ffd827ff000 	C:\windows\System32\gdi32full.dll
0x00007ffd825c0000 - 0x00007ffd8265d000 	C:\windows\System32\msvcp_win.dll
0x00007ffd82980000 - 0x00007ffd829b2000 	C:\windows\System32\IMM32.DLL
0x00007ffd7ab80000 - 0x00007ffd7ab8c000 	C:\Program Files\BlueJ\jdk\bin\vcruntime140_1.dll
0x00007ffd3f710000 - 0x00007ffd3f7a1000 	C:\Program Files\BlueJ\jdk\bin\msvcp140.dll
0x00007ffcc2860000 - 0x00007ffcc34a6000 	C:\Program Files\BlueJ\jdk\bin\server\jvm.dll
0x00007ffd83000000 - 0x00007ffd830ae000 	C:\windows\System32\ADVAPI32.dll
0x00007ffd828e0000 - 0x00007ffd8297c000 	C:\windows\System32\sechost.dll
0x00007ffd843b0000 - 0x00007ffd844d5000 	C:\windows\System32\RPCRT4.dll
0x00007ffd82a70000 - 0x00007ffd82a78000 	C:\windows\System32\PSAPI.DLL
0x00007ffd65150000 - 0x00007ffd65159000 	C:\windows\SYSTEM32\WSOCK32.dll
0x00007ffd68850000 - 0x00007ffd68877000 	C:\windows\SYSTEM32\WINMM.dll
0x00007ffd76c00000 - 0x00007ffd76c0a000 	C:\windows\SYSTEM32\VERSION.dll
0x00007ffd82ac0000 - 0x00007ffd82b2b000 	C:\windows\System32\WS2_32.dll
0x00007ffd80700000 - 0x00007ffd80712000 	C:\windows\SYSTEM32\kernel.appcore.dll
0x00007ffd659d0000 - 0x00007ffd659da000 	C:\Program Files\BlueJ\jdk\bin\jimage.dll
0x00007ffd7fc60000 - 0x00007ffd7fe44000 	C:\windows\SYSTEM32\DBGHELP.DLL
0x00007ffd664a0000 - 0x00007ffd664cc000 	C:\windows\SYSTEM32\dbgcore.DLL
0x00007ffd82660000 - 0x00007ffd826e2000 	C:\windows\System32\bcryptPrimitives.dll
0x00007ffd4b1f0000 - 0x00007ffd4b1fe000 	C:\Program Files\BlueJ\jdk\bin\instrument.dll
0x00007ffd4b1c0000 - 0x00007ffd4b1e5000 	C:\Program Files\BlueJ\jdk\bin\java.dll
0x00007ffcecf10000 - 0x00007ffcecfe6000 	C:\Program Files\BlueJ\jdk\bin\jsvml.dll
0x00007ffd83c60000 - 0x00007ffd843a3000 	C:\windows\System32\SHELL32.dll
0x00007ffd7ff50000 - 0x00007ffd806e2000 	C:\windows\SYSTEM32\windows.storage.dll
0x00007ffd83830000 - 0x00007ffd83b84000 	C:\windows\System32\combase.dll
0x00007ffd818a0000 - 0x00007ffd818d0000 	C:\windows\SYSTEM32\Wldp.dll
0x00007ffd829c0000 - 0x00007ffd82a6d000 	C:\windows\System32\SHCORE.dll
0x00007ffd84710000 - 0x00007ffd84765000 	C:\windows\System32\shlwapi.dll
0x00007ffd81df0000 - 0x00007ffd81e0f000 	C:\windows\SYSTEM32\profapi.dll
0x00007ffd429d0000 - 0x00007ffd429e8000 	C:\Program Files\BlueJ\jdk\bin\zip.dll
0x00007ffd0ac00000 - 0x00007ffd0ac19000 	C:\Program Files\BlueJ\jdk\bin\net.dll
0x00007ffd6dcf0000 - 0x00007ffd6ddfc000 	C:\windows\SYSTEM32\WINHTTP.dll
0x00007ffd81600000 - 0x00007ffd8166a000 	C:\windows\system32\mswsock.dll
0x00007ffcf5230000 - 0x00007ffcf5245000 	C:\Program Files\BlueJ\jdk\bin\nio.dll
0x00007ffd4a6a0000 - 0x00007ffd4a6b0000 	C:\Program Files\BlueJ\jdk\bin\verify.dll
0x00007ffd43950000 - 0x00007ffd43977000 	C:\Users\HP\.gradle\native\1def1411415f61bf3af743bc5b6707747c0891f09f0c88961ee8f79bc544acac\windows-amd64\native-platform.dll
0x00007ffd3f7b0000 - 0x00007ffd3f828000 	C:\Users\HP\.gradle\native\0.2.7\x86_64-windows-gnu\gradle-fileevents.dll
0x00007ffd4b3b0000 - 0x00007ffd4b3b9000 	C:\Program Files\BlueJ\jdk\bin\management.dll
0x00007ffd4b3a0000 - 0x00007ffd4b3ab000 	C:\Program Files\BlueJ\jdk\bin\management_ext.dll
0x00007ffd81280000 - 0x00007ffd812bb000 	C:\windows\SYSTEM32\IPHLPAPI.DLL
0x00007ffd82a80000 - 0x00007ffd82a88000 	C:\windows\System32\NSI.dll
0x00007ffd73cb0000 - 0x00007ffd73cc7000 	C:\windows\SYSTEM32\dhcpcsvc6.DLL
0x00007ffd76ca0000 - 0x00007ffd76cbd000 	C:\windows\SYSTEM32\dhcpcsvc.DLL
0x00007ffd812c0000 - 0x00007ffd8138a000 	C:\windows\SYSTEM32\DNSAPI.dll
0x00007ffd817f0000 - 0x00007ffd81808000 	C:\windows\SYSTEM32\CRYPTSP.dll
0x00007ffd80eb0000 - 0x00007ffd80ee4000 	C:\windows\system32\rsaenh.dll
0x00007ffd82540000 - 0x00007ffd82567000 	C:\windows\System32\bcrypt.dll
0x00007ffd81d70000 - 0x00007ffd81d9e000 	C:\windows\SYSTEM32\USERENV.dll
0x00007ffd81810000 - 0x00007ffd8181c000 	C:\windows\SYSTEM32\CRYPTBASE.dll
0x00007ffd4b390000 - 0x00007ffd4b39e000 	C:\Program Files\BlueJ\jdk\bin\sunmscapi.dll
0x00007ffd82060000 - 0x00007ffd821b6000 	C:\windows\System32\CRYPT32.dll
0x00007ffd81910000 - 0x00007ffd81937000 	C:\windows\SYSTEM32\ncrypt.dll
0x00007ffd818d0000 - 0x00007ffd8190b000 	C:\windows\SYSTEM32\NTASN1.dll
0x00007ffd4ad60000 - 0x00007ffd4ad67000 	C:\windows\system32\wshunix.dll
0x00007ffd80fd0000 - 0x00007ffd81003000 	C:\windows\SYSTEM32\ntmarta.dll

dbghelp: loaded successfully - version: 4.0.5 - missing functions: none
symbol engine: initialized successfully - sym options: 0x614 - pdb path: .;C:\Program Files\BlueJ\jdk\bin;C:\windows\SYSTEM32;C:\windows\WinSxS\amd64_microsoft.windows.common-controls_6595b64144ccf1df_6.0.19041.1110_none_60b5254171f9507e;C:\Program Files\BlueJ\jdk\bin\server;C:\Users\HP\.gradle\native\1def1411415f61bf3af743bc5b6707747c0891f09f0c88961ee8f79bc544acac\windows-amd64;C:\Users\HP\.gradle\native\0.2.7\x86_64-windows-gnu

VM Arguments:
jvm_args: --add-opens=java.base/java.lang=ALL-UNNAMED --add-opens=java.base/java.lang.invoke=ALL-UNNAMED --add-opens=java.base/java.util=ALL-UNNAMED --add-opens=java.prefs/java.util.prefs=ALL-UNNAMED --add-exports=jdk.compiler/com.sun.tools.javac.api=ALL-UNNAMED --add-exports=jdk.compiler/com.sun.tools.javac.util=ALL-UNNAMED --add-opens=java.base/java.util=ALL-UNNAMED --add-opens=java.prefs/java.util.prefs=ALL-UNNAMED --add-opens=java.base/java.nio.charset=ALL-UNNAMED --add-opens=java.base/java.net=ALL-UNNAMED --add-opens=java.base/java.util.concurrent.atomic=ALL-UNNAMED --add-opens=java.xml/javax.xml.namespace=ALL-UNNAMED -XX:MaxMetaspaceSize=1024m -XX:+HeapDumpOnOutOfMemoryError -Xmx4096m -Dfile.encoding=UTF-8 -Duser.country=MX -Duser.language=es -Duser.variant -javaagent:C:\Users\HP\.gradle\wrapper\dists\gradle-8.14-all\c2qonpi39x1mddn7hk5gh9iqj\gradle-8.14\lib\agents\gradle-instrumentation-agent-8.14.jar 
java_command: org.gradle.launcher.daemon.bootstrap.GradleDaemon 8.14
java_class_path (initial): C:\Users\HP\.gradle\wrapper\dists\gradle-8.14-all\c2qonpi39x1mddn7hk5gh9iqj\gradle-8.14\lib\gradle-daemon-main-8.14.jar
Launcher Type: SUN_STANDARD

[Global flags]
     intx CICompilerCount                          = 3                                         {product} {ergonomic}
   size_t CompressedClassSpaceSize                 = 859832320                                 {product} {ergonomic}
     uint ConcGCThreads                            = 1                                         {product} {ergonomic}
     uint G1ConcRefinementThreads                  = 4                                         {product} {ergonomic}
   size_t G1HeapRegionSize                         = 2097152                                   {product} {ergonomic}
    uintx GCDrainStackTargetSize                   = 64                                        {product} {ergonomic}
     bool HeapDumpOnOutOfMemoryError               = true                                   {manageable} {command line}
   size_t InitialHeapSize                          = 199229440                                 {product} {ergonomic}
   size_t MarkStackSize                            = 4194304                                   {product} {ergonomic}
   size_t MaxHeapSize                              = 4294967296                                {product} {command line}
   size_t MaxMetaspaceSize                         = 1073741824                                {product} {command line}
   size_t MaxNewSize                               = 2575302656                                {product} {ergonomic}
   size_t MinHeapDeltaBytes                        = 2097152                                   {product} {ergonomic}
   size_t MinHeapSize                              = 8388608                                   {product} {ergonomic}
    uintx NonNMethodCodeHeapSize                   = 5832780                                {pd product} {ergonomic}
    uintx NonProfiledCodeHeapSize                  = 122912730                              {pd product} {ergonomic}
    uintx ProfiledCodeHeapSize                     = 122912730                              {pd product} {ergonomic}
    uintx ReservedCodeCacheSize                    = 251658240                              {pd product} {ergonomic}
     bool SegmentedCodeCache                       = true                                      {product} {ergonomic}
   size_t SoftMaxHeapSize                          = 4294967296                             {manageable} {ergonomic}
     bool UseCompressedClassPointers               = true                           {product lp64_product} {ergonomic}
     bool UseCompressedOops                        = true                           {product lp64_product} {ergonomic}
     bool UseG1GC                                  = true                                      {product} {ergonomic}
     bool UseLargePagesIndividualAllocation        = false                                  {pd product} {ergonomic}

Logging:
Log output configuration:
 #0: stdout all=warning uptime,level,tags
 #1: stderr all=off uptime,level,tags

Environment Variables:
PATH=C:\Program Files\Common Files\Oracle\Java\javapath;C:\Program Files (x86)\Common Files\Oracle\Java\javapath;C:\Program Files\BlueJ\jdk\bin;C:\windows\system32;C:\windows;C:\windows\System32\Wbem;C:\windows\System32\WindowsPowerShell\v1.0\;C:\windows\System32\OpenSSH\;C:\Program Files (x86)\Microsoft SQL Server\100\Tools\Binn\;C:\Program Files\Microsoft SQL Server\100\Tools\Binn\;C:\Program Files\Microsoft SQL Server\100\DTS\Binn\;C:\ProgramData\chocolatey\bin;C:\xamppp\php;C:\Program Files\CodeBlocks\MinGW\bin;C:\ProgramData\ComposerSetup\bin;C:\Program Files\nodejs\;C:\Program Files (x86)\Microsoft SQL Server\160\Tools\Binn\;C:\Program Files\Microsoft SQL Server\160\Tools\Binn\;C:\Program Files\Microsoft SQL Server\Client SDK\ODBC\170\Tools\Binn\;C:\Program Files\Microsoft SQL Server\160\DTS\Binn\;C:\Program Files\Git\cmd;D:\xamp\php;D:\;C:\Users\HP\AppData\Local\Programs\Python\Python311\Scripts\;C:\Users\HP\AppData\Local\Programs\Python\Python311\;C:\Users\HP\AppData\Local\Microsoft\WindowsApps;C:\Program Files\BlueJ\jdk;C:\Users\HP\AppData\Roaming\cabal\bin;C:\tools\ghc-9.8.2\bin;C:\tools\msys64;C:\ghcup\bin;C:\Users\HP\AppData\Roaming\Composer\vendor\bin;C:\Users\HP\AppData\Roaming\npm;C:\Users\HP\OneDrive\Escritorio\foto\flutter\bin;D:\colcaTrufis\fronted\flutter\bin;D:\Microsoft VS Code\bin;C:\src\flutter\bin;D:\Antigravity\bin
USERNAME=HP
OS=Windows_NT
PROCESSOR_IDENTIFIER=Intel64 Family 6 Model 142 Stepping 12, GenuineIntel
TMP=C:\Users\HP\AppData\Local\Temp
TEMP=C:\Users\HP\AppData\Local\Temp



---------------  S Y S T E M  ---------------

OS:
 Windows 10 , 64 bit Build 19041 (10.0.19041.2251)
OS uptime: 0 days 0:32 hours

CPU: total 4 (initial active 4) (2 cores per cpu, 2 threads per core) family 6 model 142 stepping 12 microcode 0xde, cx8, cmov, fxsr, ht, mmx, 3dnowpref, sse, sse2, sse3, ssse3, sse4.1, sse4.2, popcnt, lzcnt, tsc, tscinvbit, avx, avx2, aes, erms, clmul, bmi1, bmi2, adx, fma, vzeroupper, clflush, clflushopt

Memory: 4k page, system-wide physical 12111M (1072M free)
TotalPageFile size 16696M (AvailPageFile size 5M)
current process WorkingSet (physical memory assigned to process): 344M, peak: 344M
current process commit charge ("private bytes"): 381M, peak: 382M

vm_info: OpenJDK 64-Bit Server VM (17.0.4.1+1) for windows-amd64 JRE (17.0.4.1+1), built on Aug 17 2022 07:42:43 by "temurin" with MS VC++ 16.7 (VS2019)

END.
