#
# There is insufficient memory for the Java Runtime Environment to continue.
# Native memory allocation (malloc) failed to allocate 451104 bytes for Chunk::new
# Possible reasons:
#   The system is out of physical RAM or swap space
#   The process is running with CompressedOops enabled, and the Java Heap may be blocking the growth of the native heap
# Possible solutions:
#   Reduce memory load on the system
#   Increase physical memory or swap space
#   Check if swap backing store is full
#   Decrease Java heap size (-Xmx/-Xms)
#   Decrease number of Java threads
#   Decrease Java thread stack sizes (-Xss)
#   Set larger code cache with -XX:ReservedCodeCacheSize=
#   JVM is running with Unscaled Compressed Oops mode in which the Java heap is
#     placed in the first 4GB address space. The Java Heap base address is the
#     maximum limit for the native heap growth. Please use -XX:HeapBaseMinAddress
#     to set the Java Heap base and to place the Java Heap above 4GB virtual address.
# This output file may be truncated or incomplete.
#
#  Out of Memory Error (arena.cpp:189), pid=16772, tid=12428
#
# JRE version: OpenJDK Runtime Environment Temurin-17.0.4.1+1 (17.0.4.1+1) (build 17.0.4.1+1)
# Java VM: OpenJDK 64-Bit Server VM Temurin-17.0.4.1+1 (17.0.4.1+1, mixed mode, sharing, tiered, compressed oops, compressed class ptrs, g1 gc, windows-amd64)
# No core dump will be written. Minidumps are not enabled by default on client versions of Windows
#

---------------  S U M M A R Y ------------

Command Line: --add-opens=java.base/java.lang=ALL-UNNAMED --add-opens=java.base/java.lang.invoke=ALL-UNNAMED --add-opens=java.base/java.util=ALL-UNNAMED --add-opens=java.prefs/java.util.prefs=ALL-UNNAMED --add-exports=jdk.compiler/com.sun.tools.javac.api=ALL-UNNAMED --add-exports=jdk.compiler/com.sun.tools.javac.util=ALL-UNNAMED --add-opens=java.base/java.util=ALL-UNNAMED --add-opens=java.prefs/java.util.prefs=ALL-UNNAMED --add-opens=java.base/java.nio.charset=ALL-UNNAMED --add-opens=java.base/java.net=ALL-UNNAMED --add-opens=java.base/java.util.concurrent.atomic=ALL-UNNAMED --add-opens=java.xml/javax.xml.namespace=ALL-UNNAMED -Xmx2048m -Dfile.encoding=UTF-8 -Duser.country=MX -Duser.language=es -Duser.variant -javaagent:C:\Users\HP\.gradle\wrapper\dists\gradle-8.14-all\c2qonpi39x1mddn7hk5gh9iqj\gradle-8.14\lib\agents\gradle-instrumentation-agent-8.14.jar org.gradle.launcher.daemon.bootstrap.GradleDaemon 8.14

Host: Intel(R) Core(TM) i3-10110U CPU @ 2.10GHz, 4 cores, 3G,  Windows 10 , 64 bit Build 19041 (10.0.19041.2251)
Time: Fri Feb 20 17:32:03 2026 Hora est嫕dar oeste, Sudam廨ica elapsed time: 28.598332 seconds (0d 0h 0m 28s)

---------------  T H R E A D  ---------------

Current thread (0x000001a921667b60):  JavaThread "C2 CompilerThread0" daemon [_thread_in_native, id=12428, stack(0x00000081e5c00000,0x00000081e5d00000)]


Current CompileTask:
C2:  28598 6765       4       java.lang.invoke.LambdaForm::prepare (112 bytes)

Stack: [0x00000081e5c00000,0x00000081e5d00000]
Native frames: (J=compiled Java code, j=interpreted, Vv=VM code, C=native code)
V  [jvm.dll+0x67731a]
V  [jvm.dll+0x832284]
V  [jvm.dll+0x833a2e]
V  [jvm.dll+0x834093]
V  [jvm.dll+0x245775]
V  [jvm.dll+0xabd7b]
V  [jvm.dll+0xac30c]
V  [jvm.dll+0x363a97]
V  [jvm.dll+0x32e011]
V  [jvm.dll+0x32d4ba]
V  [jvm.dll+0x218681]
V  [jvm.dll+0x217aa1]
V  [jvm.dll+0x1a3f8d]
V  [jvm.dll+0x227498]
V  [jvm.dll+0x2255e5]
V  [jvm.dll+0x7e7e9b]
V  [jvm.dll+0x7e240a]
V  [jvm.dll+0x6761a5]
C  [ucrtbase.dll+0x21bb2]
C  [KERNEL32.DLL+0x174b4]
C  [ntdll.dll+0x526a1]


---------------  P R O C E S S  ---------------

Threads class SMR info:
_java_thread_list=0x000001a925123bc0, length=46, elements={
0x000001a903b05100, 0x000001a92164b280, 0x000001a92164c000, 0x000001a921662510,
0x000001a921664de0, 0x000001a9216656a0, 0x000001a921665f60, 0x000001a921667b60,
0x000001a9216cdf10, 0x000001a9216d5c80, 0x000001a9221660f0, 0x000001a92224b6c0,
0x000001a922f57dd0, 0x000001a92240cda0, 0x000001a922302430, 0x000001a92240c440,
0x000001a9233bc600, 0x000001a9224e3210, 0x000001a9224e36e0, 0x000001a923934a20,
0x000001a9239336e0, 0x000001a923931060, 0x000001a923931530, 0x000001a923932870,
0x000001a923934080, 0x000001a923931a00, 0x000001a923934550, 0x000001a923931ed0,
0x000001a9239323a0, 0x000001a923933210, 0x000001a92615c730, 0x000001a92615d5a0,
0x000001a92615c260, 0x000001a92615af20, 0x000001a926159be0, 0x000001a92615aa50,
0x000001a926159240, 0x000001a926159710, 0x000001a926158d70, 0x000001a9261588a0,
0x000001a92615a0b0, 0x000001a92615da70, 0x000001a9261583d0, 0x000001a92615df40,
0x000001a92615a580, 0x000001a92615f280
}

Java Threads: ( => current thread )
  0x000001a903b05100 JavaThread "main" [_thread_blocked, id=17060, stack(0x00000081e4f00000,0x00000081e5000000)]
  0x000001a92164b280 JavaThread "Reference Handler" daemon [_thread_blocked, id=11460, stack(0x00000081e5600000,0x00000081e5700000)]
  0x000001a92164c000 JavaThread "Finalizer" daemon [_thread_blocked, id=16608, stack(0x00000081e5700000,0x00000081e5800000)]
  0x000001a921662510 JavaThread "Signal Dispatcher" daemon [_thread_blocked, id=17580, stack(0x00000081e5800000,0x00000081e5900000)]
  0x000001a921664de0 JavaThread "Attach Listener" daemon [_thread_blocked, id=18176, stack(0x00000081e5900000,0x00000081e5a00000)]
  0x000001a9216656a0 JavaThread "Service Thread" daemon [_thread_blocked, id=9608, stack(0x00000081e5a00000,0x00000081e5b00000)]
  0x000001a921665f60 JavaThread "Monitor Deflation Thread" daemon [_thread_blocked, id=1612, stack(0x00000081e5b00000,0x00000081e5c00000)]
=>0x000001a921667b60 JavaThread "C2 CompilerThread0" daemon [_thread_in_native, id=12428, stack(0x00000081e5c00000,0x00000081e5d00000)]
  0x000001a9216cdf10 JavaThread "C1 CompilerThread0" daemon [_thread_blocked, id=15972, stack(0x00000081e5d00000,0x00000081e5e00000)]
  0x000001a9216d5c80 JavaThread "Sweeper thread" daemon [_thread_blocked, id=4964, stack(0x00000081e5e00000,0x00000081e5f00000)]
  0x000001a9221660f0 JavaThread "Common-Cleaner" daemon [_thread_blocked, id=5244, stack(0x00000081e5f00000,0x00000081e6000000)]
  0x000001a92224b6c0 JavaThread "Notification Thread" daemon [_thread_blocked, id=5392, stack(0x00000081e6000000,0x00000081e6100000)]
  0x000001a922f57dd0 JavaThread "Daemon health stats" [_thread_blocked, id=16024, stack(0x00000081e6600000,0x00000081e6700000)]
  0x000001a92240cda0 JavaThread "Incoming local TCP Connector on port 51828" [_thread_in_native, id=18084, stack(0x00000081e6700000,0x00000081e6800000)]
  0x000001a922302430 JavaThread "Daemon periodic checks" [_thread_blocked, id=16648, stack(0x00000081e6800000,0x00000081e6900000)]
  0x000001a92240c440 JavaThread "Daemon" [_thread_blocked, id=1576, stack(0x00000081e6900000,0x00000081e6a00000)]
  0x000001a9233bc600 JavaThread "Handler for socket connection from /127.0.0.1:51828 to /127.0.0.1:51829" [_thread_in_native, id=1076, stack(0x00000081e6a00000,0x00000081e6b00000)]
  0x000001a9224e3210 JavaThread "Cancel handler" [_thread_blocked, id=3784, stack(0x00000081e6b00000,0x00000081e6c00000)]
  0x000001a9224e36e0 JavaThread "Daemon worker" [_thread_in_native, id=16760, stack(0x00000081e6c00000,0x00000081e6d00000)]
  0x000001a923934a20 JavaThread "Asynchronous log dispatcher for DefaultDaemonConnection: socket connection from /127.0.0.1:51828 to /127.0.0.1:51829" [_thread_blocked, id=12100, stack(0x00000081e6d00000,0x00000081e6e00000)]
  0x000001a9239336e0 JavaThread "Stdin handler" [_thread_blocked, id=6964, stack(0x00000081e6e00000,0x00000081e6f00000)]
  0x000001a923931060 JavaThread "Daemon client event forwarder" [_thread_blocked, id=9560, stack(0x00000081e6f00000,0x00000081e7000000)]
  0x000001a923931530 JavaThread "Cache worker for journal cache (C:\Users\HP\.gradle\caches\journal-1)" [_thread_blocked, id=6048, stack(0x00000081e7000000,0x00000081e7100000)]
  0x000001a923932870 JavaThread "File lock request listener" [_thread_in_native, id=18120, stack(0x00000081e7100000,0x00000081e7200000)]
  0x000001a923934080 JavaThread "Cache worker for file hash cache (C:\Users\HP\.gradle\caches\8.14\fileHashes)" [_thread_blocked, id=2592, stack(0x00000081e7200000,0x00000081e7300000)]
  0x000001a923931a00 JavaThread "Cache worker for file hash cache (D:\colcaTrufis\fronted\android\.gradle\8.14\fileHashes)" [_thread_blocked, id=3380, stack(0x00000081e7300000,0x00000081e7400000)]
  0x000001a923934550 JavaThread "Cache worker for Build Output Cleanup Cache (D:\colcaTrufis\fronted\android\.gradle\buildOutputCleanup)" [_thread_blocked, id=16868, stack(0x00000081e7400000,0x00000081e7500000)]
  0x000001a923931ed0 JavaThread "File watcher server" daemon [_thread_in_native, id=2540, stack(0x00000081e7500000,0x00000081e7600000)]
  0x000001a9239323a0 JavaThread "File watcher consumer" daemon [_thread_blocked, id=11668, stack(0x00000081e7600000,0x00000081e7700000)]
  0x000001a923933210 JavaThread "jar transforms" [_thread_blocked, id=12516, stack(0x00000081e7700000,0x00000081e7800000)]
  0x000001a92615c730 JavaThread "jar transforms Thread 2" [_thread_blocked, id=11600, stack(0x00000081e7800000,0x00000081e7900000)]
  0x000001a92615d5a0 JavaThread "Cache worker for checksums cache (D:\colcaTrufis\fronted\android\.gradle\8.14\checksums)" [_thread_blocked, id=17684, stack(0x00000081e7900000,0x00000081e7a00000)]
  0x000001a92615c260 JavaThread "Cache worker for file content cache (C:\Users\HP\.gradle\caches\8.14\fileContent)" [_thread_blocked, id=17668, stack(0x00000081e7a00000,0x00000081e7b00000)]
  0x000001a92615af20 JavaThread "Cache worker for cache directory md-supplier (C:\Users\HP\.gradle\caches\8.14\md-supplier)" [_thread_blocked, id=16288, stack(0x00000081e7b00000,0x00000081e7c00000)]
  0x000001a926159be0 JavaThread "Cache worker for cache directory md-rule (C:\Users\HP\.gradle\caches\8.14\md-rule)" [_thread_blocked, id=16816, stack(0x00000081e7c00000,0x00000081e7d00000)]
  0x000001a92615aa50 JavaThread "Cache worker for Build Output Cleanup Cache (C:\src\flutter\packages\flutter_tools\gradle\.gradle\buildOutputCleanup)" [_thread_blocked, id=15340, stack(0x00000081e7d00000,0x00000081e7e00000)]
  0x000001a926159240 JavaThread "Unconstrained build operations" [_thread_blocked, id=17920, stack(0x00000081e7e00000,0x00000081e7f00000)]
  0x000001a926159710 JavaThread "Unconstrained build operations Thread 2" [_thread_blocked, id=17724, stack(0x00000081e7f00000,0x00000081e8000000)]
  0x000001a926158d70 JavaThread "Unconstrained build operations Thread 3" [_thread_blocked, id=6472, stack(0x00000081e8000000,0x00000081e8100000)]
  0x000001a9261588a0 JavaThread "Unconstrained build operations Thread 4" [_thread_blocked, id=1428, stack(0x00000081e8100000,0x00000081e8200000)]
  0x000001a92615a0b0 JavaThread "Unconstrained build operations Thread 5" [_thread_blocked, id=9268, stack(0x00000081e8200000,0x00000081e8300000)]
  0x000001a92615da70 JavaThread "Unconstrained build operations Thread 6" [_thread_blocked, id=8980, stack(0x00000081e8300000,0x00000081e8400000)]
  0x000001a9261583d0 JavaThread "Unconstrained build operations Thread 7" [_thread_blocked, id=10408, stack(0x00000081e8400000,0x00000081e8500000)]
  0x000001a92615df40 JavaThread "Unconstrained build operations Thread 8" [_thread_blocked, id=3020, stack(0x00000081e8500000,0x00000081e8600000)]
  0x000001a92615a580 JavaThread "Unconstrained build operations Thread 9" [_thread_blocked, id=10156, stack(0x00000081e8600000,0x00000081e8700000)]
  0x000001a92615f280 JavaThread "Memory manager" [_thread_blocked, id=2904, stack(0x00000081e8700000,0x00000081e8800000)]

Other Threads:
  0x000001a921642ba0 VMThread "VM Thread" [stack: 0x00000081e5500000,0x00000081e5600000] [id=14556]
  0x000001a903b05fc0 WatcherThread [stack: 0x00000081e6100000,0x00000081e6200000] [id=11720]
  0x000001a903b5f310 GCTaskThread "GC Thread#0" [stack: 0x00000081e5000000,0x00000081e5100000] [id=8876]
  0x000001a9222e38e0 GCTaskThread "GC Thread#1" [stack: 0x00000081e6200000,0x00000081e6300000] [id=18016]
  0x000001a9223a0860 GCTaskThread "GC Thread#2" [stack: 0x00000081e6300000,0x00000081e6400000] [id=13676]
  0x000001a923186c70 GCTaskThread "GC Thread#3" [stack: 0x00000081e6400000,0x00000081e6500000] [id=17424]
  0x000001a903b70160 ConcurrentGCThread "G1 Main Marker" [stack: 0x00000081e5100000,0x00000081e5200000] [id=2916]
  0x000001a903b70a80 ConcurrentGCThread "G1 Conc#0" [stack: 0x00000081e5200000,0x00000081e5300000] [id=13260]
  0x000001a903bba670 ConcurrentGCThread "G1 Refine#0" [stack: 0x00000081e5300000,0x00000081e5400000] [id=10924]
  0x000001a922c4d3a0 ConcurrentGCThread "G1 Refine#1" [stack: 0x00000081e6500000,0x00000081e6600000] [id=11316]
  0x000001a903bbafa0 ConcurrentGCThread "G1 Service" [stack: 0x00000081e5400000,0x00000081e5500000] [id=10920]

Threads with active compile tasks:
C2 CompilerThread0    28638 6765       4       java.lang.invoke.LambdaForm::prepare (112 bytes)

VM state: not at safepoint (normal execution)

VM Mutex/Monitor currently owned by a thread: None

Heap address: 0x0000000080000000, size: 2048 MB, Compressed Oops mode: 32-bit

CDS archive(s) mapped at: [0x0000000800000000-0x0000000800bc0000-0x0000000800bc0000), size 12320768, SharedBaseAddress: 0x0000000800000000, ArchiveRelocationMode: 0.
Compressed class space mapped at: 0x0000000800c00000-0x0000000840c00000, reserved size: 1073741824
Narrow klass base: 0x0000000800000000, Narrow klass shift: 0, Narrow klass range: 0x100000000

GC Precious Log:
 CPUs: 4 total, 4 available
 Memory: 3919M
 Large Page Support: Disabled
 NUMA Support: Disabled
 Compressed Oops: Enabled (32-bit)
 Heap Region Size: 1M
 Heap Min Capacity: 8M
 Heap Initial Capacity: 62M
 Heap Max Capacity: 2G
 Pre-touch: Disabled
 Parallel Workers: 4
 Concurrent Workers: 1
 Concurrent Refinement Workers: 4
 Periodic GC: Disabled

Heap:
 garbage-first heap   total 75776K, used 43827K [0x0000000080000000, 0x0000000100000000)
  region size 1024K, 3 young (3072K), 2 survivors (2048K)
 Metaspace       used 51229K, committed 51776K, reserved 1097728K
  class space    used 7292K, committed 7552K, reserved 1048576K

Heap Regions: E=young(eden), S=young(survivor), O=old, HS=humongous(starts), HC=humongous(continues), CS=collection set, F=free, OA=open archive, CA=closed archive, TAMS=top-at-mark-start (previous, next)
|   0|0x0000000080000000, 0x0000000080100000, 0x0000000080100000|100%|HS|  |TAMS 0x0000000080100000, 0x0000000080000000| Complete 
|   1|0x0000000080100000, 0x0000000080200000, 0x0000000080200000|100%|HC|  |TAMS 0x0000000080200000, 0x0000000080100000| Complete 
|   2|0x0000000080200000, 0x0000000080300000, 0x0000000080300000|100%|HC|  |TAMS 0x0000000080300000, 0x0000000080200000| Complete 
|   3|0x0000000080300000, 0x0000000080400000, 0x0000000080400000|100%| O|  |TAMS 0x0000000080400000, 0x0000000080300000| Untracked 
|   4|0x0000000080400000, 0x0000000080500000, 0x0000000080500000|100%| O|  |TAMS 0x0000000080500000, 0x0000000080400000| Untracked 
|   5|0x0000000080500000, 0x0000000080600000, 0x0000000080600000|100%| O|  |TAMS 0x0000000080600000, 0x0000000080500000| Untracked 
|   6|0x0000000080600000, 0x0000000080700000, 0x0000000080700000|100%| O|  |TAMS 0x0000000080700000, 0x0000000080600000| Untracked 
|   7|0x0000000080700000, 0x0000000080800000, 0x0000000080800000|100%| O|  |TAMS 0x0000000080800000, 0x0000000080700000| Untracked 
|   8|0x0000000080800000, 0x0000000080900000, 0x0000000080900000|100%|HS|  |TAMS 0x0000000080900000, 0x0000000080800000| Complete 
|   9|0x0000000080900000, 0x0000000080a00000, 0x0000000080a00000|100%| O|  |TAMS 0x0000000080a00000, 0x0000000080900000| Untracked 
|  10|0x0000000080a00000, 0x0000000080b00000, 0x0000000080b00000|100%| O|  |TAMS 0x0000000080b00000, 0x0000000080a00000| Untracked 
|  11|0x0000000080b00000, 0x0000000080c00000, 0x0000000080c00000|100%| O|  |TAMS 0x0000000080c00000, 0x0000000080b00000| Untracked 
|  12|0x0000000080c00000, 0x0000000080d00000, 0x0000000080d00000|100%| O|  |TAMS 0x0000000080d00000, 0x0000000080c00000| Untracked 
|  13|0x0000000080d00000, 0x0000000080e00000, 0x0000000080e00000|100%| O|  |TAMS 0x0000000080e00000, 0x0000000080d00000| Untracked 
|  14|0x0000000080e00000, 0x0000000080f00000, 0x0000000080f00000|100%| O|  |TAMS 0x0000000080f00000, 0x0000000080e00000| Untracked 
|  15|0x0000000080f00000, 0x0000000081000000, 0x0000000081000000|100%| O|  |TAMS 0x0000000081000000, 0x0000000080f00000| Untracked 
|  16|0x0000000081000000, 0x0000000081100000, 0x0000000081100000|100%| O|  |TAMS 0x0000000081100000, 0x0000000081000000| Untracked 
|  17|0x0000000081100000, 0x0000000081200000, 0x0000000081200000|100%| O|  |TAMS 0x0000000081200000, 0x0000000081100000| Untracked 
|  18|0x0000000081200000, 0x0000000081300000, 0x0000000081300000|100%| O|  |TAMS 0x0000000081300000, 0x0000000081200000| Untracked 
|  19|0x0000000081300000, 0x0000000081400000, 0x0000000081400000|100%| O|  |TAMS 0x0000000081400000, 0x0000000081300000| Untracked 
|  20|0x0000000081400000, 0x0000000081500000, 0x0000000081500000|100%| O|  |TAMS 0x0000000081500000, 0x0000000081400000| Untracked 
|  21|0x0000000081500000, 0x0000000081600000, 0x0000000081600000|100%| O|  |TAMS 0x0000000081600000, 0x0000000081500000| Untracked 
|  22|0x0000000081600000, 0x0000000081700000, 0x0000000081700000|100%| O|  |TAMS 0x0000000081700000, 0x0000000081600000| Untracked 
|  23|0x0000000081700000, 0x0000000081800000, 0x0000000081800000|100%| O|  |TAMS 0x0000000081800000, 0x0000000081700000| Untracked 
|  24|0x0000000081800000, 0x0000000081900000, 0x0000000081900000|100%| O|  |TAMS 0x0000000081900000, 0x0000000081800000| Untracked 
|  25|0x0000000081900000, 0x0000000081a00000, 0x0000000081a00000|100%| O|  |TAMS 0x0000000081a00000, 0x0000000081900000| Untracked 
|  26|0x0000000081a00000, 0x0000000081b00000, 0x0000000081b00000|100%| O|  |TAMS 0x0000000081b00000, 0x0000000081a00000| Untracked 
|  27|0x0000000081b00000, 0x0000000081c00000, 0x0000000081c00000|100%| O|  |TAMS 0x0000000081c00000, 0x0000000081b00000| Untracked 
|  28|0x0000000081c00000, 0x0000000081d00000, 0x0000000081d00000|100%| O|  |TAMS 0x0000000081d00000, 0x0000000081c00000| Untracked 
|  29|0x0000000081d00000, 0x0000000081e00000, 0x0000000081e00000|100%| O|  |TAMS 0x0000000081e00000, 0x0000000081d00000| Untracked 
|  30|0x0000000081e00000, 0x0000000081f00000, 0x0000000081f00000|100%| O|  |TAMS 0x0000000081f00000, 0x0000000081e00000| Untracked 
|  31|0x0000000081f00000, 0x0000000082000000, 0x0000000082000000|100%| O|  |TAMS 0x0000000082000000, 0x0000000081f00000| Untracked 
|  32|0x0000000082000000, 0x0000000082100000, 0x0000000082100000|100%| O|  |TAMS 0x0000000082100000, 0x0000000082000000| Untracked 
|  33|0x0000000082100000, 0x0000000082200000, 0x0000000082200000|100%| O|  |TAMS 0x0000000082200000, 0x0000000082100000| Untracked 
|  34|0x0000000082200000, 0x0000000082300000, 0x0000000082300000|100%| O|  |TAMS 0x0000000082300000, 0x0000000082200000| Untracked 
|  35|0x0000000082300000, 0x0000000082400000, 0x0000000082400000|100%| O|  |TAMS 0x0000000082400000, 0x0000000082300000| Untracked 
|  36|0x0000000082400000, 0x0000000082500000, 0x0000000082500000|100%| O|  |TAMS 0x0000000082500000, 0x0000000082400000| Untracked 
|  37|0x0000000082500000, 0x0000000082600000, 0x0000000082600000|100%| O|  |TAMS 0x0000000082600000, 0x0000000082500000| Untracked 
|  38|0x0000000082600000, 0x0000000082700000, 0x0000000082700000|100%| O|  |TAMS 0x0000000082700000, 0x0000000082600000| Untracked 
|  39|0x0000000082700000, 0x0000000082800000, 0x0000000082800000|100%| O|  |TAMS 0x0000000082800000, 0x0000000082700000| Untracked 
|  40|0x0000000082800000, 0x0000000082900000, 0x0000000082900000|100%| O|  |TAMS 0x000000008284e600, 0x0000000082800000| Untracked 
|  41|0x0000000082900000, 0x000000008294f200, 0x0000000082a00000| 30%| O|  |TAMS 0x0000000082900000, 0x0000000082900000| Untracked 
|  42|0x0000000082a00000, 0x0000000082a00000, 0x0000000082b00000|  0%| F|  |TAMS 0x0000000082a00000, 0x0000000082a00000| Untracked 
|  43|0x0000000082b00000, 0x0000000082b00000, 0x0000000082c00000|  0%| F|  |TAMS 0x0000000082b00000, 0x0000000082b00000| Untracked 
|  44|0x0000000082c00000, 0x0000000082c00000, 0x0000000082d00000|  0%| F|  |TAMS 0x0000000082c00000, 0x0000000082c00000| Untracked 
|  45|0x0000000082d00000, 0x0000000082d00000, 0x0000000082e00000|  0%| F|  |TAMS 0x0000000082d00000, 0x0000000082d00000| Untracked 
|  46|0x0000000082e00000, 0x0000000082e00000, 0x0000000082f00000|  0%| F|  |TAMS 0x0000000082e00000, 0x0000000082e00000| Untracked 
|  47|0x0000000082f00000, 0x0000000082f00000, 0x0000000083000000|  0%| F|  |TAMS 0x0000000082f00000, 0x0000000082f00000| Untracked 
|  48|0x0000000083000000, 0x0000000083000000, 0x0000000083100000|  0%| F|  |TAMS 0x0000000083000000, 0x0000000083000000| Untracked 
|  49|0x0000000083100000, 0x0000000083100000, 0x0000000083200000|  0%| F|  |TAMS 0x0000000083100000, 0x0000000083100000| Untracked 
|  50|0x0000000083200000, 0x0000000083200000, 0x0000000083300000|  0%| F|  |TAMS 0x0000000083200000, 0x0000000083200000| Untracked 
|  51|0x0000000083300000, 0x0000000083300000, 0x0000000083400000|  0%| F|  |TAMS 0x0000000083300000, 0x0000000083300000| Untracked 
|  52|0x0000000083400000, 0x0000000083400000, 0x0000000083500000|  0%| F|  |TAMS 0x0000000083400000, 0x0000000083400000| Untracked 
|  53|0x0000000083500000, 0x0000000083500000, 0x0000000083600000|  0%| F|  |TAMS 0x0000000083500000, 0x0000000083500000| Untracked 
|  54|0x0000000083600000, 0x0000000083600000, 0x0000000083700000|  0%| F|  |TAMS 0x0000000083600000, 0x0000000083600000| Untracked 
|  55|0x0000000083700000, 0x000000008377dd38, 0x0000000083800000| 49%| S|CS|TAMS 0x0000000083700000, 0x0000000083700000| Complete 
|  56|0x0000000083800000, 0x0000000083900000, 0x0000000083900000|100%| S|CS|TAMS 0x0000000083800000, 0x0000000083800000| Complete 
|  57|0x0000000083900000, 0x0000000083900000, 0x0000000083a00000|  0%| F|  |TAMS 0x0000000083900000, 0x0000000083900000| Untracked 
|  58|0x0000000083a00000, 0x0000000083a00000, 0x0000000083b00000|  0%| F|  |TAMS 0x0000000083a00000, 0x0000000083a00000| Untracked 
|  59|0x0000000083b00000, 0x0000000083b00000, 0x0000000083c00000|  0%| F|  |TAMS 0x0000000083b00000, 0x0000000083b00000| Untracked 
|  60|0x0000000083c00000, 0x0000000083c00000, 0x0000000083d00000|  0%| F|  |TAMS 0x0000000083c00000, 0x0000000083c00000| Untracked 
|  61|0x0000000083d00000, 0x0000000083d00000, 0x0000000083e00000|  0%| F|  |TAMS 0x0000000083d00000, 0x0000000083d00000| Untracked 
|  62|0x0000000083e00000, 0x0000000083e00000, 0x0000000083f00000|  0%| F|  |TAMS 0x0000000083e00000, 0x0000000083e00000| Untracked 
|  63|0x0000000083f00000, 0x0000000083f00000, 0x0000000084000000|  0%| F|  |TAMS 0x0000000083f00000, 0x0000000083f00000| Untracked 
|  64|0x0000000084000000, 0x0000000084000000, 0x0000000084100000|  0%| F|  |TAMS 0x0000000084000000, 0x0000000084000000| Untracked 
|  65|0x0000000084100000, 0x0000000084100000, 0x0000000084200000|  0%| F|  |TAMS 0x0000000084100000, 0x0000000084100000| Untracked 
|  66|0x0000000084200000, 0x0000000084200000, 0x0000000084300000|  0%| F|  |TAMS 0x0000000084200000, 0x0000000084200000| Untracked 
|  67|0x0000000084300000, 0x0000000084300000, 0x0000000084400000|  0%| F|  |TAMS 0x0000000084300000, 0x0000000084300000| Untracked 
|  68|0x0000000084400000, 0x0000000084400000, 0x0000000084500000|  0%| F|  |TAMS 0x0000000084400000, 0x0000000084400000| Untracked 
|  69|0x0000000084500000, 0x0000000084500000, 0x0000000084600000|  0%| F|  |TAMS 0x0000000084500000, 0x0000000084500000| Untracked 
|  70|0x0000000084600000, 0x0000000084600000, 0x0000000084700000|  0%| F|  |TAMS 0x0000000084600000, 0x0000000084600000| Untracked 
|  71|0x0000000084700000, 0x0000000084700000, 0x0000000084800000|  0%| F|  |TAMS 0x0000000084700000, 0x0000000084700000| Untracked 
|  72|0x0000000084800000, 0x0000000084800000, 0x0000000084900000|  0%| F|  |TAMS 0x0000000084800000, 0x0000000084800000| Untracked 
|  73|0x0000000084900000, 0x0000000084952980, 0x0000000084a00000| 32%| E|  |TAMS 0x0000000084900000, 0x0000000084900000| Complete 

Card table byte_map: [0x000001a91a9f0000,0x000001a91adf0000] _byte_map_base: 0x000001a91a5f0000

Marking Bits (Prev, Next): (CMBitMap*) 0x000001a903b5f830, (CMBitMap*) 0x000001a903b5f870
 Prev Bits: [0x000001a91b1f0000, 0x000001a91d1f0000)
 Next Bits: [0x000001a91d1f0000, 0x000001a91f1f0000)

Polling page: 0x000001a901a00000

Metaspace:

Usage:
  Non-class:     42.91 MB used.
      Class:      7.12 MB used.
       Both:     50.03 MB used.

Virtual space:
  Non-class space:       48.00 MB reserved,      43.19 MB ( 90%) committed,  6 nodes.
      Class space:        1.00 GB reserved,       7.38 MB ( <1%) committed,  1 nodes.
             Both:        1.05 GB reserved,      50.56 MB (  5%) committed. 

Chunk freelists:
   Non-Class:  80.00 KB
       Class:  592.00 KB
        Both:  672.00 KB

MaxMetaspaceSize: unlimited
CompressedClassSpaceSize: 1.00 GB
Initial GC threshold: 21.00 MB
Current GC threshold: 82.00 MB
CDS: on
MetaspaceReclaimPolicy: balanced
 - commit_granule_bytes: 65536.
 - commit_granule_words: 8192.
 - virtual_space_node_default_size: 1048576.
 - enlarge_chunks_in_place: 1.
 - new_chunks_are_fully_committed: 0.
 - uncommit_free_chunks: 1.
 - use_allocation_guard: 0.
 - handle_deallocations: 1.


Internal statistics:

num_allocs_failed_limit: 3.
num_arena_births: 726.
num_arena_deaths: 0.
num_vsnodes_births: 7.
num_vsnodes_deaths: 0.
num_space_committed: 809.
num_space_uncommitted: 0.
num_chunks_returned_to_freelist: 3.
num_chunks_taken_from_freelist: 2847.
num_chunk_merges: 3.
num_chunk_splits: 1848.
num_chunks_enlarged: 1237.
num_purges: 0.
num_inconsistent_stats: 0.

CodeHeap 'non-profiled nmethods': size=120000Kb used=3123Kb max_used=3328Kb free=116876Kb
 bounds [0x000001a9130c0000, 0x000001a913410000, 0x000001a91a5f0000]
CodeHeap 'profiled nmethods': size=120000Kb used=11772Kb max_used=11839Kb free=108227Kb
 bounds [0x000001a90bb90000, 0x000001a90c730000, 0x000001a9130c0000]
CodeHeap 'non-nmethods': size=5760Kb used=2334Kb max_used=2424Kb free=3425Kb
 bounds [0x000001a90b5f0000, 0x000001a90b860000, 0x000001a90bb90000]
 total_blobs=6768 nmethods=5914 adapters=766
 compilation: enabled
              stopped_count=0, restarted_count=0
 full_count=0

Compilation events (20 events):
Event: 28.557 Thread 0x000001a9216cdf10 nmethod 6759 0x000001a90c1a0e10 code [0x000001a90c1a0fa0, 0x000001a90c1a10e8]
Event: 28.557 Thread 0x000001a9216cdf10 6760       3       org.objectweb.asm.SymbolTable$Entry::<init> (18 bytes)
Event: 28.557 Thread 0x000001a9216cdf10 nmethod 6760 0x000001a90c1a0890 code [0x000001a90c1a0a40, 0x000001a90c1a0bc8]
Event: 28.557 Thread 0x000001a921667b60 6761       4       org.objectweb.asm.MethodVisitor::visitMethodInsn (80 bytes)
Event: 28.558 Thread 0x000001a921667b60 nmethod 6761 0x000001a9130f0b10 code [0x000001a9130f0ca0, 0x000001a9130f0de8]
Event: 28.559 Thread 0x000001a9216cdf10 6762       3       org.gradle.internal.instantiation.generator.AsmBackedClassGenerator$ClassBuilderImpl$$Lambda$159/0x0000000800dd56e0::emit (13 bytes)
Event: 28.559 Thread 0x000001a9216cdf10 nmethod 6762 0x000001a90bd8aa10 code [0x000001a90bd8abc0, 0x000001a90bd8ad08]
Event: 28.559 Thread 0x000001a9216cdf10 6763       3       org.gradle.internal.instantiation.generator.AsmBackedClassGenerator$ClassBuilderImpl::lambda$addSetter$13 (12 bytes)
Event: 28.560 Thread 0x000001a9216cdf10 nmethod 6763 0x000001a90bd89e90 code [0x000001a90bd8a080, 0x000001a90bd8a7a8]
Event: 28.560 Thread 0x000001a9216cdf10 6764       3       org.gradle.internal.instantiation.generator.AsmBackedClassGenerator$ClassBuilderImpl$14::<init> (28 bytes)
Event: 28.560 Thread 0x000001a9216cdf10 nmethod 6764 0x000001a90bd89410 code [0x000001a90bd89600, 0x000001a90bd89c68]
Event: 28.563 Thread 0x000001a921667b60 6765       4       java.lang.invoke.LambdaForm::prepare (112 bytes)
Event: 28.563 Thread 0x000001a9216cdf10 6767       3       java.util.regex.CharPredicates$$Lambda$21/0x0000000800c47a58::is (5 bytes)
Event: 28.564 Thread 0x000001a9216cdf10 nmethod 6767 0x000001a90bd88c90 code [0x000001a90bd88e60, 0x000001a90bd89278]
Event: 28.564 Thread 0x000001a9216cdf10 6768       3       java.util.regex.CharPredicates::lambda$ASCII_WORD$19 (20 bytes)
Event: 28.564 Thread 0x000001a9216cdf10 nmethod 6768 0x000001a90bd88610 code [0x000001a90bd887c0, 0x000001a90bd88b38]
Event: 28.577 Thread 0x000001a9216cdf10 6769       3       org.gradle.tooling.internal.provider.runner.ProjectConfigurationTracker$$Lambda$816/0x000000080121da58::apply (14 bytes)
Event: 28.577 Thread 0x000001a9216cdf10 nmethod 6769 0x000001a90bd88090 code [0x000001a90bd88240, 0x000001a90bd88508]
Event: 28.577 Thread 0x000001a9216cdf10 6770       3       org.gradle.internal.dispatch.ProxyDispatchAdapter$DispatchingInvocationHandler::invoke (184 bytes)
Event: 28.580 Thread 0x000001a9216cdf10 nmethod 6770 0x000001a90bc7aa90 code [0x000001a90bc7af40, 0x000001a90bc7d278]

GC Heap History (20 events):
Event: 17.381 GC heap after
{Heap after GC invocations=19 (full 0):
 garbage-first heap   total 63488K, used 32951K [0x0000000080000000, 0x0000000100000000)
  region size 1024K, 1 young (1024K), 1 survivors (1024K)
 Metaspace       used 36239K, committed 36672K, reserved 1081344K
  class space    used 4936K, committed 5120K, reserved 1048576K
}
Event: 17.790 GC heap before
{Heap before GC invocations=20 (full 0):
 garbage-first heap   total 73728K, used 50359K [0x0000000080000000, 0x0000000100000000)
  region size 1024K, 18 young (18432K), 1 survivors (1024K)
 Metaspace       used 36806K, committed 37312K, reserved 1081344K
  class space    used 5028K, committed 5248K, reserved 1048576K
}
Event: 17.793 GC heap after
{Heap after GC invocations=21 (full 0):
 garbage-first heap   total 73728K, used 33998K [0x0000000080000000, 0x0000000100000000)
  region size 1024K, 2 young (2048K), 2 survivors (2048K)
 Metaspace       used 36806K, committed 37312K, reserved 1081344K
  class space    used 5028K, committed 5248K, reserved 1048576K
}
Event: 18.633 GC heap before
{Heap before GC invocations=21 (full 0):
 garbage-first heap   total 73728K, used 57550K [0x0000000080000000, 0x0000000100000000)
  region size 1024K, 26 young (26624K), 2 survivors (2048K)
 Metaspace       used 39444K, committed 40000K, reserved 1089536K
  class space    used 5446K, committed 5696K, reserved 1048576K
}
Event: 18.639 GC heap after
{Heap after GC invocations=22 (full 0):
 garbage-first heap   total 73728K, used 34843K [0x0000000080000000, 0x0000000100000000)
  region size 1024K, 3 young (3072K), 3 survivors (3072K)
 Metaspace       used 39444K, committed 40000K, reserved 1089536K
  class space    used 5446K, committed 5696K, reserved 1048576K
}
Event: 19.468 GC heap before
{Heap before GC invocations=22 (full 0):
 garbage-first heap   total 73728K, used 59419K [0x0000000080000000, 0x0000000100000000)
  region size 1024K, 27 young (27648K), 3 survivors (3072K)
 Metaspace       used 41180K, committed 41664K, reserved 1089536K
  class space    used 5727K, committed 5952K, reserved 1048576K
}
Event: 19.472 GC heap after
{Heap after GC invocations=23 (full 0):
 garbage-first heap   total 73728K, used 35747K [0x0000000080000000, 0x0000000100000000)
  region size 1024K, 3 young (3072K), 3 survivors (3072K)
 Metaspace       used 41180K, committed 41664K, reserved 1089536K
  class space    used 5727K, committed 5952K, reserved 1048576K
}
Event: 20.000 GC heap before
{Heap before GC invocations=23 (full 0):
 garbage-first heap   total 73728K, used 60323K [0x0000000080000000, 0x0000000100000000)
  region size 1024K, 27 young (27648K), 3 survivors (3072K)
 Metaspace       used 42169K, committed 42688K, reserved 1089536K
  class space    used 5890K, committed 6144K, reserved 1048576K
}
Event: 20.006 GC heap after
{Heap after GC invocations=24 (full 0):
 garbage-first heap   total 73728K, used 36663K [0x0000000080000000, 0x0000000100000000)
  region size 1024K, 3 young (3072K), 3 survivors (3072K)
 Metaspace       used 42169K, committed 42688K, reserved 1089536K
  class space    used 5890K, committed 6144K, reserved 1048576K
}
Event: 21.586 GC heap before
{Heap before GC invocations=24 (full 0):
 garbage-first heap   total 73728K, used 59191K [0x0000000080000000, 0x0000000100000000)
  region size 1024K, 26 young (26624K), 3 survivors (3072K)
 Metaspace       used 44221K, committed 44736K, reserved 1089536K
  class space    used 6239K, committed 6464K, reserved 1048576K
}
Event: 21.594 GC heap after
{Heap after GC invocations=25 (full 0):
 garbage-first heap   total 73728K, used 38177K [0x0000000080000000, 0x0000000100000000)
  region size 1024K, 4 young (4096K), 4 survivors (4096K)
 Metaspace       used 44221K, committed 44736K, reserved 1089536K
  class space    used 6239K, committed 6464K, reserved 1048576K
}
Event: 23.011 GC heap before
{Heap before GC invocations=26 (full 0):
 garbage-first heap   total 73728K, used 59681K [0x0000000080000000, 0x0000000100000000)
  region size 1024K, 25 young (25600K), 4 survivors (4096K)
 Metaspace       used 46175K, committed 46720K, reserved 1089536K
  class space    used 6540K, committed 6784K, reserved 1048576K
}
Event: 23.022 GC heap after
{Heap after GC invocations=27 (full 0):
 garbage-first heap   total 73728K, used 38795K [0x0000000080000000, 0x0000000100000000)
  region size 1024K, 3 young (3072K), 3 survivors (3072K)
 Metaspace       used 46175K, committed 46720K, reserved 1089536K
  class space    used 6540K, committed 6784K, reserved 1048576K
}
Event: 24.561 GC heap before
{Heap before GC invocations=27 (full 0):
 garbage-first heap   total 73728K, used 59275K [0x0000000080000000, 0x0000000100000000)
  region size 1024K, 24 young (24576K), 3 survivors (3072K)
 Metaspace       used 47654K, committed 48192K, reserved 1097728K
  class space    used 6754K, committed 6976K, reserved 1048576K
}
Event: 24.576 GC heap after
{Heap after GC invocations=28 (full 0):
 garbage-first heap   total 73728K, used 41390K [0x0000000080000000, 0x0000000100000000)
  region size 1024K, 3 young (3072K), 3 survivors (3072K)
 Metaspace       used 47654K, committed 48192K, reserved 1097728K
  class space    used 6754K, committed 6976K, reserved 1048576K
}
Event: 25.985 GC heap before
{Heap before GC invocations=29 (full 0):
 garbage-first heap   total 73728K, used 58798K [0x0000000080000000, 0x0000000100000000)
  region size 1024K, 21 young (21504K), 3 survivors (3072K)
 Metaspace       used 48099K, committed 48704K, reserved 1097728K
  class space    used 6778K, committed 7040K, reserved 1048576K
}
Event: 25.997 GC heap after
{Heap after GC invocations=30 (full 0):
 garbage-first heap   total 73728K, used 42572K [0x0000000080000000, 0x0000000100000000)
  region size 1024K, 2 young (2048K), 2 survivors (2048K)
 Metaspace       used 48099K, committed 48704K, reserved 1097728K
  class space    used 6778K, committed 7040K, reserved 1048576K
}
Event: 27.285 GC heap before
{Heap before GC invocations=30 (full 0):
 garbage-first heap   total 73728K, used 59980K [0x0000000080000000, 0x0000000100000000)
  region size 1024K, 19 young (19456K), 2 survivors (2048K)
 Metaspace       used 49708K, committed 50368K, reserved 1097728K
  class space    used 7047K, committed 7360K, reserved 1048576K
}
Event: 27.289 GC heap after
{Heap after GC invocations=31 (full 0):
 garbage-first heap   total 73728K, used 43070K [0x0000000080000000, 0x0000000100000000)
  region size 1024K, 2 young (2048K), 2 survivors (2048K)
 Metaspace       used 49708K, committed 50368K, reserved 1097728K
  class space    used 7047K, committed 7360K, reserved 1048576K
}
Event: 28.586 GC heap before
{Heap before GC invocations=32 (full 0):
 garbage-first heap   total 75776K, used 60478K [0x0000000080000000, 0x0000000100000000)
  region size 1024K, 19 young (19456K), 2 survivors (2048K)
 Metaspace       used 51228K, committed 51776K, reserved 1097728K
  class space    used 7292K, committed 7552K, reserved 1048576K
}

Deoptimization events (20 events):
Event: 27.054 Thread 0x000001a9224e36e0 Uncommon trap: trap_request=0xffffffc6 fr.pc=0x000001a913315118 relative=0x0000000000000818
Event: 27.054 Thread 0x000001a9224e36e0 Uncommon trap: reason=bimorphic_or_optimized_type_check action=maybe_recompile pc=0x000001a913315118 method=java.util.regex.Pattern$Start.match(Ljava/util/regex/Matcher;ILjava/lang/CharSequence;)Z @ 44 c2
Event: 27.054 Thread 0x000001a9224e36e0 DEOPT PACKING pc=0x000001a913315118 sp=0x00000081e6cf09f0
Event: 27.054 Thread 0x000001a9224e36e0 DEOPT UNPACKING pc=0x000001a90b6423a3 sp=0x00000081e6cf08d8 mode 2
Event: 27.546 Thread 0x000001a9224e36e0 Uncommon trap: trap_request=0xffffffde fr.pc=0x000001a91317cd10 relative=0x0000000000000530
Event: 27.546 Thread 0x000001a9224e36e0 Uncommon trap: reason=class_check action=maybe_recompile pc=0x000001a91317cd10 method=java.util.regex.Matcher.search(I)Z @ 121 c2
Event: 27.546 Thread 0x000001a9224e36e0 DEOPT PACKING pc=0x000001a91317cd10 sp=0x00000081e6cf3ef0
Event: 27.546 Thread 0x000001a9224e36e0 DEOPT UNPACKING pc=0x000001a90b6423a3 sp=0x00000081e6cf3e38 mode 2
Event: 27.547 Thread 0x000001a9224e36e0 Uncommon trap: trap_request=0xffffffde fr.pc=0x000001a91317cd10 relative=0x0000000000000530
Event: 27.547 Thread 0x000001a9224e36e0 Uncommon trap: reason=class_check action=maybe_recompile pc=0x000001a91317cd10 method=java.util.regex.Matcher.search(I)Z @ 121 c2
Event: 27.547 Thread 0x000001a9224e36e0 DEOPT PACKING pc=0x000001a91317cd10 sp=0x00000081e6cf3ef0
Event: 27.547 Thread 0x000001a9224e36e0 DEOPT UNPACKING pc=0x000001a90b6423a3 sp=0x00000081e6cf3e38 mode 2
Event: 27.602 Thread 0x000001a9224e36e0 Uncommon trap: trap_request=0xffffffde fr.pc=0x000001a91317cd10 relative=0x0000000000000530
Event: 27.602 Thread 0x000001a9224e36e0 Uncommon trap: reason=class_check action=maybe_recompile pc=0x000001a91317cd10 method=java.util.regex.Matcher.search(I)Z @ 121 c2
Event: 27.602 Thread 0x000001a9224e36e0 DEOPT PACKING pc=0x000001a91317cd10 sp=0x00000081e6cf3e90
Event: 27.602 Thread 0x000001a9224e36e0 DEOPT UNPACKING pc=0x000001a90b6423a3 sp=0x00000081e6cf3dd8 mode 2
Event: 27.602 Thread 0x000001a9224e36e0 Uncommon trap: trap_request=0xffffffde fr.pc=0x000001a91317cd10 relative=0x0000000000000530
Event: 27.602 Thread 0x000001a9224e36e0 Uncommon trap: reason=class_check action=maybe_recompile pc=0x000001a91317cd10 method=java.util.regex.Matcher.search(I)Z @ 121 c2
Event: 27.602 Thread 0x000001a9224e36e0 DEOPT PACKING pc=0x000001a91317cd10 sp=0x00000081e6cf3e90
Event: 27.602 Thread 0x000001a9224e36e0 DEOPT UNPACKING pc=0x000001a90b6423a3 sp=0x00000081e6cf3dd8 mode 2

Classes unloaded (0 events):
No events

Classes redefined (0 events):
No events

Internal exceptions (20 events):
Event: 20.172 Thread 0x000001a9224e36e0 Exception <a 'java/lang/ClassNotFoundException'{0x00000000844b05b8}: org/gradle/configuration/internal/DefaultListenerBuildOperationDecorator$BuildOperationEmittingClosureBeanInfo> (0x00000000844b05b8) 
thrown [s\src\hotspot\share\classfile\systemDictionary.cpp, line 256]
Event: 20.174 Thread 0x000001a9224e36e0 Exception <a 'java/lang/ClassNotFoundException'{0x00000000844ce3d0}: org/gradle/configuration/internal/DefaultListenerBuildOperationDecorator$BuildOperationEmittingClosureCustomizer> (0x00000000844ce3d0) 
thrown [s\src\hotspot\share\classfile\systemDictionary.cpp, line 256]
Event: 20.232 Thread 0x000001a923931060 Exception <a 'java/lang/NoSuchMethodError'{0x000000008427c7d0}: static Lorg/gradle/internal/build/event/types/DefaultProjectConfigurationDescriptor;.<clinit>()V> (0x000000008427c7d0) 
thrown [s\src\hotspot\share\prims\jni.cpp, line 1107]
Event: 20.581 Thread 0x000001a9224e36e0 Exception <a 'java/lang/NoSuchMethodError'{0x0000000083cf0928}: 'long java.lang.invoke.DirectMethodHandle$Holder.invokeStatic(java.lang.Object, long)'> (0x0000000083cf0928) 
thrown [s\src\hotspot\share\interpreter\linkResolver.cpp, line 759]
Event: 21.651 Thread 0x000001a9224e36e0 Exception <a 'java/lang/NoSuchMethodError'{0x00000000847bc530}: 'java.lang.Object java.lang.invoke.DirectMethodHandle$Holder.newInvokeSpecial(java.lang.Object, java.lang.Object, java.lang.Object, int, java.lang.Object)'> (0x00000000847bc530) 
thrown [s\src\hotspot\share\interpreter\linkResolver.cpp, line 759]
Event: 21.659 Thread 0x000001a9224e36e0 Exception <a 'java/lang/NoSuchMethodError'{0x00000000847c1760}: 'java.lang.Object java.lang.invoke.Invokers$Holder.linkToTargetMethod(java.lang.Object, java.lang.Object, int, java.lang.Object, java.lang.Object)'> (0x00000000847c1760) 
thrown [s\src\hotspot\share\interpreter\linkResolver.cpp, line 759]
Event: 21.827 Thread 0x000001a9224e36e0 Exception <a 'java/lang/NoSuchMethodError'{0x0000000084334d30}: 'java.lang.Object java.lang.invoke.DirectMethodHandle$Holder.newInvokeSpecial(java.lang.Object, int, java.lang.Object)'> (0x0000000084334d30) 
thrown [s\src\hotspot\share\interpreter\linkResolver.cpp, line 759]
Event: 22.720 Thread 0x000001a9224e36e0 Exception <a 'java/lang/NoSuchMethodError'{0x000000008398ef60}: 'int java.lang.invoke.DirectMethodHandle$Holder.invokeSpecialIFC(java.lang.Object, java.lang.Object, java.lang.Object)'> (0x000000008398ef60) 
thrown [s\src\hotspot\share\interpreter\linkResolver.cpp, line 759]
Event: 22.955 Thread 0x000001a9224e36e0 Exception <a 'java/lang/NoSuchMethodError'{0x000000008348eaf0}: 'java.lang.Object java.lang.invoke.DirectMethodHandle$Holder.newInvokeSpecial(java.lang.Object, java.lang.Object, long, java.lang.Object)'> (0x000000008348eaf0) 
thrown [s\src\hotspot\share\interpreter\linkResolver.cpp, line 759]
Event: 22.957 Thread 0x000001a9224e36e0 Exception <a 'java/lang/NoSuchMethodError'{0x0000000083494360}: 'java.lang.Object java.lang.invoke.DirectMethodHandle$Holder.invokeSpecial(java.lang.Object, java.lang.Object, java.lang.Object, long, java.lang.Object)'> (0x0000000083494360) 
thrown [s\src\hotspot\share\interpreter\linkResolver.cpp, line 759]
Event: 22.958 Thread 0x000001a9224e36e0 Exception <a 'java/lang/NoSuchMethodError'{0x0000000083499528}: 'java.lang.Object java.lang.invoke.Invokers$Holder.linkToTargetMethod(java.lang.Object, long, java.lang.Object, java.lang.Object)'> (0x0000000083499528) 
thrown [s\src\hotspot\share\interpreter\linkResolver.cpp, line 759]
Event: 22.962 Thread 0x000001a9224e36e0 Exception <a 'java/lang/NoSuchMethodError'{0x00000000834c7950}: 'void java.lang.invoke.DirectMethodHandle$Holder.invokeStatic(java.lang.Object, java.lang.Object, java.lang.Object, int, java.lang.Object)'> (0x00000000834c7950) 
thrown [s\src\hotspot\share\interpreter\linkResolver.cpp, line 759]
Event: 23.051 Thread 0x000001a9224e36e0 Exception <a 'java/lang/NoSuchMethodError'{0x00000000847dd608}: 'int java.lang.invoke.DirectMethodHandle$Holder.invokeInterface(java.lang.Object, java.lang.Object, java.lang.Object, java.lang.Object, java.lang.Object)'> (0x00000000847dd608) 
thrown [s\src\hotspot\share\interpreter\linkResolver.cpp, line 759]
Event: 23.237 Thread 0x000001a9224e36e0 Exception <a 'java/lang/NoSuchMethodError'{0x00000000844d90c0}: 'java.lang.Object java.lang.invoke.DirectMethodHandle$Holder.invokeSpecial(java.lang.Object, java.lang.Object, long, java.lang.Object, java.lang.Object)'> (0x00000000844d90c0) 
thrown [s\src\hotspot\share\interpreter\linkResolver.cpp, line 759]
Event: 23.653 Thread 0x000001a9224e36e0 Exception <a 'java/lang/IncompatibleClassChangeError'{0x0000000083d79840}: Found class java.lang.Object, but interface was expected> (0x0000000083d79840) 
thrown [s\src\hotspot\share\interpreter\linkResolver.cpp, line 826]
Event: 23.784 Thread 0x000001a926158d70 Exception <a 'java/lang/NoSuchMethodError'{0x0000000083b065a8}: 'void java.lang.invoke.DirectMethodHandle$Holder.invokeVirtual(java.lang.Object, java.lang.Object)'> (0x0000000083b065a8) 
thrown [s\src\hotspot\share\interpreter\linkResolver.cpp, line 759]
Event: 24.210 Thread 0x000001a9224e36e0 Exception <a 'java/lang/NoSuchMethodError'{0x0000000083987298}: 'java.lang.Object java.lang.invoke.DirectMethodHandle$Holder.newInvokeSpecial(java.lang.Object, java.lang.Object, java.lang.Object, java.lang.Object, int, java.lang.Object)'> (0x0000000083987298) 
thrown [s\src\hotspot\share\interpreter\linkResolver.cpp, line 759]
Event: 24.210 Thread 0x000001a9224e36e0 Exception <a 'java/lang/NoSuchMethodError'{0x0000000083990678}: 'java.lang.Object java.lang.invoke.Invokers$Holder.linkToTargetMethod(java.lang.Object, java.lang.Object, java.lang.Object, int, java.lang.Object, java.lang.Object)'> (0x0000000083990678) 
thrown [s\src\hotspot\share\interpreter\linkResolver.cpp, line 759]
Event: 24.927 Thread 0x000001a9224e36e0 Exception <a 'java/lang/NoSuchMethodError'{0x00000000845cadc0}: 'java.lang.Object java.lang.invoke.DirectMethodHandle$Holder.invokeSpecialIFC(java.lang.Object, java.lang.Object, java.lang.Object)'> (0x00000000845cadc0) 
thrown [s\src\hotspot\share\interpreter\linkResolver.cpp, line 759]
Event: 27.982 Thread 0x000001a9224e36e0 Exception <a 'java/lang/NoSuchMethodError'{0x0000000083d6e530}: 'int java.lang.invoke.DirectMethodHandle$Holder.invokeStatic(java.lang.Object, java.lang.Object, int)'> (0x0000000083d6e530) 
thrown [s\src\hotspot\share\interpreter\linkResolver.cpp, line 759]

VM Operations (20 events):
Event: 24.660 Executing VM operation: G1Concurrent done
Event: 24.660 Executing VM operation: HandshakeAllThreads
Event: 24.661 Executing VM operation: HandshakeAllThreads done
Event: 24.694 Executing VM operation: G1Concurrent
Event: 24.694 Executing VM operation: G1Concurrent done
Event: 25.372 Executing VM operation: ICBufferFull
Event: 25.373 Executing VM operation: ICBufferFull done
Event: 25.984 Executing VM operation: G1CollectForAllocation
Event: 25.997 Executing VM operation: G1CollectForAllocation done
Event: 26.983 Executing VM operation: HandshakeAllThreads
Event: 26.983 Executing VM operation: HandshakeAllThreads done
Event: 27.012 Executing VM operation: ICBufferFull
Event: 27.012 Executing VM operation: ICBufferFull done
Event: 27.285 Executing VM operation: G1CollectForAllocation
Event: 27.291 Executing VM operation: G1CollectForAllocation done
Event: 27.380 Executing VM operation: G1Concurrent
Event: 27.401 Executing VM operation: G1Concurrent done
Event: 27.438 Executing VM operation: G1Concurrent
Event: 27.438 Executing VM operation: G1Concurrent done
Event: 28.585 Executing VM operation: G1CollectForAllocation

Events (20 events):
Event: 26.949 loading class javax/xml/parsers/FactoryFinder done
Event: 26.950 loading class javax/xml/parsers/FactoryFinder$1
Event: 26.950 loading class javax/xml/parsers/FactoryFinder$1 done
Event: 26.951 loading class com/sun/org/apache/xerces/internal/jaxp/DocumentBuilderFactoryImpl
Event: 26.952 loading class com/sun/org/apache/xerces/internal/jaxp/DocumentBuilderFactoryImpl done
Event: 26.952 loading class com/sun/org/apache/xerces/internal/utils/XMLSecurityManager
Event: 26.952 loading class com/sun/org/apache/xerces/internal/utils/XMLSecurityManager done
Event: 26.952 loading class com/sun/org/apache/xerces/internal/utils/XMLSecurityManager$Limit
Event: 26.952 loading class com/sun/org/apache/xerces/internal/utils/XMLSecurityManager$Limit done
Event: 26.953 loading class com/sun/org/apache/xerces/internal/utils/XMLSecurityManager$NameMap
Event: 26.953 loading class com/sun/org/apache/xerces/internal/utils/XMLSecurityManager$NameMap done
Event: 26.953 loading class com/sun/org/apache/xerces/internal/utils/XMLSecurityPropertyManager
Event: 26.953 loading class com/sun/org/apache/xerces/internal/utils/XMLSecurityPropertyManager done
Event: 26.953 loading class com/sun/org/apache/xerces/internal/utils/XMLSecurityPropertyManager$State
Event: 26.953 loading class com/sun/org/apache/xerces/internal/utils/XMLSecurityPropertyManager$State done
Event: 26.953 loading class com/sun/org/apache/xerces/internal/utils/XMLSecurityPropertyManager$Property
Event: 26.954 loading class com/sun/org/apache/xerces/internal/utils/XMLSecurityPropertyManager$Property done
Event: 27.049 loading class java/util/regex/Pattern$SliceI
Event: 27.051 loading class java/util/regex/Pattern$SliceI done
Event: 27.147 Thread 0x000001a92615f280 Thread added: 0x000001a92615f280


Dynamic libraries:
0x00007ff6ef5c0000 - 0x00007ff6ef5ce000 	C:\Program Files\BlueJ\jdk\bin\java.exe
0x00007ff9f2ef0000 - 0x00007ff9f30e8000 	C:\windows\SYSTEM32\ntdll.dll
0x00007ff9f1ae0000 - 0x00007ff9f1b9f000 	C:\windows\System32\KERNEL32.DLL
0x00007ff9f0b50000 - 0x00007ff9f0e22000 	C:\windows\System32\KERNELBASE.dll
0x00007ff9f0690000 - 0x00007ff9f0790000 	C:\windows\System32\ucrtbase.dll
0x00007ff9e4f40000 - 0x00007ff9e4f58000 	C:\Program Files\BlueJ\jdk\bin\jli.dll
0x00007ff9d82b0000 - 0x00007ff9d82c9000 	C:\Program Files\BlueJ\jdk\bin\VCRUNTIME140.dll
0x00007ff9f1680000 - 0x00007ff9f181d000 	C:\windows\System32\USER32.dll
0x00007ff9f0790000 - 0x00007ff9f07b2000 	C:\windows\System32\win32u.dll
0x00007ff9f1eb0000 - 0x00007ff9f1edb000 	C:\windows\System32\GDI32.dll
0x00007ff9f0e30000 - 0x00007ff9f0f3f000 	C:\windows\System32\gdi32full.dll
0x00007ff9d71c0000 - 0x00007ff9d745a000 	C:\windows\WinSxS\amd64_microsoft.windows.common-controls_6595b64144ccf1df_6.0.19041.1110_none_60b5254171f9507e\COMCTL32.dll
0x00007ff9f05f0000 - 0x00007ff9f068d000 	C:\windows\System32\msvcp_win.dll
0x00007ff9f2d90000 - 0x00007ff9f2e2e000 	C:\windows\System32\msvcrt.dll
0x00007ff9f1ee0000 - 0x00007ff9f1f12000 	C:\windows\System32\IMM32.DLL
0x00007ff9e7e40000 - 0x00007ff9e7e4c000 	C:\Program Files\BlueJ\jdk\bin\vcruntime140_1.dll
0x00007ff9b8040000 - 0x00007ff9b80d1000 	C:\Program Files\BlueJ\jdk\bin\msvcp140.dll
0x00007ff965990000 - 0x00007ff9665d6000 	C:\Program Files\BlueJ\jdk\bin\server\jvm.dll
0x00007ff9f1ba0000 - 0x00007ff9f1c4e000 	C:\windows\System32\ADVAPI32.dll
0x00007ff9f11b0000 - 0x00007ff9f124c000 	C:\windows\System32\sechost.dll
0x00007ff9f1080000 - 0x00007ff9f11a5000 	C:\windows\System32\RPCRT4.dll
0x00007ff9f19b0000 - 0x00007ff9f19b8000 	C:\windows\System32\PSAPI.DLL
0x00007ff9d6370000 - 0x00007ff9d6379000 	C:\windows\SYSTEM32\WSOCK32.dll
0x00007ff9f2060000 - 0x00007ff9f20cb000 	C:\windows\System32\WS2_32.dll
0x00007ff9d7190000 - 0x00007ff9d71b7000 	C:\windows\SYSTEM32\WINMM.dll
0x00007ff9e7ca0000 - 0x00007ff9e7caa000 	C:\windows\SYSTEM32\VERSION.dll
0x00007ff9eee40000 - 0x00007ff9eee52000 	C:\windows\SYSTEM32\kernel.appcore.dll
0x00007ff9dab50000 - 0x00007ff9dab5a000 	C:\Program Files\BlueJ\jdk\bin\jimage.dll
0x00007ff9ee3a0000 - 0x00007ff9ee584000 	C:\windows\SYSTEM32\DBGHELP.DLL
0x00007ff9d6330000 - 0x00007ff9d635c000 	C:\windows\SYSTEM32\dbgcore.DLL
0x00007ff9f0ac0000 - 0x00007ff9f0b42000 	C:\windows\System32\bcryptPrimitives.dll
0x00007ff9d4e10000 - 0x00007ff9d4e1e000 	C:\Program Files\BlueJ\jdk\bin\instrument.dll
0x00007ff9bd0c0000 - 0x00007ff9bd0e5000 	C:\Program Files\BlueJ\jdk\bin\java.dll
0x00007ff9b7f60000 - 0x00007ff9b8036000 	C:\Program Files\BlueJ\jdk\bin\jsvml.dll
0x00007ff9f2630000 - 0x00007ff9f2d73000 	C:\windows\System32\SHELL32.dll
0x00007ff9ee690000 - 0x00007ff9eee22000 	C:\windows\SYSTEM32\windows.storage.dll
0x00007ff9f1250000 - 0x00007ff9f15a4000 	C:\windows\System32\combase.dll
0x00007ff9effe0000 - 0x00007ff9f0010000 	C:\windows\SYSTEM32\Wldp.dll
0x00007ff9f1e00000 - 0x00007ff9f1ead000 	C:\windows\System32\SHCORE.dll
0x00007ff9f0f40000 - 0x00007ff9f0f95000 	C:\windows\System32\shlwapi.dll
0x00007ff9f0530000 - 0x00007ff9f054f000 	C:\windows\SYSTEM32\profapi.dll
0x00007ff9c1ea0000 - 0x00007ff9c1eb8000 	C:\Program Files\BlueJ\jdk\bin\zip.dll
0x00007ff9c0c60000 - 0x00007ff9c0c79000 	C:\Program Files\BlueJ\jdk\bin\net.dll
0x00007ff9e6db0000 - 0x00007ff9e6ebc000 	C:\windows\SYSTEM32\WINHTTP.dll
0x00007ff9efd40000 - 0x00007ff9efdaa000 	C:\windows\system32\mswsock.dll
0x00007ff9be1d0000 - 0x00007ff9be1e5000 	C:\Program Files\BlueJ\jdk\bin\nio.dll
0x00007ff9d4cf0000 - 0x00007ff9d4d00000 	C:\Program Files\BlueJ\jdk\bin\verify.dll
0x00007ff9db9f0000 - 0x00007ff9dba17000 	C:\Users\HP\.gradle\native\1def1411415f61bf3af743bc5b6707747c0891f09f0c88961ee8f79bc544acac\windows-amd64\native-platform.dll
0x00007ff9b7cd0000 - 0x00007ff9b7d48000 	C:\Users\HP\.gradle\native\0.2.7\x86_64-windows-gnu\gradle-fileevents.dll
0x00007ff9c8090000 - 0x00007ff9c8099000 	C:\Program Files\BlueJ\jdk\bin\management.dll
0x00007ff9c6ce0000 - 0x00007ff9c6ceb000 	C:\Program Files\BlueJ\jdk\bin\management_ext.dll
0x00007ff9ef9c0000 - 0x00007ff9ef9fb000 	C:\windows\SYSTEM32\IPHLPAPI.DLL
0x00007ff9f2d80000 - 0x00007ff9f2d88000 	C:\windows\System32\NSI.dll
0x00007ff9e5160000 - 0x00007ff9e5177000 	C:\windows\SYSTEM32\dhcpcsvc6.DLL
0x00007ff9e6240000 - 0x00007ff9e625d000 	C:\windows\SYSTEM32\dhcpcsvc.DLL
0x00007ff9efa00000 - 0x00007ff9efaca000 	C:\windows\SYSTEM32\DNSAPI.dll
0x00007ff9eff30000 - 0x00007ff9eff48000 	C:\windows\SYSTEM32\CRYPTSP.dll
0x00007ff9ef5f0000 - 0x00007ff9ef624000 	C:\windows\system32\rsaenh.dll
0x00007ff9f07c0000 - 0x00007ff9f07e7000 	C:\windows\System32\bcrypt.dll
0x00007ff9f04b0000 - 0x00007ff9f04de000 	C:\windows\SYSTEM32\USERENV.dll
0x00007ff9eff50000 - 0x00007ff9eff5c000 	C:\windows\SYSTEM32\CRYPTBASE.dll
0x00007ff9c5d40000 - 0x00007ff9c5d4e000 	C:\Program Files\BlueJ\jdk\bin\sunmscapi.dll
0x00007ff9f0910000 - 0x00007ff9f0a66000 	C:\windows\System32\CRYPT32.dll
0x00007ff9f0050000 - 0x00007ff9f0077000 	C:\windows\SYSTEM32\ncrypt.dll
0x00007ff9f0010000 - 0x00007ff9f004b000 	C:\windows\SYSTEM32\NTASN1.dll
0x00007ff9c5d10000 - 0x00007ff9c5d17000 	C:\windows\system32\wshunix.dll

dbghelp: loaded successfully - version: 4.0.5 - missing functions: none
symbol engine: initialized successfully - sym options: 0x614 - pdb path: .;C:\Program Files\BlueJ\jdk\bin;C:\windows\SYSTEM32;C:\windows\WinSxS\amd64_microsoft.windows.common-controls_6595b64144ccf1df_6.0.19041.1110_none_60b5254171f9507e;C:\Program Files\BlueJ\jdk\bin\server;C:\Users\HP\.gradle\native\1def1411415f61bf3af743bc5b6707747c0891f09f0c88961ee8f79bc544acac\windows-amd64;C:\Users\HP\.gradle\native\0.2.7\x86_64-windows-gnu

VM Arguments:
jvm_args: --add-opens=java.base/java.lang=ALL-UNNAMED --add-opens=java.base/java.lang.invoke=ALL-UNNAMED --add-opens=java.base/java.util=ALL-UNNAMED --add-opens=java.prefs/java.util.prefs=ALL-UNNAMED --add-exports=jdk.compiler/com.sun.tools.javac.api=ALL-UNNAMED --add-exports=jdk.compiler/com.sun.tools.javac.util=ALL-UNNAMED --add-opens=java.base/java.util=ALL-UNNAMED --add-opens=java.prefs/java.util.prefs=ALL-UNNAMED --add-opens=java.base/java.nio.charset=ALL-UNNAMED --add-opens=java.base/java.net=ALL-UNNAMED --add-opens=java.base/java.util.concurrent.atomic=ALL-UNNAMED --add-opens=java.xml/javax.xml.namespace=ALL-UNNAMED -Xmx2048m -Dfile.encoding=UTF-8 -Duser.country=MX -Duser.language=es -Duser.variant -javaagent:C:\Users\HP\.gradle\wrapper\dists\gradle-8.14-all\c2qonpi39x1mddn7hk5gh9iqj\gradle-8.14\lib\agents\gradle-instrumentation-agent-8.14.jar 
java_command: org.gradle.launcher.daemon.bootstrap.GradleDaemon 8.14
java_class_path (initial): C:\Users\HP\.gradle\wrapper\dists\gradle-8.14-all\c2qonpi39x1mddn7hk5gh9iqj\gradle-8.14\lib\gradle-daemon-main-8.14.jar
Launcher Type: SUN_STANDARD

[Global flags]
     intx CICompilerCount                          = 3                                         {product} {ergonomic}
     uint ConcGCThreads                            = 1                                         {product} {ergonomic}
     uint G1ConcRefinementThreads                  = 4                                         {product} {ergonomic}
   size_t G1HeapRegionSize                         = 1048576                                   {product} {ergonomic}
    uintx GCDrainStackTargetSize                   = 64                                        {product} {ergonomic}
   size_t InitialHeapSize                          = 65011712                                  {product} {ergonomic}
   size_t MarkStackSize                            = 4194304                                   {product} {ergonomic}
   size_t MaxHeapSize                              = 2147483648                                {product} {command line}
   size_t MaxNewSize                               = 1287651328                                {product} {ergonomic}
   size_t MinHeapDeltaBytes                        = 1048576                                   {product} {ergonomic}
   size_t MinHeapSize                              = 8388608                                   {product} {ergonomic}
    uintx NonNMethodCodeHeapSize                   = 5832780                                {pd product} {ergonomic}
    uintx NonProfiledCodeHeapSize                  = 122912730                              {pd product} {ergonomic}
    uintx ProfiledCodeHeapSize                     = 122912730                              {pd product} {ergonomic}
    uintx ReservedCodeCacheSize                    = 251658240                              {pd product} {ergonomic}
     bool SegmentedCodeCache                       = true                                      {product} {ergonomic}
   size_t SoftMaxHeapSize                          = 2147483648                             {manageable} {ergonomic}
     bool UseCompressedClassPointers               = true                           {product lp64_product} {ergonomic}
     bool UseCompressedOops                        = true                           {product lp64_product} {ergonomic}
     bool UseG1GC                                  = true                                      {product} {ergonomic}
     bool UseLargePagesIndividualAllocation        = false                                  {pd product} {ergonomic}

Logging:
Log output configuration:
 #0: stdout all=warning uptime,level,tags
 #1: stderr all=off uptime,level,tags

Environment Variables:
PATH=C:\Program Files\Common Files\Oracle\Java\javapath;C:\Program Files (x86)\Common Files\Oracle\Java\javapath;C:\Program Files\BlueJ\jdk\bin;C:\windows\system32;C:\windows;C:\windows\System32\Wbem;C:\windows\System32\WindowsPowerShell\v1.0\;C:\windows\System32\OpenSSH\;C:\Program Files (x86)\Microsoft SQL Server\100\Tools\Binn\;C:\Program Files\Microsoft SQL Server\100\Tools\Binn\;C:\Program Files\Microsoft SQL Server\100\DTS\Binn\;C:\ProgramData\chocolatey\bin;C:\xamppp\php;C:\Program Files\CodeBlocks\MinGW\bin;C:\ProgramData\ComposerSetup\bin;C:\Program Files\nodejs\;C:\Program Files (x86)\Microsoft SQL Server\160\Tools\Binn\;C:\Program Files\Microsoft SQL Server\160\Tools\Binn\;C:\Program Files\Microsoft SQL Server\Client SDK\ODBC\170\Tools\Binn\;C:\Program Files\Microsoft SQL Server\160\DTS\Binn\;C:\Program Files\Git\cmd;D:\xamp\php;C:\Users\HP\AppData\Local\Programs\Python\Python311\Scripts\;C:\Users\HP\AppData\Local\Programs\Python\Python311\;C:\Users\HP\AppData\Local\Microsoft\WindowsApps;C:\Users\HP\AppData\Local\Programs\Microsoft VS Code\bin;C:\Program Files\BlueJ\jdk;C:\Users\HP\AppData\Roaming\cabal\bin;C:\tools\ghc-9.8.2\bin;C:\tools\msys64;C:\ghcup\bin;C:\Users\HP\AppData\Roaming\Composer\vendor\bin;C:\Users\HP\AppData\Roaming\npm;C:\Users\HP\OneDrive\Escritorio\foto\flutter\bin;D:\colcaTrufis\fronted\flutter\bin
USERNAME=HP
OS=Windows_NT
PROCESSOR_IDENTIFIER=Intel64 Family 6 Model 142 Stepping 12, GenuineIntel
TMP=C:\Users\HP\AppData\Local\Temp
TEMP=C:\Users\HP\AppData\Local\Temp



---------------  S Y S T E M  ---------------

OS:
 Windows 10 , 64 bit Build 19041 (10.0.19041.2251)
OS uptime: 0 days 0:39 hours

CPU: total 4 (initial active 4) (2 cores per cpu, 2 threads per core) family 6 model 142 stepping 12 microcode 0xde, cx8, cmov, fxsr, ht, mmx, 3dnowpref, sse, sse2, sse3, ssse3, sse4.1, sse4.2, popcnt, lzcnt, tsc, tscinvbit, avx, avx2, aes, erms, clmul, bmi1, bmi2, adx, fma, vzeroupper, clflush, clflushopt

Memory: 4k page, system-wide physical 3919M (81M free)
TotalPageFile size 15695M (AvailPageFile size 1M)
current process WorkingSet (physical memory assigned to process): 186M, peak: 212M
current process commit charge ("private bytes"): 276M, peak: 284M

vm_info: OpenJDK 64-Bit Server VM (17.0.4.1+1) for windows-amd64 JRE (17.0.4.1+1), built on Aug 17 2022 07:42:43 by "temurin" with MS VC++ 16.7 (VS2019)

END.
